<?xml version="1.0" encoding="UTF-8"?>
<testsuite name="com.ece6133.PlacementLoaderTests" tests="7" skipped="0" failures="2" errors="0" timestamp="2020-04-28T05:13:36" hostname="maven-desktop-linux" time="4.937">
  <properties/>
  <testcase name="testNetlistBuild" classname="com.ece6133.PlacementLoaderTests" time="1.806">
    <failure message="java.lang.AssertionError" type="java.lang.AssertionError">java.lang.AssertionError
	at com.ece6133.PlacementLoaderTests.testNetlistBuild(PlacementLoaderTests.java:149)
	at sun.reflect.NativeMethodAccessorImpl.invoke0(Native Method)
	at sun.reflect.NativeMethodAccessorImpl.invoke(NativeMethodAccessorImpl.java:62)
	at sun.reflect.DelegatingMethodAccessorImpl.invoke(DelegatingMethodAccessorImpl.java:43)
	at java.lang.reflect.Method.invoke(Method.java:498)
	at org.junit.runners.model.FrameworkMethod$1.runReflectiveCall(FrameworkMethod.java:50)
	at org.junit.internal.runners.model.ReflectiveCallable.run(ReflectiveCallable.java:12)
	at org.junit.runners.model.FrameworkMethod.invokeExplosively(FrameworkMethod.java:47)
	at org.junit.internal.runners.statements.InvokeMethod.evaluate(InvokeMethod.java:17)
	at org.junit.runners.ParentRunner.runLeaf(ParentRunner.java:325)
	at org.junit.runners.BlockJUnit4ClassRunner.runChild(BlockJUnit4ClassRunner.java:78)
	at org.junit.runners.BlockJUnit4ClassRunner.runChild(BlockJUnit4ClassRunner.java:57)
	at org.junit.runners.ParentRunner$3.run(ParentRunner.java:290)
	at org.junit.runners.ParentRunner$1.schedule(ParentRunner.java:71)
	at org.junit.runners.ParentRunner.runChildren(ParentRunner.java:288)
	at org.junit.runners.ParentRunner.access$000(ParentRunner.java:58)
	at org.junit.runners.ParentRunner$2.evaluate(ParentRunner.java:268)
	at org.junit.runners.ParentRunner.run(ParentRunner.java:363)
	at org.gradle.api.internal.tasks.testing.junit.JUnitTestClassExecutor.runTestClass(JUnitTestClassExecutor.java:110)
	at org.gradle.api.internal.tasks.testing.junit.JUnitTestClassExecutor.execute(JUnitTestClassExecutor.java:58)
	at org.gradle.api.internal.tasks.testing.junit.JUnitTestClassExecutor.execute(JUnitTestClassExecutor.java:38)
	at org.gradle.api.internal.tasks.testing.junit.AbstractJUnitTestClassProcessor.processTestClass(AbstractJUnitTestClassProcessor.java:62)
	at org.gradle.api.internal.tasks.testing.SuiteTestClassProcessor.processTestClass(SuiteTestClassProcessor.java:51)
	at sun.reflect.NativeMethodAccessorImpl.invoke0(Native Method)
	at sun.reflect.NativeMethodAccessorImpl.invoke(NativeMethodAccessorImpl.java:62)
	at sun.reflect.DelegatingMethodAccessorImpl.invoke(DelegatingMethodAccessorImpl.java:43)
	at java.lang.reflect.Method.invoke(Method.java:498)
	at org.gradle.internal.dispatch.ReflectionDispatch.dispatch(ReflectionDispatch.java:36)
	at org.gradle.internal.dispatch.ReflectionDispatch.dispatch(ReflectionDispatch.java:24)
	at org.gradle.internal.dispatch.ContextClassLoaderDispatch.dispatch(ContextClassLoaderDispatch.java:33)
	at org.gradle.internal.dispatch.ProxyDispatchAdapter$DispatchingInvocationHandler.invoke(ProxyDispatchAdapter.java:94)
	at com.sun.proxy.$Proxy2.processTestClass(Unknown Source)
	at org.gradle.api.internal.tasks.testing.worker.TestWorker.processTestClass(TestWorker.java:118)
	at sun.reflect.NativeMethodAccessorImpl.invoke0(Native Method)
	at sun.reflect.NativeMethodAccessorImpl.invoke(NativeMethodAccessorImpl.java:62)
	at sun.reflect.DelegatingMethodAccessorImpl.invoke(DelegatingMethodAccessorImpl.java:43)
	at java.lang.reflect.Method.invoke(Method.java:498)
	at org.gradle.internal.dispatch.ReflectionDispatch.dispatch(ReflectionDispatch.java:36)
	at org.gradle.internal.dispatch.ReflectionDispatch.dispatch(ReflectionDispatch.java:24)
	at org.gradle.internal.remote.internal.hub.MessageHubBackedObjectConnection$DispatchWrapper.dispatch(MessageHubBackedObjectConnection.java:182)
	at org.gradle.internal.remote.internal.hub.MessageHubBackedObjectConnection$DispatchWrapper.dispatch(MessageHubBackedObjectConnection.java:164)
	at org.gradle.internal.remote.internal.hub.MessageHub$Handler.run(MessageHub.java:412)
	at org.gradle.internal.concurrent.ExecutorPolicy$CatchAndRecordFailures.onExecute(ExecutorPolicy.java:64)
	at org.gradle.internal.concurrent.ManagedExecutorImpl$1.run(ManagedExecutorImpl.java:48)
	at java.util.concurrent.ThreadPoolExecutor.runWorker(ThreadPoolExecutor.java:1149)
	at java.util.concurrent.ThreadPoolExecutor$Worker.run(ThreadPoolExecutor.java:624)
	at org.gradle.internal.concurrent.ThreadFactoryImpl$ManagedThreadRunnable.run(ThreadFactoryImpl.java:56)
	at java.lang.Thread.run(Thread.java:748)
</failure>
  </testcase>
  <testcase name="testPathRec" classname="com.ece6133.PlacementLoaderTests" time="2.135">
    <failure message="java.lang.StackOverflowError" type="java.lang.StackOverflowError">java.lang.StackOverflowError
	at com.ece6133.model.timing.K6DesignModelLoader.generateDsPathRec(K6DesignModelLoader.java:494)
	at com.ece6133.model.timing.K6DesignModelLoader.generateDsPathRec(K6DesignModelLoader.java:494)
	at com.ece6133.model.timing.K6DesignModelLoader.generateDsPathRec(K6DesignModelLoader.java:494)
	at com.ece6133.model.timing.K6DesignModelLoader.generateDsPathRec(K6DesignModelLoader.java:494)
	at com.ece6133.model.timing.K6DesignModelLoader.generateDsPathRec(K6DesignModelLoader.java:494)
	at com.ece6133.model.timing.K6DesignModelLoader.generateDsPathRec(K6DesignModelLoader.java:494)
	at com.ece6133.model.timing.K6DesignModelLoader.generateDsPathRec(K6DesignModelLoader.java:494)
	at com.ece6133.model.timing.K6DesignModelLoader.generateDsPathRec(K6DesignModelLoader.java:494)
	at com.ece6133.model.timing.K6DesignModelLoader.generateDsPathRec(K6DesignModelLoader.java:494)
	at com.ece6133.model.timing.K6DesignModelLoader.generateDsPathRec(K6DesignModelLoader.java:494)
	at com.ece6133.model.timing.K6DesignModelLoader.generateDsPathRec(K6DesignModelLoader.java:494)
	at com.ece6133.model.timing.K6DesignModelLoader.generateDsPathRec(K6DesignModelLoader.java:494)
	at com.ece6133.model.timing.K6DesignModelLoader.generateDsPathRec(K6DesignModelLoader.java:494)
	at com.ece6133.model.timing.K6DesignModelLoader.generateDsPathRec(K6DesignModelLoader.java:494)
	at com.ece6133.model.timing.K6DesignModelLoader.generateDsPathRec(K6DesignModelLoader.java:494)
	at com.ece6133.model.timing.K6DesignModelLoader.generateDsPathRec(K6DesignModelLoader.java:494)
	at com.ece6133.model.timing.K6DesignModelLoader.generateDsPathRec(K6DesignModelLoader.java:494)
	at com.ece6133.model.timing.K6DesignModelLoader.generateDsPathRec(K6DesignModelLoader.java:494)
	at com.ece6133.model.timing.K6DesignModelLoader.generateDsPathRec(K6DesignModelLoader.java:494)
	at com.ece6133.model.timing.K6DesignModelLoader.generateDsPathRec(K6DesignModelLoader.java:494)
	at com.ece6133.model.timing.K6DesignModelLoader.generateDsPathRec(K6DesignModelLoader.java:494)
	at com.ece6133.model.timing.K6DesignModelLoader.generateDsPathRec(K6DesignModelLoader.java:494)
	at com.ece6133.model.timing.K6DesignModelLoader.generateDsPathRec(K6DesignModelLoader.java:494)
	at com.ece6133.model.timing.K6DesignModelLoader.generateDsPathRec(K6DesignModelLoader.java:494)
	at com.ece6133.model.timing.K6DesignModelLoader.generateDsPathRec(K6DesignModelLoader.java:494)
	at com.ece6133.model.timing.K6DesignModelLoader.generateDsPathRec(K6DesignModelLoader.java:494)
	at com.ece6133.model.timing.K6DesignModelLoader.generateDsPathRec(K6DesignModelLoader.java:494)
	at com.ece6133.model.timing.K6DesignModelLoader.generateDsPathRec(K6DesignModelLoader.java:494)
	at com.ece6133.model.timing.K6DesignModelLoader.generateDsPathRec(K6DesignModelLoader.java:494)
	at com.ece6133.model.timing.K6DesignModelLoader.generateDsPathRec(K6DesignModelLoader.java:494)
	at com.ece6133.model.timing.K6DesignModelLoader.generateDsPathRec(K6DesignModelLoader.java:494)
	at com.ece6133.model.timing.K6DesignModelLoader.generateDsPathRec(K6DesignModelLoader.java:494)
	at com.ece6133.model.timing.K6DesignModelLoader.generateDsPathRec(K6DesignModelLoader.java:494)
	at com.ece6133.model.timing.K6DesignModelLoader.generateDsPathRec(K6DesignModelLoader.java:494)
	at com.ece6133.model.timing.K6DesignModelLoader.generateDsPathRec(K6DesignModelLoader.java:494)
	at com.ece6133.model.timing.K6DesignModelLoader.generateDsPathRec(K6DesignModelLoader.java:494)
	at com.ece6133.model.timing.K6DesignModelLoader.generateDsPathRec(K6DesignModelLoader.java:494)
	at com.ece6133.model.timing.K6DesignModelLoader.generateDsPathRec(K6DesignModelLoader.java:494)
	at com.ece6133.model.timing.K6DesignModelLoader.generateDsPathRec(K6DesignModelLoader.java:494)
	at com.ece6133.model.timing.K6DesignModelLoader.generateDsPathRec(K6DesignModelLoader.java:494)
	at com.ece6133.model.timing.K6DesignModelLoader.generateDsPathRec(K6DesignModelLoader.java:494)
	at com.ece6133.model.timing.K6DesignModelLoader.generateDsPathRec(K6DesignModelLoader.java:494)
	at com.ece6133.model.timing.K6DesignModelLoader.generateDsPathRec(K6DesignModelLoader.java:494)
	at com.ece6133.model.timing.K6DesignModelLoader.generateDsPathRec(K6DesignModelLoader.java:494)
	at com.ece6133.model.timing.K6DesignModelLoader.generateDsPathRec(K6DesignModelLoader.java:494)
	at com.ece6133.model.timing.K6DesignModelLoader.generateDsPathRec(K6DesignModelLoader.java:494)
	at com.ece6133.model.timing.K6DesignModelLoader.generateDsPathRec(K6DesignModelLoader.java:494)
	at com.ece6133.model.timing.K6DesignModelLoader.generateDsPathRec(K6DesignModelLoader.java:494)
	at com.ece6133.model.timing.K6DesignModelLoader.generateDsPathRec(K6DesignModelLoader.java:494)
	at com.ece6133.model.timing.K6DesignModelLoader.generateDsPathRec(K6DesignModelLoader.java:494)
	at com.ece6133.model.timing.K6DesignModelLoader.generateDsPathRec(K6DesignModelLoader.java:494)
	at com.ece6133.model.timing.K6DesignModelLoader.generateDsPathRec(K6DesignModelLoader.java:494)
	at com.ece6133.model.timing.K6DesignModelLoader.generateDsPathRec(K6DesignModelLoader.java:494)
	at com.ece6133.model.timing.K6DesignModelLoader.generateDsPathRec(K6DesignModelLoader.java:494)
	at com.ece6133.model.timing.K6DesignModelLoader.generateDsPathRec(K6DesignModelLoader.java:494)
	at com.ece6133.model.timing.K6DesignModelLoader.generateDsPathRec(K6DesignModelLoader.java:494)
	at com.ece6133.model.timing.K6DesignModelLoader.generateDsPathRec(K6DesignModelLoader.java:494)
	at com.ece6133.model.timing.K6DesignModelLoader.generateDsPathRec(K6DesignModelLoader.java:494)
	at com.ece6133.model.timing.K6DesignModelLoader.generateDsPathRec(K6DesignModelLoader.java:494)
	at com.ece6133.model.timing.K6DesignModelLoader.generateDsPathRec(K6DesignModelLoader.java:494)
	at com.ece6133.model.timing.K6DesignModelLoader.generateDsPathRec(K6DesignModelLoader.java:494)
	at com.ece6133.model.timing.K6DesignModelLoader.generateDsPathRec(K6DesignModelLoader.java:494)
	at com.ece6133.model.timing.K6DesignModelLoader.generateDsPathRec(K6DesignModelLoader.java:494)
	at com.ece6133.model.timing.K6DesignModelLoader.generateDsPathRec(K6DesignModelLoader.java:494)
	at com.ece6133.model.timing.K6DesignModelLoader.generateDsPathRec(K6DesignModelLoader.java:494)
	at com.ece6133.model.timing.K6DesignModelLoader.generateDsPathRec(K6DesignModelLoader.java:494)
	at com.ece6133.model.timing.K6DesignModelLoader.generateDsPathRec(K6DesignModelLoader.java:494)
	at com.ece6133.model.timing.K6DesignModelLoader.generateDsPathRec(K6DesignModelLoader.java:494)
	at com.ece6133.model.timing.K6DesignModelLoader.generateDsPathRec(K6DesignModelLoader.java:494)
	at com.ece6133.model.timing.K6DesignModelLoader.generateDsPathRec(K6DesignModelLoader.java:494)
	at com.ece6133.model.timing.K6DesignModelLoader.generateDsPathRec(K6DesignModelLoader.java:494)
	at com.ece6133.model.timing.K6DesignModelLoader.generateDsPathRec(K6DesignModelLoader.java:494)
	at com.ece6133.model.timing.K6DesignModelLoader.generateDsPathRec(K6DesignModelLoader.java:494)
	at com.ece6133.model.timing.K6DesignModelLoader.generateDsPathRec(K6DesignModelLoader.java:494)
	at com.ece6133.model.timing.K6DesignModelLoader.generateDsPathRec(K6DesignModelLoader.java:494)
	at com.ece6133.model.timing.K6DesignModelLoader.generateDsPathRec(K6DesignModelLoader.java:494)
	at com.ece6133.model.timing.K6DesignModelLoader.generateDsPathRec(K6DesignModelLoader.java:494)
	at com.ece6133.model.timing.K6DesignModelLoader.generateDsPathRec(K6DesignModelLoader.java:494)
	at com.ece6133.model.timing.K6DesignModelLoader.generateDsPathRec(K6DesignModelLoader.java:494)
	at com.ece6133.model.timing.K6DesignModelLoader.generateDsPathRec(K6DesignModelLoader.java:494)
	at com.ece6133.model.timing.K6DesignModelLoader.generateDsPathRec(K6DesignModelLoader.java:494)
	at com.ece6133.model.timing.K6DesignModelLoader.generateDsPathRec(K6DesignModelLoader.java:494)
	at com.ece6133.model.timing.K6DesignModelLoader.generateDsPathRec(K6DesignModelLoader.java:494)
	at com.ece6133.model.timing.K6DesignModelLoader.generateDsPathRec(K6DesignModelLoader.java:494)
	at com.ece6133.model.timing.K6DesignModelLoader.generateDsPathRec(K6DesignModelLoader.java:494)
	at com.ece6133.model.timing.K6DesignModelLoader.generateDsPathRec(K6DesignModelLoader.java:494)
	at com.ece6133.model.timing.K6DesignModelLoader.generateDsPathRec(K6DesignModelLoader.java:494)
	at com.ece6133.model.timing.K6DesignModelLoader.generateDsPathRec(K6DesignModelLoader.java:494)
	at com.ece6133.model.timing.K6DesignModelLoader.generateDsPathRec(K6DesignModelLoader.java:494)
	at com.ece6133.model.timing.K6DesignModelLoader.generateDsPathRec(K6DesignModelLoader.java:494)
	at com.ece6133.model.timing.K6DesignModelLoader.generateDsPathRec(K6DesignModelLoader.java:494)
	at com.ece6133.model.timing.K6DesignModelLoader.generateDsPathRec(K6DesignModelLoader.java:494)
	at com.ece6133.model.timing.K6DesignModelLoader.generateDsPathRec(K6DesignModelLoader.java:494)
	at com.ece6133.model.timing.K6DesignModelLoader.generateDsPathRec(K6DesignModelLoader.java:494)
	at com.ece6133.model.timing.K6DesignModelLoader.generateDsPathRec(K6DesignModelLoader.java:494)
	at com.ece6133.model.timing.K6DesignModelLoader.generateDsPathRec(K6DesignModelLoader.java:494)
	at com.ece6133.model.timing.K6DesignModelLoader.generateDsPathRec(K6DesignModelLoader.java:494)
	at com.ece6133.model.timing.K6DesignModelLoader.generateDsPathRec(K6DesignModelLoader.java:494)
	at com.ece6133.model.timing.K6DesignModelLoader.generateDsPathRec(K6DesignModelLoader.java:494)
	at com.ece6133.model.timing.K6DesignModelLoader.generateDsPathRec(K6DesignModelLoader.java:494)
	at com.ece6133.model.timing.K6DesignModelLoader.generateDsPathRec(K6DesignModelLoader.java:494)
	at com.ece6133.model.timing.K6DesignModelLoader.generateDsPathRec(K6DesignModelLoader.java:494)
	at com.ece6133.model.timing.K6DesignModelLoader.generateDsPathRec(K6DesignModelLoader.java:494)
	at com.ece6133.model.timing.K6DesignModelLoader.generateDsPathRec(K6DesignModelLoader.java:494)
	at com.ece6133.model.timing.K6DesignModelLoader.generateDsPathRec(K6DesignModelLoader.java:494)
	at com.ece6133.model.timing.K6DesignModelLoader.generateDsPathRec(K6DesignModelLoader.java:494)
	at com.ece6133.model.timing.K6DesignModelLoader.generateDsPathRec(K6DesignModelLoader.java:494)
	at com.ece6133.model.timing.K6DesignModelLoader.generateDsPathRec(K6DesignModelLoader.java:494)
	at com.ece6133.model.timing.K6DesignModelLoader.generateDsPathRec(K6DesignModelLoader.java:494)
	at com.ece6133.model.timing.K6DesignModelLoader.generateDsPathRec(K6DesignModelLoader.java:494)
	at com.ece6133.model.timing.K6DesignModelLoader.generateDsPathRec(K6DesignModelLoader.java:494)
	at com.ece6133.model.timing.K6DesignModelLoader.generateDsPathRec(K6DesignModelLoader.java:494)
	at com.ece6133.model.timing.K6DesignModelLoader.generateDsPathRec(K6DesignModelLoader.java:494)
	at com.ece6133.model.timing.K6DesignModelLoader.generateDsPathRec(K6DesignModelLoader.java:494)
	at com.ece6133.model.timing.K6DesignModelLoader.generateDsPathRec(K6DesignModelLoader.java:494)
	at com.ece6133.model.timing.K6DesignModelLoader.generateDsPathRec(K6DesignModelLoader.java:494)
	at com.ece6133.model.timing.K6DesignModelLoader.generateDsPathRec(K6DesignModelLoader.java:494)
	at com.ece6133.model.timing.K6DesignModelLoader.generateDsPathRec(K6DesignModelLoader.java:494)
	at com.ece6133.model.timing.K6DesignModelLoader.generateDsPathRec(K6DesignModelLoader.java:494)
	at com.ece6133.model.timing.K6DesignModelLoader.generateDsPathRec(K6DesignModelLoader.java:494)
	at com.ece6133.model.timing.K6DesignModelLoader.generateDsPathRec(K6DesignModelLoader.java:494)
	at com.ece6133.model.timing.K6DesignModelLoader.generateDsPathRec(K6DesignModelLoader.java:494)
	at com.ece6133.model.timing.K6DesignModelLoader.generateDsPathRec(K6DesignModelLoader.java:494)
	at com.ece6133.model.timing.K6DesignModelLoader.generateDsPathRec(K6DesignModelLoader.java:494)
	at com.ece6133.model.timing.K6DesignModelLoader.generateDsPathRec(K6DesignModelLoader.java:494)
	at com.ece6133.model.timing.K6DesignModelLoader.generateDsPathRec(K6DesignModelLoader.java:494)
	at com.ece6133.model.timing.K6DesignModelLoader.generateDsPathRec(K6DesignModelLoader.java:494)
	at com.ece6133.model.timing.K6DesignModelLoader.generateDsPathRec(K6DesignModelLoader.java:494)
	at com.ece6133.model.timing.K6DesignModelLoader.generateDsPathRec(K6DesignModelLoader.java:494)
	at com.ece6133.model.timing.K6DesignModelLoader.generateDsPathRec(K6DesignModelLoader.java:494)
	at com.ece6133.model.timing.K6DesignModelLoader.generateDsPathRec(K6DesignModelLoader.java:494)
	at com.ece6133.model.timing.K6DesignModelLoader.generateDsPathRec(K6DesignModelLoader.java:494)
	at com.ece6133.model.timing.K6DesignModelLoader.generateDsPathRec(K6DesignModelLoader.java:494)
	at com.ece6133.model.timing.K6DesignModelLoader.generateDsPathRec(K6DesignModelLoader.java:494)
	at com.ece6133.model.timing.K6DesignModelLoader.generateDsPathRec(K6DesignModelLoader.java:494)
	at com.ece6133.model.timing.K6DesignModelLoader.generateDsPathRec(K6DesignModelLoader.java:494)
	at com.ece6133.model.timing.K6DesignModelLoader.generateDsPathRec(K6DesignModelLoader.java:494)
	at com.ece6133.model.timing.K6DesignModelLoader.generateDsPathRec(K6DesignModelLoader.java:494)
	at com.ece6133.model.timing.K6DesignModelLoader.generateDsPathRec(K6DesignModelLoader.java:494)
	at com.ece6133.model.timing.K6DesignModelLoader.generateDsPathRec(K6DesignModelLoader.java:494)
	at com.ece6133.model.timing.K6DesignModelLoader.generateDsPathRec(K6DesignModelLoader.java:494)
	at com.ece6133.model.timing.K6DesignModelLoader.generateDsPathRec(K6DesignModelLoader.java:494)
	at com.ece6133.model.timing.K6DesignModelLoader.generateDsPathRec(K6DesignModelLoader.java:494)
	at com.ece6133.model.timing.K6DesignModelLoader.generateDsPathRec(K6DesignModelLoader.java:494)
	at com.ece6133.model.timing.K6DesignModelLoader.generateDsPathRec(K6DesignModelLoader.java:494)
	at com.ece6133.model.timing.K6DesignModelLoader.generateDsPathRec(K6DesignModelLoader.java:494)
	at com.ece6133.model.timing.K6DesignModelLoader.generateDsPathRec(K6DesignModelLoader.java:494)
	at com.ece6133.model.timing.K6DesignModelLoader.generateDsPathRec(K6DesignModelLoader.java:494)
	at com.ece6133.model.timing.K6DesignModelLoader.generateDsPathRec(K6DesignModelLoader.java:494)
	at com.ece6133.model.timing.K6DesignModelLoader.generateDsPathRec(K6DesignModelLoader.java:494)
	at com.ece6133.model.timing.K6DesignModelLoader.generateDsPathRec(K6DesignModelLoader.java:494)
	at com.ece6133.model.timing.K6DesignModelLoader.generateDsPathRec(K6DesignModelLoader.java:494)
	at com.ece6133.model.timing.K6DesignModelLoader.generateDsPathRec(K6DesignModelLoader.java:494)
	at com.ece6133.model.timing.K6DesignModelLoader.generateDsPathRec(K6DesignModelLoader.java:494)
	at com.ece6133.model.timing.K6DesignModelLoader.generateDsPathRec(K6DesignModelLoader.java:494)
	at com.ece6133.model.timing.K6DesignModelLoader.generateDsPathRec(K6DesignModelLoader.java:494)
	at com.ece6133.model.timing.K6DesignModelLoader.generateDsPathRec(K6DesignModelLoader.java:494)
	at com.ece6133.model.timing.K6DesignModelLoader.generateDsPathRec(K6DesignModelLoader.java:494)
	at com.ece6133.model.timing.K6DesignModelLoader.generateDsPathRec(K6DesignModelLoader.java:494)
	at com.ece6133.model.timing.K6DesignModelLoader.generateDsPathRec(K6DesignModelLoader.java:494)
	at com.ece6133.model.timing.K6DesignModelLoader.generateDsPathRec(K6DesignModelLoader.java:494)
	at com.ece6133.model.timing.K6DesignModelLoader.generateDsPathRec(K6DesignModelLoader.java:494)
	at com.ece6133.model.timing.K6DesignModelLoader.generateDsPathRec(K6DesignModelLoader.java:494)
	at com.ece6133.model.timing.K6DesignModelLoader.generateDsPathRec(K6DesignModelLoader.java:494)
	at com.ece6133.model.timing.K6DesignModelLoader.generateDsPathRec(K6DesignModelLoader.java:494)
	at com.ece6133.model.timing.K6DesignModelLoader.generateDsPathRec(K6DesignModelLoader.java:494)
	at com.ece6133.model.timing.K6DesignModelLoader.generateDsPathRec(K6DesignModelLoader.java:494)
	at com.ece6133.model.timing.K6DesignModelLoader.generateDsPathRec(K6DesignModelLoader.java:494)
	at com.ece6133.model.timing.K6DesignModelLoader.generateDsPathRec(K6DesignModelLoader.java:494)
	at com.ece6133.model.timing.K6DesignModelLoader.generateDsPathRec(K6DesignModelLoader.java:494)
	at com.ece6133.model.timing.K6DesignModelLoader.generateDsPathRec(K6DesignModelLoader.java:494)
	at com.ece6133.model.timing.K6DesignModelLoader.generateDsPathRec(K6DesignModelLoader.java:494)
	at com.ece6133.model.timing.K6DesignModelLoader.generateDsPathRec(K6DesignModelLoader.java:494)
	at com.ece6133.model.timing.K6DesignModelLoader.generateDsPathRec(K6DesignModelLoader.java:494)
	at com.ece6133.model.timing.K6DesignModelLoader.generateDsPathRec(K6DesignModelLoader.java:494)
	at com.ece6133.model.timing.K6DesignModelLoader.generateDsPathRec(K6DesignModelLoader.java:494)
	at com.ece6133.model.timing.K6DesignModelLoader.generateDsPathRec(K6DesignModelLoader.java:494)
	at com.ece6133.model.timing.K6DesignModelLoader.generateDsPathRec(K6DesignModelLoader.java:494)
	at com.ece6133.model.timing.K6DesignModelLoader.generateDsPathRec(K6DesignModelLoader.java:494)
	at com.ece6133.model.timing.K6DesignModelLoader.generateDsPathRec(K6DesignModelLoader.java:494)
	at com.ece6133.model.timing.K6DesignModelLoader.generateDsPathRec(K6DesignModelLoader.java:494)
	at com.ece6133.model.timing.K6DesignModelLoader.generateDsPathRec(K6DesignModelLoader.java:494)
	at com.ece6133.model.timing.K6DesignModelLoader.generateDsPathRec(K6DesignModelLoader.java:494)
	at com.ece6133.model.timing.K6DesignModelLoader.generateDsPathRec(K6DesignModelLoader.java:494)
	at com.ece6133.model.timing.K6DesignModelLoader.generateDsPathRec(K6DesignModelLoader.java:494)
	at com.ece6133.model.timing.K6DesignModelLoader.generateDsPathRec(K6DesignModelLoader.java:494)
	at com.ece6133.model.timing.K6DesignModelLoader.generateDsPathRec(K6DesignModelLoader.java:494)
	at com.ece6133.model.timing.K6DesignModelLoader.generateDsPathRec(K6DesignModelLoader.java:494)
	at com.ece6133.model.timing.K6DesignModelLoader.generateDsPathRec(K6DesignModelLoader.java:494)
	at com.ece6133.model.timing.K6DesignModelLoader.generateDsPathRec(K6DesignModelLoader.java:494)
	at com.ece6133.model.timing.K6DesignModelLoader.generateDsPathRec(K6DesignModelLoader.java:494)
	at com.ece6133.model.timing.K6DesignModelLoader.generateDsPathRec(K6DesignModelLoader.java:494)
	at com.ece6133.model.timing.K6DesignModelLoader.generateDsPathRec(K6DesignModelLoader.java:494)
	at com.ece6133.model.timing.K6DesignModelLoader.generateDsPathRec(K6DesignModelLoader.java:494)
	at com.ece6133.model.timing.K6DesignModelLoader.generateDsPathRec(K6DesignModelLoader.java:494)
	at com.ece6133.model.timing.K6DesignModelLoader.generateDsPathRec(K6DesignModelLoader.java:494)
	at com.ece6133.model.timing.K6DesignModelLoader.generateDsPathRec(K6DesignModelLoader.java:494)
	at com.ece6133.model.timing.K6DesignModelLoader.generateDsPathRec(K6DesignModelLoader.java:494)
	at com.ece6133.model.timing.K6DesignModelLoader.generateDsPathRec(K6DesignModelLoader.java:494)
	at com.ece6133.model.timing.K6DesignModelLoader.generateDsPathRec(K6DesignModelLoader.java:494)
	at com.ece6133.model.timing.K6DesignModelLoader.generateDsPathRec(K6DesignModelLoader.java:494)
	at com.ece6133.model.timing.K6DesignModelLoader.generateDsPathRec(K6DesignModelLoader.java:494)
	at com.ece6133.model.timing.K6DesignModelLoader.generateDsPathRec(K6DesignModelLoader.java:494)
	at com.ece6133.model.timing.K6DesignModelLoader.generateDsPathRec(K6DesignModelLoader.java:494)
	at com.ece6133.model.timing.K6DesignModelLoader.generateDsPathRec(K6DesignModelLoader.java:494)
	at com.ece6133.model.timing.K6DesignModelLoader.generateDsPathRec(K6DesignModelLoader.java:494)
	at com.ece6133.model.timing.K6DesignModelLoader.generateDsPathRec(K6DesignModelLoader.java:494)
	at com.ece6133.model.timing.K6DesignModelLoader.generateDsPathRec(K6DesignModelLoader.java:494)
	at com.ece6133.model.timing.K6DesignModelLoader.generateDsPathRec(K6DesignModelLoader.java:494)
	at com.ece6133.model.timing.K6DesignModelLoader.generateDsPathRec(K6DesignModelLoader.java:494)
	at com.ece6133.model.timing.K6DesignModelLoader.generateDsPathRec(K6DesignModelLoader.java:494)
	at com.ece6133.model.timing.K6DesignModelLoader.generateDsPathRec(K6DesignModelLoader.java:494)
	at com.ece6133.model.timing.K6DesignModelLoader.generateDsPathRec(K6DesignModelLoader.java:494)
	at com.ece6133.model.timing.K6DesignModelLoader.generateDsPathRec(K6DesignModelLoader.java:494)
	at com.ece6133.model.timing.K6DesignModelLoader.generateDsPathRec(K6DesignModelLoader.java:494)
	at com.ece6133.model.timing.K6DesignModelLoader.generateDsPathRec(K6DesignModelLoader.java:494)
	at com.ece6133.model.timing.K6DesignModelLoader.generateDsPathRec(K6DesignModelLoader.java:494)
	at com.ece6133.model.timing.K6DesignModelLoader.generateDsPathRec(K6DesignModelLoader.java:494)
	at com.ece6133.model.timing.K6DesignModelLoader.generateDsPathRec(K6DesignModelLoader.java:494)
	at com.ece6133.model.timing.K6DesignModelLoader.generateDsPathRec(K6DesignModelLoader.java:494)
	at com.ece6133.model.timing.K6DesignModelLoader.generateDsPathRec(K6DesignModelLoader.java:494)
	at com.ece6133.model.timing.K6DesignModelLoader.generateDsPathRec(K6DesignModelLoader.java:494)
	at com.ece6133.model.timing.K6DesignModelLoader.generateDsPathRec(K6DesignModelLoader.java:494)
	at com.ece6133.model.timing.K6DesignModelLoader.generateDsPathRec(K6DesignModelLoader.java:494)
	at com.ece6133.model.timing.K6DesignModelLoader.generateDsPathRec(K6DesignModelLoader.java:494)
	at com.ece6133.model.timing.K6DesignModelLoader.generateDsPathRec(K6DesignModelLoader.java:494)
	at com.ece6133.model.timing.K6DesignModelLoader.generateDsPathRec(K6DesignModelLoader.java:494)
	at com.ece6133.model.timing.K6DesignModelLoader.generateDsPathRec(K6DesignModelLoader.java:494)
	at com.ece6133.model.timing.K6DesignModelLoader.generateDsPathRec(K6DesignModelLoader.java:494)
	at com.ece6133.model.timing.K6DesignModelLoader.generateDsPathRec(K6DesignModelLoader.java:494)
	at com.ece6133.model.timing.K6DesignModelLoader.generateDsPathRec(K6DesignModelLoader.java:494)
	at com.ece6133.model.timing.K6DesignModelLoader.generateDsPathRec(K6DesignModelLoader.java:494)
	at com.ece6133.model.timing.K6DesignModelLoader.generateDsPathRec(K6DesignModelLoader.java:494)
	at com.ece6133.model.timing.K6DesignModelLoader.generateDsPathRec(K6DesignModelLoader.java:494)
	at com.ece6133.model.timing.K6DesignModelLoader.generateDsPathRec(K6DesignModelLoader.java:494)
	at com.ece6133.model.timing.K6DesignModelLoader.generateDsPathRec(K6DesignModelLoader.java:494)
	at com.ece6133.model.timing.K6DesignModelLoader.generateDsPathRec(K6DesignModelLoader.java:494)
	at com.ece6133.model.timing.K6DesignModelLoader.generateDsPathRec(K6DesignModelLoader.java:494)
	at com.ece6133.model.timing.K6DesignModelLoader.generateDsPathRec(K6DesignModelLoader.java:494)
	at com.ece6133.model.timing.K6DesignModelLoader.generateDsPathRec(K6DesignModelLoader.java:494)
	at com.ece6133.model.timing.K6DesignModelLoader.generateDsPathRec(K6DesignModelLoader.java:494)
	at com.ece6133.model.timing.K6DesignModelLoader.generateDsPathRec(K6DesignModelLoader.java:494)
	at com.ece6133.model.timing.K6DesignModelLoader.generateDsPathRec(K6DesignModelLoader.java:494)
	at com.ece6133.model.timing.K6DesignModelLoader.generateDsPathRec(K6DesignModelLoader.java:494)
	at com.ece6133.model.timing.K6DesignModelLoader.generateDsPathRec(K6DesignModelLoader.java:494)
	at com.ece6133.model.timing.K6DesignModelLoader.generateDsPathRec(K6DesignModelLoader.java:494)
	at com.ece6133.model.timing.K6DesignModelLoader.generateDsPathRec(K6DesignModelLoader.java:494)
	at com.ece6133.model.timing.K6DesignModelLoader.generateDsPathRec(K6DesignModelLoader.java:494)
	at com.ece6133.model.timing.K6DesignModelLoader.generateDsPathRec(K6DesignModelLoader.java:494)
	at com.ece6133.model.timing.K6DesignModelLoader.generateDsPathRec(K6DesignModelLoader.java:494)
	at com.ece6133.model.timing.K6DesignModelLoader.generateDsPathRec(K6DesignModelLoader.java:494)
	at com.ece6133.model.timing.K6DesignModelLoader.generateDsPathRec(K6DesignModelLoader.java:494)
	at com.ece6133.model.timing.K6DesignModelLoader.generateDsPathRec(K6DesignModelLoader.java:494)
	at com.ece6133.model.timing.K6DesignModelLoader.generateDsPathRec(K6DesignModelLoader.java:494)
	at com.ece6133.model.timing.K6DesignModelLoader.generateDsPathRec(K6DesignModelLoader.java:494)
	at com.ece6133.model.timing.K6DesignModelLoader.generateDsPathRec(K6DesignModelLoader.java:494)
	at com.ece6133.model.timing.K6DesignModelLoader.generateDsPathRec(K6DesignModelLoader.java:494)
	at com.ece6133.model.timing.K6DesignModelLoader.generateDsPathRec(K6DesignModelLoader.java:494)
	at com.ece6133.model.timing.K6DesignModelLoader.generateDsPathRec(K6DesignModelLoader.java:494)
	at com.ece6133.model.timing.K6DesignModelLoader.generateDsPathRec(K6DesignModelLoader.java:494)
	at com.ece6133.model.timing.K6DesignModelLoader.generateDsPathRec(K6DesignModelLoader.java:494)
	at com.ece6133.model.timing.K6DesignModelLoader.generateDsPathRec(K6DesignModelLoader.java:494)
	at com.ece6133.model.timing.K6DesignModelLoader.generateDsPathRec(K6DesignModelLoader.java:494)
	at com.ece6133.model.timing.K6DesignModelLoader.generateDsPathRec(K6DesignModelLoader.java:494)
	at com.ece6133.model.timing.K6DesignModelLoader.generateDsPathRec(K6DesignModelLoader.java:494)
	at com.ece6133.model.timing.K6DesignModelLoader.generateDsPathRec(K6DesignModelLoader.java:494)
	at com.ece6133.model.timing.K6DesignModelLoader.generateDsPathRec(K6DesignModelLoader.java:494)
	at com.ece6133.model.timing.K6DesignModelLoader.generateDsPathRec(K6DesignModelLoader.java:494)
	at com.ece6133.model.timing.K6DesignModelLoader.generateDsPathRec(K6DesignModelLoader.java:494)
	at com.ece6133.model.timing.K6DesignModelLoader.generateDsPathRec(K6DesignModelLoader.java:494)
	at com.ece6133.model.timing.K6DesignModelLoader.generateDsPathRec(K6DesignModelLoader.java:494)
	at com.ece6133.model.timing.K6DesignModelLoader.generateDsPathRec(K6DesignModelLoader.java:494)
	at com.ece6133.model.timing.K6DesignModelLoader.generateDsPathRec(K6DesignModelLoader.java:494)
	at com.ece6133.model.timing.K6DesignModelLoader.generateDsPathRec(K6DesignModelLoader.java:494)
	at com.ece6133.model.timing.K6DesignModelLoader.generateDsPathRec(K6DesignModelLoader.java:494)
	at com.ece6133.model.timing.K6DesignModelLoader.generateDsPathRec(K6DesignModelLoader.java:494)
	at com.ece6133.model.timing.K6DesignModelLoader.generateDsPathRec(K6DesignModelLoader.java:494)
	at com.ece6133.model.timing.K6DesignModelLoader.generateDsPathRec(K6DesignModelLoader.java:494)
	at com.ece6133.model.timing.K6DesignModelLoader.generateDsPathRec(K6DesignModelLoader.java:494)
	at com.ece6133.model.timing.K6DesignModelLoader.generateDsPathRec(K6DesignModelLoader.java:494)
	at com.ece6133.model.timing.K6DesignModelLoader.generateDsPathRec(K6DesignModelLoader.java:494)
	at com.ece6133.model.timing.K6DesignModelLoader.generateDsPathRec(K6DesignModelLoader.java:494)
	at com.ece6133.model.timing.K6DesignModelLoader.generateDsPathRec(K6DesignModelLoader.java:494)
	at com.ece6133.model.timing.K6DesignModelLoader.generateDsPathRec(K6DesignModelLoader.java:494)
	at com.ece6133.model.timing.K6DesignModelLoader.generateDsPathRec(K6DesignModelLoader.java:494)
	at com.ece6133.model.timing.K6DesignModelLoader.generateDsPathRec(K6DesignModelLoader.java:494)
	at com.ece6133.model.timing.K6DesignModelLoader.generateDsPathRec(K6DesignModelLoader.java:494)
	at com.ece6133.model.timing.K6DesignModelLoader.generateDsPathRec(K6DesignModelLoader.java:494)
	at com.ece6133.model.timing.K6DesignModelLoader.generateDsPathRec(K6DesignModelLoader.java:494)
	at com.ece6133.model.timing.K6DesignModelLoader.generateDsPathRec(K6DesignModelLoader.java:494)
	at com.ece6133.model.timing.K6DesignModelLoader.generateDsPathRec(K6DesignModelLoader.java:494)
	at com.ece6133.model.timing.K6DesignModelLoader.generateDsPathRec(K6DesignModelLoader.java:494)
	at com.ece6133.model.timing.K6DesignModelLoader.generateDsPathRec(K6DesignModelLoader.java:494)
	at com.ece6133.model.timing.K6DesignModelLoader.generateDsPathRec(K6DesignModelLoader.java:494)
	at com.ece6133.model.timing.K6DesignModelLoader.generateDsPathRec(K6DesignModelLoader.java:494)
	at com.ece6133.model.timing.K6DesignModelLoader.generateDsPathRec(K6DesignModelLoader.java:494)
	at com.ece6133.model.timing.K6DesignModelLoader.generateDsPathRec(K6DesignModelLoader.java:494)
	at com.ece6133.model.timing.K6DesignModelLoader.generateDsPathRec(K6DesignModelLoader.java:494)
	at com.ece6133.model.timing.K6DesignModelLoader.generateDsPathRec(K6DesignModelLoader.java:494)
	at com.ece6133.model.timing.K6DesignModelLoader.generateDsPathRec(K6DesignModelLoader.java:494)
	at com.ece6133.model.timing.K6DesignModelLoader.generateDsPathRec(K6DesignModelLoader.java:494)
	at com.ece6133.model.timing.K6DesignModelLoader.generateDsPathRec(K6DesignModelLoader.java:494)
	at com.ece6133.model.timing.K6DesignModelLoader.generateDsPathRec(K6DesignModelLoader.java:494)
	at com.ece6133.model.timing.K6DesignModelLoader.generateDsPathRec(K6DesignModelLoader.java:494)
	at com.ece6133.model.timing.K6DesignModelLoader.generateDsPathRec(K6DesignModelLoader.java:494)
	at com.ece6133.model.timing.K6DesignModelLoader.generateDsPathRec(K6DesignModelLoader.java:494)
	at com.ece6133.model.timing.K6DesignModelLoader.generateDsPathRec(K6DesignModelLoader.java:494)
	at com.ece6133.model.timing.K6DesignModelLoader.generateDsPathRec(K6DesignModelLoader.java:494)
	at com.ece6133.model.timing.K6DesignModelLoader.generateDsPathRec(K6DesignModelLoader.java:494)
	at com.ece6133.model.timing.K6DesignModelLoader.generateDsPathRec(K6DesignModelLoader.java:494)
	at com.ece6133.model.timing.K6DesignModelLoader.generateDsPathRec(K6DesignModelLoader.java:494)
	at com.ece6133.model.timing.K6DesignModelLoader.generateDsPathRec(K6DesignModelLoader.java:494)
	at com.ece6133.model.timing.K6DesignModelLoader.generateDsPathRec(K6DesignModelLoader.java:494)
	at com.ece6133.model.timing.K6DesignModelLoader.generateDsPathRec(K6DesignModelLoader.java:494)
	at com.ece6133.model.timing.K6DesignModelLoader.generateDsPathRec(K6DesignModelLoader.java:494)
	at com.ece6133.model.timing.K6DesignModelLoader.generateDsPathRec(K6DesignModelLoader.java:494)
	at com.ece6133.model.timing.K6DesignModelLoader.generateDsPathRec(K6DesignModelLoader.java:494)
	at com.ece6133.model.timing.K6DesignModelLoader.generateDsPathRec(K6DesignModelLoader.java:494)
	at com.ece6133.model.timing.K6DesignModelLoader.generateDsPathRec(K6DesignModelLoader.java:494)
	at com.ece6133.model.timing.K6DesignModelLoader.generateDsPathRec(K6DesignModelLoader.java:494)
	at com.ece6133.model.timing.K6DesignModelLoader.generateDsPathRec(K6DesignModelLoader.java:494)
	at com.ece6133.model.timing.K6DesignModelLoader.generateDsPathRec(K6DesignModelLoader.java:494)
	at com.ece6133.model.timing.K6DesignModelLoader.generateDsPathRec(K6DesignModelLoader.java:494)
	at com.ece6133.model.timing.K6DesignModelLoader.generateDsPathRec(K6DesignModelLoader.java:494)
	at com.ece6133.model.timing.K6DesignModelLoader.generateDsPathRec(K6DesignModelLoader.java:494)
	at com.ece6133.model.timing.K6DesignModelLoader.generateDsPathRec(K6DesignModelLoader.java:494)
	at com.ece6133.model.timing.K6DesignModelLoader.generateDsPathRec(K6DesignModelLoader.java:494)
	at com.ece6133.model.timing.K6DesignModelLoader.generateDsPathRec(K6DesignModelLoader.java:494)
	at com.ece6133.model.timing.K6DesignModelLoader.generateDsPathRec(K6DesignModelLoader.java:494)
	at com.ece6133.model.timing.K6DesignModelLoader.generateDsPathRec(K6DesignModelLoader.java:494)
	at com.ece6133.model.timing.K6DesignModelLoader.generateDsPathRec(K6DesignModelLoader.java:494)
	at com.ece6133.model.timing.K6DesignModelLoader.generateDsPathRec(K6DesignModelLoader.java:494)
	at com.ece6133.model.timing.K6DesignModelLoader.generateDsPathRec(K6DesignModelLoader.java:494)
	at com.ece6133.model.timing.K6DesignModelLoader.generateDsPathRec(K6DesignModelLoader.java:494)
	at com.ece6133.model.timing.K6DesignModelLoader.generateDsPathRec(K6DesignModelLoader.java:494)
	at com.ece6133.model.timing.K6DesignModelLoader.generateDsPathRec(K6DesignModelLoader.java:494)
	at com.ece6133.model.timing.K6DesignModelLoader.generateDsPathRec(K6DesignModelLoader.java:494)
	at com.ece6133.model.timing.K6DesignModelLoader.generateDsPathRec(K6DesignModelLoader.java:494)
	at com.ece6133.model.timing.K6DesignModelLoader.generateDsPathRec(K6DesignModelLoader.java:494)
	at com.ece6133.model.timing.K6DesignModelLoader.generateDsPathRec(K6DesignModelLoader.java:494)
	at com.ece6133.model.timing.K6DesignModelLoader.generateDsPathRec(K6DesignModelLoader.java:494)
	at com.ece6133.model.timing.K6DesignModelLoader.generateDsPathRec(K6DesignModelLoader.java:494)
	at com.ece6133.model.timing.K6DesignModelLoader.generateDsPathRec(K6DesignModelLoader.java:494)
	at com.ece6133.model.timing.K6DesignModelLoader.generateDsPathRec(K6DesignModelLoader.java:494)
	at com.ece6133.model.timing.K6DesignModelLoader.generateDsPathRec(K6DesignModelLoader.java:494)
	at com.ece6133.model.timing.K6DesignModelLoader.generateDsPathRec(K6DesignModelLoader.java:494)
	at com.ece6133.model.timing.K6DesignModelLoader.generateDsPathRec(K6DesignModelLoader.java:494)
	at com.ece6133.model.timing.K6DesignModelLoader.generateDsPathRec(K6DesignModelLoader.java:494)
	at com.ece6133.model.timing.K6DesignModelLoader.generateDsPathRec(K6DesignModelLoader.java:494)
	at com.ece6133.model.timing.K6DesignModelLoader.generateDsPathRec(K6DesignModelLoader.java:494)
	at com.ece6133.model.timing.K6DesignModelLoader.generateDsPathRec(K6DesignModelLoader.java:494)
	at com.ece6133.model.timing.K6DesignModelLoader.generateDsPathRec(K6DesignModelLoader.java:494)
	at com.ece6133.model.timing.K6DesignModelLoader.generateDsPathRec(K6DesignModelLoader.java:494)
	at com.ece6133.model.timing.K6DesignModelLoader.generateDsPathRec(K6DesignModelLoader.java:494)
	at com.ece6133.model.timing.K6DesignModelLoader.generateDsPathRec(K6DesignModelLoader.java:494)
	at com.ece6133.model.timing.K6DesignModelLoader.generateDsPathRec(K6DesignModelLoader.java:494)
	at com.ece6133.model.timing.K6DesignModelLoader.generateDsPathRec(K6DesignModelLoader.java:494)
	at com.ece6133.model.timing.K6DesignModelLoader.generateDsPathRec(K6DesignModelLoader.java:494)
	at com.ece6133.model.timing.K6DesignModelLoader.generateDsPathRec(K6DesignModelLoader.java:494)
	at com.ece6133.model.timing.K6DesignModelLoader.generateDsPathRec(K6DesignModelLoader.java:494)
	at com.ece6133.model.timing.K6DesignModelLoader.generateDsPathRec(K6DesignModelLoader.java:494)
	at com.ece6133.model.timing.K6DesignModelLoader.generateDsPathRec(K6DesignModelLoader.java:494)
	at com.ece6133.model.timing.K6DesignModelLoader.generateDsPathRec(K6DesignModelLoader.java:494)
	at com.ece6133.model.timing.K6DesignModelLoader.generateDsPathRec(K6DesignModelLoader.java:494)
	at com.ece6133.model.timing.K6DesignModelLoader.generateDsPathRec(K6DesignModelLoader.java:494)
	at com.ece6133.model.timing.K6DesignModelLoader.generateDsPathRec(K6DesignModelLoader.java:494)
	at com.ece6133.model.timing.K6DesignModelLoader.generateDsPathRec(K6DesignModelLoader.java:494)
	at com.ece6133.model.timing.K6DesignModelLoader.generateDsPathRec(K6DesignModelLoader.java:494)
	at com.ece6133.model.timing.K6DesignModelLoader.generateDsPathRec(K6DesignModelLoader.java:494)
	at com.ece6133.model.timing.K6DesignModelLoader.generateDsPathRec(K6DesignModelLoader.java:494)
	at com.ece6133.model.timing.K6DesignModelLoader.generateDsPathRec(K6DesignModelLoader.java:494)
	at com.ece6133.model.timing.K6DesignModelLoader.generateDsPathRec(K6DesignModelLoader.java:494)
	at com.ece6133.model.timing.K6DesignModelLoader.generateDsPathRec(K6DesignModelLoader.java:494)
	at com.ece6133.model.timing.K6DesignModelLoader.generateDsPathRec(K6DesignModelLoader.java:494)
	at com.ece6133.model.timing.K6DesignModelLoader.generateDsPathRec(K6DesignModelLoader.java:494)
	at com.ece6133.model.timing.K6DesignModelLoader.generateDsPathRec(K6DesignModelLoader.java:494)
	at com.ece6133.model.timing.K6DesignModelLoader.generateDsPathRec(K6DesignModelLoader.java:494)
	at com.ece6133.model.timing.K6DesignModelLoader.generateDsPathRec(K6DesignModelLoader.java:494)
	at com.ece6133.model.timing.K6DesignModelLoader.generateDsPathRec(K6DesignModelLoader.java:494)
	at com.ece6133.model.timing.K6DesignModelLoader.generateDsPathRec(K6DesignModelLoader.java:494)
	at com.ece6133.model.timing.K6DesignModelLoader.generateDsPathRec(K6DesignModelLoader.java:494)
	at com.ece6133.model.timing.K6DesignModelLoader.generateDsPathRec(K6DesignModelLoader.java:494)
	at com.ece6133.model.timing.K6DesignModelLoader.generateDsPathRec(K6DesignModelLoader.java:494)
	at com.ece6133.model.timing.K6DesignModelLoader.generateDsPathRec(K6DesignModelLoader.java:494)
	at com.ece6133.model.timing.K6DesignModelLoader.generateDsPathRec(K6DesignModelLoader.java:494)
	at com.ece6133.model.timing.K6DesignModelLoader.generateDsPathRec(K6DesignModelLoader.java:494)
	at com.ece6133.model.timing.K6DesignModelLoader.generateDsPathRec(K6DesignModelLoader.java:494)
	at com.ece6133.model.timing.K6DesignModelLoader.generateDsPathRec(K6DesignModelLoader.java:494)
	at com.ece6133.model.timing.K6DesignModelLoader.generateDsPathRec(K6DesignModelLoader.java:494)
	at com.ece6133.model.timing.K6DesignModelLoader.generateDsPathRec(K6DesignModelLoader.java:494)
	at com.ece6133.model.timing.K6DesignModelLoader.generateDsPathRec(K6DesignModelLoader.java:494)
	at com.ece6133.model.timing.K6DesignModelLoader.generateDsPathRec(K6DesignModelLoader.java:494)
	at com.ece6133.model.timing.K6DesignModelLoader.generateDsPathRec(K6DesignModelLoader.java:494)
	at com.ece6133.model.timing.K6DesignModelLoader.generateDsPathRec(K6DesignModelLoader.java:494)
	at com.ece6133.model.timing.K6DesignModelLoader.generateDsPathRec(K6DesignModelLoader.java:494)
	at com.ece6133.model.timing.K6DesignModelLoader.generateDsPathRec(K6DesignModelLoader.java:494)
	at com.ece6133.model.timing.K6DesignModelLoader.generateDsPathRec(K6DesignModelLoader.java:494)
	at com.ece6133.model.timing.K6DesignModelLoader.generateDsPathRec(K6DesignModelLoader.java:494)
	at com.ece6133.model.timing.K6DesignModelLoader.generateDsPathRec(K6DesignModelLoader.java:494)
	at com.ece6133.model.timing.K6DesignModelLoader.generateDsPathRec(K6DesignModelLoader.java:494)
	at com.ece6133.model.timing.K6DesignModelLoader.generateDsPathRec(K6DesignModelLoader.java:494)
	at com.ece6133.model.timing.K6DesignModelLoader.generateDsPathRec(K6DesignModelLoader.java:494)
	at com.ece6133.model.timing.K6DesignModelLoader.generateDsPathRec(K6DesignModelLoader.java:494)
	at com.ece6133.model.timing.K6DesignModelLoader.generateDsPathRec(K6DesignModelLoader.java:494)
	at com.ece6133.model.timing.K6DesignModelLoader.generateDsPathRec(K6DesignModelLoader.java:494)
	at com.ece6133.model.timing.K6DesignModelLoader.generateDsPathRec(K6DesignModelLoader.java:494)
	at com.ece6133.model.timing.K6DesignModelLoader.generateDsPathRec(K6DesignModelLoader.java:494)
	at com.ece6133.model.timing.K6DesignModelLoader.generateDsPathRec(K6DesignModelLoader.java:494)
	at com.ece6133.model.timing.K6DesignModelLoader.generateDsPathRec(K6DesignModelLoader.java:494)
	at com.ece6133.model.timing.K6DesignModelLoader.generateDsPathRec(K6DesignModelLoader.java:494)
	at com.ece6133.model.timing.K6DesignModelLoader.generateDsPathRec(K6DesignModelLoader.java:494)
	at com.ece6133.model.timing.K6DesignModelLoader.generateDsPathRec(K6DesignModelLoader.java:494)
	at com.ece6133.model.timing.K6DesignModelLoader.generateDsPathRec(K6DesignModelLoader.java:494)
	at com.ece6133.model.timing.K6DesignModelLoader.generateDsPathRec(K6DesignModelLoader.java:494)
	at com.ece6133.model.timing.K6DesignModelLoader.generateDsPathRec(K6DesignModelLoader.java:494)
	at com.ece6133.model.timing.K6DesignModelLoader.generateDsPathRec(K6DesignModelLoader.java:494)
	at com.ece6133.model.timing.K6DesignModelLoader.generateDsPathRec(K6DesignModelLoader.java:494)
	at com.ece6133.model.timing.K6DesignModelLoader.generateDsPathRec(K6DesignModelLoader.java:494)
	at com.ece6133.model.timing.K6DesignModelLoader.generateDsPathRec(K6DesignModelLoader.java:494)
	at com.ece6133.model.timing.K6DesignModelLoader.generateDsPathRec(K6DesignModelLoader.java:494)
	at com.ece6133.model.timing.K6DesignModelLoader.generateDsPathRec(K6DesignModelLoader.java:494)
	at com.ece6133.model.timing.K6DesignModelLoader.generateDsPathRec(K6DesignModelLoader.java:494)
	at com.ece6133.model.timing.K6DesignModelLoader.generateDsPathRec(K6DesignModelLoader.java:494)
	at com.ece6133.model.timing.K6DesignModelLoader.generateDsPathRec(K6DesignModelLoader.java:494)
	at com.ece6133.model.timing.K6DesignModelLoader.generateDsPathRec(K6DesignModelLoader.java:494)
	at com.ece6133.model.timing.K6DesignModelLoader.generateDsPathRec(K6DesignModelLoader.java:494)
	at com.ece6133.model.timing.K6DesignModelLoader.generateDsPathRec(K6DesignModelLoader.java:494)
	at com.ece6133.model.timing.K6DesignModelLoader.generateDsPathRec(K6DesignModelLoader.java:494)
	at com.ece6133.model.timing.K6DesignModelLoader.generateDsPathRec(K6DesignModelLoader.java:494)
	at com.ece6133.model.timing.K6DesignModelLoader.generateDsPathRec(K6DesignModelLoader.java:494)
	at com.ece6133.model.timing.K6DesignModelLoader.generateDsPathRec(K6DesignModelLoader.java:494)
	at com.ece6133.model.timing.K6DesignModelLoader.generateDsPathRec(K6DesignModelLoader.java:494)
	at com.ece6133.model.timing.K6DesignModelLoader.generateDsPathRec(K6DesignModelLoader.java:494)
	at com.ece6133.model.timing.K6DesignModelLoader.generateDsPathRec(K6DesignModelLoader.java:494)
	at com.ece6133.model.timing.K6DesignModelLoader.generateDsPathRec(K6DesignModelLoader.java:494)
	at com.ece6133.model.timing.K6DesignModelLoader.generateDsPathRec(K6DesignModelLoader.java:494)
	at com.ece6133.model.timing.K6DesignModelLoader.generateDsPathRec(K6DesignModelLoader.java:494)
	at com.ece6133.model.timing.K6DesignModelLoader.generateDsPathRec(K6DesignModelLoader.java:494)
	at com.ece6133.model.timing.K6DesignModelLoader.generateDsPathRec(K6DesignModelLoader.java:494)
	at com.ece6133.model.timing.K6DesignModelLoader.generateDsPathRec(K6DesignModelLoader.java:494)
	at com.ece6133.model.timing.K6DesignModelLoader.generateDsPathRec(K6DesignModelLoader.java:494)
	at com.ece6133.model.timing.K6DesignModelLoader.generateDsPathRec(K6DesignModelLoader.java:494)
	at com.ece6133.model.timing.K6DesignModelLoader.generateDsPathRec(K6DesignModelLoader.java:494)
	at com.ece6133.model.timing.K6DesignModelLoader.generateDsPathRec(K6DesignModelLoader.java:494)
	at com.ece6133.model.timing.K6DesignModelLoader.generateDsPathRec(K6DesignModelLoader.java:494)
	at com.ece6133.model.timing.K6DesignModelLoader.generateDsPathRec(K6DesignModelLoader.java:494)
	at com.ece6133.model.timing.K6DesignModelLoader.generateDsPathRec(K6DesignModelLoader.java:494)
	at com.ece6133.model.timing.K6DesignModelLoader.generateDsPathRec(K6DesignModelLoader.java:494)
	at com.ece6133.model.timing.K6DesignModelLoader.generateDsPathRec(K6DesignModelLoader.java:494)
	at com.ece6133.model.timing.K6DesignModelLoader.generateDsPathRec(K6DesignModelLoader.java:494)
	at com.ece6133.model.timing.K6DesignModelLoader.generateDsPathRec(K6DesignModelLoader.java:494)
	at com.ece6133.model.timing.K6DesignModelLoader.generateDsPathRec(K6DesignModelLoader.java:494)
	at com.ece6133.model.timing.K6DesignModelLoader.generateDsPathRec(K6DesignModelLoader.java:494)
	at com.ece6133.model.timing.K6DesignModelLoader.generateDsPathRec(K6DesignModelLoader.java:494)
	at com.ece6133.model.timing.K6DesignModelLoader.generateDsPathRec(K6DesignModelLoader.java:494)
	at com.ece6133.model.timing.K6DesignModelLoader.generateDsPathRec(K6DesignModelLoader.java:494)
	at com.ece6133.model.timing.K6DesignModelLoader.generateDsPathRec(K6DesignModelLoader.java:494)
	at com.ece6133.model.timing.K6DesignModelLoader.generateDsPathRec(K6DesignModelLoader.java:494)
	at com.ece6133.model.timing.K6DesignModelLoader.generateDsPathRec(K6DesignModelLoader.java:494)
	at com.ece6133.model.timing.K6DesignModelLoader.generateDsPathRec(K6DesignModelLoader.java:494)
	at com.ece6133.model.timing.K6DesignModelLoader.generateDsPathRec(K6DesignModelLoader.java:494)
	at com.ece6133.model.timing.K6DesignModelLoader.generateDsPathRec(K6DesignModelLoader.java:494)
	at com.ece6133.model.timing.K6DesignModelLoader.generateDsPathRec(K6DesignModelLoader.java:494)
	at com.ece6133.model.timing.K6DesignModelLoader.generateDsPathRec(K6DesignModelLoader.java:494)
	at com.ece6133.model.timing.K6DesignModelLoader.generateDsPathRec(K6DesignModelLoader.java:494)
	at com.ece6133.model.timing.K6DesignModelLoader.generateDsPathRec(K6DesignModelLoader.java:494)
	at com.ece6133.model.timing.K6DesignModelLoader.generateDsPathRec(K6DesignModelLoader.java:494)
	at com.ece6133.model.timing.K6DesignModelLoader.generateDsPathRec(K6DesignModelLoader.java:494)
	at com.ece6133.model.timing.K6DesignModelLoader.generateDsPathRec(K6DesignModelLoader.java:494)
	at com.ece6133.model.timing.K6DesignModelLoader.generateDsPathRec(K6DesignModelLoader.java:494)
	at com.ece6133.model.timing.K6DesignModelLoader.generateDsPathRec(K6DesignModelLoader.java:494)
	at com.ece6133.model.timing.K6DesignModelLoader.generateDsPathRec(K6DesignModelLoader.java:494)
	at com.ece6133.model.timing.K6DesignModelLoader.generateDsPathRec(K6DesignModelLoader.java:494)
	at com.ece6133.model.timing.K6DesignModelLoader.generateDsPathRec(K6DesignModelLoader.java:494)
	at com.ece6133.model.timing.K6DesignModelLoader.generateDsPathRec(K6DesignModelLoader.java:494)
	at com.ece6133.model.timing.K6DesignModelLoader.generateDsPathRec(K6DesignModelLoader.java:494)
	at com.ece6133.model.timing.K6DesignModelLoader.generateDsPathRec(K6DesignModelLoader.java:494)
	at com.ece6133.model.timing.K6DesignModelLoader.generateDsPathRec(K6DesignModelLoader.java:494)
	at com.ece6133.model.timing.K6DesignModelLoader.generateDsPathRec(K6DesignModelLoader.java:494)
	at com.ece6133.model.timing.K6DesignModelLoader.generateDsPathRec(K6DesignModelLoader.java:494)
	at com.ece6133.model.timing.K6DesignModelLoader.generateDsPathRec(K6DesignModelLoader.java:494)
	at com.ece6133.model.timing.K6DesignModelLoader.generateDsPathRec(K6DesignModelLoader.java:494)
	at com.ece6133.model.timing.K6DesignModelLoader.generateDsPathRec(K6DesignModelLoader.java:494)
	at com.ece6133.model.timing.K6DesignModelLoader.generateDsPathRec(K6DesignModelLoader.java:494)
	at com.ece6133.model.timing.K6DesignModelLoader.generateDsPathRec(K6DesignModelLoader.java:494)
	at com.ece6133.model.timing.K6DesignModelLoader.generateDsPathRec(K6DesignModelLoader.java:494)
	at com.ece6133.model.timing.K6DesignModelLoader.generateDsPathRec(K6DesignModelLoader.java:494)
	at com.ece6133.model.timing.K6DesignModelLoader.generateDsPathRec(K6DesignModelLoader.java:494)
	at com.ece6133.model.timing.K6DesignModelLoader.generateDsPathRec(K6DesignModelLoader.java:494)
	at com.ece6133.model.timing.K6DesignModelLoader.generateDsPathRec(K6DesignModelLoader.java:494)
	at com.ece6133.model.timing.K6DesignModelLoader.generateDsPathRec(K6DesignModelLoader.java:494)
	at com.ece6133.model.timing.K6DesignModelLoader.generateDsPathRec(K6DesignModelLoader.java:494)
	at com.ece6133.model.timing.K6DesignModelLoader.generateDsPathRec(K6DesignModelLoader.java:494)
	at com.ece6133.model.timing.K6DesignModelLoader.generateDsPathRec(K6DesignModelLoader.java:494)
	at com.ece6133.model.timing.K6DesignModelLoader.generateDsPathRec(K6DesignModelLoader.java:494)
	at com.ece6133.model.timing.K6DesignModelLoader.generateDsPathRec(K6DesignModelLoader.java:494)
	at com.ece6133.model.timing.K6DesignModelLoader.generateDsPathRec(K6DesignModelLoader.java:494)
	at com.ece6133.model.timing.K6DesignModelLoader.generateDsPathRec(K6DesignModelLoader.java:494)
	at com.ece6133.model.timing.K6DesignModelLoader.generateDsPathRec(K6DesignModelLoader.java:494)
	at com.ece6133.model.timing.K6DesignModelLoader.generateDsPathRec(K6DesignModelLoader.java:494)
	at com.ece6133.model.timing.K6DesignModelLoader.generateDsPathRec(K6DesignModelLoader.java:494)
	at com.ece6133.model.timing.K6DesignModelLoader.generateDsPathRec(K6DesignModelLoader.java:494)
	at com.ece6133.model.timing.K6DesignModelLoader.generateDsPathRec(K6DesignModelLoader.java:494)
	at com.ece6133.model.timing.K6DesignModelLoader.generateDsPathRec(K6DesignModelLoader.java:494)
	at com.ece6133.model.timing.K6DesignModelLoader.generateDsPathRec(K6DesignModelLoader.java:494)
	at com.ece6133.model.timing.K6DesignModelLoader.generateDsPathRec(K6DesignModelLoader.java:494)
	at com.ece6133.model.timing.K6DesignModelLoader.generateDsPathRec(K6DesignModelLoader.java:494)
	at com.ece6133.model.timing.K6DesignModelLoader.generateDsPathRec(K6DesignModelLoader.java:494)
	at com.ece6133.model.timing.K6DesignModelLoader.generateDsPathRec(K6DesignModelLoader.java:494)
	at com.ece6133.model.timing.K6DesignModelLoader.generateDsPathRec(K6DesignModelLoader.java:494)
	at com.ece6133.model.timing.K6DesignModelLoader.generateDsPathRec(K6DesignModelLoader.java:494)
	at com.ece6133.model.timing.K6DesignModelLoader.generateDsPathRec(K6DesignModelLoader.java:494)
	at com.ece6133.model.timing.K6DesignModelLoader.generateDsPathRec(K6DesignModelLoader.java:494)
	at com.ece6133.model.timing.K6DesignModelLoader.generateDsPathRec(K6DesignModelLoader.java:494)
	at com.ece6133.model.timing.K6DesignModelLoader.generateDsPathRec(K6DesignModelLoader.java:494)
	at com.ece6133.model.timing.K6DesignModelLoader.generateDsPathRec(K6DesignModelLoader.java:494)
	at com.ece6133.model.timing.K6DesignModelLoader.generateDsPathRec(K6DesignModelLoader.java:494)
	at com.ece6133.model.timing.K6DesignModelLoader.generateDsPathRec(K6DesignModelLoader.java:494)
	at com.ece6133.model.timing.K6DesignModelLoader.generateDsPathRec(K6DesignModelLoader.java:494)
	at com.ece6133.model.timing.K6DesignModelLoader.generateDsPathRec(K6DesignModelLoader.java:494)
	at com.ece6133.model.timing.K6DesignModelLoader.generateDsPathRec(K6DesignModelLoader.java:494)
	at com.ece6133.model.timing.K6DesignModelLoader.generateDsPathRec(K6DesignModelLoader.java:494)
	at com.ece6133.model.timing.K6DesignModelLoader.generateDsPathRec(K6DesignModelLoader.java:494)
	at com.ece6133.model.timing.K6DesignModelLoader.generateDsPathRec(K6DesignModelLoader.java:494)
	at com.ece6133.model.timing.K6DesignModelLoader.generateDsPathRec(K6DesignModelLoader.java:494)
	at com.ece6133.model.timing.K6DesignModelLoader.generateDsPathRec(K6DesignModelLoader.java:494)
	at com.ece6133.model.timing.K6DesignModelLoader.generateDsPathRec(K6DesignModelLoader.java:494)
	at com.ece6133.model.timing.K6DesignModelLoader.generateDsPathRec(K6DesignModelLoader.java:494)
	at com.ece6133.model.timing.K6DesignModelLoader.generateDsPathRec(K6DesignModelLoader.java:494)
	at com.ece6133.model.timing.K6DesignModelLoader.generateDsPathRec(K6DesignModelLoader.java:494)
	at com.ece6133.model.timing.K6DesignModelLoader.generateDsPathRec(K6DesignModelLoader.java:494)
	at com.ece6133.model.timing.K6DesignModelLoader.generateDsPathRec(K6DesignModelLoader.java:494)
	at com.ece6133.model.timing.K6DesignModelLoader.generateDsPathRec(K6DesignModelLoader.java:494)
	at com.ece6133.model.timing.K6DesignModelLoader.generateDsPathRec(K6DesignModelLoader.java:494)
	at com.ece6133.model.timing.K6DesignModelLoader.generateDsPathRec(K6DesignModelLoader.java:494)
	at com.ece6133.model.timing.K6DesignModelLoader.generateDsPathRec(K6DesignModelLoader.java:494)
	at com.ece6133.model.timing.K6DesignModelLoader.generateDsPathRec(K6DesignModelLoader.java:494)
	at com.ece6133.model.timing.K6DesignModelLoader.generateDsPathRec(K6DesignModelLoader.java:494)
	at com.ece6133.model.timing.K6DesignModelLoader.generateDsPathRec(K6DesignModelLoader.java:494)
	at com.ece6133.model.timing.K6DesignModelLoader.generateDsPathRec(K6DesignModelLoader.java:494)
	at com.ece6133.model.timing.K6DesignModelLoader.generateDsPathRec(K6DesignModelLoader.java:494)
	at com.ece6133.model.timing.K6DesignModelLoader.generateDsPathRec(K6DesignModelLoader.java:494)
	at com.ece6133.model.timing.K6DesignModelLoader.generateDsPathRec(K6DesignModelLoader.java:494)
	at com.ece6133.model.timing.K6DesignModelLoader.generateDsPathRec(K6DesignModelLoader.java:494)
	at com.ece6133.model.timing.K6DesignModelLoader.generateDsPathRec(K6DesignModelLoader.java:494)
	at com.ece6133.model.timing.K6DesignModelLoader.generateDsPathRec(K6DesignModelLoader.java:494)
	at com.ece6133.model.timing.K6DesignModelLoader.generateDsPathRec(K6DesignModelLoader.java:494)
	at com.ece6133.model.timing.K6DesignModelLoader.generateDsPathRec(K6DesignModelLoader.java:494)
	at com.ece6133.model.timing.K6DesignModelLoader.generateDsPathRec(K6DesignModelLoader.java:494)
	at com.ece6133.model.timing.K6DesignModelLoader.generateDsPathRec(K6DesignModelLoader.java:494)
	at com.ece6133.model.timing.K6DesignModelLoader.generateDsPathRec(K6DesignModelLoader.java:494)
	at com.ece6133.model.timing.K6DesignModelLoader.generateDsPathRec(K6DesignModelLoader.java:494)
	at com.ece6133.model.timing.K6DesignModelLoader.generateDsPathRec(K6DesignModelLoader.java:494)
	at com.ece6133.model.timing.K6DesignModelLoader.generateDsPathRec(K6DesignModelLoader.java:494)
	at com.ece6133.model.timing.K6DesignModelLoader.generateDsPathRec(K6DesignModelLoader.java:494)
	at com.ece6133.model.timing.K6DesignModelLoader.generateDsPathRec(K6DesignModelLoader.java:494)
	at com.ece6133.model.timing.K6DesignModelLoader.generateDsPathRec(K6DesignModelLoader.java:494)
	at com.ece6133.model.timing.K6DesignModelLoader.generateDsPathRec(K6DesignModelLoader.java:494)
	at com.ece6133.model.timing.K6DesignModelLoader.generateDsPathRec(K6DesignModelLoader.java:494)
	at com.ece6133.model.timing.K6DesignModelLoader.generateDsPathRec(K6DesignModelLoader.java:494)
	at com.ece6133.model.timing.K6DesignModelLoader.generateDsPathRec(K6DesignModelLoader.java:494)
	at com.ece6133.model.timing.K6DesignModelLoader.generateDsPathRec(K6DesignModelLoader.java:494)
	at com.ece6133.model.timing.K6DesignModelLoader.generateDsPathRec(K6DesignModelLoader.java:494)
	at com.ece6133.model.timing.K6DesignModelLoader.generateDsPathRec(K6DesignModelLoader.java:494)
	at com.ece6133.model.timing.K6DesignModelLoader.generateDsPathRec(K6DesignModelLoader.java:494)
	at com.ece6133.model.timing.K6DesignModelLoader.generateDsPathRec(K6DesignModelLoader.java:494)
	at com.ece6133.model.timing.K6DesignModelLoader.generateDsPathRec(K6DesignModelLoader.java:494)
	at com.ece6133.model.timing.K6DesignModelLoader.generateDsPathRec(K6DesignModelLoader.java:494)
	at com.ece6133.model.timing.K6DesignModelLoader.generateDsPathRec(K6DesignModelLoader.java:494)
	at com.ece6133.model.timing.K6DesignModelLoader.generateDsPathRec(K6DesignModelLoader.java:494)
	at com.ece6133.model.timing.K6DesignModelLoader.generateDsPathRec(K6DesignModelLoader.java:494)
	at com.ece6133.model.timing.K6DesignModelLoader.generateDsPathRec(K6DesignModelLoader.java:494)
	at com.ece6133.model.timing.K6DesignModelLoader.generateDsPathRec(K6DesignModelLoader.java:494)
	at com.ece6133.model.timing.K6DesignModelLoader.generateDsPathRec(K6DesignModelLoader.java:494)
	at com.ece6133.model.timing.K6DesignModelLoader.generateDsPathRec(K6DesignModelLoader.java:494)
	at com.ece6133.model.timing.K6DesignModelLoader.generateDsPathRec(K6DesignModelLoader.java:494)
	at com.ece6133.model.timing.K6DesignModelLoader.generateDsPathRec(K6DesignModelLoader.java:494)
	at com.ece6133.model.timing.K6DesignModelLoader.generateDsPathRec(K6DesignModelLoader.java:494)
	at com.ece6133.model.timing.K6DesignModelLoader.generateDsPathRec(K6DesignModelLoader.java:494)
	at com.ece6133.model.timing.K6DesignModelLoader.generateDsPathRec(K6DesignModelLoader.java:494)
	at com.ece6133.model.timing.K6DesignModelLoader.generateDsPathRec(K6DesignModelLoader.java:494)
	at com.ece6133.model.timing.K6DesignModelLoader.generateDsPathRec(K6DesignModelLoader.java:494)
	at com.ece6133.model.timing.K6DesignModelLoader.generateDsPathRec(K6DesignModelLoader.java:494)
	at com.ece6133.model.timing.K6DesignModelLoader.generateDsPathRec(K6DesignModelLoader.java:494)
	at com.ece6133.model.timing.K6DesignModelLoader.generateDsPathRec(K6DesignModelLoader.java:494)
	at com.ece6133.model.timing.K6DesignModelLoader.generateDsPathRec(K6DesignModelLoader.java:494)
	at com.ece6133.model.timing.K6DesignModelLoader.generateDsPathRec(K6DesignModelLoader.java:494)
	at com.ece6133.model.timing.K6DesignModelLoader.generateDsPathRec(K6DesignModelLoader.java:494)
	at com.ece6133.model.timing.K6DesignModelLoader.generateDsPathRec(K6DesignModelLoader.java:494)
	at com.ece6133.model.timing.K6DesignModelLoader.generateDsPathRec(K6DesignModelLoader.java:494)
	at com.ece6133.model.timing.K6DesignModelLoader.generateDsPathRec(K6DesignModelLoader.java:494)
	at com.ece6133.model.timing.K6DesignModelLoader.generateDsPathRec(K6DesignModelLoader.java:494)
	at com.ece6133.model.timing.K6DesignModelLoader.generateDsPathRec(K6DesignModelLoader.java:494)
	at com.ece6133.model.timing.K6DesignModelLoader.generateDsPathRec(K6DesignModelLoader.java:494)
	at com.ece6133.model.timing.K6DesignModelLoader.generateDsPathRec(K6DesignModelLoader.java:494)
	at com.ece6133.model.timing.K6DesignModelLoader.generateDsPathRec(K6DesignModelLoader.java:494)
	at com.ece6133.model.timing.K6DesignModelLoader.generateDsPathRec(K6DesignModelLoader.java:494)
	at com.ece6133.model.timing.K6DesignModelLoader.generateDsPathRec(K6DesignModelLoader.java:494)
	at com.ece6133.model.timing.K6DesignModelLoader.generateDsPathRec(K6DesignModelLoader.java:494)
	at com.ece6133.model.timing.K6DesignModelLoader.generateDsPathRec(K6DesignModelLoader.java:494)
	at com.ece6133.model.timing.K6DesignModelLoader.generateDsPathRec(K6DesignModelLoader.java:494)
	at com.ece6133.model.timing.K6DesignModelLoader.generateDsPathRec(K6DesignModelLoader.java:494)
	at com.ece6133.model.timing.K6DesignModelLoader.generateDsPathRec(K6DesignModelLoader.java:494)
	at com.ece6133.model.timing.K6DesignModelLoader.generateDsPathRec(K6DesignModelLoader.java:494)
	at com.ece6133.model.timing.K6DesignModelLoader.generateDsPathRec(K6DesignModelLoader.java:494)
	at com.ece6133.model.timing.K6DesignModelLoader.generateDsPathRec(K6DesignModelLoader.java:494)
	at com.ece6133.model.timing.K6DesignModelLoader.generateDsPathRec(K6DesignModelLoader.java:494)
	at com.ece6133.model.timing.K6DesignModelLoader.generateDsPathRec(K6DesignModelLoader.java:494)
	at com.ece6133.model.timing.K6DesignModelLoader.generateDsPathRec(K6DesignModelLoader.java:494)
	at com.ece6133.model.timing.K6DesignModelLoader.generateDsPathRec(K6DesignModelLoader.java:494)
	at com.ece6133.model.timing.K6DesignModelLoader.generateDsPathRec(K6DesignModelLoader.java:494)
	at com.ece6133.model.timing.K6DesignModelLoader.generateDsPathRec(K6DesignModelLoader.java:494)
	at com.ece6133.model.timing.K6DesignModelLoader.generateDsPathRec(K6DesignModelLoader.java:494)
	at com.ece6133.model.timing.K6DesignModelLoader.generateDsPathRec(K6DesignModelLoader.java:494)
	at com.ece6133.model.timing.K6DesignModelLoader.generateDsPathRec(K6DesignModelLoader.java:494)
	at com.ece6133.model.timing.K6DesignModelLoader.generateDsPathRec(K6DesignModelLoader.java:494)
	at com.ece6133.model.timing.K6DesignModelLoader.generateDsPathRec(K6DesignModelLoader.java:494)
	at com.ece6133.model.timing.K6DesignModelLoader.generateDsPathRec(K6DesignModelLoader.java:494)
	at com.ece6133.model.timing.K6DesignModelLoader.generateDsPathRec(K6DesignModelLoader.java:494)
	at com.ece6133.model.timing.K6DesignModelLoader.generateDsPathRec(K6DesignModelLoader.java:494)
	at com.ece6133.model.timing.K6DesignModelLoader.generateDsPathRec(K6DesignModelLoader.java:494)
	at com.ece6133.model.timing.K6DesignModelLoader.generateDsPathRec(K6DesignModelLoader.java:494)
	at com.ece6133.model.timing.K6DesignModelLoader.generateDsPathRec(K6DesignModelLoader.java:494)
	at com.ece6133.model.timing.K6DesignModelLoader.generateDsPathRec(K6DesignModelLoader.java:494)
	at com.ece6133.model.timing.K6DesignModelLoader.generateDsPathRec(K6DesignModelLoader.java:494)
	at com.ece6133.model.timing.K6DesignModelLoader.generateDsPathRec(K6DesignModelLoader.java:494)
	at com.ece6133.model.timing.K6DesignModelLoader.generateDsPathRec(K6DesignModelLoader.java:494)
	at com.ece6133.model.timing.K6DesignModelLoader.generateDsPathRec(K6DesignModelLoader.java:494)
	at com.ece6133.model.timing.K6DesignModelLoader.generateDsPathRec(K6DesignModelLoader.java:494)
	at com.ece6133.model.timing.K6DesignModelLoader.generateDsPathRec(K6DesignModelLoader.java:494)
	at com.ece6133.model.timing.K6DesignModelLoader.generateDsPathRec(K6DesignModelLoader.java:494)
	at com.ece6133.model.timing.K6DesignModelLoader.generateDsPathRec(K6DesignModelLoader.java:494)
	at com.ece6133.model.timing.K6DesignModelLoader.generateDsPathRec(K6DesignModelLoader.java:494)
	at com.ece6133.model.timing.K6DesignModelLoader.generateDsPathRec(K6DesignModelLoader.java:494)
	at com.ece6133.model.timing.K6DesignModelLoader.generateDsPathRec(K6DesignModelLoader.java:494)
	at com.ece6133.model.timing.K6DesignModelLoader.generateDsPathRec(K6DesignModelLoader.java:494)
	at com.ece6133.model.timing.K6DesignModelLoader.generateDsPathRec(K6DesignModelLoader.java:494)
	at com.ece6133.model.timing.K6DesignModelLoader.generateDsPathRec(K6DesignModelLoader.java:494)
	at com.ece6133.model.timing.K6DesignModelLoader.generateDsPathRec(K6DesignModelLoader.java:494)
	at com.ece6133.model.timing.K6DesignModelLoader.generateDsPathRec(K6DesignModelLoader.java:494)
	at com.ece6133.model.timing.K6DesignModelLoader.generateDsPathRec(K6DesignModelLoader.java:494)
	at com.ece6133.model.timing.K6DesignModelLoader.generateDsPathRec(K6DesignModelLoader.java:494)
	at com.ece6133.model.timing.K6DesignModelLoader.generateDsPathRec(K6DesignModelLoader.java:494)
	at com.ece6133.model.timing.K6DesignModelLoader.generateDsPathRec(K6DesignModelLoader.java:494)
	at com.ece6133.model.timing.K6DesignModelLoader.generateDsPathRec(K6DesignModelLoader.java:494)
	at com.ece6133.model.timing.K6DesignModelLoader.generateDsPathRec(K6DesignModelLoader.java:494)
	at com.ece6133.model.timing.K6DesignModelLoader.generateDsPathRec(K6DesignModelLoader.java:494)
	at com.ece6133.model.timing.K6DesignModelLoader.generateDsPathRec(K6DesignModelLoader.java:494)
	at com.ece6133.model.timing.K6DesignModelLoader.generateDsPathRec(K6DesignModelLoader.java:494)
	at com.ece6133.model.timing.K6DesignModelLoader.generateDsPathRec(K6DesignModelLoader.java:494)
	at com.ece6133.model.timing.K6DesignModelLoader.generateDsPathRec(K6DesignModelLoader.java:494)
	at com.ece6133.model.timing.K6DesignModelLoader.generateDsPathRec(K6DesignModelLoader.java:494)
	at com.ece6133.model.timing.K6DesignModelLoader.generateDsPathRec(K6DesignModelLoader.java:494)
	at com.ece6133.model.timing.K6DesignModelLoader.generateDsPathRec(K6DesignModelLoader.java:494)
	at com.ece6133.model.timing.K6DesignModelLoader.generateDsPathRec(K6DesignModelLoader.java:494)
	at com.ece6133.model.timing.K6DesignModelLoader.generateDsPathRec(K6DesignModelLoader.java:494)
	at com.ece6133.model.timing.K6DesignModelLoader.generateDsPathRec(K6DesignModelLoader.java:494)
	at com.ece6133.model.timing.K6DesignModelLoader.generateDsPathRec(K6DesignModelLoader.java:494)
	at com.ece6133.model.timing.K6DesignModelLoader.generateDsPathRec(K6DesignModelLoader.java:494)
	at com.ece6133.model.timing.K6DesignModelLoader.generateDsPathRec(K6DesignModelLoader.java:494)
	at com.ece6133.model.timing.K6DesignModelLoader.generateDsPathRec(K6DesignModelLoader.java:494)
	at com.ece6133.model.timing.K6DesignModelLoader.generateDsPathRec(K6DesignModelLoader.java:494)
	at com.ece6133.model.timing.K6DesignModelLoader.generateDsPathRec(K6DesignModelLoader.java:494)
	at com.ece6133.model.timing.K6DesignModelLoader.generateDsPathRec(K6DesignModelLoader.java:494)
	at com.ece6133.model.timing.K6DesignModelLoader.generateDsPathRec(K6DesignModelLoader.java:494)
	at com.ece6133.model.timing.K6DesignModelLoader.generateDsPathRec(K6DesignModelLoader.java:494)
	at com.ece6133.model.timing.K6DesignModelLoader.generateDsPathRec(K6DesignModelLoader.java:494)
	at com.ece6133.model.timing.K6DesignModelLoader.generateDsPathRec(K6DesignModelLoader.java:494)
	at com.ece6133.model.timing.K6DesignModelLoader.generateDsPathRec(K6DesignModelLoader.java:494)
	at com.ece6133.model.timing.K6DesignModelLoader.generateDsPathRec(K6DesignModelLoader.java:494)
	at com.ece6133.model.timing.K6DesignModelLoader.generateDsPathRec(K6DesignModelLoader.java:494)
	at com.ece6133.model.timing.K6DesignModelLoader.generateDsPathRec(K6DesignModelLoader.java:494)
	at com.ece6133.model.timing.K6DesignModelLoader.generateDsPathRec(K6DesignModelLoader.java:494)
	at com.ece6133.model.timing.K6DesignModelLoader.generateDsPathRec(K6DesignModelLoader.java:494)
	at com.ece6133.model.timing.K6DesignModelLoader.generateDsPathRec(K6DesignModelLoader.java:494)
	at com.ece6133.model.timing.K6DesignModelLoader.generateDsPathRec(K6DesignModelLoader.java:494)
	at com.ece6133.model.timing.K6DesignModelLoader.generateDsPathRec(K6DesignModelLoader.java:494)
	at com.ece6133.model.timing.K6DesignModelLoader.generateDsPathRec(K6DesignModelLoader.java:494)
	at com.ece6133.model.timing.K6DesignModelLoader.generateDsPathRec(K6DesignModelLoader.java:494)
	at com.ece6133.model.timing.K6DesignModelLoader.generateDsPathRec(K6DesignModelLoader.java:494)
	at com.ece6133.model.timing.K6DesignModelLoader.generateDsPathRec(K6DesignModelLoader.java:494)
	at com.ece6133.model.timing.K6DesignModelLoader.generateDsPathRec(K6DesignModelLoader.java:494)
	at com.ece6133.model.timing.K6DesignModelLoader.generateDsPathRec(K6DesignModelLoader.java:494)
	at com.ece6133.model.timing.K6DesignModelLoader.generateDsPathRec(K6DesignModelLoader.java:494)
	at com.ece6133.model.timing.K6DesignModelLoader.generateDsPathRec(K6DesignModelLoader.java:494)
	at com.ece6133.model.timing.K6DesignModelLoader.generateDsPathRec(K6DesignModelLoader.java:494)
	at com.ece6133.model.timing.K6DesignModelLoader.generateDsPathRec(K6DesignModelLoader.java:494)
	at com.ece6133.model.timing.K6DesignModelLoader.generateDsPathRec(K6DesignModelLoader.java:494)
	at com.ece6133.model.timing.K6DesignModelLoader.generateDsPathRec(K6DesignModelLoader.java:494)
	at com.ece6133.model.timing.K6DesignModelLoader.generateDsPathRec(K6DesignModelLoader.java:494)
	at com.ece6133.model.timing.K6DesignModelLoader.generateDsPathRec(K6DesignModelLoader.java:494)
	at com.ece6133.model.timing.K6DesignModelLoader.generateDsPathRec(K6DesignModelLoader.java:494)
	at com.ece6133.model.timing.K6DesignModelLoader.generateDsPathRec(K6DesignModelLoader.java:494)
	at com.ece6133.model.timing.K6DesignModelLoader.generateDsPathRec(K6DesignModelLoader.java:494)
	at com.ece6133.model.timing.K6DesignModelLoader.generateDsPathRec(K6DesignModelLoader.java:494)
	at com.ece6133.model.timing.K6DesignModelLoader.generateDsPathRec(K6DesignModelLoader.java:494)
	at com.ece6133.model.timing.K6DesignModelLoader.generateDsPathRec(K6DesignModelLoader.java:494)
	at com.ece6133.model.timing.K6DesignModelLoader.generateDsPathRec(K6DesignModelLoader.java:494)
	at com.ece6133.model.timing.K6DesignModelLoader.generateDsPathRec(K6DesignModelLoader.java:494)
	at com.ece6133.model.timing.K6DesignModelLoader.generateDsPathRec(K6DesignModelLoader.java:494)
	at com.ece6133.model.timing.K6DesignModelLoader.generateDsPathRec(K6DesignModelLoader.java:494)
	at com.ece6133.model.timing.K6DesignModelLoader.generateDsPathRec(K6DesignModelLoader.java:494)
	at com.ece6133.model.timing.K6DesignModelLoader.generateDsPathRec(K6DesignModelLoader.java:494)
	at com.ece6133.model.timing.K6DesignModelLoader.generateDsPathRec(K6DesignModelLoader.java:494)
	at com.ece6133.model.timing.K6DesignModelLoader.generateDsPathRec(K6DesignModelLoader.java:494)
	at com.ece6133.model.timing.K6DesignModelLoader.generateDsPathRec(K6DesignModelLoader.java:494)
	at com.ece6133.model.timing.K6DesignModelLoader.generateDsPathRec(K6DesignModelLoader.java:494)
	at com.ece6133.model.timing.K6DesignModelLoader.generateDsPathRec(K6DesignModelLoader.java:494)
	at com.ece6133.model.timing.K6DesignModelLoader.generateDsPathRec(K6DesignModelLoader.java:494)
	at com.ece6133.model.timing.K6DesignModelLoader.generateDsPathRec(K6DesignModelLoader.java:494)
	at com.ece6133.model.timing.K6DesignModelLoader.generateDsPathRec(K6DesignModelLoader.java:494)
	at com.ece6133.model.timing.K6DesignModelLoader.generateDsPathRec(K6DesignModelLoader.java:494)
	at com.ece6133.model.timing.K6DesignModelLoader.generateDsPathRec(K6DesignModelLoader.java:494)
	at com.ece6133.model.timing.K6DesignModelLoader.generateDsPathRec(K6DesignModelLoader.java:494)
	at com.ece6133.model.timing.K6DesignModelLoader.generateDsPathRec(K6DesignModelLoader.java:494)
	at com.ece6133.model.timing.K6DesignModelLoader.generateDsPathRec(K6DesignModelLoader.java:494)
	at com.ece6133.model.timing.K6DesignModelLoader.generateDsPathRec(K6DesignModelLoader.java:494)
	at com.ece6133.model.timing.K6DesignModelLoader.generateDsPathRec(K6DesignModelLoader.java:494)
	at com.ece6133.model.timing.K6DesignModelLoader.generateDsPathRec(K6DesignModelLoader.java:494)
	at com.ece6133.model.timing.K6DesignModelLoader.generateDsPathRec(K6DesignModelLoader.java:494)
	at com.ece6133.model.timing.K6DesignModelLoader.generateDsPathRec(K6DesignModelLoader.java:494)
	at com.ece6133.model.timing.K6DesignModelLoader.generateDsPathRec(K6DesignModelLoader.java:494)
	at com.ece6133.model.timing.K6DesignModelLoader.generateDsPathRec(K6DesignModelLoader.java:494)
	at com.ece6133.model.timing.K6DesignModelLoader.generateDsPathRec(K6DesignModelLoader.java:494)
	at com.ece6133.model.timing.K6DesignModelLoader.generateDsPathRec(K6DesignModelLoader.java:494)
	at com.ece6133.model.timing.K6DesignModelLoader.generateDsPathRec(K6DesignModelLoader.java:494)
	at com.ece6133.model.timing.K6DesignModelLoader.generateDsPathRec(K6DesignModelLoader.java:494)
	at com.ece6133.model.timing.K6DesignModelLoader.generateDsPathRec(K6DesignModelLoader.java:494)
	at com.ece6133.model.timing.K6DesignModelLoader.generateDsPathRec(K6DesignModelLoader.java:494)
	at com.ece6133.model.timing.K6DesignModelLoader.generateDsPathRec(K6DesignModelLoader.java:494)
	at com.ece6133.model.timing.K6DesignModelLoader.generateDsPathRec(K6DesignModelLoader.java:494)
	at com.ece6133.model.timing.K6DesignModelLoader.generateDsPathRec(K6DesignModelLoader.java:494)
	at com.ece6133.model.timing.K6DesignModelLoader.generateDsPathRec(K6DesignModelLoader.java:494)
	at com.ece6133.model.timing.K6DesignModelLoader.generateDsPathRec(K6DesignModelLoader.java:494)
	at com.ece6133.model.timing.K6DesignModelLoader.generateDsPathRec(K6DesignModelLoader.java:494)
	at com.ece6133.model.timing.K6DesignModelLoader.generateDsPathRec(K6DesignModelLoader.java:494)
	at com.ece6133.model.timing.K6DesignModelLoader.generateDsPathRec(K6DesignModelLoader.java:494)
	at com.ece6133.model.timing.K6DesignModelLoader.generateDsPathRec(K6DesignModelLoader.java:494)
	at com.ece6133.model.timing.K6DesignModelLoader.generateDsPathRec(K6DesignModelLoader.java:494)
	at com.ece6133.model.timing.K6DesignModelLoader.generateDsPathRec(K6DesignModelLoader.java:494)
	at com.ece6133.model.timing.K6DesignModelLoader.generateDsPathRec(K6DesignModelLoader.java:494)
	at com.ece6133.model.timing.K6DesignModelLoader.generateDsPathRec(K6DesignModelLoader.java:494)
	at com.ece6133.model.timing.K6DesignModelLoader.generateDsPathRec(K6DesignModelLoader.java:494)
	at com.ece6133.model.timing.K6DesignModelLoader.generateDsPathRec(K6DesignModelLoader.java:494)
	at com.ece6133.model.timing.K6DesignModelLoader.generateDsPathRec(K6DesignModelLoader.java:494)
	at com.ece6133.model.timing.K6DesignModelLoader.generateDsPathRec(K6DesignModelLoader.java:494)
	at com.ece6133.model.timing.K6DesignModelLoader.generateDsPathRec(K6DesignModelLoader.java:494)
	at com.ece6133.model.timing.K6DesignModelLoader.generateDsPathRec(K6DesignModelLoader.java:494)
	at com.ece6133.model.timing.K6DesignModelLoader.generateDsPathRec(K6DesignModelLoader.java:494)
	at com.ece6133.model.timing.K6DesignModelLoader.generateDsPathRec(K6DesignModelLoader.java:494)
	at com.ece6133.model.timing.K6DesignModelLoader.generateDsPathRec(K6DesignModelLoader.java:494)
	at com.ece6133.model.timing.K6DesignModelLoader.generateDsPathRec(K6DesignModelLoader.java:494)
	at com.ece6133.model.timing.K6DesignModelLoader.generateDsPathRec(K6DesignModelLoader.java:494)
	at com.ece6133.model.timing.K6DesignModelLoader.generateDsPathRec(K6DesignModelLoader.java:494)
	at com.ece6133.model.timing.K6DesignModelLoader.generateDsPathRec(K6DesignModelLoader.java:494)
	at com.ece6133.model.timing.K6DesignModelLoader.generateDsPathRec(K6DesignModelLoader.java:494)
	at com.ece6133.model.timing.K6DesignModelLoader.generateDsPathRec(K6DesignModelLoader.java:494)
	at com.ece6133.model.timing.K6DesignModelLoader.generateDsPathRec(K6DesignModelLoader.java:494)
	at com.ece6133.model.timing.K6DesignModelLoader.generateDsPathRec(K6DesignModelLoader.java:494)
	at com.ece6133.model.timing.K6DesignModelLoader.generateDsPathRec(K6DesignModelLoader.java:494)
	at com.ece6133.model.timing.K6DesignModelLoader.generateDsPathRec(K6DesignModelLoader.java:494)
	at com.ece6133.model.timing.K6DesignModelLoader.generateDsPathRec(K6DesignModelLoader.java:494)
	at com.ece6133.model.timing.K6DesignModelLoader.generateDsPathRec(K6DesignModelLoader.java:494)
	at com.ece6133.model.timing.K6DesignModelLoader.generateDsPathRec(K6DesignModelLoader.java:494)
	at com.ece6133.model.timing.K6DesignModelLoader.generateDsPathRec(K6DesignModelLoader.java:494)
	at com.ece6133.model.timing.K6DesignModelLoader.generateDsPathRec(K6DesignModelLoader.java:494)
	at com.ece6133.model.timing.K6DesignModelLoader.generateDsPathRec(K6DesignModelLoader.java:494)
	at com.ece6133.model.timing.K6DesignModelLoader.generateDsPathRec(K6DesignModelLoader.java:494)
	at com.ece6133.model.timing.K6DesignModelLoader.generateDsPathRec(K6DesignModelLoader.java:494)
	at com.ece6133.model.timing.K6DesignModelLoader.generateDsPathRec(K6DesignModelLoader.java:494)
	at com.ece6133.model.timing.K6DesignModelLoader.generateDsPathRec(K6DesignModelLoader.java:494)
	at com.ece6133.model.timing.K6DesignModelLoader.generateDsPathRec(K6DesignModelLoader.java:494)
	at com.ece6133.model.timing.K6DesignModelLoader.generateDsPathRec(K6DesignModelLoader.java:494)
	at com.ece6133.model.timing.K6DesignModelLoader.generateDsPathRec(K6DesignModelLoader.java:494)
	at com.ece6133.model.timing.K6DesignModelLoader.generateDsPathRec(K6DesignModelLoader.java:494)
	at com.ece6133.model.timing.K6DesignModelLoader.generateDsPathRec(K6DesignModelLoader.java:494)
	at com.ece6133.model.timing.K6DesignModelLoader.generateDsPathRec(K6DesignModelLoader.java:494)
	at com.ece6133.model.timing.K6DesignModelLoader.generateDsPathRec(K6DesignModelLoader.java:494)
	at com.ece6133.model.timing.K6DesignModelLoader.generateDsPathRec(K6DesignModelLoader.java:494)
	at com.ece6133.model.timing.K6DesignModelLoader.generateDsPathRec(K6DesignModelLoader.java:494)
	at com.ece6133.model.timing.K6DesignModelLoader.generateDsPathRec(K6DesignModelLoader.java:494)
	at com.ece6133.model.timing.K6DesignModelLoader.generateDsPathRec(K6DesignModelLoader.java:494)
	at com.ece6133.model.timing.K6DesignModelLoader.generateDsPathRec(K6DesignModelLoader.java:494)
	at com.ece6133.model.timing.K6DesignModelLoader.generateDsPathRec(K6DesignModelLoader.java:494)
	at com.ece6133.model.timing.K6DesignModelLoader.generateDsPathRec(K6DesignModelLoader.java:494)
	at com.ece6133.model.timing.K6DesignModelLoader.generateDsPathRec(K6DesignModelLoader.java:494)
	at com.ece6133.model.timing.K6DesignModelLoader.generateDsPathRec(K6DesignModelLoader.java:494)
	at com.ece6133.model.timing.K6DesignModelLoader.generateDsPathRec(K6DesignModelLoader.java:494)
	at com.ece6133.model.timing.K6DesignModelLoader.generateDsPathRec(K6DesignModelLoader.java:494)
	at com.ece6133.model.timing.K6DesignModelLoader.generateDsPathRec(K6DesignModelLoader.java:494)
	at com.ece6133.model.timing.K6DesignModelLoader.generateDsPathRec(K6DesignModelLoader.java:494)
	at com.ece6133.model.timing.K6DesignModelLoader.generateDsPathRec(K6DesignModelLoader.java:494)
	at com.ece6133.model.timing.K6DesignModelLoader.generateDsPathRec(K6DesignModelLoader.java:494)
	at com.ece6133.model.timing.K6DesignModelLoader.generateDsPathRec(K6DesignModelLoader.java:494)
	at com.ece6133.model.timing.K6DesignModelLoader.generateDsPathRec(K6DesignModelLoader.java:494)
	at com.ece6133.model.timing.K6DesignModelLoader.generateDsPathRec(K6DesignModelLoader.java:494)
	at com.ece6133.model.timing.K6DesignModelLoader.generateDsPathRec(K6DesignModelLoader.java:494)
	at com.ece6133.model.timing.K6DesignModelLoader.generateDsPathRec(K6DesignModelLoader.java:494)
	at com.ece6133.model.timing.K6DesignModelLoader.generateDsPathRec(K6DesignModelLoader.java:494)
	at com.ece6133.model.timing.K6DesignModelLoader.generateDsPathRec(K6DesignModelLoader.java:494)
	at com.ece6133.model.timing.K6DesignModelLoader.generateDsPathRec(K6DesignModelLoader.java:494)
	at com.ece6133.model.timing.K6DesignModelLoader.generateDsPathRec(K6DesignModelLoader.java:494)
	at com.ece6133.model.timing.K6DesignModelLoader.generateDsPathRec(K6DesignModelLoader.java:494)
	at com.ece6133.model.timing.K6DesignModelLoader.generateDsPathRec(K6DesignModelLoader.java:494)
	at com.ece6133.model.timing.K6DesignModelLoader.generateDsPathRec(K6DesignModelLoader.java:494)
	at com.ece6133.model.timing.K6DesignModelLoader.generateDsPathRec(K6DesignModelLoader.java:494)
	at com.ece6133.model.timing.K6DesignModelLoader.generateDsPathRec(K6DesignModelLoader.java:494)
	at com.ece6133.model.timing.K6DesignModelLoader.generateDsPathRec(K6DesignModelLoader.java:494)
	at com.ece6133.model.timing.K6DesignModelLoader.generateDsPathRec(K6DesignModelLoader.java:494)
	at com.ece6133.model.timing.K6DesignModelLoader.generateDsPathRec(K6DesignModelLoader.java:494)
	at com.ece6133.model.timing.K6DesignModelLoader.generateDsPathRec(K6DesignModelLoader.java:494)
	at com.ece6133.model.timing.K6DesignModelLoader.generateDsPathRec(K6DesignModelLoader.java:494)
	at com.ece6133.model.timing.K6DesignModelLoader.generateDsPathRec(K6DesignModelLoader.java:494)
	at com.ece6133.model.timing.K6DesignModelLoader.generateDsPathRec(K6DesignModelLoader.java:494)
	at com.ece6133.model.timing.K6DesignModelLoader.generateDsPathRec(K6DesignModelLoader.java:494)
	at com.ece6133.model.timing.K6DesignModelLoader.generateDsPathRec(K6DesignModelLoader.java:494)
	at com.ece6133.model.timing.K6DesignModelLoader.generateDsPathRec(K6DesignModelLoader.java:494)
	at com.ece6133.model.timing.K6DesignModelLoader.generateDsPathRec(K6DesignModelLoader.java:494)
	at com.ece6133.model.timing.K6DesignModelLoader.generateDsPathRec(K6DesignModelLoader.java:494)
	at com.ece6133.model.timing.K6DesignModelLoader.generateDsPathRec(K6DesignModelLoader.java:494)
	at com.ece6133.model.timing.K6DesignModelLoader.generateDsPathRec(K6DesignModelLoader.java:494)
	at com.ece6133.model.timing.K6DesignModelLoader.generateDsPathRec(K6DesignModelLoader.java:494)
	at com.ece6133.model.timing.K6DesignModelLoader.generateDsPathRec(K6DesignModelLoader.java:494)
	at com.ece6133.model.timing.K6DesignModelLoader.generateDsPathRec(K6DesignModelLoader.java:494)
	at com.ece6133.model.timing.K6DesignModelLoader.generateDsPathRec(K6DesignModelLoader.java:494)
	at com.ece6133.model.timing.K6DesignModelLoader.generateDsPathRec(K6DesignModelLoader.java:494)
	at com.ece6133.model.timing.K6DesignModelLoader.generateDsPathRec(K6DesignModelLoader.java:494)
	at com.ece6133.model.timing.K6DesignModelLoader.generateDsPathRec(K6DesignModelLoader.java:494)
	at com.ece6133.model.timing.K6DesignModelLoader.generateDsPathRec(K6DesignModelLoader.java:494)
	at com.ece6133.model.timing.K6DesignModelLoader.generateDsPathRec(K6DesignModelLoader.java:494)
	at com.ece6133.model.timing.K6DesignModelLoader.generateDsPathRec(K6DesignModelLoader.java:494)
	at com.ece6133.model.timing.K6DesignModelLoader.generateDsPathRec(K6DesignModelLoader.java:494)
	at com.ece6133.model.timing.K6DesignModelLoader.generateDsPathRec(K6DesignModelLoader.java:494)
	at com.ece6133.model.timing.K6DesignModelLoader.generateDsPathRec(K6DesignModelLoader.java:494)
	at com.ece6133.model.timing.K6DesignModelLoader.generateDsPathRec(K6DesignModelLoader.java:494)
	at com.ece6133.model.timing.K6DesignModelLoader.generateDsPathRec(K6DesignModelLoader.java:494)
	at com.ece6133.model.timing.K6DesignModelLoader.generateDsPathRec(K6DesignModelLoader.java:494)
	at com.ece6133.model.timing.K6DesignModelLoader.generateDsPathRec(K6DesignModelLoader.java:494)
	at com.ece6133.model.timing.K6DesignModelLoader.generateDsPathRec(K6DesignModelLoader.java:494)
	at com.ece6133.model.timing.K6DesignModelLoader.generateDsPathRec(K6DesignModelLoader.java:494)
	at com.ece6133.model.timing.K6DesignModelLoader.generateDsPathRec(K6DesignModelLoader.java:494)
	at com.ece6133.model.timing.K6DesignModelLoader.generateDsPathRec(K6DesignModelLoader.java:494)
	at com.ece6133.model.timing.K6DesignModelLoader.generateDsPathRec(K6DesignModelLoader.java:494)
	at com.ece6133.model.timing.K6DesignModelLoader.generateDsPathRec(K6DesignModelLoader.java:494)
	at com.ece6133.model.timing.K6DesignModelLoader.generateDsPathRec(K6DesignModelLoader.java:494)
	at com.ece6133.model.timing.K6DesignModelLoader.generateDsPathRec(K6DesignModelLoader.java:494)
	at com.ece6133.model.timing.K6DesignModelLoader.generateDsPathRec(K6DesignModelLoader.java:494)
	at com.ece6133.model.timing.K6DesignModelLoader.generateDsPathRec(K6DesignModelLoader.java:494)
	at com.ece6133.model.timing.K6DesignModelLoader.generateDsPathRec(K6DesignModelLoader.java:494)
	at com.ece6133.model.timing.K6DesignModelLoader.generateDsPathRec(K6DesignModelLoader.java:494)
	at com.ece6133.model.timing.K6DesignModelLoader.generateDsPathRec(K6DesignModelLoader.java:494)
	at com.ece6133.model.timing.K6DesignModelLoader.generateDsPathRec(K6DesignModelLoader.java:494)
	at com.ece6133.model.timing.K6DesignModelLoader.generateDsPathRec(K6DesignModelLoader.java:494)
	at com.ece6133.model.timing.K6DesignModelLoader.generateDsPathRec(K6DesignModelLoader.java:494)
	at com.ece6133.model.timing.K6DesignModelLoader.generateDsPathRec(K6DesignModelLoader.java:494)
	at com.ece6133.model.timing.K6DesignModelLoader.generateDsPathRec(K6DesignModelLoader.java:494)
	at com.ece6133.model.timing.K6DesignModelLoader.generateDsPathRec(K6DesignModelLoader.java:494)
	at com.ece6133.model.timing.K6DesignModelLoader.generateDsPathRec(K6DesignModelLoader.java:494)
	at com.ece6133.model.timing.K6DesignModelLoader.generateDsPathRec(K6DesignModelLoader.java:494)
	at com.ece6133.model.timing.K6DesignModelLoader.generateDsPathRec(K6DesignModelLoader.java:494)
	at com.ece6133.model.timing.K6DesignModelLoader.generateDsPathRec(K6DesignModelLoader.java:494)
	at com.ece6133.model.timing.K6DesignModelLoader.generateDsPathRec(K6DesignModelLoader.java:494)
	at com.ece6133.model.timing.K6DesignModelLoader.generateDsPathRec(K6DesignModelLoader.java:494)
	at com.ece6133.model.timing.K6DesignModelLoader.generateDsPathRec(K6DesignModelLoader.java:494)
	at com.ece6133.model.timing.K6DesignModelLoader.generateDsPathRec(K6DesignModelLoader.java:494)
	at com.ece6133.model.timing.K6DesignModelLoader.generateDsPathRec(K6DesignModelLoader.java:494)
	at com.ece6133.model.timing.K6DesignModelLoader.generateDsPathRec(K6DesignModelLoader.java:494)
	at com.ece6133.model.timing.K6DesignModelLoader.generateDsPathRec(K6DesignModelLoader.java:494)
	at com.ece6133.model.timing.K6DesignModelLoader.generateDsPathRec(K6DesignModelLoader.java:494)
	at com.ece6133.model.timing.K6DesignModelLoader.generateDsPathRec(K6DesignModelLoader.java:494)
	at com.ece6133.model.timing.K6DesignModelLoader.generateDsPathRec(K6DesignModelLoader.java:494)
	at com.ece6133.model.timing.K6DesignModelLoader.generateDsPathRec(K6DesignModelLoader.java:494)
	at com.ece6133.model.timing.K6DesignModelLoader.generateDsPathRec(K6DesignModelLoader.java:494)
	at com.ece6133.model.timing.K6DesignModelLoader.generateDsPathRec(K6DesignModelLoader.java:494)
	at com.ece6133.model.timing.K6DesignModelLoader.generateDsPathRec(K6DesignModelLoader.java:494)
	at com.ece6133.model.timing.K6DesignModelLoader.generateDsPathRec(K6DesignModelLoader.java:494)
	at com.ece6133.model.timing.K6DesignModelLoader.generateDsPathRec(K6DesignModelLoader.java:494)
	at com.ece6133.model.timing.K6DesignModelLoader.generateDsPathRec(K6DesignModelLoader.java:494)
	at com.ece6133.model.timing.K6DesignModelLoader.generateDsPathRec(K6DesignModelLoader.java:494)
	at com.ece6133.model.timing.K6DesignModelLoader.generateDsPathRec(K6DesignModelLoader.java:494)
	at com.ece6133.model.timing.K6DesignModelLoader.generateDsPathRec(K6DesignModelLoader.java:494)
	at com.ece6133.model.timing.K6DesignModelLoader.generateDsPathRec(K6DesignModelLoader.java:494)
	at com.ece6133.model.timing.K6DesignModelLoader.generateDsPathRec(K6DesignModelLoader.java:494)
	at com.ece6133.model.timing.K6DesignModelLoader.generateDsPathRec(K6DesignModelLoader.java:494)
	at com.ece6133.model.timing.K6DesignModelLoader.generateDsPathRec(K6DesignModelLoader.java:494)
	at com.ece6133.model.timing.K6DesignModelLoader.generateDsPathRec(K6DesignModelLoader.java:494)
	at com.ece6133.model.timing.K6DesignModelLoader.generateDsPathRec(K6DesignModelLoader.java:494)
	at com.ece6133.model.timing.K6DesignModelLoader.generateDsPathRec(K6DesignModelLoader.java:494)
	at com.ece6133.model.timing.K6DesignModelLoader.generateDsPathRec(K6DesignModelLoader.java:494)
	at com.ece6133.model.timing.K6DesignModelLoader.generateDsPathRec(K6DesignModelLoader.java:494)
	at com.ece6133.model.timing.K6DesignModelLoader.generateDsPathRec(K6DesignModelLoader.java:494)
	at com.ece6133.model.timing.K6DesignModelLoader.generateDsPathRec(K6DesignModelLoader.java:494)
	at com.ece6133.model.timing.K6DesignModelLoader.generateDsPathRec(K6DesignModelLoader.java:494)
	at com.ece6133.model.timing.K6DesignModelLoader.generateDsPathRec(K6DesignModelLoader.java:494)
	at com.ece6133.model.timing.K6DesignModelLoader.generateDsPathRec(K6DesignModelLoader.java:494)
	at com.ece6133.model.timing.K6DesignModelLoader.generateDsPathRec(K6DesignModelLoader.java:494)
	at com.ece6133.model.timing.K6DesignModelLoader.generateDsPathRec(K6DesignModelLoader.java:494)
	at com.ece6133.model.timing.K6DesignModelLoader.generateDsPathRec(K6DesignModelLoader.java:494)
	at com.ece6133.model.timing.K6DesignModelLoader.generateDsPathRec(K6DesignModelLoader.java:494)
	at com.ece6133.model.timing.K6DesignModelLoader.generateDsPathRec(K6DesignModelLoader.java:494)
	at com.ece6133.model.timing.K6DesignModelLoader.generateDsPathRec(K6DesignModelLoader.java:494)
	at com.ece6133.model.timing.K6DesignModelLoader.generateDsPathRec(K6DesignModelLoader.java:494)
	at com.ece6133.model.timing.K6DesignModelLoader.generateDsPathRec(K6DesignModelLoader.java:494)
	at com.ece6133.model.timing.K6DesignModelLoader.generateDsPathRec(K6DesignModelLoader.java:494)
	at com.ece6133.model.timing.K6DesignModelLoader.generateDsPathRec(K6DesignModelLoader.java:494)
	at com.ece6133.model.timing.K6DesignModelLoader.generateDsPathRec(K6DesignModelLoader.java:494)
	at com.ece6133.model.timing.K6DesignModelLoader.generateDsPathRec(K6DesignModelLoader.java:494)
	at com.ece6133.model.timing.K6DesignModelLoader.generateDsPathRec(K6DesignModelLoader.java:494)
	at com.ece6133.model.timing.K6DesignModelLoader.generateDsPathRec(K6DesignModelLoader.java:494)
	at com.ece6133.model.timing.K6DesignModelLoader.generateDsPathRec(K6DesignModelLoader.java:494)
	at com.ece6133.model.timing.K6DesignModelLoader.generateDsPathRec(K6DesignModelLoader.java:494)
	at com.ece6133.model.timing.K6DesignModelLoader.generateDsPathRec(K6DesignModelLoader.java:494)
	at com.ece6133.model.timing.K6DesignModelLoader.generateDsPathRec(K6DesignModelLoader.java:494)
	at com.ece6133.model.timing.K6DesignModelLoader.generateDsPathRec(K6DesignModelLoader.java:494)
	at com.ece6133.model.timing.K6DesignModelLoader.generateDsPathRec(K6DesignModelLoader.java:494)
	at com.ece6133.model.timing.K6DesignModelLoader.generateDsPathRec(K6DesignModelLoader.java:494)
	at com.ece6133.model.timing.K6DesignModelLoader.generateDsPathRec(K6DesignModelLoader.java:494)
	at com.ece6133.model.timing.K6DesignModelLoader.generateDsPathRec(K6DesignModelLoader.java:494)
	at com.ece6133.model.timing.K6DesignModelLoader.generateDsPathRec(K6DesignModelLoader.java:494)
	at com.ece6133.model.timing.K6DesignModelLoader.generateDsPathRec(K6DesignModelLoader.java:494)
	at com.ece6133.model.timing.K6DesignModelLoader.generateDsPathRec(K6DesignModelLoader.java:494)
	at com.ece6133.model.timing.K6DesignModelLoader.generateDsPathRec(K6DesignModelLoader.java:494)
	at com.ece6133.model.timing.K6DesignModelLoader.generateDsPathRec(K6DesignModelLoader.java:494)
	at com.ece6133.model.timing.K6DesignModelLoader.generateDsPathRec(K6DesignModelLoader.java:494)
	at com.ece6133.model.timing.K6DesignModelLoader.generateDsPathRec(K6DesignModelLoader.java:494)
	at com.ece6133.model.timing.K6DesignModelLoader.generateDsPathRec(K6DesignModelLoader.java:494)
	at com.ece6133.model.timing.K6DesignModelLoader.generateDsPathRec(K6DesignModelLoader.java:494)
	at com.ece6133.model.timing.K6DesignModelLoader.generateDsPathRec(K6DesignModelLoader.java:494)
	at com.ece6133.model.timing.K6DesignModelLoader.generateDsPathRec(K6DesignModelLoader.java:494)
	at com.ece6133.model.timing.K6DesignModelLoader.generateDsPathRec(K6DesignModelLoader.java:494)
	at com.ece6133.model.timing.K6DesignModelLoader.generateDsPathRec(K6DesignModelLoader.java:494)
	at com.ece6133.model.timing.K6DesignModelLoader.generateDsPathRec(K6DesignModelLoader.java:494)
	at com.ece6133.model.timing.K6DesignModelLoader.generateDsPathRec(K6DesignModelLoader.java:494)
	at com.ece6133.model.timing.K6DesignModelLoader.generateDsPathRec(K6DesignModelLoader.java:494)
	at com.ece6133.model.timing.K6DesignModelLoader.generateDsPathRec(K6DesignModelLoader.java:494)
	at com.ece6133.model.timing.K6DesignModelLoader.generateDsPathRec(K6DesignModelLoader.java:494)
	at com.ece6133.model.timing.K6DesignModelLoader.generateDsPathRec(K6DesignModelLoader.java:494)
	at com.ece6133.model.timing.K6DesignModelLoader.generateDsPathRec(K6DesignModelLoader.java:494)
	at com.ece6133.model.timing.K6DesignModelLoader.generateDsPathRec(K6DesignModelLoader.java:494)
	at com.ece6133.model.timing.K6DesignModelLoader.generateDsPathRec(K6DesignModelLoader.java:494)
	at com.ece6133.model.timing.K6DesignModelLoader.generateDsPathRec(K6DesignModelLoader.java:494)
	at com.ece6133.model.timing.K6DesignModelLoader.generateDsPathRec(K6DesignModelLoader.java:494)
	at com.ece6133.model.timing.K6DesignModelLoader.generateDsPathRec(K6DesignModelLoader.java:494)
	at com.ece6133.model.timing.K6DesignModelLoader.generateDsPathRec(K6DesignModelLoader.java:494)
	at com.ece6133.model.timing.K6DesignModelLoader.generateDsPathRec(K6DesignModelLoader.java:494)
	at com.ece6133.model.timing.K6DesignModelLoader.generateDsPathRec(K6DesignModelLoader.java:494)
	at com.ece6133.model.timing.K6DesignModelLoader.generateDsPathRec(K6DesignModelLoader.java:494)
	at com.ece6133.model.timing.K6DesignModelLoader.generateDsPathRec(K6DesignModelLoader.java:494)
	at com.ece6133.model.timing.K6DesignModelLoader.generateDsPathRec(K6DesignModelLoader.java:494)
	at com.ece6133.model.timing.K6DesignModelLoader.generateDsPathRec(K6DesignModelLoader.java:494)
	at com.ece6133.model.timing.K6DesignModelLoader.generateDsPathRec(K6DesignModelLoader.java:494)
	at com.ece6133.model.timing.K6DesignModelLoader.generateDsPathRec(K6DesignModelLoader.java:494)
	at com.ece6133.model.timing.K6DesignModelLoader.generateDsPathRec(K6DesignModelLoader.java:494)
	at com.ece6133.model.timing.K6DesignModelLoader.generateDsPathRec(K6DesignModelLoader.java:494)
	at com.ece6133.model.timing.K6DesignModelLoader.generateDsPathRec(K6DesignModelLoader.java:494)
	at com.ece6133.model.timing.K6DesignModelLoader.generateDsPathRec(K6DesignModelLoader.java:494)
	at com.ece6133.model.timing.K6DesignModelLoader.generateDsPathRec(K6DesignModelLoader.java:494)
	at com.ece6133.model.timing.K6DesignModelLoader.generateDsPathRec(K6DesignModelLoader.java:494)
	at com.ece6133.model.timing.K6DesignModelLoader.generateDsPathRec(K6DesignModelLoader.java:494)
	at com.ece6133.model.timing.K6DesignModelLoader.generateDsPathRec(K6DesignModelLoader.java:494)
	at com.ece6133.model.timing.K6DesignModelLoader.generateDsPathRec(K6DesignModelLoader.java:494)
	at com.ece6133.model.timing.K6DesignModelLoader.generateDsPathRec(K6DesignModelLoader.java:494)
	at com.ece6133.model.timing.K6DesignModelLoader.generateDsPathRec(K6DesignModelLoader.java:494)
	at com.ece6133.model.timing.K6DesignModelLoader.generateDsPathRec(K6DesignModelLoader.java:494)
	at com.ece6133.model.timing.K6DesignModelLoader.generateDsPathRec(K6DesignModelLoader.java:494)
	at com.ece6133.model.timing.K6DesignModelLoader.generateDsPathRec(K6DesignModelLoader.java:494)
	at com.ece6133.model.timing.K6DesignModelLoader.generateDsPathRec(K6DesignModelLoader.java:494)
	at com.ece6133.model.timing.K6DesignModelLoader.generateDsPathRec(K6DesignModelLoader.java:494)
	at com.ece6133.model.timing.K6DesignModelLoader.generateDsPathRec(K6DesignModelLoader.java:494)
	at com.ece6133.model.timing.K6DesignModelLoader.generateDsPathRec(K6DesignModelLoader.java:494)
	at com.ece6133.model.timing.K6DesignModelLoader.generateDsPathRec(K6DesignModelLoader.java:494)
	at com.ece6133.model.timing.K6DesignModelLoader.generateDsPathRec(K6DesignModelLoader.java:494)
	at com.ece6133.model.timing.K6DesignModelLoader.generateDsPathRec(K6DesignModelLoader.java:494)
	at com.ece6133.model.timing.K6DesignModelLoader.generateDsPathRec(K6DesignModelLoader.java:494)
	at com.ece6133.model.timing.K6DesignModelLoader.generateDsPathRec(K6DesignModelLoader.java:494)
	at com.ece6133.model.timing.K6DesignModelLoader.generateDsPathRec(K6DesignModelLoader.java:494)
	at com.ece6133.model.timing.K6DesignModelLoader.generateDsPathRec(K6DesignModelLoader.java:494)
	at com.ece6133.model.timing.K6DesignModelLoader.generateDsPathRec(K6DesignModelLoader.java:494)
	at com.ece6133.model.timing.K6DesignModelLoader.generateDsPathRec(K6DesignModelLoader.java:494)
	at com.ece6133.model.timing.K6DesignModelLoader.generateDsPathRec(K6DesignModelLoader.java:494)
	at com.ece6133.model.timing.K6DesignModelLoader.generateDsPathRec(K6DesignModelLoader.java:494)
	at com.ece6133.model.timing.K6DesignModelLoader.generateDsPathRec(K6DesignModelLoader.java:494)
	at com.ece6133.model.timing.K6DesignModelLoader.generateDsPathRec(K6DesignModelLoader.java:494)
	at com.ece6133.model.timing.K6DesignModelLoader.generateDsPathRec(K6DesignModelLoader.java:494)
	at com.ece6133.model.timing.K6DesignModelLoader.generateDsPathRec(K6DesignModelLoader.java:494)
	at com.ece6133.model.timing.K6DesignModelLoader.generateDsPathRec(K6DesignModelLoader.java:494)
	at com.ece6133.model.timing.K6DesignModelLoader.generateDsPathRec(K6DesignModelLoader.java:494)
	at com.ece6133.model.timing.K6DesignModelLoader.generateDsPathRec(K6DesignModelLoader.java:494)
	at com.ece6133.model.timing.K6DesignModelLoader.generateDsPathRec(K6DesignModelLoader.java:494)
	at com.ece6133.model.timing.K6DesignModelLoader.generateDsPathRec(K6DesignModelLoader.java:494)
	at com.ece6133.model.timing.K6DesignModelLoader.generateDsPathRec(K6DesignModelLoader.java:494)
	at com.ece6133.model.timing.K6DesignModelLoader.generateDsPathRec(K6DesignModelLoader.java:494)
	at com.ece6133.model.timing.K6DesignModelLoader.generateDsPathRec(K6DesignModelLoader.java:494)
	at com.ece6133.model.timing.K6DesignModelLoader.generateDsPathRec(K6DesignModelLoader.java:494)
	at com.ece6133.model.timing.K6DesignModelLoader.generateDsPathRec(K6DesignModelLoader.java:494)
	at com.ece6133.model.timing.K6DesignModelLoader.generateDsPathRec(K6DesignModelLoader.java:494)
	at com.ece6133.model.timing.K6DesignModelLoader.generateDsPathRec(K6DesignModelLoader.java:494)
	at com.ece6133.model.timing.K6DesignModelLoader.generateDsPathRec(K6DesignModelLoader.java:494)
	at com.ece6133.model.timing.K6DesignModelLoader.generateDsPathRec(K6DesignModelLoader.java:494)
	at com.ece6133.model.timing.K6DesignModelLoader.generateDsPathRec(K6DesignModelLoader.java:494)
	at com.ece6133.model.timing.K6DesignModelLoader.generateDsPathRec(K6DesignModelLoader.java:494)
	at com.ece6133.model.timing.K6DesignModelLoader.generateDsPathRec(K6DesignModelLoader.java:494)
	at com.ece6133.model.timing.K6DesignModelLoader.generateDsPathRec(K6DesignModelLoader.java:494)
	at com.ece6133.model.timing.K6DesignModelLoader.generateDsPathRec(K6DesignModelLoader.java:494)
	at com.ece6133.model.timing.K6DesignModelLoader.generateDsPathRec(K6DesignModelLoader.java:494)
	at com.ece6133.model.timing.K6DesignModelLoader.generateDsPathRec(K6DesignModelLoader.java:494)
	at com.ece6133.model.timing.K6DesignModelLoader.generateDsPathRec(K6DesignModelLoader.java:494)
	at com.ece6133.model.timing.K6DesignModelLoader.generateDsPathRec(K6DesignModelLoader.java:494)
	at com.ece6133.model.timing.K6DesignModelLoader.generateDsPathRec(K6DesignModelLoader.java:494)
	at com.ece6133.model.timing.K6DesignModelLoader.generateDsPathRec(K6DesignModelLoader.java:494)
	at com.ece6133.model.timing.K6DesignModelLoader.generateDsPathRec(K6DesignModelLoader.java:494)
	at com.ece6133.model.timing.K6DesignModelLoader.generateDsPathRec(K6DesignModelLoader.java:494)
	at com.ece6133.model.timing.K6DesignModelLoader.generateDsPathRec(K6DesignModelLoader.java:494)
	at com.ece6133.model.timing.K6DesignModelLoader.generateDsPathRec(K6DesignModelLoader.java:494)
	at com.ece6133.model.timing.K6DesignModelLoader.generateDsPathRec(K6DesignModelLoader.java:494)
	at com.ece6133.model.timing.K6DesignModelLoader.generateDsPathRec(K6DesignModelLoader.java:494)
	at com.ece6133.model.timing.K6DesignModelLoader.generateDsPathRec(K6DesignModelLoader.java:494)
	at com.ece6133.model.timing.K6DesignModelLoader.generateDsPathRec(K6DesignModelLoader.java:494)
	at com.ece6133.model.timing.K6DesignModelLoader.generateDsPathRec(K6DesignModelLoader.java:494)
	at com.ece6133.model.timing.K6DesignModelLoader.generateDsPathRec(K6DesignModelLoader.java:494)
	at com.ece6133.model.timing.K6DesignModelLoader.generateDsPathRec(K6DesignModelLoader.java:494)
	at com.ece6133.model.timing.K6DesignModelLoader.generateDsPathRec(K6DesignModelLoader.java:494)
	at com.ece6133.model.timing.K6DesignModelLoader.generateDsPathRec(K6DesignModelLoader.java:494)
	at com.ece6133.model.timing.K6DesignModelLoader.generateDsPathRec(K6DesignModelLoader.java:494)
</failure>
  </testcase>
  <testcase name="parsePlacement" classname="com.ece6133.PlacementLoaderTests" time="0.003"/>
  <testcase name="primitiveNetlist" classname="com.ece6133.PlacementLoaderTests" time="0.0"/>
  <testcase name="loadNetlist" classname="com.ece6133.PlacementLoaderTests" time="0.461"/>
  <testcase name="testPlacementMapping" classname="com.ece6133.PlacementLoaderTests" time="0.53"/>
  <testcase name="primitiveCoarsePathList" classname="com.ece6133.PlacementLoaderTests" time="0.0"/>
  <system-out><![CDATA[Recovered Nets:1136
: Source: <NetNode: N: n15058, P: Block (n15058): I: 1, O: 1, PlInfo: PL Info (n15058): [35, 19], 0, 482>, 
	Sinks: [<NetNode: N: n15058, P: Block (n14830): I: 1, O: 1, PlInfo: PL Info (n14830): [35, 21], 0, 478>, <>]

: Source: <NetNode: N: fir.x3k3_mul^out_o1~3_FF, P: Block (n5512): I: 1, O: 1, PlInfo: PL Info (n5512): [12, 32], 0, 13>, 
	Sinks: [<>]

: Source: <NetNode: N: fir.x1k1_mul^out_o1~12_FF, P: Block (n4423): I: 1, O: 1, PlInfo: PL Info (n4423): [28, 7], 0, 34>, 
	Sinks: [<>]

: Source: <NetNode: N: fir.add1_add.u1^fracta_out~24_FF, P: Block (n2484): I: 1, O: 1, PlInfo: PL Info (n2484): [24, 28], 0, 77>, 
	Sinks: [<NetNode: N: fir.add1_add.u1^fracta_out~24_FF, P: Block (n2474): I: 1, O: 1, PlInfo: PL Info (n2474): [29, 29], 0, 169>, <NetNode: N: fir.add1_add.u1^fracta_out~24_FF, P: Block (n2469): I: 1, O: 1, PlInfo: PL Info (n2469): [31, 29], 0, 168>, <>]

: Source: <NetNode: N: fir.out_temp_add.u1^fracta_out~4_FF, P: Block (n1397): I: 1, O: 1, PlInfo: PL Info (n1397): [15, 32], 0, 132>, 
	Sinks: [<NetNode: N: fir.out_temp_add.u1^fracta_out~4_FF, P: Block (n10582_1): I: 1, O: 1, PlInfo: PL Info (n10582_1): [17, 36], 0, 669>, <NetNode: N: fir.out_temp_add.u1^fracta_out~4_FF, P: Block (n1302): I: 1, O: 1, PlInfo: PL Info (n1302): [23, 34], 0, 270>, <>]

: Source: <NetNode: N: fir.add1_add^fract_out_q~3_FF, P: Block (n2244): I: 1, O: 1, PlInfo: PL Info (n2244): [32, 31], 0, 277>, 
	Sinks: [<NetNode: N: fir.add1_add^fract_out_q~3_FF, P: Block (n2279): I: 1, O: 1, PlInfo: PL Info (n2279): [32, 33], 0, 271>, <NetNode: N: fir.add1_add^fract_out_q~3_FF, P: Block (n9727): I: 1, O: 1, PlInfo: PL Info (n9727): [32, 36], 0, 637>, <NetNode: N: fir.add1_add^fract_out_q~3_FF, P: Block (n1814): I: 1, O: 1, PlInfo: PL Info (n1814): [31, 33], 0, 127>, <NetNode: N: fir.add1_add^fract_out_q~3_FF, P: Block (n1710): I: 1, O: 1, PlInfo: PL Info (n1710): [36, 30], 0, 125>, <NetNode: N: fir.add1_add^fract_out_q~3_FF, P: Block (n1723): I: 1, O: 1, PlInfo: PL Info (n1723): [33, 30], 0, 126>, <NetNode: N: fir.add1_add^fract_out_q~3_FF, P: Block (n1775): I: 1, O: 1, PlInfo: PL Info (n1775): [36, 34], 0, 208>, <NetNode: N: fir.add1_add^fract_out_q~3_FF, P: Block (n9669_1): I: 1, O: 1, PlInfo: PL Info (n9669_1): [33, 32], 0, 636>, <NetNode: N: fir.add1_add^fract_out_q~3_FF, P: Block (n1788): I: 1, O: 1, PlInfo: PL Info (n1788): [36, 32], 0, 209>, <NetNode: N: fir.add1_add^fract_out_q~3_FF, P: Block (n2594): I: 1, O: 1, PlInfo: PL Info (n2594): [31, 31], 0, 173>, <NetNode: N: fir.add1_add^fract_out_q~3_FF, P: Block (n9835): I: 1, O: 1, PlInfo: PL Info (n9835): [33, 35], 0, 656>, <NetNode: N: fir.add1_add^fract_out_q~3_FF, P: Block (n9793_1): I: 1, O: 1, PlInfo: PL Info (n9793_1): [35, 34], 0, 654>, <NetNode: N: fir.add1_add^fract_out_q~3_FF, P: Block (n1918): I: 1, O: 1, PlInfo: PL Info (n1918): [32, 35], 0, 129>, <NetNode: N: fir.add1_add^fract_out_q~3_FF, P: Block (n9797_1): I: 1, O: 1, PlInfo: PL Info (n9797_1): [35, 32], 0, 638>, <NetNode: N: fir.add1_add^fract_out_q~3_FF, P: Block (n1853): I: 1, O: 1, PlInfo: PL Info (n1853): [35, 33], 0, 210>, <NetNode: N: fir.add1_add^fract_out_q~3_FF, P: Block (n1892): I: 1, O: 1, PlInfo: PL Info (n1892): [35, 35], 0, 128>, <NetNode: N: fir.add1_add^fract_out_q~3_FF, P: Block (n1671): I: 1, O: 1, PlInfo: PL Info (n1671): [35, 31], 0, 225>, <NetNode: N: fir.add1_add^fract_out_q~3_FF, P: Block (n1684): I: 1, O: 1, PlInfo: PL Info (n1684): [35, 30], 0, 206>, <>]

: Source: <NetNode: N: fir.add0_add.u1^fractb_out~17_FF, P: Block (n3571): I: 1, O: 1, PlInfo: PL Info (n3571): [15, 8], 0, 75>, 
	Sinks: [<NetNode: N: fir.add0_add.u1^fractb_out~17_FF, P: Block (n3446): I: 1, O: 1, PlInfo: PL Info (n3446): [16, 7], 0, 68>, <NetNode: N: fir.add0_add.u1^fractb_out~17_FF, P: Block (n3416): I: 1, O: 1, PlInfo: PL Info (n3416): [15, 7], 0, 62>, <>]

: Source: <NetNode: N: fir.out_temp_add.u1^fracta_out~3_FF, P: Block (n1392): I: 1, O: 1, PlInfo: PL Info (n1392): [16, 31], 0, 131>, 
	Sinks: [<NetNode: N: fir.out_temp_add.u1^fracta_out~3_FF, P: Block (n1397): I: 1, O: 1, PlInfo: PL Info (n1397): [15, 32], 0, 132>, <NetNode: N: fir.out_temp_add.u1^fracta_out~3_FF, P: Block (n10582_1): I: 1, O: 1, PlInfo: PL Info (n10582_1): [17, 36], 0, 669>, <NetNode: N: fir.out_temp_add.u1^fracta_out~3_FF, P: Block (n1302): I: 1, O: 1, PlInfo: PL Info (n1302): [23, 34], 0, 270>, <NetNode: N: fir.out_temp_add.u1^fracta_out~3_FF, P: Block (n1272): I: 1, O: 1, PlInfo: PL Info (n1272): [23, 36], 0, 273>, <>]

: Source: <NetNode: N: fir.x3k3_mul^out_o1~22_FF, P: Block (n5759): I: 1, O: 1, PlInfo: PL Info (n5759): [13, 28], 0, 26>, 
	Sinks: [<>]

: Source: <NetNode: N: fir.add1_add.u1^fracta_out~25_FF, P: Block (n2489): I: 1, O: 1, PlInfo: PL Info (n2489): [27, 28], 0, 78>, 
	Sinks: [<NetNode: N: fir.add1_add.u1^fracta_out~25_FF, P: Block (n2469): I: 1, O: 1, PlInfo: PL Info (n2469): [31, 29], 0, 168>, <>]

: Source: <NetNode: N: n11921, P: Block (n11921): I: 1, O: 1, PlInfo: PL Info (n11921): [19, 13], 0, 677>, 
	Sinks: [<NetNode: N: n11921, P: Block (n3411): I: 1, O: 1, PlInfo: PL Info (n3411): [16, 10], 0, 61>, <>]

: Source: <NetNode: N: fir.x2k2_mul.u5^prod~0_FF, P: Block (fir.x2k2_mul.u5^prod1~0_FF): I: 1, O: 1, PlInfo: PL Info (fir.x2k2_mul.u5^prod1~0_FF): [16, 18], 0, 910>, 
	Sinks: [<NetNode: N: fir.x2k2_mul.u5^prod~0_FF, P: Block (n15063): I: 1, O: 1, PlInfo: PL Info (n15063): [32, 26], 0, 483>, <NetNode: N: fir.x2k2_mul.u5^prod~0_FF, P: Block (n15084): I: 1, O: 1, PlInfo: PL Info (n15084): [31, 23], 0, 377>, <NetNode: N: fir.x2k2_mul.u5^prod~0_FF, P: Block (n14810): I: 1, O: 1, PlInfo: PL Info (n14810): [35, 17], 0, 477>, <NetNode: N: fir.x2k2_mul.u5^prod~0_FF, P: Block (n5104): I: 1, O: 1, PlInfo: PL Info (n5104): [28, 24], 0, 42>, <NetNode: N: fir.x2k2_mul.u5^prod~0_FF, P: Block (n14961): I: 1, O: 1, PlInfo: PL Info (n14961): [36, 23], 0, 480>, <NetNode: N: fir.x2k2_mul.u5^prod~0_FF, P: Block (n14970): I: 1, O: 1, PlInfo: PL Info (n14970): [33, 26], 0, 562>, <NetNode: N: fir.x2k2_mul.u5^prod~0_FF, P: Block (n14754): I: 1, O: 1, PlInfo: PL Info (n14754): [27, 19], 0, 476>, <NetNode: N: fir.x2k2_mul.u5^prod~0_FF, P: Block (n4855): I: 1, O: 1, PlInfo: PL Info (n4855): [29, 23], 0, 36>, <NetNode: N: fir.x2k2_mul.u5^prod~0_FF, P: Block (n14088): I: 1, O: 1, PlInfo: PL Info (n14088): [31, 20], 0, 364>, <NetNode: N: fir.x2k2_mul.u5^prod~0_FF, P: Block (n14086): I: 1, O: 1, PlInfo: PL Info (n14086): [29, 20], 0, 362>, <NetNode: N: fir.x2k2_mul.u5^prod~0_FF, P: Block (n14081): I: 1, O: 1, PlInfo: PL Info (n14081): [33, 21], 0, 360>, <NetNode: N: fir.x2k2_mul.u5^prod~0_FF, P: Block (n14079): I: 1, O: 1, PlInfo: PL Info (n14079): [33, 23], 0, 464>, <NetNode: N: fir.x2k2_mul.u5^prod~0_FF, P: Block (n14067): I: 1, O: 1, PlInfo: PL Info (n14067): [32, 21], 0, 359>, <NetNode: N: fir.x2k2_mul.u5^prod~0_FF, P: Block (n14061): I: 1, O: 1, PlInfo: PL Info (n14061): [27, 21], 0, 358>, <NetNode: N: fir.x2k2_mul.u5^prod~0_FF, P: Block (n15134): I: 1, O: 1, PlInfo: PL Info (n15134): [33, 20], 0, 380>, <NetNode: N: fir.x2k2_mul.u5^prod~0_FF, P: Block (n15136): I: 1, O: 1, PlInfo: PL Info (n15136): [33, 25], 0, 381>, <NetNode: N: fir.x2k2_mul.u5^prod~0_FF, P: Block (n15138): I: 1, O: 1, PlInfo: PL Info (n15138): [35, 25], 0, 487>, <NetNode: N: fir.x2k2_mul.u5^prod~0_FF, P: Block (n15143): I: 1, O: 1, PlInfo: PL Info (n15143): [31, 24], 0, 382>, <NetNode: N: fir.x2k2_mul.u5^prod~0_FF, P: Block (n15168): I: 1, O: 1, PlInfo: PL Info (n15168): [35, 24], 0, 384>, <NetNode: N: fir.x2k2_mul.u5^prod~0_FF, P: Block (n5013): I: 1, O: 1, PlInfo: PL Info (n5013): [29, 26], 0, 109>, <NetNode: N: fir.x2k2_mul.u5^prod~0_FF, P: Block (n5052): I: 1, O: 1, PlInfo: PL Info (n5052): [31, 21], 0, 41>, <NetNode: N: fir.x2k2_mul.u5^prod~0_FF, P: Block (n14407): I: 1, O: 1, PlInfo: PL Info (n14407): [36, 22], 0, 471>, <NetNode: N: fir.x2k2_mul.u5^prod~0_FF, P: Block (n14840): I: 1, O: 1, PlInfo: PL Info (n14840): [32, 18], 0, 376>, <NetNode: N: fir.x2k2_mul.u5^prod~0_FF, P: Block (n14631): I: 1, O: 1, PlInfo: PL Info (n14631): [32, 23], 0, 372>, <NetNode: N: fir.x2k2_mul.u5^prod~0_FF, P: Block (n14446): I: 1, O: 1, PlInfo: PL Info (n14446): [31, 18], 0, 367>, <NetNode: N: fir.x2k2_mul.u5^prod~0_FF, P: Block (n14454): I: 1, O: 1, PlInfo: PL Info (n14454): [28, 19], 0, 368>, <NetNode: N: fir.x2k2_mul.u5^prod~0_FF, P: Block (n14261): I: 1, O: 1, PlInfo: PL Info (n14261): [36, 19], 0, 594>, <>]

: Source: <NetNode: N: fir.x3k3_mul^out_o1~31_FF, P: Block (n5998): I: 1, O: 1, PlInfo: PL Info (n5998): [15, 20], 0, 285>, 
	Sinks: [<NetNode: N: fir.x3k3_mul^out_o1~31_FF, P: Block (n1201): I: 1, O: 1, PlInfo: PL Info (n1201): [24, 33], 0, 247>, <>]

: Source: <NetNode: N: fir.add1_add^out_o1~25_FF, P: Block (n2006): I: 1, O: 1, PlInfo: PL Info (n2006): [33, 33], 0, 241>, 
	Sinks: [<>]

: Source: <NetNode: N: n16150, P: Block (n16150): I: 1, O: 1, PlInfo: PL Info (n16150): [3, 29], 0, 515>, 
	Sinks: [<NetNode: N: n16150, P: Block (n15958): I: 1, O: 1, PlInfo: PL Info (n15958): [3, 30], 0, 513>, <>]

: Source: <NetNode: N: n16392, P: Block (n16392): I: 1, O: 1, PlInfo: PL Info (n16392): [4, 28], 0, 522>, 
	Sinks: [<NetNode: N: n16392, P: Block (n15958): I: 1, O: 1, PlInfo: PL Info (n15958): [3, 30], 0, 513>, <>]

: Source: <NetNode: N: n15063, P: Block (n15063): I: 1, O: 1, PlInfo: PL Info (n15063): [32, 26], 0, 483>, 
	Sinks: [<NetNode: N: n15063, P: Block (n4974): I: 1, O: 1, PlInfo: PL Info (n4974): [31, 27], 0, 39>, <>]

: Source: <NetNode: N: n7970_1, P: Block (n7970_1): I: 1, O: 1, PlInfo: PL Info (n7970_1): [5, 3], 0, 303>, 
	Sinks: [<NetNode: N: n7970_1, P: Block (n7950): I: 1, O: 1, PlInfo: PL Info (n7950): [8, 4], 0, 298>, <NetNode: N: n7970_1, P: Block (n8892_1): I: 1, O: 1, PlInfo: PL Info (n8892_1): [11, 7], 0, 417>, <NetNode: N: n7970_1, P: Block (n7669_1): I: 1, O: 1, PlInfo: PL Info (n7669_1): [4, 5], 0, 291>, <NetNode: N: n7970_1, P: Block (n8852): I: 1, O: 1, PlInfo: PL Info (n8852): [5, 2], 0, 415>, <NetNode: N: n7970_1, P: Block (n7766): I: 1, O: 1, PlInfo: PL Info (n7766): [7, 8], 0, 390>, <NetNode: N: n7970_1, P: Block (n8201): I: 1, O: 1, PlInfo: PL Info (n8201): [7, 2], 0, 396>, <NetNode: N: n7970_1, P: Block (n3710): I: 1, O: 1, PlInfo: PL Info (n3710): [8, 2], 0, 4>, <NetNode: N: n7970_1, P: Block (n8399): I: 1, O: 1, PlInfo: PL Info (n8399): [3, 3], 0, 308>, <NetNode: N: n7970_1, P: Block (n8173): I: 1, O: 1, PlInfo: PL Info (n8173): [7, 6], 0, 306>, <NetNode: N: n7970_1, P: Block (n3723): I: 1, O: 1, PlInfo: PL Info (n3723): [8, 1], 0, 98>, <NetNode: N: n7970_1, P: Block (n8848_1): I: 1, O: 1, PlInfo: PL Info (n8848_1): [13, 4], 0, 317>, <NetNode: N: n7970_1, P: Block (n8167_1): I: 1, O: 1, PlInfo: PL Info (n8167_1): [12, 1], 0, 395>, <NetNode: N: n7970_1, P: Block (n8873_1): I: 1, O: 1, PlInfo: PL Info (n8873_1): [12, 2], 0, 536>, <NetNode: N: n7970_1, P: Block (n8297_1): I: 1, O: 1, PlInfo: PL Info (n8297_1): [7, 1], 0, 405>, <NetNode: N: n7970_1, P: Block (n8257): I: 1, O: 1, PlInfo: PL Info (n8257): [8, 6], 0, 399>, <NetNode: N: n7970_1, P: Block (n8821_1): I: 1, O: 1, PlInfo: PL Info (n8821_1): [3, 1], 0, 316>, <>]

: Source: <NetNode: N: n16157, P: Block (n16157): I: 1, O: 1, PlInfo: PL Info (n16157): [3, 28], 0, 628>, 
	Sinks: [<NetNode: N: n16157, P: Block (n16150): I: 1, O: 1, PlInfo: PL Info (n16150): [3, 29], 0, 515>, <>]

: Source: <NetNode: N: fir.add1_add.u1^fracta_out~22_FF, P: Block (n2474): I: 1, O: 1, PlInfo: PL Info (n2474): [29, 29], 0, 169>, 
	Sinks: [<NetNode: N: fir.add1_add.u1^fracta_out~22_FF, P: Block (n1944): I: 1, O: 1, PlInfo: PL Info (n1944): [31, 34], 0, 130>, <NetNode: N: fir.add1_add.u1^fracta_out~22_FF, P: Block (n2469): I: 1, O: 1, PlInfo: PL Info (n2469): [31, 29], 0, 168>, <>]

: Source: <NetNode: N: fir.x2k2_mul^out_o1~2_FF, P: Block (n4896): I: 1, O: 1, PlInfo: PL Info (n4896): [27, 22], 0, 37>, 
	Sinks: [<NetNode: N: fir.x2k2_mul^out_o1~2_FF, P: Block (n15084): I: 1, O: 1, PlInfo: PL Info (n15084): [31, 23], 0, 377>, <>]

: Source: <NetNode: N: fir.x1k1_mul.u5^prod~9_FF, P: Block (fir.x1k1_mul.u5^prod~9_FF): I: 1, O: 1, PlInfo: PL Info (fir.x1k1_mul.u5^prod~9_FF): [29, 16], 0, 935>, 
	Sinks: [<NetNode: N: fir.x1k1_mul.u5^prod~9_FF, P: Block (n13089): I: 1, O: 1, PlInfo: PL Info (n13089): [28, 1], 0, 445>, <NetNode: N: fir.x1k1_mul.u5^prod~9_FF, P: Block (n4436): I: 1, O: 1, PlInfo: PL Info (n4436): [25, 7], 0, 106>, <NetNode: N: fir.x1k1_mul.u5^prod~9_FF, P: Block (n12814): I: 1, O: 1, PlInfo: PL Info (n12814): [29, 1], 0, 441>, <NetNode: N: fir.x1k1_mul.u5^prod~9_FF, P: Block (n4280): I: 1, O: 1, PlInfo: PL Info (n4280): [33, 2], 0, 103>, <NetNode: N: fir.x1k1_mul.u5^prod~9_FF, P: Block (n12828): I: 1, O: 1, PlInfo: PL Info (n12828): [29, 3], 0, 344>, <NetNode: N: fir.x1k1_mul.u5^prod~9_FF, P: Block (n12897): I: 1, O: 1, PlInfo: PL Info (n12897): [35, 4], 0, 442>, <NetNode: N: fir.x1k1_mul.u5^prod~9_FF, P: Block (n12871): I: 1, O: 1, PlInfo: PL Info (n12871): [35, 8], 0, 687>, <NetNode: N: fir.x1k1_mul.u5^prod~9_FF, P: Block (n12580): I: 1, O: 1, PlInfo: PL Info (n12580): [28, 5], 0, 431>, <NetNode: N: fir.x1k1_mul.u5^prod~9_FF, P: Block (n13669): I: 1, O: 1, PlInfo: PL Info (n13669): [27, 4], 0, 454>, <NetNode: N: fir.x1k1_mul.u5^prod~9_FF, P: Block (n12335): I: 1, O: 1, PlInfo: PL Info (n12335): [31, 12], 0, 539>, <NetNode: N: fir.x1k1_mul.u5^prod~9_FF, P: Block (n12334): I: 1, O: 1, PlInfo: PL Info (n12334): [29, 13], 0, 538>, <NetNode: N: fir.x1k1_mul.u5^prod~9_FF, P: Block (n12318): I: 1, O: 1, PlInfo: PL Info (n12318): [28, 10], 0, 330>, <NetNode: N: fir.x1k1_mul.u5^prod~9_FF, P: Block (n13636): I: 1, O: 1, PlInfo: PL Info (n13636): [32, 1], 0, 453>, <NetNode: N: fir.x1k1_mul.u5^prod~9_FF, P: Block (n13440): I: 1, O: 1, PlInfo: PL Info (n13440): [33, 1], 0, 544>, <NetNode: N: fir.x1k1_mul.u5^prod~9_FF, P: Block (n12350): I: 1, O: 1, PlInfo: PL Info (n12350): [29, 12], 0, 689>, <NetNode: N: fir.x1k1_mul.u5^prod~9_FF, P: Block (n12583): I: 1, O: 1, PlInfo: PL Info (n12583): [32, 5], 0, 432>, <NetNode: N: fir.x1k1_mul.u5^prod~9_FF, P: Block (n13025): I: 1, O: 1, PlInfo: PL Info (n13025): [33, 7], 0, 347>, <NetNode: N: fir.x1k1_mul.u5^prod~9_FF, P: Block (n13256): I: 1, O: 1, PlInfo: PL Info (n13256): [36, 5], 0, 729>, <NetNode: N: fir.x1k1_mul.u5^prod~9_FF, P: Block (n13253): I: 1, O: 1, PlInfo: PL Info (n13253): [23, 7], 0, 688>, <NetNode: N: fir.x1k1_mul.u5^prod~9_FF, P: Block (n13475): I: 1, O: 1, PlInfo: PL Info (n13475): [29, 2], 0, 547>, <NetNode: N: fir.x1k1_mul.u5^prod~9_FF, P: Block (n13072): I: 1, O: 1, PlInfo: PL Info (n13072): [35, 6], 0, 349>, <NetNode: N: fir.x1k1_mul.u5^prod~9_FF, P: Block (n13068): I: 1, O: 1, PlInfo: PL Info (n13068): [33, 5], 0, 444>, <NetNode: N: fir.x1k1_mul.u5^prod~9_FF, P: Block (n13064): I: 1, O: 1, PlInfo: PL Info (n13064): [28, 3], 0, 348>, <NetNode: N: fir.x1k1_mul.u5^prod~9_FF, P: Block (n4610): I: 1, O: 1, PlInfo: PL Info (n4610): [29, 9], 0, 227>, <NetNode: N: fir.x1k1_mul.u5^prod~9_FF, P: Block (n4332): I: 1, O: 1, PlInfo: PL Info (n4332): [27, 3], 0, 104>, <NetNode: N: fir.x1k1_mul.u5^prod~9_FF, P: Block (n12915): I: 1, O: 1, PlInfo: PL Info (n12915): [33, 15], 0, 805>, <NetNode: N: fir.x1k1_mul.u5^prod~9_FF, P: Block (n4384): I: 1, O: 1, PlInfo: PL Info (n4384): [31, 2], 0, 105>, <NetNode: N: fir.x1k1_mul.u5^prod~9_FF, P: Block (n12537): I: 1, O: 1, PlInfo: PL Info (n12537): [31, 8], 0, 340>, <NetNode: N: fir.x1k1_mul.u5^prod~9_FF, P: Block (n13625): I: 1, O: 1, PlInfo: PL Info (n13625): [32, 3], 0, 451>, <NetNode: N: fir.x1k1_mul.u5^prod~9_FF, P: Block (n12519): I: 1, O: 1, PlInfo: PL Info (n12519): [29, 7], 0, 332>, <NetNode: N: fir.x1k1_mul.u5^prod~9_FF, P: Block (n12250): I: 1, O: 1, PlInfo: PL Info (n12250): [29, 11], 0, 733>, <NetNode: N: fir.x1k1_mul.u5^prod~9_FF, P: Block (n13329): I: 1, O: 1, PlInfo: PL Info (n13329): [28, 6], 0, 449>, <NetNode: N: fir.x1k1_mul.u5^prod~9_FF, P: Block (n13323): I: 1, O: 1, PlInfo: PL Info (n13323): [24, 2], 0, 447>, <NetNode: N: fir.x1k1_mul.u5^prod~9_FF, P: Block (n13321): I: 1, O: 1, PlInfo: PL Info (n13321): [35, 2], 0, 446>, <NetNode: N: fir.x1k1_mul.u5^prod~9_FF, P: Block (n13556): I: 1, O: 1, PlInfo: PL Info (n13556): [31, 9], 0, 550>, <NetNode: N: fir.x1k1_mul.u5^prod~9_FF, P: Block (n13394): I: 1, O: 1, PlInfo: PL Info (n13394): [33, 4], 0, 542>, <NetNode: N: fir.x1k1_mul.u5^prod~9_FF, P: Block (n12299): I: 1, O: 1, PlInfo: PL Info (n12299): [31, 11], 0, 524>, <NetNode: N: fir.x1k1_mul.u5^prod~9_FF, P: Block (n12286): I: 1, O: 1, PlInfo: PL Info (n12286): [27, 10], 0, 326>, <NetNode: N: fir.x1k1_mul.u5^prod~9_FF, P: Block (n12280): I: 1, O: 1, PlInfo: PL Info (n12280): [27, 11], 0, 425>, <NetNode: N: fir.x1k1_mul.u5^prod~9_FF, P: Block (n13120): I: 1, O: 1, PlInfo: PL Info (n13120): [32, 13], 0, 809>, <NetNode: N: fir.x1k1_mul.u5^prod~9_FF, P: Block (n13360): I: 1, O: 1, PlInfo: PL Info (n13360): [31, 6], 0, 352>, <NetNode: N: fir.x1k1_mul.u5^prod~9_FF, P: Block (n13359): I: 1, O: 1, PlInfo: PL Info (n13359): [32, 10], 0, 351>, <NetNode: N: fir.x1k1_mul.u5^prod~9_FF, P: Block (n4527): I: 1, O: 1, PlInfo: PL Info (n4527): [23, 5], 0, 7>, <>]

: Source: <NetNode: N: fir.x1k1_mul^out_o1~11_FF, P: Block (n4410): I: 1, O: 1, PlInfo: PL Info (n4410): [25, 4], 0, 85>, 
	Sinks: [<>]

: Source: <NetNode: N: fir.add1_add.u1^fracta_out~23_FF, P: Block (n2479): I: 1, O: 1, PlInfo: PL Info (n2479): [31, 30], 0, 170>, 
	Sinks: [<NetNode: N: fir.add1_add.u1^fracta_out~23_FF, P: Block (n2474): I: 1, O: 1, PlInfo: PL Info (n2474): [29, 29], 0, 169>, <NetNode: N: fir.add1_add.u1^fracta_out~23_FF, P: Block (n2469): I: 1, O: 1, PlInfo: PL Info (n2469): [31, 29], 0, 168>, <>]

: Source: <NetNode: N: fir.x3k3_mul.u5^prod1~11_FF, P: Block (n16164): I: 1, O: 1, PlInfo: PL Info (n16164): [8, 22], 0, 746>, 
	Sinks: [<>]

: Source: <NetNode: N: fir.x1k1_mul.u5^prod~25_FF, P: Block (n13095): I: 1, O: 1, PlInfo: PL Info (n13095): [32, 12], 0, 755>, 
	Sinks: [<NetNode: N: fir.x1k1_mul.u5^prod~25_FF, P: Block (n4423): I: 1, O: 1, PlInfo: PL Info (n4423): [28, 7], 0, 34>, <NetNode: N: fir.x1k1_mul.u5^prod~25_FF, P: Block (n4462): I: 1, O: 1, PlInfo: PL Info (n4462): [23, 3], 0, 86>, <NetNode: N: fir.x1k1_mul.u5^prod~25_FF, P: Block (n4252): I: 1, O: 1, PlInfo: PL Info (n4252): [35, 3], 0, 83>, <NetNode: N: fir.x1k1_mul.u5^prod~25_FF, P: Block (n12871): I: 1, O: 1, PlInfo: PL Info (n12871): [35, 8], 0, 687>, <NetNode: N: fir.x1k1_mul.u5^prod~25_FF, P: Block (n8331): I: 1, O: 1, PlInfo: PL Info (n8331): [27, 9], 0, 288>, <NetNode: N: fir.x1k1_mul.u5^prod~25_FF, P: Block (n12568): I: 1, O: 1, PlInfo: PL Info (n12568): [27, 5], 0, 342>, <NetNode: N: fir.x1k1_mul.u5^prod~25_FF, P: Block (n12318): I: 1, O: 1, PlInfo: PL Info (n12318): [28, 10], 0, 330>, <NetNode: N: fir.x1k1_mul.u5^prod~25_FF, P: Block (n12314): I: 1, O: 1, PlInfo: PL Info (n12314): [27, 12], 0, 428>, <NetNode: N: fir.x1k1_mul.u5^prod~25_FF, P: Block (n12307): I: 1, O: 1, PlInfo: PL Info (n12307): [31, 10], 0, 427>, <NetNode: N: fir.x1k1_mul.u5^prod~25_FF, P: Block (n13636): I: 1, O: 1, PlInfo: PL Info (n13636): [32, 1], 0, 453>, <NetNode: N: fir.x1k1_mul.u5^prod~25_FF, P: Block (n12383): I: 1, O: 1, PlInfo: PL Info (n12383): [25, 13], 0, 430>, <NetNode: N: fir.x1k1_mul.u5^prod~25_FF, P: Block (n13224): I: 1, O: 1, PlInfo: PL Info (n13224): [36, 14], 0, 867>, <NetNode: N: fir.x1k1_mul.u5^prod~25_FF, P: Block (n13443): I: 1, O: 1, PlInfo: PL Info (n13443): [33, 8], 0, 545>, <NetNode: N: fir.x1k1_mul.u5^prod~25_FF, P: Block (n13440): I: 1, O: 1, PlInfo: PL Info (n13440): [33, 1], 0, 544>, <NetNode: N: fir.x1k1_mul.u5^prod~25_FF, P: Block (n13032): I: 1, O: 1, PlInfo: PL Info (n13032): [36, 15], 0, 806>, <NetNode: N: fir.x1k1_mul.u5^prod~25_FF, P: Block (n13251): I: 1, O: 1, PlInfo: PL Info (n13251): [36, 9], 0, 776>, <NetNode: N: fir.x1k1_mul.u5^prod~25_FF, P: Block (n13475): I: 1, O: 1, PlInfo: PL Info (n13475): [29, 2], 0, 547>, <NetNode: N: fir.x1k1_mul.u5^prod~25_FF, P: Block (n13066): I: 1, O: 1, PlInfo: PL Info (n13066): [29, 8], 0, 443>, <NetNode: N: fir.x1k1_mul.u5^prod~25_FF, P: Block (n13064): I: 1, O: 1, PlInfo: PL Info (n13064): [28, 3], 0, 348>, <NetNode: N: fir.x1k1_mul.u5^prod~25_FF, P: Block (n13285): I: 1, O: 1, PlInfo: PL Info (n13285): [36, 13], 0, 821>, <NetNode: N: fir.x1k1_mul.u5^prod~25_FF, P: Block (n13037): I: 1, O: 1, PlInfo: PL Info (n13037): [36, 12], 0, 831>, <NetNode: N: fir.x1k1_mul.u5^prod~25_FF, P: Block (n13277): I: 1, O: 1, PlInfo: PL Info (n13277): [32, 15], 0, 790>, <NetNode: N: fir.x1k1_mul.u5^prod~25_FF, P: Block (n4319): I: 1, O: 1, PlInfo: PL Info (n4319): [31, 1], 0, 33>, <NetNode: N: fir.x1k1_mul.u5^prod~25_FF, P: Block (n12911): I: 1, O: 1, PlInfo: PL Info (n12911): [36, 10], 0, 792>, <NetNode: N: fir.x1k1_mul.u5^prod~25_FF, P: Block (n4358): I: 1, O: 1, PlInfo: PL Info (n4358): [31, 3], 0, 84>, <NetNode: N: fir.x1k1_mul.u5^prod~25_FF, P: Block (n4384): I: 1, O: 1, PlInfo: PL Info (n4384): [31, 2], 0, 105>, <NetNode: N: fir.x1k1_mul.u5^prod~25_FF, P: Block (n12538): I: 1, O: 1, PlInfo: PL Info (n12538): [29, 4], 0, 341>, <NetNode: N: fir.x1k1_mul.u5^prod~25_FF, P: Block (n12776): I: 1, O: 1, PlInfo: PL Info (n12776): [35, 15], 0, 827>, <NetNode: N: fir.x1k1_mul.u5^prod~25_FF, P: Block (n13606): I: 1, O: 1, PlInfo: PL Info (n13606): [35, 5], 0, 553>, <NetNode: N: fir.x1k1_mul.u5^prod~25_FF, P: Block (n12755): I: 1, O: 1, PlInfo: PL Info (n12755): [25, 5], 0, 436>, <NetNode: N: fir.x1k1_mul.u5^prod~25_FF, P: Block (n13309): I: 1, O: 1, PlInfo: PL Info (n13309): [35, 10], 0, 660>, <NetNode: N: fir.x1k1_mul.u5^prod~25_FF, P: Block (n12433): I: 1, O: 1, PlInfo: PL Info (n12433): [31, 14], 0, 690>, <NetNode: N: fir.x1k1_mul.u5^prod~25_FF, P: Block (n12673): I: 1, O: 1, PlInfo: PL Info (n12673): [25, 1], 0, 434>, <NetNode: N: fir.x1k1_mul.u5^prod~25_FF, P: Block (n13591): I: 1, O: 1, PlInfo: PL Info (n13591): [25, 3], 0, 552>, <NetNode: N: fir.x1k1_mul.u5^prod~25_FF, P: Block (n13329): I: 1, O: 1, PlInfo: PL Info (n13329): [28, 6], 0, 449>, <NetNode: N: fir.x1k1_mul.u5^prod~25_FF, P: Block (n13394): I: 1, O: 1, PlInfo: PL Info (n13394): [33, 4], 0, 542>, <NetNode: N: fir.x1k1_mul.u5^prod~25_FF, P: Block (n12299): I: 1, O: 1, PlInfo: PL Info (n12299): [31, 11], 0, 524>, <NetNode: N: fir.x1k1_mul.u5^prod~25_FF, P: Block (n12294): I: 1, O: 1, PlInfo: PL Info (n12294): [25, 11], 0, 327>, <NetNode: N: fir.x1k1_mul.u5^prod~25_FF, P: Block (n12288): I: 1, O: 1, PlInfo: PL Info (n12288): [28, 11], 0, 426>, <NetNode: N: fir.x1k1_mul.u5^prod~25_FF, P: Block (n12286): I: 1, O: 1, PlInfo: PL Info (n12286): [27, 10], 0, 326>, <NetNode: N: fir.x1k1_mul.u5^prod~25_FF, P: Block (n12280): I: 1, O: 1, PlInfo: PL Info (n12280): [27, 11], 0, 425>, <NetNode: N: fir.x1k1_mul.u5^prod~25_FF, P: Block (n12273): I: 1, O: 1, PlInfo: PL Info (n12273): [25, 12], 0, 324>, <NetNode: N: fir.x1k1_mul.u5^prod~25_FF, P: Block (n13598): I: 1, O: 1, PlInfo: PL Info (n13598): [32, 8], 0, 450>, <NetNode: N: fir.x1k1_mul.u5^prod~25_FF, P: Block (n4501): I: 1, O: 1, PlInfo: PL Info (n4501): [24, 5], 0, 87>, <>]

: Source: <NetNode: N: n14181, P: Block (n14181): I: 1, O: 1, PlInfo: PL Info (n14181): [35, 16], 0, 703>, 
	Sinks: [<NetNode: N: n14181, P: Block (n14961): I: 1, O: 1, PlInfo: PL Info (n14961): [36, 23], 0, 480>, <>]

: Source: <NetNode: N: fir.x3k3_mul^out_o1~23_FF, P: Block (n5776): I: 1, O: 1, PlInfo: PL Info (n5776): [13, 21], 0, 181>, 
	Sinks: [<>]

: Source: <NetNode: N: n7950, P: Block (n7950): I: 1, O: 1, PlInfo: PL Info (n7950): [8, 4], 0, 298>, 
	Sinks: [<NetNode: N: n7950, P: Block (n8761_1): I: 1, O: 1, PlInfo: PL Info (n8761_1): [3, 7], 0, 314>, <NetNode: N: n7950, P: Block (n7968): I: 1, O: 1, PlInfo: PL Info (n7968): [7, 5], 0, 302>, <NetNode: N: n7950, P: Block (n8852): I: 1, O: 1, PlInfo: PL Info (n8852): [5, 2], 0, 415>, <NetNode: N: n7950, P: Block (n7766): I: 1, O: 1, PlInfo: PL Info (n7766): [7, 8], 0, 390>, <NetNode: N: n7950, P: Block (n8086_1): I: 1, O: 1, PlInfo: PL Info (n8086_1): [11, 4], 0, 532>, <NetNode: N: n7950, P: Block (n8615): I: 1, O: 1, PlInfo: PL Info (n8615): [3, 9], 0, 408>, <NetNode: N: n7950, P: Block (n8898): I: 1, O: 1, PlInfo: PL Info (n8898): [13, 3], 0, 418>, <NetNode: N: n7950, P: Block (n8399): I: 1, O: 1, PlInfo: PL Info (n8399): [3, 3], 0, 308>, <NetNode: N: n7950, P: Block (n9005_1): I: 1, O: 1, PlInfo: PL Info (n9005_1): [8, 7], 0, 321>, <NetNode: N: n7950, P: Block (n7951_1): I: 1, O: 1, PlInfo: PL Info (n7951_1): [4, 6], 0, 299>, <NetNode: N: n7950, P: Block (n8173): I: 1, O: 1, PlInfo: PL Info (n8173): [7, 6], 0, 306>, <NetNode: N: n7950, P: Block (n3775): I: 1, O: 1, PlInfo: PL Info (n3775): [11, 9], 0, 99>, <NetNode: N: n7950, P: Block (n9082): I: 1, O: 1, PlInfo: PL Info (n9082): [9, 6], 0, 422>, <NetNode: N: n7950, P: Block (n8167_1): I: 1, O: 1, PlInfo: PL Info (n8167_1): [12, 1], 0, 395>, <NetNode: N: n7950, P: Block (n8703): I: 1, O: 1, PlInfo: PL Info (n8703): [4, 1], 0, 311>, <NetNode: N: n7950, P: Block (n8975): I: 1, O: 1, PlInfo: PL Info (n8975): [1, 3], 0, 319>, <NetNode: N: n7950, P: Block (n8292_1): I: 1, O: 1, PlInfo: PL Info (n8292_1): [11, 1], 0, 402>, <NetNode: N: n7950, P: Block (n8775): I: 1, O: 1, PlInfo: PL Info (n8775): [4, 3], 0, 315>, <NetNode: N: n7950, P: Block (n8225): I: 1, O: 1, PlInfo: PL Info (n8225): [3, 4], 0, 534>, <NetNode: N: n7950, P: Block (n8691): I: 1, O: 1, PlInfo: PL Info (n8691): [3, 2], 0, 410>, <NetNode: N: n7950, P: Block (n8692): I: 1, O: 1, PlInfo: PL Info (n8692): [4, 8], 0, 411>, <NetNode: N: n7950, P: Block (n8297_1): I: 1, O: 1, PlInfo: PL Info (n8297_1): [7, 1], 0, 405>, <NetNode: N: n7950, P: Block (n8712_1): I: 1, O: 1, PlInfo: PL Info (n8712_1): [7, 10], 0, 313>, <NetNode: N: n7950, P: Block (n8821_1): I: 1, O: 1, PlInfo: PL Info (n8821_1): [3, 1], 0, 316>, <NetNode: N: n7950, P: Block (n8045): I: 1, O: 1, PlInfo: PL Info (n8045): [11, 10], 0, 701>, <NetNode: N: n7950, P: Block (n8275): I: 1, O: 1, PlInfo: PL Info (n8275): [9, 3], 0, 400>, <NetNode: N: n7950, P: Block (n8616_1): I: 1, O: 1, PlInfo: PL Info (n8616_1): [1, 6], 0, 409>, <NetNode: N: n7950, P: Block (n8299): I: 1, O: 1, PlInfo: PL Info (n8299): [5, 1], 0, 406>, <NetNode: N: n7950, P: Block (n3840): I: 1, O: 1, PlInfo: PL Info (n3840): [13, 6], 0, 102>, <NetNode: N: n7950, P: Block (n8845_1): I: 1, O: 1, PlInfo: PL Info (n8845_1): [11, 5], 0, 414>, <NetNode: N: n7950, P: Block (n7961_1): I: 1, O: 1, PlInfo: PL Info (n7961_1): [7, 3], 0, 301>, <>]

: Source: <NetNode: N: fir.add1_add^fract_out_q~8_FF, P: Block (n2269): I: 1, O: 1, PlInfo: PL Info (n2269): [31, 32], 0, 272>, 
	Sinks: [<NetNode: N: fir.add1_add^fract_out_q~8_FF, P: Block (n9737_1): I: 1, O: 1, PlInfo: PL Info (n9737_1): [35, 36], 0, 651>, <NetNode: N: fir.add1_add^fract_out_q~8_FF, P: Block (n2032): I: 1, O: 1, PlInfo: PL Info (n2032): [32, 30], 0, 236>, <NetNode: N: fir.add1_add^fract_out_q~8_FF, P: Block (n2279): I: 1, O: 1, PlInfo: PL Info (n2279): [32, 33], 0, 271>, <NetNode: N: fir.add1_add^fract_out_q~8_FF, P: Block (n1814): I: 1, O: 1, PlInfo: PL Info (n1814): [31, 33], 0, 127>, <NetNode: N: fir.add1_add^fract_out_q~8_FF, P: Block (n1710): I: 1, O: 1, PlInfo: PL Info (n1710): [36, 30], 0, 125>, <NetNode: N: fir.add1_add^fract_out_q~8_FF, P: Block (n1723): I: 1, O: 1, PlInfo: PL Info (n1723): [33, 30], 0, 126>, <NetNode: N: fir.add1_add^fract_out_q~8_FF, P: Block (n1775): I: 1, O: 1, PlInfo: PL Info (n1775): [36, 34], 0, 208>, <NetNode: N: fir.add1_add^fract_out_q~8_FF, P: Block (n11005_1): I: 1, O: 1, PlInfo: PL Info (n11005_1): [33, 34], 0, 658>, <NetNode: N: fir.add1_add^fract_out_q~8_FF, P: Block (n2594): I: 1, O: 1, PlInfo: PL Info (n2594): [31, 31], 0, 173>, <NetNode: N: fir.add1_add^fract_out_q~8_FF, P: Block (n9834): I: 1, O: 1, PlInfo: PL Info (n9834): [31, 35], 0, 655>, <NetNode: N: fir.add1_add^fract_out_q~8_FF, P: Block (n1931): I: 1, O: 1, PlInfo: PL Info (n1931): [33, 36], 0, 213>, <NetNode: N: fir.add1_add^fract_out_q~8_FF, P: Block (n1853): I: 1, O: 1, PlInfo: PL Info (n1853): [35, 33], 0, 210>, <NetNode: N: fir.add1_add^fract_out_q~8_FF, P: Block (n1866): I: 1, O: 1, PlInfo: PL Info (n1866): [36, 33], 0, 211>, <NetNode: N: fir.add1_add^fract_out_q~8_FF, P: Block (n1892): I: 1, O: 1, PlInfo: PL Info (n1892): [35, 35], 0, 128>, <NetNode: N: fir.add1_add^fract_out_q~8_FF, P: Block (n1671): I: 1, O: 1, PlInfo: PL Info (n1671): [35, 31], 0, 225>, <>]

: Source: <NetNode: N: n8924_1, P: Block (n8924_1): I: 1, O: 1, PlInfo: PL Info (n8924_1): [9, 1], 0, 420>, 
	Sinks: [<NetNode: N: n8924_1, P: Block (n3762): I: 1, O: 1, PlInfo: PL Info (n3762): [11, 3], 0, 5>, <>]

: Source: <NetNode: N: fir.x3k3_mul^out_o1~5_FF, P: Block (n5538): I: 1, O: 1, PlInfo: PL Info (n5538): [13, 33], 0, 15>, 
	Sinks: [<>]

: Source: <NetNode: N: fir.x2k2_mul^out~2_FF, P: Block (n15084): I: 1, O: 1, PlInfo: PL Info (n15084): [31, 23], 0, 377>, 
	Sinks: [<NetNode: N: fir.x2k2_mul^out~2_FF, P: Block (n2384): I: 1, O: 1, PlInfo: PL Info (n2384): [25, 28], 0, 154>, <>]

: Source: <NetNode: N: n16173, P: Block (n16173): I: 1, O: 1, PlInfo: PL Info (n16173): [8, 21], 0, 772>, 
	Sinks: [<NetNode: N: n16173, P: Block (n16164): I: 1, O: 1, PlInfo: PL Info (n16164): [8, 22], 0, 746>, <>]

: Source: <NetNode: N: n15085, P: Block (n15085): I: 1, O: 1, PlInfo: PL Info (n15085): [35, 23], 0, 378>, 
	Sinks: [<NetNode: N: n15085, P: Block (n4896): I: 1, O: 1, PlInfo: PL Info (n4896): [27, 22], 0, 37>, <>]

: Source: <NetNode: N: n13089, P: Block (n13089): I: 1, O: 1, PlInfo: PL Info (n13089): [28, 1], 0, 445>, 
	Sinks: [<NetNode: N: n13089, P: Block (n13068): I: 1, O: 1, PlInfo: PL Info (n13068): [33, 5], 0, 444>, <>]

: Source: <NetNode: N: n15088, P: Block (n15088): I: 1, O: 1, PlInfo: PL Info (n15088): [27, 24], 0, 484>, 
	Sinks: [<NetNode: N: n15088, P: Block (n4896): I: 1, O: 1, PlInfo: PL Info (n4896): [27, 22], 0, 37>, <>]

: Source: <NetNode: N: lo2293, P: Block (n17027): I: 1, O: 1, PlInfo: PL Info (n17027): [15, 21], 0, 892>, 
	Sinks: [<NetNode: N: lo2293, P: Block (fir.x3k3_mul.u5^MUL~8539[0]): I: 2, O: 1, PlInfo: PL Info (fir.x3k3_mul.u5^MUL~8539[0]): [14, 21], 0, 0>, <>]

: Source: <NetNode: N: fir.x3k3_mul.u5^prod~8_FF, P: Block (fir.x3k3_mul.u5^prod1~8_FF): I: 1, O: 1, PlInfo: PL Info (fir.x3k3_mul.u5^prod1~8_FF): [15, 23], 0, 904>, 
	Sinks: [<NetNode: N: fir.x3k3_mul.u5^prod~8_FF, P: Block (n16596): I: 1, O: 1, PlInfo: PL Info (n16596): [3, 32], 0, 604>, <NetNode: N: fir.x3k3_mul.u5^prod~8_FF, P: Block (n16133): I: 1, O: 1, PlInfo: PL Info (n16133): [3, 31], 0, 514>, <NetNode: N: fir.x3k3_mul.u5^prod~8_FF, P: Block (n16387): I: 1, O: 1, PlInfo: PL Info (n16387): [3, 34], 0, 706>, <NetNode: N: fir.x3k3_mul.u5^prod~8_FF, P: Block (n15921): I: 1, O: 1, PlInfo: PL Info (n15921): [4, 36], 0, 511>, <NetNode: N: fir.x3k3_mul.u5^prod~8_FF, P: Block (n15929): I: 1, O: 1, PlInfo: PL Info (n15929): [5, 33], 0, 574>, <NetNode: N: fir.x3k3_mul.u5^prod~8_FF, P: Block (n15852): I: 1, O: 1, PlInfo: PL Info (n15852): [7, 34], 0, 571>, <NetNode: N: fir.x3k3_mul.u5^prod~8_FF, P: Block (n16730): I: 1, O: 1, PlInfo: PL Info (n16730): [4, 33], 0, 590>, <NetNode: N: fir.x3k3_mul.u5^prod~8_FF, P: Block (n15645): I: 1, O: 1, PlInfo: PL Info (n15645): [11, 32], 0, 497>, <NetNode: N: fir.x3k3_mul.u5^prod~8_FF, P: Block (n16307): I: 1, O: 1, PlInfo: PL Info (n16307): [9, 31], 0, 518>, <NetNode: N: fir.x3k3_mul.u5^prod~8_FF, P: Block (n15471): I: 1, O: 1, PlInfo: PL Info (n15471): [11, 21], 0, 490>, <NetNode: N: fir.x3k3_mul.u5^prod~8_FF, P: Block (n16567): I: 1, O: 1, PlInfo: PL Info (n16567): [12, 36], 0, 582>, <NetNode: N: fir.x3k3_mul.u5^prod~8_FF, P: Block (n15487): I: 1, O: 1, PlInfo: PL Info (n15487): [13, 23], 0, 492>, <NetNode: N: fir.x3k3_mul.u5^prod~8_FF, P: Block (n16576): I: 1, O: 1, PlInfo: PL Info (n16576): [11, 33], 0, 600>, <NetNode: N: fir.x3k3_mul.u5^prod~8_FF, P: Block (n16579): I: 1, O: 1, PlInfo: PL Info (n16579): [9, 34], 0, 602>, <NetNode: N: fir.x3k3_mul.u5^prod~8_FF, P: Block (n15411): I: 1, O: 1, PlInfo: PL Info (n15411): [12, 22], 0, 526>, <NetNode: N: fir.x3k3_mul.u5^prod~8_FF, P: Block (n15427): I: 1, O: 1, PlInfo: PL Info (n15427): [8, 23], 0, 614>, <NetNode: N: fir.x3k3_mul.u5^prod~8_FF, P: Block (n5707): I: 1, O: 1, PlInfo: PL Info (n5707): [13, 30], 0, 24>, <NetNode: N: fir.x3k3_mul.u5^prod~8_FF, P: Block (n15670): I: 1, O: 1, PlInfo: PL Info (n15670): [7, 32], 0, 502>, <NetNode: N: fir.x3k3_mul.u5^prod~8_FF, P: Block (n15671): I: 1, O: 1, PlInfo: PL Info (n15671): [7, 29], 0, 503>, <NetNode: N: fir.x3k3_mul.u5^prod~8_FF, P: Block (n15673): I: 1, O: 1, PlInfo: PL Info (n15673): [5, 31], 0, 505>, <NetNode: N: fir.x3k3_mul.u5^prod~8_FF, P: Block (n15679): I: 1, O: 1, PlInfo: PL Info (n15679): [7, 31], 0, 506>, <NetNode: N: fir.x3k3_mul.u5^prod~8_FF, P: Block (n15688): I: 1, O: 1, PlInfo: PL Info (n15688): [5, 30], 0, 508>, <NetNode: N: fir.x3k3_mul.u5^prod~8_FF, P: Block (n16028): I: 1, O: 1, PlInfo: PL Info (n16028): [8, 30], 0, 575>, <NetNode: N: fir.x3k3_mul.u5^prod~8_FF, P: Block (n16223): I: 1, O: 1, PlInfo: PL Info (n16223): [7, 24], 0, 799>, <NetNode: N: fir.x3k3_mul.u5^prod~8_FF, P: Block (n16229): I: 1, O: 1, PlInfo: PL Info (n16229): [7, 22], 0, 830>, <NetNode: N: fir.x3k3_mul.u5^prod~8_FF, P: Block (n15389): I: 1, O: 1, PlInfo: PL Info (n15389): [8, 24], 0, 649>, <NetNode: N: fir.x3k3_mul.u5^prod~8_FF, P: Block (n15390): I: 1, O: 1, PlInfo: PL Info (n15390): [8, 25], 0, 627>, <NetNode: N: fir.x3k3_mul.u5^prod~8_FF, P: Block (n16498): I: 1, O: 1, PlInfo: PL Info (n16498): [13, 31], 0, 598>, <NetNode: N: fir.x3k3_mul.u5^prod~8_FF, P: Block (n16602): I: 1, O: 1, PlInfo: PL Info (n16602): [11, 35], 0, 605>, <NetNode: N: fir.x3k3_mul.u5^prod~8_FF, P: Block (n16619): I: 1, O: 1, PlInfo: PL Info (n16619): [4, 29], 0, 606>, <NetNode: N: fir.x3k3_mul.u5^prod~8_FF, P: Block (n15715): I: 1, O: 1, PlInfo: PL Info (n15715): [8, 32], 0, 510>, <NetNode: N: fir.x3k3_mul.u5^prod~8_FF, P: Block (n16429): I: 1, O: 1, PlInfo: PL Info (n16429): [4, 31], 0, 523>, <NetNode: N: fir.x3k3_mul.u5^prod~8_FF, P: Block (n16443): I: 1, O: 1, PlInfo: PL Info (n16443): [3, 33], 0, 581>, <NetNode: N: fir.x3k3_mul.u5^prod~8_FF, P: Block (n15361): I: 1, O: 1, PlInfo: PL Info (n15361): [12, 24], 0, 565>, <NetNode: N: fir.x3k3_mul.u5^prod~8_FF, P: Block (n16692): I: 1, O: 1, PlInfo: PL Info (n16692): [8, 35], 0, 588>, <NetNode: N: fir.x3k3_mul.u5^prod~8_FF, P: Block (n15549): I: 1, O: 1, PlInfo: PL Info (n15549): [11, 22], 0, 493>, <NetNode: N: fir.x3k3_mul.u5^prod~8_FF, P: Block (n16650): I: 1, O: 1, PlInfo: PL Info (n16650): [5, 36], 0, 587>, <>]

: Source: <NetNode: N: fir.x1k1_mul^out_o1~30_FF, P: Block (n4675): I: 1, O: 1, PlInfo: PL Info (n4675): [21, 8], 0, 176>, 
	Sinks: [<>]

: Source: <NetNode: N: fir.out_temp_add.u1^exp_dn_out~0_FF, P: Block (n1165): I: 1, O: 1, PlInfo: PL Info (n1165): [23, 33], 0, 244>, 
	Sinks: [<NetNode: N: fir.out_temp_add.u1^exp_dn_out~0_FF, P: Block (n750): I: 1, O: 1, PlInfo: PL Info (n750): [24, 32], 0, 228>, <>]

: Source: <NetNode: N: fir.out_temp_add.u1^nan_sign_FF, P: Block (n1160): I: 1, O: 1, PlInfo: PL Info (n1160): [20, 32], 0, 275>, 
	Sinks: [<NetNode: N: fir.out_temp_add.u1^nan_sign_FF, P: Block (n1127): I: 1, O: 1, PlInfo: PL Info (n1127): [24, 34], 0, 47>, <>]

: Source: <NetNode: N: n9385_1, P: Block (n9385_1): I: 1, O: 1, PlInfo: PL Info (n9385_1): [21, 7], 0, 748>, 
	Sinks: [<NetNode: N: n9385_1, P: Block (n2866): I: 1, O: 1, PlInfo: PL Info (n2866): [21, 5], 0, 204>, <>]

: Source: <NetNode: N: n9737_1, P: Block (n9737_1): I: 1, O: 1, PlInfo: PL Info (n9737_1): [35, 36], 0, 651>, 
	Sinks: [<NetNode: N: n9737_1, P: Block (n1931): I: 1, O: 1, PlInfo: PL Info (n1931): [33, 36], 0, 213>, <NetNode: N: n9737_1, P: Block (n1892): I: 1, O: 1, PlInfo: PL Info (n1892): [35, 35], 0, 128>, <>]

: Source: <NetNode: N: fir.add1_add.u1^fractb_out~0_FF, P: Block (n2499): I: 1, O: 1, PlInfo: PL Info (n2499): [21, 27], 0, 242>, 
	Sinks: [<NetNode: N: fir.add1_add.u1^fractb_out~0_FF, P: Block (n2244): I: 1, O: 1, PlInfo: PL Info (n2244): [32, 31], 0, 277>, <NetNode: N: fir.add1_add.u1^fractb_out~0_FF, P: Block (n1710): I: 1, O: 1, PlInfo: PL Info (n1710): [36, 30], 0, 125>, <NetNode: N: fir.add1_add.u1^fractb_out~0_FF, P: Block (n2379): I: 1, O: 1, PlInfo: PL Info (n2379): [27, 27], 0, 153>, <>]

: Source: <NetNode: N: n7945, P: Block (n7945): I: 1, O: 1, PlInfo: PL Info (n7945): [5, 6], 0, 296>, 
	Sinks: [<NetNode: N: n7945, P: Block (n7970_1): I: 1, O: 1, PlInfo: PL Info (n7970_1): [5, 3], 0, 303>, <NetNode: N: n7945, P: Block (n7950): I: 1, O: 1, PlInfo: PL Info (n7950): [8, 4], 0, 298>, <NetNode: N: n7945, P: Block (n7968): I: 1, O: 1, PlInfo: PL Info (n7968): [7, 5], 0, 302>, <NetNode: N: n7945, P: Block (n7994): I: 1, O: 1, PlInfo: PL Info (n7994): [5, 5], 0, 304>, <NetNode: N: n7945, P: Block (n7669_1): I: 1, O: 1, PlInfo: PL Info (n7669_1): [4, 5], 0, 291>, <NetNode: N: n7945, P: Block (n7982): I: 1, O: 1, PlInfo: PL Info (n7982): [12, 4], 0, 394>, <NetNode: N: n7945, P: Block (n9005_1): I: 1, O: 1, PlInfo: PL Info (n9005_1): [8, 7], 0, 321>, <NetNode: N: n7945, P: Block (n7951_1): I: 1, O: 1, PlInfo: PL Info (n7951_1): [4, 6], 0, 299>, <NetNode: N: n7945, P: Block (n7960_1): I: 1, O: 1, PlInfo: PL Info (n7960_1): [5, 4], 0, 300>, <NetNode: N: n7945, P: Block (n7961_1): I: 1, O: 1, PlInfo: PL Info (n7961_1): [7, 3], 0, 301>, <>]

: Source: <NetNode: N: fir.x0k0_mul^exp_r~3_FF, P: Block (n7703): I: 1, O: 1, PlInfo: PL Info (n7703): [8, 13], 0, 527>, 
	Sinks: [<NetNode: N: fir.x0k0_mul^exp_r~3_FF, P: Block (n7725): I: 1, O: 1, PlInfo: PL Info (n7725): [3, 17], 0, 592>, <NetNode: N: fir.x0k0_mul^exp_r~3_FF, P: Block (n8622): I: 1, O: 1, PlInfo: PL Info (n8622): [8, 17], 0, 770>, <NetNode: N: fir.x0k0_mul^exp_r~3_FF, P: Block (n7948_1): I: 1, O: 1, PlInfo: PL Info (n7948_1): [4, 7], 0, 297>, <NetNode: N: fir.x0k0_mul^exp_r~3_FF, P: Block (n4045): I: 1, O: 1, PlInfo: PL Info (n4045): [5, 10], 0, 175>, <NetNode: N: fir.x0k0_mul^exp_r~3_FF, P: Block (n8184_1): I: 1, O: 1, PlInfo: PL Info (n8184_1): [9, 17], 0, 775>, <NetNode: N: fir.x0k0_mul^exp_r~3_FF, P: Block (n8293_1): I: 1, O: 1, PlInfo: PL Info (n8293_1): [3, 10], 0, 403>, <NetNode: N: fir.x0k0_mul^exp_r~3_FF, P: Block (n8891): I: 1, O: 1, PlInfo: PL Info (n8891): [4, 9], 0, 416>, <NetNode: N: fir.x0k0_mul^exp_r~3_FF, P: Block (n8447): I: 1, O: 1, PlInfo: PL Info (n8447): [8, 12], 0, 783>, <NetNode: N: fir.x0k0_mul^exp_r~3_FF, P: Block (n8107): I: 1, O: 1, PlInfo: PL Info (n8107): [9, 16], 0, 774>, <NetNode: N: fir.x0k0_mul^exp_r~3_FF, P: Block (n8123_1): I: 1, O: 1, PlInfo: PL Info (n8123_1): [9, 15], 0, 768>, <NetNode: N: fir.x0k0_mul^exp_r~3_FF, P: Block (n8396_1): I: 1, O: 1, PlInfo: PL Info (n8396_1): [8, 10], 0, 407>, <NetNode: N: fir.x0k0_mul^exp_r~3_FF, P: Block (n8154_1): I: 1, O: 1, PlInfo: PL Info (n8154_1): [9, 14], 0, 769>, <NetNode: N: fir.x0k0_mul^exp_r~3_FF, P: Block (n8918): I: 1, O: 1, PlInfo: PL Info (n8918): [9, 9], 0, 419>, <NetNode: N: fir.x0k0_mul^exp_r~3_FF, P: Block (n7850): I: 1, O: 1, PlInfo: PL Info (n7850): [3, 16], 0, 530>, <NetNode: N: fir.x0k0_mul^exp_r~3_FF, P: Block (n7890): I: 1, O: 1, PlInfo: PL Info (n7890): [7, 17], 0, 531>, <NetNode: N: fir.x0k0_mul^exp_r~3_FF, P: Block (n8506): I: 1, O: 1, PlInfo: PL Info (n8506): [3, 11], 0, 797>, <NetNode: N: fir.x0k0_mul^exp_r~3_FF, P: Block (n8999): I: 1, O: 1, PlInfo: PL Info (n8999): [7, 9], 0, 421>, <NetNode: N: fir.x0k0_mul^exp_r~3_FF, P: Block (n8458): I: 1, O: 1, PlInfo: PL Info (n8458): [8, 16], 0, 777>, <NetNode: N: fir.x0k0_mul^exp_r~3_FF, P: Block (n9106): I: 1, O: 1, PlInfo: PL Info (n9106): [4, 10], 0, 323>, <NetNode: N: fir.x0k0_mul^exp_r~3_FF, P: Block (n8495): I: 1, O: 1, PlInfo: PL Info (n8495): [8, 11], 0, 853>, <NetNode: N: fir.x0k0_mul^exp_r~3_FF, P: Block (n8869_1): I: 1, O: 1, PlInfo: PL Info (n8869_1): [9, 10], 0, 535>, <>]

: Source: <NetNode: N: fir.x3k3_mul^out_o1~4_FF, P: Block (n5525): I: 1, O: 1, PlInfo: PL Info (n5525): [13, 32], 0, 14>, 
	Sinks: [<NetNode: N: fir.x3k3_mul^out_o1~4_FF, P: Block (n1661): I: 1, O: 1, PlInfo: PL Info (n1661): [19, 32], 0, 253>, <>]

: Source: <NetNode: N: fir.x1k1_mul^out_o1~13_FF, P: Block (n4436): I: 1, O: 1, PlInfo: PL Info (n4436): [25, 7], 0, 106>, 
	Sinks: [<>]

: Source: <NetNode: N: fir.x0k0_mul.u5^prod1~15_FF, P: Block (n7776_1): I: 1, O: 1, PlInfo: PL Info (n7776_1): [4, 16], 0, 392>, 
	Sinks: [<>]

: Source: <NetNode: N: n15092, P: Block (n15092): I: 1, O: 1, PlInfo: PL Info (n15092): [36, 20], 0, 485>, 
	Sinks: [<NetNode: N: n15092, P: Block (n4896): I: 1, O: 1, PlInfo: PL Info (n4896): [27, 22], 0, 37>, <>]

: Source: <NetNode: N: n16181, P: Block (n16181): I: 1, O: 1, PlInfo: PL Info (n16181): [5, 20], 0, 773>, 
	Sinks: [<NetNode: N: n16181, P: Block (n16164): I: 1, O: 1, PlInfo: PL Info (n16164): [8, 22], 0, 746>, <>]

: Source: <NetNode: N: n15097, P: Block (n15097): I: 1, O: 1, PlInfo: PL Info (n15097): [19, 19], 0, 648>, 
	Sinks: [<NetNode: N: n15097, P: Block (n15122): I: 1, O: 1, PlInfo: PL Info (n15122): [28, 25], 0, 379>, <>]

: Source: <NetNode: N: n14166, P: Block (n14166): I: 1, O: 1, PlInfo: PL Info (n14166): [25, 21], 0, 698>, 
	Sinks: [<NetNode: N: n14166, P: Block (n14437): I: 1, O: 1, PlInfo: PL Info (n14437): [36, 24], 0, 472>, <>]

: Source: <NetNode: N: fir.out_temp_add.u1^exp_dn_out~3_FF, P: Block (n1192): I: 1, O: 1, PlInfo: PL Info (n1192): [23, 31], 0, 246>, 
	Sinks: [<NetNode: N: fir.out_temp_add.u1^exp_dn_out~3_FF, P: Block (n1165): I: 1, O: 1, PlInfo: PL Info (n1165): [23, 33], 0, 244>, <>]

: Source: <NetNode: N: n16104, P: Block (n16104): I: 1, O: 1, PlInfo: PL Info (n16104): [1, 24], 0, 883>, 
	Sinks: [<NetNode: N: n16104, P: Block (n16081): I: 1, O: 1, PlInfo: PL Info (n16081): [4, 26], 0, 597>, <>]

: Source: <NetNode: N: n16106, P: Block (n16106): I: 1, O: 1, PlInfo: PL Info (n16106): [1, 22], 0, 866>, 
	Sinks: [<NetNode: N: n16106, P: Block (n16047): I: 1, O: 1, PlInfo: PL Info (n16047): [3, 21], 0, 834>, <>]

: Source: <NetNode: N: n8761_1, P: Block (n8761_1): I: 1, O: 1, PlInfo: PL Info (n8761_1): [3, 7], 0, 314>, 
	Sinks: [<NetNode: N: n8761_1, P: Block (n7948_1): I: 1, O: 1, PlInfo: PL Info (n7948_1): [4, 7], 0, 297>, <>]

: Source: <NetNode: N: n7734, P: Block (n7734): I: 1, O: 1, PlInfo: PL Info (n7734): [4, 13], 0, 386>, 
	Sinks: [<NetNode: N: n7734, P: Block (n7733): I: 1, O: 1, PlInfo: PL Info (n7733): [4, 17], 0, 385>, <NetNode: N: n7734, P: Block (n7752): I: 1, O: 1, PlInfo: PL Info (n7752): [7, 15], 0, 293>, <>]

: Source: <NetNode: N: fir.x2k2_mul.u2^exp_out~3_FF, P: Block (n5314): I: 1, O: 1, PlInfo: PL Info (n5314): [20, 16], 0, 268>, 
	Sinks: [<>]

: Source: <NetNode: N: fir.x0k0_mul.u5^prod~8_FF, P: Block (n7733): I: 1, O: 1, PlInfo: PL Info (n7733): [4, 17], 0, 385>, 
	Sinks: [<NetNode: N: fir.x0k0_mul.u5^prod~8_FF, P: Block (n7970_1): I: 1, O: 1, PlInfo: PL Info (n7970_1): [5, 3], 0, 303>, <NetNode: N: fir.x0k0_mul.u5^prod~8_FF, P: Block (n7703): I: 1, O: 1, PlInfo: PL Info (n7703): [8, 13], 0, 527>, <NetNode: N: fir.x0k0_mul.u5^prod~8_FF, P: Block (n8761_1): I: 1, O: 1, PlInfo: PL Info (n8761_1): [3, 7], 0, 314>, <NetNode: N: fir.x0k0_mul.u5^prod~8_FF, P: Block (n7968): I: 1, O: 1, PlInfo: PL Info (n7968): [7, 5], 0, 302>, <NetNode: N: fir.x0k0_mul.u5^prod~8_FF, P: Block (n8819): I: 1, O: 1, PlInfo: PL Info (n8819): [12, 3], 0, 412>, <NetNode: N: fir.x0k0_mul.u5^prod~8_FF, P: Block (n8892_1): I: 1, O: 1, PlInfo: PL Info (n8892_1): [11, 7], 0, 417>, <NetNode: N: fir.x0k0_mul.u5^prod~8_FF, P: Block (n7669_1): I: 1, O: 1, PlInfo: PL Info (n7669_1): [4, 5], 0, 291>, <NetNode: N: fir.x0k0_mul.u5^prod~8_FF, P: Block (n7982): I: 1, O: 1, PlInfo: PL Info (n7982): [12, 4], 0, 394>, <NetNode: N: fir.x0k0_mul.u5^prod~8_FF, P: Block (n7766): I: 1, O: 1, PlInfo: PL Info (n7766): [7, 8], 0, 390>, <NetNode: N: fir.x0k0_mul.u5^prod~8_FF, P: Block (n8615): I: 1, O: 1, PlInfo: PL Info (n8615): [3, 9], 0, 408>, <NetNode: N: fir.x0k0_mul.u5^prod~8_FF, P: Block (n8249_1): I: 1, O: 1, PlInfo: PL Info (n8249_1): [3, 5], 0, 398>, <NetNode: N: fir.x0k0_mul.u5^prod~8_FF, P: Block (n8898): I: 1, O: 1, PlInfo: PL Info (n8898): [13, 3], 0, 418>, <NetNode: N: fir.x0k0_mul.u5^prod~8_FF, P: Block (n8436): I: 1, O: 1, PlInfo: PL Info (n8436): [11, 15], 0, 793>, <NetNode: N: fir.x0k0_mul.u5^prod~8_FF, P: Block (n8107): I: 1, O: 1, PlInfo: PL Info (n8107): [9, 16], 0, 774>, <NetNode: N: fir.x0k0_mul.u5^prod~8_FF, P: Block (n8330): I: 1, O: 1, PlInfo: PL Info (n8330): [1, 5], 0, 307>, <NetNode: N: fir.x0k0_mul.u5^prod~8_FF, P: Block (n3918): I: 1, O: 1, PlInfo: PL Info (n3918): [8, 8], 0, 32>, <NetNode: N: fir.x0k0_mul.u5^prod~8_FF, P: Block (n8161): I: 1, O: 1, PlInfo: PL Info (n8161): [4, 4], 0, 305>, <NetNode: N: fir.x0k0_mul.u5^prod~8_FF, P: Block (n8123_1): I: 1, O: 1, PlInfo: PL Info (n8123_1): [9, 15], 0, 768>, <NetNode: N: fir.x0k0_mul.u5^prod~8_FF, P: Block (n8592_1): I: 1, O: 1, PlInfo: PL Info (n8592_1): [1, 4], 0, 310>, <NetNode: N: fir.x0k0_mul.u5^prod~8_FF, P: Block (n8848_1): I: 1, O: 1, PlInfo: PL Info (n8848_1): [13, 4], 0, 317>, <NetNode: N: fir.x0k0_mul.u5^prod~8_FF, P: Block (n9082): I: 1, O: 1, PlInfo: PL Info (n9082): [9, 6], 0, 422>, <NetNode: N: fir.x0k0_mul.u5^prod~8_FF, P: Block (n7762_1): I: 1, O: 1, PlInfo: PL Info (n7762_1): [7, 16], 0, 389>, <NetNode: N: fir.x0k0_mul.u5^prod~8_FF, P: Block (n8849_1): I: 1, O: 1, PlInfo: PL Info (n8849_1): [8, 3], 0, 318>, <NetNode: N: fir.x0k0_mul.u5^prod~8_FF, P: Block (n9004_1): I: 1, O: 1, PlInfo: PL Info (n9004_1): [9, 4], 0, 320>, <NetNode: N: fir.x0k0_mul.u5^prod~8_FF, P: Block (n8710): I: 1, O: 1, PlInfo: PL Info (n8710): [3, 6], 0, 312>, <NetNode: N: fir.x0k0_mul.u5^prod~8_FF, P: Block (n7759_1): I: 1, O: 1, PlInfo: PL Info (n7759_1): [7, 12], 0, 388>, <NetNode: N: fir.x0k0_mul.u5^prod~8_FF, P: Block (n8873_1): I: 1, O: 1, PlInfo: PL Info (n8873_1): [12, 2], 0, 536>, <NetNode: N: fir.x0k0_mul.u5^prod~8_FF, P: Block (n8265): I: 1, O: 1, PlInfo: PL Info (n8265): [9, 11], 0, 744>, <NetNode: N: fir.x0k0_mul.u5^prod~8_FF, P: Block (n8821_1): I: 1, O: 1, PlInfo: PL Info (n8821_1): [3, 1], 0, 316>, <NetNode: N: fir.x0k0_mul.u5^prod~8_FF, P: Block (n8275): I: 1, O: 1, PlInfo: PL Info (n8275): [9, 3], 0, 400>, <NetNode: N: fir.x0k0_mul.u5^prod~8_FF, P: Block (n8061): I: 1, O: 1, PlInfo: PL Info (n8061): [12, 7], 0, 685>, <NetNode: N: fir.x0k0_mul.u5^prod~8_FF, P: Block (n8299): I: 1, O: 1, PlInfo: PL Info (n8299): [5, 1], 0, 406>, <NetNode: N: fir.x0k0_mul.u5^prod~8_FF, P: Block (n8845_1): I: 1, O: 1, PlInfo: PL Info (n8845_1): [11, 5], 0, 414>, <NetNode: N: fir.x0k0_mul.u5^prod~8_FF, P: Block (n7961_1): I: 1, O: 1, PlInfo: PL Info (n7961_1): [7, 3], 0, 301>, <NetNode: N: fir.x0k0_mul.u5^prod~8_FF, P: Block (n3892): I: 1, O: 1, PlInfo: PL Info (n3892): [13, 5], 0, 82>, <NetNode: N: fir.x0k0_mul.u5^prod~8_FF, P: Block (n3658): I: 1, O: 1, PlInfo: PL Info (n3658): [9, 8], 0, 29>, <NetNode: N: fir.x0k0_mul.u5^prod~8_FF, P: Block (n3645): I: 1, O: 1, PlInfo: PL Info (n3645): [8, 5], 0, 96>, <>]

: Source: <NetNode: N: fir.add0_add.u1^fracta_out~5_FF, P: Block (n3376): I: 1, O: 1, PlInfo: PL Info (n3376): [16, 13], 0, 54>, 
	Sinks: [<NetNode: N: fir.add0_add.u1^fracta_out~5_FF, P: Block (n3571): I: 1, O: 1, PlInfo: PL Info (n3571): [15, 8], 0, 75>, <NetNode: N: fir.add0_add.u1^fracta_out~5_FF, P: Block (n11661): I: 1, O: 1, PlInfo: PL Info (n11661): [15, 11], 0, 765>, <>]

: Source: <NetNode: N: fir.x1k1_mul^out_o1~15_FF, P: Block (n4462): I: 1, O: 1, PlInfo: PL Info (n4462): [23, 3], 0, 86>, 
	Sinks: [<>]

: Source: <NetNode: N: fir.add0_add^out~23_FF, P: Block (n9396_1): I: 1, O: 1, PlInfo: PL Info (n9396_1): [19, 1], 0, 632>, 
	Sinks: [<NetNode: N: fir.add0_add^out~23_FF, P: Block (n2484): I: 1, O: 1, PlInfo: PL Info (n2484): [24, 28], 0, 77>, <>]

: Source: <NetNode: N: fir.x0k0_mul.u5^prod~14_FF, P: Block (n7730): I: 1, O: 1, PlInfo: PL Info (n7730): [4, 18], 0, 680>, 
	Sinks: [<NetNode: N: fir.x0k0_mul.u5^prod~14_FF, P: Block (n7970_1): I: 1, O: 1, PlInfo: PL Info (n7970_1): [5, 3], 0, 303>, <NetNode: N: fir.x0k0_mul.u5^prod~14_FF, P: Block (n7950): I: 1, O: 1, PlInfo: PL Info (n7950): [8, 4], 0, 298>, <NetNode: N: fir.x0k0_mul.u5^prod~14_FF, P: Block (n8761_1): I: 1, O: 1, PlInfo: PL Info (n8761_1): [3, 7], 0, 314>, <NetNode: N: fir.x0k0_mul.u5^prod~14_FF, P: Block (n7733): I: 1, O: 1, PlInfo: PL Info (n7733): [4, 17], 0, 385>, <NetNode: N: fir.x0k0_mul.u5^prod~14_FF, P: Block (n8819): I: 1, O: 1, PlInfo: PL Info (n8819): [12, 3], 0, 412>, <NetNode: N: fir.x0k0_mul.u5^prod~14_FF, P: Block (n7669_1): I: 1, O: 1, PlInfo: PL Info (n7669_1): [4, 5], 0, 291>, <NetNode: N: fir.x0k0_mul.u5^prod~14_FF, P: Block (n8835): I: 1, O: 1, PlInfo: PL Info (n8835): [3, 13], 0, 413>, <NetNode: N: fir.x0k0_mul.u5^prod~14_FF, P: Block (n8622): I: 1, O: 1, PlInfo: PL Info (n8622): [8, 17], 0, 770>, <NetNode: N: fir.x0k0_mul.u5^prod~14_FF, P: Block (n8852): I: 1, O: 1, PlInfo: PL Info (n8852): [5, 2], 0, 415>, <NetNode: N: fir.x0k0_mul.u5^prod~14_FF, P: Block (n7766): I: 1, O: 1, PlInfo: PL Info (n7766): [7, 8], 0, 390>, <NetNode: N: fir.x0k0_mul.u5^prod~14_FF, P: Block (n8615): I: 1, O: 1, PlInfo: PL Info (n8615): [3, 9], 0, 408>, <NetNode: N: fir.x0k0_mul.u5^prod~14_FF, P: Block (n8184_1): I: 1, O: 1, PlInfo: PL Info (n8184_1): [9, 17], 0, 775>, <NetNode: N: fir.x0k0_mul.u5^prod~14_FF, P: Block (n8638): I: 1, O: 1, PlInfo: PL Info (n8638): [11, 16], 0, 815>, <NetNode: N: fir.x0k0_mul.u5^prod~14_FF, P: Block (n655): I: 1, O: 1, PlInfo: PL Info (n655): [9, 5], 0, 28>, <NetNode: N: fir.x0k0_mul.u5^prod~14_FF, P: Block (n8333): I: 1, O: 1, PlInfo: PL Info (n8333): [11, 11], 0, 623>, <NetNode: N: fir.x0k0_mul.u5^prod~14_FF, P: Block (n8161): I: 1, O: 1, PlInfo: PL Info (n8161): [4, 4], 0, 305>, <NetNode: N: fir.x0k0_mul.u5^prod~14_FF, P: Block (n7951_1): I: 1, O: 1, PlInfo: PL Info (n7951_1): [4, 6], 0, 299>, <NetNode: N: fir.x0k0_mul.u5^prod~14_FF, P: Block (n8173): I: 1, O: 1, PlInfo: PL Info (n8173): [7, 6], 0, 306>, <NetNode: N: fir.x0k0_mul.u5^prod~14_FF, P: Block (n3723): I: 1, O: 1, PlInfo: PL Info (n3723): [8, 1], 0, 98>, <NetNode: N: fir.x0k0_mul.u5^prod~14_FF, P: Block (n9082): I: 1, O: 1, PlInfo: PL Info (n9082): [9, 6], 0, 422>, <NetNode: N: fir.x0k0_mul.u5^prod~14_FF, P: Block (n7762_1): I: 1, O: 1, PlInfo: PL Info (n7762_1): [7, 16], 0, 389>, <NetNode: N: fir.x0k0_mul.u5^prod~14_FF, P: Block (n3788): I: 1, O: 1, PlInfo: PL Info (n3788): [12, 5], 0, 100>, <NetNode: N: fir.x0k0_mul.u5^prod~14_FF, P: Block (n7786_1): I: 1, O: 1, PlInfo: PL Info (n7786_1): [5, 15], 0, 294>, <NetNode: N: fir.x0k0_mul.u5^prod~14_FF, P: Block (n7850): I: 1, O: 1, PlInfo: PL Info (n7850): [3, 16], 0, 530>, <NetNode: N: fir.x0k0_mul.u5^prod~14_FF, P: Block (n8703): I: 1, O: 1, PlInfo: PL Info (n8703): [4, 1], 0, 311>, <NetNode: N: fir.x0k0_mul.u5^prod~14_FF, P: Block (n8292_1): I: 1, O: 1, PlInfo: PL Info (n8292_1): [11, 1], 0, 402>, <NetNode: N: fir.x0k0_mul.u5^prod~14_FF, P: Block (n8873_1): I: 1, O: 1, PlInfo: PL Info (n8873_1): [12, 2], 0, 536>, <NetNode: N: fir.x0k0_mul.u5^prod~14_FF, P: Block (n8458): I: 1, O: 1, PlInfo: PL Info (n8458): [8, 16], 0, 777>, <NetNode: N: fir.x0k0_mul.u5^prod~14_FF, P: Block (n8692): I: 1, O: 1, PlInfo: PL Info (n8692): [4, 8], 0, 411>, <NetNode: N: fir.x0k0_mul.u5^prod~14_FF, P: Block (n3814): I: 1, O: 1, PlInfo: PL Info (n3814): [11, 8], 0, 30>, <NetNode: N: fir.x0k0_mul.u5^prod~14_FF, P: Block (n9102): I: 1, O: 1, PlInfo: PL Info (n9102): [7, 7], 0, 322>, <NetNode: N: fir.x0k0_mul.u5^prod~14_FF, P: Block (n8821_1): I: 1, O: 1, PlInfo: PL Info (n8821_1): [3, 1], 0, 316>, <NetNode: N: fir.x0k0_mul.u5^prod~14_FF, P: Block (n8283): I: 1, O: 1, PlInfo: PL Info (n8283): [9, 2], 0, 401>, <NetNode: N: fir.x0k0_mul.u5^prod~14_FF, P: Block (n8275): I: 1, O: 1, PlInfo: PL Info (n8275): [9, 3], 0, 400>, <NetNode: N: fir.x0k0_mul.u5^prod~14_FF, P: Block (n8061): I: 1, O: 1, PlInfo: PL Info (n8061): [12, 7], 0, 685>, <NetNode: N: fir.x0k0_mul.u5^prod~14_FF, P: Block (n8845_1): I: 1, O: 1, PlInfo: PL Info (n8845_1): [11, 5], 0, 414>, <NetNode: N: fir.x0k0_mul.u5^prod~14_FF, P: Block (n3671): I: 1, O: 1, PlInfo: PL Info (n3671): [7, 4], 0, 97>, <>]

: Source: <NetNode: N: n13909, P: Block (n13909): I: 1, O: 1, PlInfo: PL Info (n13909): [20, 18], 0, 612>, 
	Sinks: [<NetNode: N: n13909, P: Block (n13904): I: 1, O: 1, PlInfo: PL Info (n13904): [25, 20], 0, 461>, <>]

: Source: <NetNode: N: fir.add0_add.u1^fracta_out~4_FF, P: Block (n3371): I: 1, O: 1, PlInfo: PL Info (n3371): [15, 13], 0, 53>, 
	Sinks: [<NetNode: N: fir.add0_add.u1^fracta_out~4_FF, P: Block (n3571): I: 1, O: 1, PlInfo: PL Info (n3571): [15, 8], 0, 75>, <>]

: Source: <NetNode: N: n13904, P: Block (n13904): I: 1, O: 1, PlInfo: PL Info (n13904): [25, 20], 0, 461>, 
	Sinks: [<>]

: Source: <NetNode: N: n12814, P: Block (n12814): I: 1, O: 1, PlInfo: PL Info (n12814): [29, 1], 0, 441>, 
	Sinks: [<>]

: Source: <NetNode: N: n13903, P: Block (n13903): I: 1, O: 1, PlInfo: PL Info (n13903): [24, 22], 0, 554>, 
	Sinks: [<NetNode: N: n13903, P: Block (n13904): I: 1, O: 1, PlInfo: PL Info (n13904): [25, 20], 0, 461>, <>]

: Source: <NetNode: N: fir.add0_add.u1^exp_dn_out~0_FF, P: Block (n3139): I: 1, O: 1, PlInfo: PL Info (n3139): [19, 8], 0, 249>, 
	Sinks: [<NetNode: N: fir.add0_add.u1^exp_dn_out~0_FF, P: Block (n2993): I: 1, O: 1, PlInfo: PL Info (n2993): [17, 6], 0, 224>, <>]

: Source: <NetNode: N: n13901, P: Block (n13901): I: 1, O: 1, PlInfo: PL Info (n13901): [21, 23], 0, 737>, 
	Sinks: [<NetNode: N: n13901, P: Block (n14166): I: 1, O: 1, PlInfo: PL Info (n14166): [25, 21], 0, 698>, <NetNode: N: n13901, P: Block (n13896): I: 1, O: 1, PlInfo: PL Info (n13896): [24, 20], 0, 356>, <NetNode: N: n13901, P: Block (n13818): I: 1, O: 1, PlInfo: PL Info (n13818): [23, 20], 0, 353>, <>]

: Source: <NetNode: N: n9252_1, P: Block (n9252_1): I: 1, O: 1, PlInfo: PL Info (n9252_1): [15, 2], 0, 796>, 
	Sinks: [<NetNode: N: n9252_1, P: Block (n3476): I: 1, O: 1, PlInfo: PL Info (n3476): [19, 7], 0, 73>, <>]

: Source: <NetNode: N: n16596, P: Block (n16596): I: 1, O: 1, PlInfo: PL Info (n16596): [3, 32], 0, 604>, 
	Sinks: [<NetNode: N: n16596, P: Block (n5486): I: 1, O: 1, PlInfo: PL Info (n5486): [11, 34], 0, 12>, <>]

: Source: <NetNode: N: fir.add0_add.u1^fracta_out~3_FF, P: Block (n3366): I: 1, O: 1, PlInfo: PL Info (n3366): [16, 14], 0, 52>, 
	Sinks: [<NetNode: N: fir.add0_add.u1^fracta_out~3_FF, P: Block (n3571): I: 1, O: 1, PlInfo: PL Info (n3571): [15, 8], 0, 75>, <NetNode: N: fir.add0_add.u1^fracta_out~3_FF, P: Block (n3371): I: 1, O: 1, PlInfo: PL Info (n3371): [15, 13], 0, 53>, <NetNode: N: fir.add0_add.u1^fracta_out~3_FF, P: Block (n2684): I: 1, O: 1, PlInfo: PL Info (n2684): [15, 5], 0, 196>, <>]

: Source: <NetNode: N: fir.out_temp_add.u1^exp_dn_out~2_FF, P: Block (n1183): I: 1, O: 1, PlInfo: PL Info (n1183): [19, 31], 0, 245>, 
	Sinks: [<NetNode: N: fir.out_temp_add.u1^exp_dn_out~2_FF, P: Block (n1165): I: 1, O: 1, PlInfo: PL Info (n1165): [23, 33], 0, 244>, <>]

: Source: <NetNode: N: fir.x1k1_mul.u2^exp_out~1_FF, P: Block (n4693): I: 1, O: 1, PlInfo: PL Info (n4693): [21, 10], 0, 255>, 
	Sinks: [<NetNode: N: fir.x1k1_mul.u2^exp_out~1_FF, P: Block (n4711): I: 1, O: 1, PlInfo: PL Info (n4711): [24, 10], 0, 267>, <>]

: Source: <NetNode: N: fir.add1_add^out_o1~27_FF, P: Block (n2032): I: 1, O: 1, PlInfo: PL Info (n2032): [32, 30], 0, 236>, 
	Sinks: [<>]

: Source: <NetNode: N: n10627, P: Block (n10627): I: 1, O: 1, PlInfo: PL Info (n10627): [16, 32], 0, 756>, 
	Sinks: [<NetNode: N: n10627, P: Block (n1392): I: 1, O: 1, PlInfo: PL Info (n1392): [16, 31], 0, 131>, <>]

: Source: <NetNode: N: fir.add1_add^fract_out_q~10_FF, P: Block (n2279): I: 1, O: 1, PlInfo: PL Info (n2279): [32, 33], 0, 271>, 
	Sinks: [<NetNode: N: fir.add1_add^fract_out_q~10_FF, P: Block (n2244): I: 1, O: 1, PlInfo: PL Info (n2244): [32, 31], 0, 277>, <NetNode: N: fir.add1_add^fract_out_q~10_FF, P: Block (n9737_1): I: 1, O: 1, PlInfo: PL Info (n9737_1): [35, 36], 0, 651>, <NetNode: N: fir.add1_add^fract_out_q~10_FF, P: Block (n2032): I: 1, O: 1, PlInfo: PL Info (n2032): [32, 30], 0, 236>, <NetNode: N: fir.add1_add^fract_out_q~10_FF, P: Block (n9739): I: 1, O: 1, PlInfo: PL Info (n9739): [36, 35], 0, 652>, <NetNode: N: fir.add1_add^fract_out_q~10_FF, P: Block (n1814): I: 1, O: 1, PlInfo: PL Info (n1814): [31, 33], 0, 127>, <NetNode: N: fir.add1_add^fract_out_q~10_FF, P: Block (n1723): I: 1, O: 1, PlInfo: PL Info (n1723): [33, 30], 0, 126>, <NetNode: N: fir.add1_add^fract_out_q~10_FF, P: Block (n1775): I: 1, O: 1, PlInfo: PL Info (n1775): [36, 34], 0, 208>, <NetNode: N: fir.add1_add^fract_out_q~10_FF, P: Block (n9834): I: 1, O: 1, PlInfo: PL Info (n9834): [31, 35], 0, 655>, <NetNode: N: fir.add1_add^fract_out_q~10_FF, P: Block (n9786): I: 1, O: 1, PlInfo: PL Info (n9786): [32, 34], 0, 653>, <NetNode: N: fir.add1_add^fract_out_q~10_FF, P: Block (n1671): I: 1, O: 1, PlInfo: PL Info (n1671): [35, 31], 0, 225>, <>]

: Source: <NetNode: N: n7968, P: Block (n7968): I: 1, O: 1, PlInfo: PL Info (n7968): [7, 5], 0, 302>, 
	Sinks: [<NetNode: N: n7968, P: Block (n7950): I: 1, O: 1, PlInfo: PL Info (n7950): [8, 4], 0, 298>, <NetNode: N: n7968, P: Block (n7945): I: 1, O: 1, PlInfo: PL Info (n7945): [5, 6], 0, 296>, <NetNode: N: n7968, P: Block (n8761_1): I: 1, O: 1, PlInfo: PL Info (n8761_1): [3, 7], 0, 314>, <NetNode: N: n7968, P: Block (n7994): I: 1, O: 1, PlInfo: PL Info (n7994): [5, 5], 0, 304>, <NetNode: N: n7968, P: Block (n7669_1): I: 1, O: 1, PlInfo: PL Info (n7669_1): [4, 5], 0, 291>, <NetNode: N: n7968, P: Block (n7982): I: 1, O: 1, PlInfo: PL Info (n7982): [12, 4], 0, 394>, <NetNode: N: n7968, P: Block (n8852): I: 1, O: 1, PlInfo: PL Info (n8852): [5, 2], 0, 415>, <NetNode: N: n7968, P: Block (n7766): I: 1, O: 1, PlInfo: PL Info (n7766): [7, 8], 0, 390>, <NetNode: N: n7968, P: Block (n8086_1): I: 1, O: 1, PlInfo: PL Info (n8086_1): [11, 4], 0, 532>, <NetNode: N: n7968, P: Block (n8406): I: 1, O: 1, PlInfo: PL Info (n8406): [4, 11], 0, 309>, <NetNode: N: n7968, P: Block (n8896_1): I: 1, O: 1, PlInfo: PL Info (n8896_1): [13, 2], 0, 537>, <NetNode: N: n7968, P: Block (n8330): I: 1, O: 1, PlInfo: PL Info (n8330): [1, 5], 0, 307>, <NetNode: N: n7968, P: Block (n8161): I: 1, O: 1, PlInfo: PL Info (n8161): [4, 4], 0, 305>, <NetNode: N: n7968, P: Block (n3710): I: 1, O: 1, PlInfo: PL Info (n3710): [8, 2], 0, 4>, <NetNode: N: n7968, P: Block (n8399): I: 1, O: 1, PlInfo: PL Info (n8399): [3, 3], 0, 308>, <NetNode: N: n7968, P: Block (n8173): I: 1, O: 1, PlInfo: PL Info (n8173): [7, 6], 0, 306>, <NetNode: N: n7968, P: Block (n8592_1): I: 1, O: 1, PlInfo: PL Info (n8592_1): [1, 4], 0, 310>, <NetNode: N: n7968, P: Block (n8396_1): I: 1, O: 1, PlInfo: PL Info (n8396_1): [8, 10], 0, 407>, <NetNode: N: n7968, P: Block (n8167_1): I: 1, O: 1, PlInfo: PL Info (n8167_1): [12, 1], 0, 395>, <NetNode: N: n7968, P: Block (n8849_1): I: 1, O: 1, PlInfo: PL Info (n8849_1): [8, 3], 0, 318>, <NetNode: N: n7968, P: Block (n8918): I: 1, O: 1, PlInfo: PL Info (n8918): [9, 9], 0, 419>, <NetNode: N: n7968, P: Block (n8703): I: 1, O: 1, PlInfo: PL Info (n8703): [4, 1], 0, 311>, <NetNode: N: n7968, P: Block (n8292_1): I: 1, O: 1, PlInfo: PL Info (n8292_1): [11, 1], 0, 402>, <NetNode: N: n7968, P: Block (n8775): I: 1, O: 1, PlInfo: PL Info (n8775): [4, 3], 0, 315>, <NetNode: N: n7968, P: Block (n8225): I: 1, O: 1, PlInfo: PL Info (n8225): [3, 4], 0, 534>, <NetNode: N: n7968, P: Block (n8245): I: 1, O: 1, PlInfo: PL Info (n8245): [11, 2], 0, 397>, <NetNode: N: n7968, P: Block (n8257): I: 1, O: 1, PlInfo: PL Info (n8257): [8, 6], 0, 399>, <NetNode: N: n7968, P: Block (n8821_1): I: 1, O: 1, PlInfo: PL Info (n8821_1): [3, 1], 0, 316>, <NetNode: N: n7968, P: Block (n8283): I: 1, O: 1, PlInfo: PL Info (n8283): [9, 2], 0, 401>, <NetNode: N: n7968, P: Block (n8869_1): I: 1, O: 1, PlInfo: PL Info (n8869_1): [9, 10], 0, 535>, <NetNode: N: n7968, P: Block (n8616_1): I: 1, O: 1, PlInfo: PL Info (n8616_1): [1, 6], 0, 409>, <NetNode: N: n7968, P: Block (n8296): I: 1, O: 1, PlInfo: PL Info (n8296): [4, 2], 0, 404>, <NetNode: N: n7968, P: Block (n7961_1): I: 1, O: 1, PlInfo: PL Info (n7961_1): [7, 3], 0, 301>, <>]

: Source: <NetNode: N: n7725, P: Block (n7725): I: 1, O: 1, PlInfo: PL Info (n7725): [3, 17], 0, 592>, 
	Sinks: [<NetNode: N: n7725, P: Block (n7733): I: 1, O: 1, PlInfo: PL Info (n7733): [4, 17], 0, 385>, <>]

: Source: <NetNode: N: n8819, P: Block (n8819): I: 1, O: 1, PlInfo: PL Info (n8819): [12, 3], 0, 412>, 
	Sinks: [<NetNode: N: n8819, P: Block (n8975): I: 1, O: 1, PlInfo: PL Info (n8975): [1, 3], 0, 319>, <>]

: Source: <NetNode: N: fir.add0_add.u1^fracta_out~8_FF, P: Block (n3391): I: 1, O: 1, PlInfo: PL Info (n3391): [17, 13], 0, 57>, 
	Sinks: [<NetNode: N: fir.add0_add.u1^fracta_out~8_FF, P: Block (n3571): I: 1, O: 1, PlInfo: PL Info (n3571): [15, 8], 0, 75>, <NetNode: N: fir.add0_add.u1^fracta_out~8_FF, P: Block (n3546): I: 1, O: 1, PlInfo: PL Info (n3546): [16, 8], 0, 74>, <>]

: Source: <NetNode: N: fir.x3k3_mul^out_o1~8_FF, P: Block (n5577): I: 1, O: 1, PlInfo: PL Info (n5577): [11, 31], 0, 17>, 
	Sinks: [<>]

: Source: <NetNode: N: fir.add0_add.u1^exp_dn_out~2_FF, P: Block (n3157): I: 1, O: 1, PlInfo: PL Info (n3157): [20, 8], 0, 251>, 
	Sinks: [<NetNode: N: fir.add0_add.u1^exp_dn_out~2_FF, P: Block (n3139): I: 1, O: 1, PlInfo: PL Info (n3139): [19, 8], 0, 249>, <>]

: Source: <NetNode: N: n7752, P: Block (n7752): I: 1, O: 1, PlInfo: PL Info (n7752): [7, 15], 0, 293>, 
	Sinks: [<NetNode: N: n7752, P: Block (n3993): I: 1, O: 1, PlInfo: PL Info (n3993): [5, 9], 0, 114>, <NetNode: N: n7752, P: Block (n7895): I: 1, O: 1, PlInfo: PL Info (n7895): [4, 12], 0, 295>, <>]

: Source: <NetNode: N: n7994, P: Block (n7994): I: 1, O: 1, PlInfo: PL Info (n7994): [5, 5], 0, 304>, 
	Sinks: [<NetNode: N: n7994, P: Block (n8761_1): I: 1, O: 1, PlInfo: PL Info (n8761_1): [3, 7], 0, 314>, <NetNode: N: n7994, P: Block (n8819): I: 1, O: 1, PlInfo: PL Info (n8819): [12, 3], 0, 412>, <NetNode: N: n7994, P: Block (n8835): I: 1, O: 1, PlInfo: PL Info (n8835): [3, 13], 0, 413>, <NetNode: N: n7994, P: Block (n8852): I: 1, O: 1, PlInfo: PL Info (n8852): [5, 2], 0, 415>, <NetNode: N: n7994, P: Block (n7766): I: 1, O: 1, PlInfo: PL Info (n7766): [7, 8], 0, 390>, <NetNode: N: n7994, P: Block (n8201): I: 1, O: 1, PlInfo: PL Info (n8201): [7, 2], 0, 396>, <NetNode: N: n7994, P: Block (n655): I: 1, O: 1, PlInfo: PL Info (n655): [9, 5], 0, 28>, <NetNode: N: n7994, P: Block (n3710): I: 1, O: 1, PlInfo: PL Info (n3710): [8, 2], 0, 4>, <NetNode: N: n7994, P: Block (n8399): I: 1, O: 1, PlInfo: PL Info (n8399): [3, 3], 0, 308>, <NetNode: N: n7994, P: Block (n7951_1): I: 1, O: 1, PlInfo: PL Info (n7951_1): [4, 6], 0, 299>, <NetNode: N: n7994, P: Block (n8592_1): I: 1, O: 1, PlInfo: PL Info (n8592_1): [1, 4], 0, 310>, <NetNode: N: n7994, P: Block (n3775): I: 1, O: 1, PlInfo: PL Info (n3775): [11, 9], 0, 99>, <NetNode: N: n7994, P: Block (n8167_1): I: 1, O: 1, PlInfo: PL Info (n8167_1): [12, 1], 0, 395>, <NetNode: N: n7994, P: Block (n8703): I: 1, O: 1, PlInfo: PL Info (n8703): [4, 1], 0, 311>, <NetNode: N: n7994, P: Block (n8710): I: 1, O: 1, PlInfo: PL Info (n8710): [3, 6], 0, 312>, <NetNode: N: n7994, P: Block (n8975): I: 1, O: 1, PlInfo: PL Info (n8975): [1, 3], 0, 319>, <NetNode: N: n7994, P: Block (n8292_1): I: 1, O: 1, PlInfo: PL Info (n8292_1): [11, 1], 0, 402>, <NetNode: N: n7994, P: Block (n8999): I: 1, O: 1, PlInfo: PL Info (n8999): [7, 9], 0, 421>, <NetNode: N: n7994, P: Block (n8775): I: 1, O: 1, PlInfo: PL Info (n8775): [4, 3], 0, 315>, <NetNode: N: n7994, P: Block (n8873_1): I: 1, O: 1, PlInfo: PL Info (n8873_1): [12, 2], 0, 536>, <NetNode: N: n7994, P: Block (n8225): I: 1, O: 1, PlInfo: PL Info (n8225): [3, 4], 0, 534>, <NetNode: N: n7994, P: Block (n8691): I: 1, O: 1, PlInfo: PL Info (n8691): [3, 2], 0, 410>, <NetNode: N: n7994, P: Block (n8061): I: 1, O: 1, PlInfo: PL Info (n8061): [12, 7], 0, 685>, <NetNode: N: n7994, P: Block (n8616_1): I: 1, O: 1, PlInfo: PL Info (n8616_1): [1, 6], 0, 409>, <NetNode: N: n7994, P: Block (n8299): I: 1, O: 1, PlInfo: PL Info (n8299): [5, 1], 0, 406>, <NetNode: N: n7994, P: Block (n8296): I: 1, O: 1, PlInfo: PL Info (n8296): [4, 2], 0, 404>, <NetNode: N: n7994, P: Block (n7961_1): I: 1, O: 1, PlInfo: PL Info (n7961_1): [7, 3], 0, 301>, <NetNode: N: n7994, P: Block (n3671): I: 1, O: 1, PlInfo: PL Info (n3671): [7, 4], 0, 97>, <>]

: Source: <NetNode: N: fir.add0_add.u1^fracta_out~9_FF, P: Block (n3396): I: 1, O: 1, PlInfo: PL Info (n3396): [17, 10], 0, 58>, 
	Sinks: [<NetNode: N: fir.add0_add.u1^fracta_out~9_FF, P: Block (n3571): I: 1, O: 1, PlInfo: PL Info (n3571): [15, 8], 0, 75>, <NetNode: N: fir.add0_add.u1^fracta_out~9_FF, P: Block (n3546): I: 1, O: 1, PlInfo: PL Info (n3546): [16, 8], 0, 74>, <>]

: Source: <NetNode: N: fir.x2k2_mul.u2^exp_out~5_FF, P: Block (n5332): I: 1, O: 1, PlInfo: PL Info (n5332): [19, 16], 0, 258>, 
	Sinks: [<NetNode: N: fir.x2k2_mul.u2^exp_out~5_FF, P: Block (n5314): I: 1, O: 1, PlInfo: PL Info (n5314): [20, 16], 0, 268>, <>]

: Source: <NetNode: N: n11227_1, P: Block (n11227_1): I: 1, O: 1, PlInfo: PL Info (n11227_1): [20, 27], 0, 727>, 
	Sinks: [<NetNode: N: n11227_1, P: Block (n2384): I: 1, O: 1, PlInfo: PL Info (n2384): [25, 28], 0, 154>, <>]

: Source: <NetNode: N: n8892_1, P: Block (n8892_1): I: 1, O: 1, PlInfo: PL Info (n8892_1): [11, 7], 0, 417>, 
	Sinks: [<NetNode: N: n8892_1, P: Block (n3658): I: 1, O: 1, PlInfo: PL Info (n3658): [9, 8], 0, 29>, <>]

: Source: <NetNode: N: fir.x0k0_mul^out_o1~27_FF, P: Block (n4006): I: 1, O: 1, PlInfo: PL Info (n4006): [5, 11], 0, 177>, 
	Sinks: [<>]

: Source: <NetNode: N: n7757, P: Block (n7757): I: 1, O: 1, PlInfo: PL Info (n7757): [7, 13], 0, 387>, 
	Sinks: [<NetNode: N: n7757, P: Block (n3980): I: 1, O: 1, PlInfo: PL Info (n3980): [5, 12], 0, 180>, <NetNode: N: n7757, P: Block (n7786_1): I: 1, O: 1, PlInfo: PL Info (n7786_1): [5, 15], 0, 294>, <>]

: Source: <NetNode: N: n7669_1, P: Block (n7669_1): I: 1, O: 1, PlInfo: PL Info (n7669_1): [4, 5], 0, 291>, 
	Sinks: [<NetNode: N: n7669_1, P: Block (n7970_1): I: 1, O: 1, PlInfo: PL Info (n7970_1): [5, 3], 0, 303>, <NetNode: N: n7669_1, P: Block (n7982): I: 1, O: 1, PlInfo: PL Info (n7982): [12, 4], 0, 394>, <NetNode: N: n7669_1, P: Block (n7766): I: 1, O: 1, PlInfo: PL Info (n7766): [7, 8], 0, 390>, <NetNode: N: n7669_1, P: Block (n8399): I: 1, O: 1, PlInfo: PL Info (n8399): [3, 3], 0, 308>, <NetNode: N: n7669_1, P: Block (n9005_1): I: 1, O: 1, PlInfo: PL Info (n9005_1): [8, 7], 0, 321>, <NetNode: N: n7669_1, P: Block (n3723): I: 1, O: 1, PlInfo: PL Info (n3723): [8, 1], 0, 98>, <NetNode: N: n7669_1, P: Block (n7960_1): I: 1, O: 1, PlInfo: PL Info (n7960_1): [5, 4], 0, 300>, <NetNode: N: n7669_1, P: Block (n8167_1): I: 1, O: 1, PlInfo: PL Info (n8167_1): [12, 1], 0, 395>, <NetNode: N: n7669_1, P: Block (n3788): I: 1, O: 1, PlInfo: PL Info (n3788): [12, 5], 0, 100>, <NetNode: N: n7669_1, P: Block (n8292_1): I: 1, O: 1, PlInfo: PL Info (n8292_1): [11, 1], 0, 402>, <NetNode: N: n7669_1, P: Block (n8775): I: 1, O: 1, PlInfo: PL Info (n8775): [4, 3], 0, 315>, <NetNode: N: n7669_1, P: Block (n8691): I: 1, O: 1, PlInfo: PL Info (n8691): [3, 2], 0, 410>, <NetNode: N: n7669_1, P: Block (n9102): I: 1, O: 1, PlInfo: PL Info (n9102): [7, 7], 0, 322>, <NetNode: N: n7669_1, P: Block (n8275): I: 1, O: 1, PlInfo: PL Info (n8275): [9, 3], 0, 400>, <NetNode: N: n7669_1, P: Block (n3840): I: 1, O: 1, PlInfo: PL Info (n3840): [13, 6], 0, 102>, <NetNode: N: n7669_1, P: Block (n8845_1): I: 1, O: 1, PlInfo: PL Info (n8845_1): [11, 5], 0, 414>, <NetNode: N: n7669_1, P: Block (n3645): I: 1, O: 1, PlInfo: PL Info (n3645): [8, 5], 0, 96>, <>]

: Source: <NetNode: N: n16133, P: Block (n16133): I: 1, O: 1, PlInfo: PL Info (n16133): [3, 31], 0, 514>, 
	Sinks: [<NetNode: N: n16133, P: Block (n15958): I: 1, O: 1, PlInfo: PL Info (n15958): [3, 30], 0, 513>, <>]

: Source: <NetNode: N: fir.add0_add.u1^fracta_out~6_FF, P: Block (n3381): I: 1, O: 1, PlInfo: PL Info (n3381): [19, 14], 0, 55>, 
	Sinks: [<NetNode: N: fir.add0_add.u1^fracta_out~6_FF, P: Block (n3571): I: 1, O: 1, PlInfo: PL Info (n3571): [15, 8], 0, 75>, <NetNode: N: fir.add0_add.u1^fracta_out~6_FF, P: Block (n11661): I: 1, O: 1, PlInfo: PL Info (n11661): [15, 11], 0, 765>, <>]

: Source: <NetNode: N: fir.x1k1_mul^out_o1~16_FF, P: Block (n4475): I: 1, O: 1, PlInfo: PL Info (n4475): [23, 4], 0, 6>, 
	Sinks: [<NetNode: N: fir.x1k1_mul^out_o1~16_FF, P: Block (n12580): I: 1, O: 1, PlInfo: PL Info (n12580): [28, 5], 0, 431>, <>]

: Source: <NetNode: N: fir.x3k3_mul^out_o1~7_FF, P: Block (n5564): I: 1, O: 1, PlInfo: PL Info (n5564): [12, 31], 0, 16>, 
	Sinks: [<>]

: Source: <NetNode: N: fir.add0_add.u1^fracta_out~7_FF, P: Block (n3386): I: 1, O: 1, PlInfo: PL Info (n3386): [17, 12], 0, 56>, 
	Sinks: [<NetNode: N: fir.add0_add.u1^fracta_out~7_FF, P: Block (n3571): I: 1, O: 1, PlInfo: PL Info (n3571): [15, 8], 0, 75>, <NetNode: N: fir.add0_add.u1^fracta_out~7_FF, P: Block (n3546): I: 1, O: 1, PlInfo: PL Info (n3546): [16, 8], 0, 74>, <>]

: Source: <NetNode: N: fir.add1_add^out_o1~29_FF, P: Block (n2058): I: 1, O: 1, PlInfo: PL Info (n2058): [32, 29], 0, 238>, 
	Sinks: [<NetNode: N: fir.add1_add^out_o1~29_FF, P: Block (n2244): I: 1, O: 1, PlInfo: PL Info (n2244): [32, 31], 0, 277>, <>]

: Source: <NetNode: N: n7982, P: Block (n7982): I: 1, O: 1, PlInfo: PL Info (n7982): [12, 4], 0, 394>, 
	Sinks: [<NetNode: N: n7982, P: Block (n7994): I: 1, O: 1, PlInfo: PL Info (n7994): [5, 5], 0, 304>, <NetNode: N: n7982, P: Block (n3918): I: 1, O: 1, PlInfo: PL Info (n3918): [8, 8], 0, 32>, <NetNode: N: n7982, P: Block (n3775): I: 1, O: 1, PlInfo: PL Info (n3775): [11, 9], 0, 99>, <NetNode: N: n7982, P: Block (n8245): I: 1, O: 1, PlInfo: PL Info (n8245): [11, 2], 0, 397>, <NetNode: N: n7982, P: Block (n8297_1): I: 1, O: 1, PlInfo: PL Info (n8297_1): [7, 1], 0, 405>, <NetNode: N: n7982, P: Block (n8283): I: 1, O: 1, PlInfo: PL Info (n8283): [9, 2], 0, 401>, <NetNode: N: n7982, P: Block (n3892): I: 1, O: 1, PlInfo: PL Info (n3892): [13, 5], 0, 82>, <>]

: Source: <NetNode: N: fir.x3k3_mul.u5^prod~10_FF, P: Block (fir.x3k3_mul.u5^prod1~10_FF): I: 1, O: 1, PlInfo: PL Info (fir.x3k3_mul.u5^prod1~10_FF): [9, 21], 0, 906>, 
	Sinks: [<NetNode: N: fir.x3k3_mul.u5^prod~10_FF, P: Block (n16392): I: 1, O: 1, PlInfo: PL Info (n16392): [4, 28], 0, 522>, <NetNode: N: fir.x3k3_mul.u5^prod~10_FF, P: Block (n16157): I: 1, O: 1, PlInfo: PL Info (n16157): [3, 28], 0, 628>, <NetNode: N: fir.x3k3_mul.u5^prod~10_FF, P: Block (n5525): I: 1, O: 1, PlInfo: PL Info (n5525): [13, 32], 0, 14>, <NetNode: N: fir.x3k3_mul.u5^prod~10_FF, P: Block (n16133): I: 1, O: 1, PlInfo: PL Info (n16133): [3, 31], 0, 514>, <NetNode: N: fir.x3k3_mul.u5^prod~10_FF, P: Block (n16384): I: 1, O: 1, PlInfo: PL Info (n16384): [5, 29], 0, 578>, <NetNode: N: fir.x3k3_mul.u5^prod~10_FF, P: Block (n16143): I: 1, O: 1, PlInfo: PL Info (n16143): [4, 30], 0, 577>, <NetNode: N: fir.x3k3_mul.u5^prod~10_FF, P: Block (n15924): I: 1, O: 1, PlInfo: PL Info (n15924): [4, 34], 0, 512>, <NetNode: N: fir.x3k3_mul.u5^prod~10_FF, P: Block (n15927): I: 1, O: 1, PlInfo: PL Info (n15927): [5, 35], 0, 573>, <NetNode: N: fir.x3k3_mul.u5^prod~10_FF, P: Block (n15852): I: 1, O: 1, PlInfo: PL Info (n15852): [7, 34], 0, 571>, <NetNode: N: fir.x3k3_mul.u5^prod~10_FF, P: Block (n15645): I: 1, O: 1, PlInfo: PL Info (n15645): [11, 32], 0, 497>, <NetNode: N: fir.x3k3_mul.u5^prod~10_FF, P: Block (n15405): I: 1, O: 1, PlInfo: PL Info (n15405): [11, 28], 0, 567>, <NetNode: N: fir.x3k3_mul.u5^prod~10_FF, P: Block (n16307): I: 1, O: 1, PlInfo: PL Info (n16307): [9, 31], 0, 518>, <NetNode: N: fir.x3k3_mul.u5^prod~10_FF, P: Block (n16323): I: 1, O: 1, PlInfo: PL Info (n16323): [8, 34], 0, 520>, <NetNode: N: fir.x3k3_mul.u5^prod~10_FF, P: Block (n16576): I: 1, O: 1, PlInfo: PL Info (n16576): [11, 33], 0, 600>, <NetNode: N: fir.x3k3_mul.u5^prod~10_FF, P: Block (n15411): I: 1, O: 1, PlInfo: PL Info (n15411): [12, 22], 0, 526>, <NetNode: N: fir.x3k3_mul.u5^prod~10_FF, P: Block (n15665): I: 1, O: 1, PlInfo: PL Info (n15665): [7, 28], 0, 569>, <NetNode: N: fir.x3k3_mul.u5^prod~10_FF, P: Block (n15427): I: 1, O: 1, PlInfo: PL Info (n15427): [8, 23], 0, 614>, <NetNode: N: fir.x3k3_mul.u5^prod~10_FF, P: Block (n5707): I: 1, O: 1, PlInfo: PL Info (n5707): [13, 30], 0, 24>, <NetNode: N: fir.x3k3_mul.u5^prod~10_FF, P: Block (n15680): I: 1, O: 1, PlInfo: PL Info (n15680): [8, 31], 0, 507>, <NetNode: N: fir.x3k3_mul.u5^prod~10_FF, P: Block (n16771): I: 1, O: 1, PlInfo: PL Info (n16771): [5, 23], 0, 718>, <NetNode: N: fir.x3k3_mul.u5^prod~10_FF, P: Block (n15688): I: 1, O: 1, PlInfo: PL Info (n15688): [5, 30], 0, 508>, <NetNode: N: fir.x3k3_mul.u5^prod~10_FF, P: Block (n16037): I: 1, O: 1, PlInfo: PL Info (n16037): [4, 25], 0, 668>, <NetNode: N: fir.x3k3_mul.u5^prod~10_FF, P: Block (n5655): I: 1, O: 1, PlInfo: PL Info (n5655): [9, 30], 0, 20>, <NetNode: N: fir.x3k3_mul.u5^prod~10_FF, P: Block (n15389): I: 1, O: 1, PlInfo: PL Info (n15389): [8, 24], 0, 649>, <NetNode: N: fir.x3k3_mul.u5^prod~10_FF, P: Block (n15390): I: 1, O: 1, PlInfo: PL Info (n15390): [8, 25], 0, 627>, <NetNode: N: fir.x3k3_mul.u5^prod~10_FF, P: Block (n16498): I: 1, O: 1, PlInfo: PL Info (n16498): [13, 31], 0, 598>, <NetNode: N: fir.x3k3_mul.u5^prod~10_FF, P: Block (n16256): I: 1, O: 1, PlInfo: PL Info (n16256): [5, 24], 0, 837>, <NetNode: N: fir.x3k3_mul.u5^prod~10_FF, P: Block (n5486): I: 1, O: 1, PlInfo: PL Info (n5486): [11, 34], 0, 12>, <NetNode: N: fir.x3k3_mul.u5^prod~10_FF, P: Block (n16088): I: 1, O: 1, PlInfo: PL Info (n16088): [9, 33], 0, 576>, <NetNode: N: fir.x3k3_mul.u5^prod~10_FF, P: Block (n16803): I: 1, O: 1, PlInfo: PL Info (n16803): [7, 36], 0, 591>, <NetNode: N: fir.x3k3_mul.u5^prod~10_FF, P: Block (n15361): I: 1, O: 1, PlInfo: PL Info (n15361): [12, 24], 0, 565>, <NetNode: N: fir.x3k3_mul.u5^prod~10_FF, P: Block (n16698): I: 1, O: 1, PlInfo: PL Info (n16698): [11, 36], 0, 589>, <NetNode: N: fir.x3k3_mul.u5^prod~10_FF, P: Block (n16630): I: 1, O: 1, PlInfo: PL Info (n16630): [9, 36], 0, 583>, <NetNode: N: fir.x3k3_mul.u5^prod~10_FF, P: Block (n16634): I: 1, O: 1, PlInfo: PL Info (n16634): [12, 35], 0, 585>, <NetNode: N: fir.x3k3_mul.u5^prod~10_FF, P: Block (n15549): I: 1, O: 1, PlInfo: PL Info (n15549): [11, 22], 0, 493>, <NetNode: N: fir.x3k3_mul.u5^prod~10_FF, P: Block (n15556): I: 1, O: 1, PlInfo: PL Info (n15556): [11, 23], 0, 494>, <NetNode: N: fir.x3k3_mul.u5^prod~10_FF, P: Block (n16648): I: 1, O: 1, PlInfo: PL Info (n16648): [12, 33], 0, 586>, <>]

: Source: <NetNode: N: fir.x3k3_mul^out~10_FF, P: Block (n10604): I: 1, O: 1, PlInfo: PL Info (n10604): [15, 36], 0, 670>, 
	Sinks: [<NetNode: N: fir.x3k3_mul^out~10_FF, P: Block (n1442): I: 1, O: 1, PlInfo: PL Info (n1442): [19, 36], 0, 139>, <>]

: Source: <NetNode: N: n10843, P: Block (n10843): I: 1, O: 1, PlInfo: PL Info (n10843): [13, 35], 0, 839>, 
	Sinks: [<NetNode: N: n10843, P: Block (n1512): I: 1, O: 1, PlInfo: PL Info (n1512): [16, 27], 0, 216>, <>]

: Source: <NetNode: N: fir.add0_add.u1^exp_dn_out~1_FF, P: Block (n3148): I: 1, O: 1, PlInfo: PL Info (n3148): [20, 10], 0, 250>, 
	Sinks: [<NetNode: N: fir.add0_add.u1^exp_dn_out~1_FF, P: Block (n3139): I: 1, O: 1, PlInfo: PL Info (n3139): [19, 8], 0, 249>, <>]

: Source: <NetNode: N: n8835, P: Block (n8835): I: 1, O: 1, PlInfo: PL Info (n8835): [3, 13], 0, 413>, 
	Sinks: [<NetNode: N: n8835, P: Block (n8592_1): I: 1, O: 1, PlInfo: PL Info (n8592_1): [1, 4], 0, 310>, <>]

: Source: <NetNode: N: n16384, P: Block (n16384): I: 1, O: 1, PlInfo: PL Info (n16384): [5, 29], 0, 578>, 
	Sinks: [<NetNode: N: n16384, P: Block (n16143): I: 1, O: 1, PlInfo: PL Info (n16143): [4, 30], 0, 577>, <>]

: Source: <NetNode: N: n16143, P: Block (n16143): I: 1, O: 1, PlInfo: PL Info (n16143): [4, 30], 0, 577>, 
	Sinks: [<>]

: Source: <NetNode: N: n15055, P: Block (n15055): I: 1, O: 1, PlInfo: PL Info (n15055): [17, 26], 0, 880>, 
	Sinks: [<NetNode: N: n15055, P: Block (n14252): I: 1, O: 1, PlInfo: PL Info (n14252): [25, 24], 0, 465>, <>]

: Source: <NetNode: N: n16387, P: Block (n16387): I: 1, O: 1, PlInfo: PL Info (n16387): [3, 34], 0, 706>, 
	Sinks: [<NetNode: N: n16387, P: Block (n15673): I: 1, O: 1, PlInfo: PL Info (n15673): [5, 31], 0, 505>, <>]

: Source: <NetNode: N: fir.x3k3_mul^out_o1~9_FF, P: Block (n5590): I: 1, O: 1, PlInfo: PL Info (n5590): [15, 29], 0, 44>, 
	Sinks: [<>]

: Source: <NetNode: N: n8622, P: Block (n8622): I: 1, O: 1, PlInfo: PL Info (n8622): [8, 17], 0, 770>, 
	Sinks: [<NetNode: N: n8622, P: Block (n8615): I: 1, O: 1, PlInfo: PL Info (n8615): [3, 9], 0, 408>, <>]

: Source: <NetNode: N: n7948_1, P: Block (n7948_1): I: 1, O: 1, PlInfo: PL Info (n7948_1): [4, 7], 0, 297>, 
	Sinks: [<NetNode: N: n7948_1, P: Block (n7970_1): I: 1, O: 1, PlInfo: PL Info (n7970_1): [5, 3], 0, 303>, <NetNode: N: n7948_1, P: Block (n7950): I: 1, O: 1, PlInfo: PL Info (n7950): [8, 4], 0, 298>, <NetNode: N: n7948_1, P: Block (n8924_1): I: 1, O: 1, PlInfo: PL Info (n8924_1): [9, 1], 0, 420>, <NetNode: N: n7948_1, P: Block (n7945): I: 1, O: 1, PlInfo: PL Info (n7945): [5, 6], 0, 296>, <NetNode: N: n7948_1, P: Block (n7968): I: 1, O: 1, PlInfo: PL Info (n7968): [7, 5], 0, 302>, <NetNode: N: n7948_1, P: Block (n7994): I: 1, O: 1, PlInfo: PL Info (n7994): [5, 5], 0, 304>, <NetNode: N: n7948_1, P: Block (n7669_1): I: 1, O: 1, PlInfo: PL Info (n7669_1): [4, 5], 0, 291>, <NetNode: N: n7948_1, P: Block (n7982): I: 1, O: 1, PlInfo: PL Info (n7982): [12, 4], 0, 394>, <NetNode: N: n7948_1, P: Block (n8249_1): I: 1, O: 1, PlInfo: PL Info (n8249_1): [3, 5], 0, 398>, <NetNode: N: n7948_1, P: Block (n8201): I: 1, O: 1, PlInfo: PL Info (n8201): [7, 2], 0, 396>, <NetNode: N: n7948_1, P: Block (n8161): I: 1, O: 1, PlInfo: PL Info (n8161): [4, 4], 0, 305>, <NetNode: N: n7948_1, P: Block (n9005_1): I: 1, O: 1, PlInfo: PL Info (n9005_1): [8, 7], 0, 321>, <NetNode: N: n7948_1, P: Block (n7951_1): I: 1, O: 1, PlInfo: PL Info (n7951_1): [4, 6], 0, 299>, <NetNode: N: n7948_1, P: Block (n8173): I: 1, O: 1, PlInfo: PL Info (n8173): [7, 6], 0, 306>, <NetNode: N: n7948_1, P: Block (n7960_1): I: 1, O: 1, PlInfo: PL Info (n7960_1): [5, 4], 0, 300>, <NetNode: N: n7948_1, P: Block (n9004_1): I: 1, O: 1, PlInfo: PL Info (n9004_1): [9, 4], 0, 320>, <NetNode: N: n7948_1, P: Block (n8710): I: 1, O: 1, PlInfo: PL Info (n8710): [3, 6], 0, 312>, <NetNode: N: n7948_1, P: Block (n8225): I: 1, O: 1, PlInfo: PL Info (n8225): [3, 4], 0, 534>, <NetNode: N: n7948_1, P: Block (n8257): I: 1, O: 1, PlInfo: PL Info (n8257): [8, 6], 0, 399>, <NetNode: N: n7948_1, P: Block (n8821_1): I: 1, O: 1, PlInfo: PL Info (n8821_1): [3, 1], 0, 316>, <NetNode: N: n7948_1, P: Block (n7961_1): I: 1, O: 1, PlInfo: PL Info (n7961_1): [7, 3], 0, 301>, <NetNode: N: n7948_1, P: Block (n3645): I: 1, O: 1, PlInfo: PL Info (n3645): [8, 5], 0, 96>, <NetNode: N: n7948_1, P: Block (n3671): I: 1, O: 1, PlInfo: PL Info (n3671): [7, 4], 0, 97>, <>]

: Source: <NetNode: N: n14803, P: Block (n14803): I: 1, O: 1, PlInfo: PL Info (n14803): [33, 19], 0, 375>, 
	Sinks: [<NetNode: N: n14803, P: Block (n14761): I: 1, O: 1, PlInfo: PL Info (n14761): [36, 17], 0, 374>, <>]

: Source: <NetNode: N: fir.add1_add^out_o1~31_FF, P: Block (n2084): I: 1, O: 1, PlInfo: PL Info (n2084): [36, 31], 0, 27>, 
	Sinks: [<NetNode: N: fir.add1_add^out_o1~31_FF, P: Block (n1710): I: 1, O: 1, PlInfo: PL Info (n1710): [36, 30], 0, 125>, <>]

: Source: <NetNode: N: n12857, P: Block (n12857): I: 1, O: 1, PlInfo: PL Info (n12857): [33, 3], 0, 345>, 
	Sinks: [<NetNode: N: n12857, P: Block (n4514): I: 1, O: 1, PlInfo: PL Info (n4514): [23, 6], 0, 35>, <>]

: Source: <NetNode: N: n12614, P: Block (n12614): I: 1, O: 1, PlInfo: PL Info (n12614): [27, 6], 0, 433>, 
	Sinks: [<NetNode: N: n12614, P: Block (n4462): I: 1, O: 1, PlInfo: PL Info (n4462): [23, 3], 0, 86>, <NetNode: N: n12614, P: Block (n4252): I: 1, O: 1, PlInfo: PL Info (n4252): [35, 3], 0, 83>, <NetNode: N: n12614, P: Block (n13443): I: 1, O: 1, PlInfo: PL Info (n13443): [33, 8], 0, 545>, <NetNode: N: n12614, P: Block (n4553): I: 1, O: 1, PlInfo: PL Info (n4553): [24, 7], 0, 88>, <NetNode: N: n12614, P: Block (n12528): I: 1, O: 1, PlInfo: PL Info (n12528): [28, 4], 0, 336>, <NetNode: N: n12614, P: Block (n13329): I: 1, O: 1, PlInfo: PL Info (n13329): [28, 6], 0, 449>, <NetNode: N: n12614, P: Block (n13323): I: 1, O: 1, PlInfo: PL Info (n13323): [24, 2], 0, 447>, <NetNode: N: n12614, P: Block (n13321): I: 1, O: 1, PlInfo: PL Info (n13321): [35, 2], 0, 446>, <>]

: Source: <NetNode: N: fir.x2k2_mul.u2^inf_FF, P: Block (n5359): I: 1, O: 1, PlInfo: PL Info (n5359): [13, 18], 0, 264>, 
	Sinks: [<NetNode: N: fir.x2k2_mul.u2^inf_FF, P: Block (n2589): I: 1, O: 1, PlInfo: PL Info (n2589): [27, 17], 0, 172>, <>]

: Source: <NetNode: N: n10675, P: Block (n10675): I: 1, O: 1, PlInfo: PL Info (n10675): [15, 28], 0, 721>, 
	Sinks: [<NetNode: N: n10675, P: Block (n1422): I: 1, O: 1, PlInfo: PL Info (n1422): [16, 35], 0, 135>, <>]

: Source: <NetNode: N: fir.out_temp_add^out_o1~7_FF, P: Block (n815): I: 1, O: 1, PlInfo: PL Info (n815): [27, 35], 0, 221>, 
	Sinks: [<>]

: Source: <NetNode: N: n8852, P: Block (n8852): I: 1, O: 1, PlInfo: PL Info (n8852): [5, 2], 0, 415>, 
	Sinks: [<NetNode: N: n8852, P: Block (n655): I: 1, O: 1, PlInfo: PL Info (n655): [9, 5], 0, 28>, <>]

: Source: <NetNode: N: n14810, P: Block (n14810): I: 1, O: 1, PlInfo: PL Info (n14810): [35, 17], 0, 477>, 
	Sinks: [<NetNode: N: n14810, P: Block (n14761): I: 1, O: 1, PlInfo: PL Info (n14761): [36, 17], 0, 374>, <>]

: Source: <NetNode: N: n8855, P: Block (n8855): I: 1, O: 1, PlInfo: PL Info (n8855): [3, 8], 0, 702>, 
	Sinks: [<NetNode: N: n8855, P: Block (n655): I: 1, O: 1, PlInfo: PL Info (n655): [9, 5], 0, 28>, <>]

: Source: <NetNode: N: fir.x2k2_mul^out_o1~18_FF, P: Block (n5104): I: 1, O: 1, PlInfo: PL Info (n5104): [28, 24], 0, 42>, 
	Sinks: [<>]

: Source: <NetNode: N: n7766, P: Block (n7766): I: 1, O: 1, PlInfo: PL Info (n7766): [7, 8], 0, 390>, 
	Sinks: [<NetNode: N: n7766, P: Block (n7757): I: 1, O: 1, PlInfo: PL Info (n7757): [7, 13], 0, 387>, <NetNode: N: n7766, P: Block (n7786_1): I: 1, O: 1, PlInfo: PL Info (n7786_1): [5, 15], 0, 294>, <>]

: Source: <NetNode: N: n8086_1, P: Block (n8086_1): I: 1, O: 1, PlInfo: PL Info (n8086_1): [11, 4], 0, 532>, 
	Sinks: [<NetNode: N: n8086_1, P: Block (n3866): I: 1, O: 1, PlInfo: PL Info (n3866): [11, 6], 0, 31>, <>]

: Source: <NetNode: N: fir^x_reg15~26_FF, P: Block (fir^x_reg14~26_FF): I: 1, O: 1, PlInfo: PL Info (fir^x_reg14~26_FF): [13, 17], 0, 945>, 
	Sinks: [<>]

: Source: <NetNode: N: fir.x1k1_mul^out_o1~0_FF, P: Block (n4252): I: 1, O: 1, PlInfo: PL Info (n4252): [35, 3], 0, 83>, 
	Sinks: [<>]

: Source: <NetNode: N: n13938, P: Block (n13938): I: 1, O: 1, PlInfo: PL Info (n13938): [20, 19], 0, 462>, 
	Sinks: [<NetNode: N: n13938, P: Block (n13896): I: 1, O: 1, PlInfo: PL Info (n13896): [24, 20], 0, 356>, <>]

: Source: <NetNode: N: fir.x0k0_mul^out_o1~28_FF, P: Block (n4019): I: 1, O: 1, PlInfo: PL Info (n4019): [9, 13], 0, 217>, 
	Sinks: [<NetNode: N: fir.x0k0_mul^out_o1~28_FF, P: Block (fir.x0k0_mul^out~28_FF): I: 1, O: 1, PlInfo: PL Info (fir.x0k0_mul^out~28_FF): [21, 11], 0, 931>, <>]

: Source: <NetNode: N: n13935, P: Block (n13935): I: 1, O: 1, PlInfo: PL Info (n13935): [24, 18], 0, 555>, 
	Sinks: [<NetNode: N: n13935, P: Block (n13884): I: 1, O: 1, PlInfo: PL Info (n13884): [21, 17], 0, 460>, <>]

: Source: <NetNode: N: n10582_1, P: Block (n10582_1): I: 1, O: 1, PlInfo: PL Info (n10582_1): [17, 36], 0, 669>, 
	Sinks: [<NetNode: N: n10582_1, P: Block (n1427): I: 1, O: 1, PlInfo: PL Info (n1427): [17, 35], 0, 136>, <>]

: Source: <NetNode: N: n12846, P: Block (n12846): I: 1, O: 1, PlInfo: PL Info (n12846): [33, 10], 0, 712>, 
	Sinks: [<NetNode: N: n12846, P: Block (n4436): I: 1, O: 1, PlInfo: PL Info (n4436): [25, 7], 0, 106>, <>]

: Source: <NetNode: N: n12602, P: Block (n12602): I: 1, O: 1, PlInfo: PL Info (n12602): [23, 8], 0, 881>, 
	Sinks: [<NetNode: N: n12602, P: Block (n4570): I: 1, O: 1, PlInfo: PL Info (n4570): [33, 9], 0, 119>, <>]

: Source: <NetNode: N: n8615, P: Block (n8615): I: 1, O: 1, PlInfo: PL Info (n8615): [3, 9], 0, 408>, 
	Sinks: [<NetNode: N: n8615, P: Block (n8330): I: 1, O: 1, PlInfo: PL Info (n8330): [1, 5], 0, 307>, <>]

: Source: <NetNode: N: fir.x1k1_mul.u5^prod~5_FF, P: Block (fir.x1k1_mul.u5^prod1~5_FF): I: 1, O: 1, PlInfo: PL Info (fir.x1k1_mul.u5^prod1~5_FF): [25, 14], 0, 918>, 
	Sinks: [<NetNode: N: fir.x1k1_mul.u5^prod~5_FF, P: Block (n4423): I: 1, O: 1, PlInfo: PL Info (n4423): [28, 7], 0, 34>, <NetNode: N: fir.x1k1_mul.u5^prod~5_FF, P: Block (n4436): I: 1, O: 1, PlInfo: PL Info (n4436): [25, 7], 0, 106>, <NetNode: N: fir.x1k1_mul.u5^prod~5_FF, P: Block (n4462): I: 1, O: 1, PlInfo: PL Info (n4462): [23, 3], 0, 86>, <NetNode: N: fir.x1k1_mul.u5^prod~5_FF, P: Block (n12814): I: 1, O: 1, PlInfo: PL Info (n12814): [29, 1], 0, 441>, <NetNode: N: fir.x1k1_mul.u5^prod~5_FF, P: Block (n12857): I: 1, O: 1, PlInfo: PL Info (n12857): [33, 3], 0, 345>, <NetNode: N: fir.x1k1_mul.u5^prod~5_FF, P: Block (n4252): I: 1, O: 1, PlInfo: PL Info (n4252): [35, 3], 0, 83>, <NetNode: N: fir.x1k1_mul.u5^prod~5_FF, P: Block (n12897): I: 1, O: 1, PlInfo: PL Info (n12897): [35, 4], 0, 442>, <NetNode: N: fir.x1k1_mul.u5^prod~5_FF, P: Block (n12580): I: 1, O: 1, PlInfo: PL Info (n12580): [28, 5], 0, 431>, <NetNode: N: fir.x1k1_mul.u5^prod~5_FF, P: Block (n13669): I: 1, O: 1, PlInfo: PL Info (n13669): [27, 4], 0, 454>, <NetNode: N: fir.x1k1_mul.u5^prod~5_FF, P: Block (n13425): I: 1, O: 1, PlInfo: PL Info (n13425): [28, 2], 0, 543>, <NetNode: N: fir.x1k1_mul.u5^prod~5_FF, P: Block (n12576): I: 1, O: 1, PlInfo: PL Info (n12576): [32, 4], 0, 343>, <NetNode: N: fir.x1k1_mul.u5^prod~5_FF, P: Block (n12334): I: 1, O: 1, PlInfo: PL Info (n12334): [29, 13], 0, 538>, <NetNode: N: fir.x1k1_mul.u5^prod~5_FF, P: Block (n12789): I: 1, O: 1, PlInfo: PL Info (n12789): [24, 3], 0, 439>, <NetNode: N: fir.x1k1_mul.u5^prod~5_FF, P: Block (n13636): I: 1, O: 1, PlInfo: PL Info (n13636): [32, 1], 0, 453>, <NetNode: N: fir.x1k1_mul.u5^prod~5_FF, P: Block (n13205): I: 1, O: 1, PlInfo: PL Info (n13205): [31, 15], 0, 832>, <NetNode: N: fir.x1k1_mul.u5^prod~5_FF, P: Block (n12583): I: 1, O: 1, PlInfo: PL Info (n12583): [32, 5], 0, 432>, <NetNode: N: fir.x1k1_mul.u5^prod~5_FF, P: Block (n13012): I: 1, O: 1, PlInfo: PL Info (n13012): [28, 9], 0, 541>, <NetNode: N: fir.x1k1_mul.u5^prod~5_FF, P: Block (n13253): I: 1, O: 1, PlInfo: PL Info (n13253): [23, 7], 0, 688>, <NetNode: N: fir.x1k1_mul.u5^prod~5_FF, P: Block (n13073): I: 1, O: 1, PlInfo: PL Info (n13073): [32, 7], 0, 350>, <NetNode: N: fir.x1k1_mul.u5^prod~5_FF, P: Block (n13072): I: 1, O: 1, PlInfo: PL Info (n13072): [35, 6], 0, 349>, <NetNode: N: fir.x1k1_mul.u5^prod~5_FF, P: Block (n13068): I: 1, O: 1, PlInfo: PL Info (n13068): [33, 5], 0, 444>, <NetNode: N: fir.x1k1_mul.u5^prod~5_FF, P: Block (n13066): I: 1, O: 1, PlInfo: PL Info (n13066): [29, 8], 0, 443>, <NetNode: N: fir.x1k1_mul.u5^prod~5_FF, P: Block (n4358): I: 1, O: 1, PlInfo: PL Info (n4358): [31, 3], 0, 84>, <NetNode: N: fir.x1k1_mul.u5^prod~5_FF, P: Block (n13625): I: 1, O: 1, PlInfo: PL Info (n13625): [32, 3], 0, 451>, <NetNode: N: fir.x1k1_mul.u5^prod~5_FF, P: Block (n12527): I: 1, O: 1, PlInfo: PL Info (n12527): [32, 6], 0, 335>, <NetNode: N: fir.x1k1_mul.u5^prod~5_FF, P: Block (n12524): I: 1, O: 1, PlInfo: PL Info (n12524): [31, 7], 0, 333>, <NetNode: N: fir.x1k1_mul.u5^prod~5_FF, P: Block (n13519): I: 1, O: 1, PlInfo: PL Info (n13519): [24, 6], 0, 548>, <NetNode: N: fir.x1k1_mul.u5^prod~5_FF, P: Block (n13591): I: 1, O: 1, PlInfo: PL Info (n13591): [25, 3], 0, 552>, <NetNode: N: fir.x1k1_mul.u5^prod~5_FF, P: Block (n13579): I: 1, O: 1, PlInfo: PL Info (n13579): [32, 2], 0, 551>, <NetNode: N: fir.x1k1_mul.u5^prod~5_FF, P: Block (n13328): I: 1, O: 1, PlInfo: PL Info (n13328): [35, 7], 0, 448>, <NetNode: N: fir.x1k1_mul.u5^prod~5_FF, P: Block (n13394): I: 1, O: 1, PlInfo: PL Info (n13394): [33, 4], 0, 542>, <NetNode: N: fir.x1k1_mul.u5^prod~5_FF, P: Block (n12280): I: 1, O: 1, PlInfo: PL Info (n12280): [27, 11], 0, 425>, <NetNode: N: fir.x1k1_mul.u5^prod~5_FF, P: Block (n12279): I: 1, O: 1, PlInfo: PL Info (n12279): [24, 12], 0, 424>, <NetNode: N: fir.x1k1_mul.u5^prod~5_FF, P: Block (n13360): I: 1, O: 1, PlInfo: PL Info (n13360): [31, 6], 0, 352>, <NetNode: N: fir.x1k1_mul.u5^prod~5_FF, P: Block (n13359): I: 1, O: 1, PlInfo: PL Info (n13359): [32, 10], 0, 351>, <>]

: Source: <NetNode: N: n9949, P: Block (n9949): I: 1, O: 1, PlInfo: PL Info (n9949): [28, 35], 0, 639>, 
	Sinks: [<NetNode: N: n9949, P: Block (n1572): I: 1, O: 1, PlInfo: PL Info (n1572): [20, 34], 0, 149>, <NetNode: N: n9949, P: Block (n1592): I: 1, O: 1, PlInfo: PL Info (n1592): [21, 35], 0, 150>, <NetNode: N: n9949, P: Block (n1602): I: 1, O: 1, PlInfo: PL Info (n1602): [21, 34], 0, 151>, <>]

: Source: <NetNode: N: fir.x0k0_mul^out~23_FF, P: Block (n11991): I: 1, O: 1, PlInfo: PL Info (n11991): [19, 12], 0, 720>, 
	Sinks: [<NetNode: N: fir.x0k0_mul^out~23_FF, P: Block (n3406): I: 1, O: 1, PlInfo: PL Info (n3406): [19, 11], 0, 60>, <>]

: Source: <NetNode: N: fir.out_temp_add^out_o1~6_FF, P: Block (n802): I: 1, O: 1, PlInfo: PL Info (n802): [25, 36], 0, 187>, 
	Sinks: [<>]

: Source: <NetNode: N: fir.x1k1_mul^out_o1~1_FF, P: Block (n4280): I: 1, O: 1, PlInfo: PL Info (n4280): [33, 2], 0, 103>, 
	Sinks: [<>]

: Source: <NetNode: N: n8785_1, P: Block (n8785_1): I: 1, O: 1, PlInfo: PL Info (n8785_1): [1, 11], 0, 624>, 
	Sinks: [<NetNode: N: n8785_1, P: Block (n8592_1): I: 1, O: 1, PlInfo: PL Info (n8592_1): [1, 4], 0, 310>, <>]

: Source: <NetNode: N: n8887, P: Block (n8887): I: 1, O: 1, PlInfo: PL Info (n8887): [12, 12], 0, 882>, 
	Sinks: [<NetNode: N: n8887, P: Block (n8869_1): I: 1, O: 1, PlInfo: PL Info (n8869_1): [9, 10], 0, 535>, <>]

: Source: <NetNode: N: fir.x0k0_mul.u5^prod~31_FF, P: Block (n8647): I: 1, O: 1, PlInfo: PL Info (n8647): [1, 14], 0, 817>, 
	Sinks: [<NetNode: N: fir.x0k0_mul.u5^prod~31_FF, P: Block (n8924_1): I: 1, O: 1, PlInfo: PL Info (n8924_1): [9, 1], 0, 420>, <NetNode: N: fir.x0k0_mul.u5^prod~31_FF, P: Block (n7945): I: 1, O: 1, PlInfo: PL Info (n7945): [5, 6], 0, 296>, <NetNode: N: fir.x0k0_mul.u5^prod~31_FF, P: Block (n7703): I: 1, O: 1, PlInfo: PL Info (n7703): [8, 13], 0, 527>, <NetNode: N: fir.x0k0_mul.u5^prod~31_FF, P: Block (n7776_1): I: 1, O: 1, PlInfo: PL Info (n7776_1): [4, 16], 0, 392>, <NetNode: N: fir.x0k0_mul.u5^prod~31_FF, P: Block (n7733): I: 1, O: 1, PlInfo: PL Info (n7733): [4, 17], 0, 385>, <NetNode: N: fir.x0k0_mul.u5^prod~31_FF, P: Block (n7968): I: 1, O: 1, PlInfo: PL Info (n7968): [7, 5], 0, 302>, <NetNode: N: fir.x0k0_mul.u5^prod~31_FF, P: Block (n7982): I: 1, O: 1, PlInfo: PL Info (n7982): [12, 4], 0, 394>, <NetNode: N: fir.x0k0_mul.u5^prod~31_FF, P: Block (n8835): I: 1, O: 1, PlInfo: PL Info (n8835): [3, 13], 0, 413>, <NetNode: N: fir.x0k0_mul.u5^prod~31_FF, P: Block (n8855): I: 1, O: 1, PlInfo: PL Info (n8855): [3, 8], 0, 702>, <NetNode: N: fir.x0k0_mul.u5^prod~31_FF, P: Block (n8981_1): I: 1, O: 1, PlInfo: PL Info (n8981_1): [12, 9], 0, 741>, <NetNode: N: fir.x0k0_mul.u5^prod~31_FF, P: Block (n8293_1): I: 1, O: 1, PlInfo: PL Info (n8293_1): [3, 10], 0, 403>, <NetNode: N: fir.x0k0_mul.u5^prod~31_FF, P: Block (n8744_1): I: 1, O: 1, PlInfo: PL Info (n8744_1): [1, 15], 0, 844>, <NetNode: N: fir.x0k0_mul.u5^prod~31_FF, P: Block (n8399): I: 1, O: 1, PlInfo: PL Info (n8399): [3, 3], 0, 308>, <NetNode: N: fir.x0k0_mul.u5^prod~31_FF, P: Block (n7997_1): I: 1, O: 1, PlInfo: PL Info (n7997_1): [1, 7], 0, 695>, <NetNode: N: fir.x0k0_mul.u5^prod~31_FF, P: Block (n9058): I: 1, O: 1, PlInfo: PL Info (n9058): [1, 8], 0, 742>, <NetNode: N: fir.x0k0_mul.u5^prod~31_FF, P: Block (n9082): I: 1, O: 1, PlInfo: PL Info (n9082): [9, 6], 0, 422>, <NetNode: N: fir.x0k0_mul.u5^prod~31_FF, P: Block (n8167_1): I: 1, O: 1, PlInfo: PL Info (n8167_1): [12, 1], 0, 395>, <NetNode: N: fir.x0k0_mul.u5^prod~31_FF, P: Block (n3697): I: 1, O: 1, PlInfo: PL Info (n3697): [9, 7], 0, 81>, <NetNode: N: fir.x0k0_mul.u5^prod~31_FF, P: Block (n7786_1): I: 1, O: 1, PlInfo: PL Info (n7786_1): [5, 15], 0, 294>, <NetNode: N: fir.x0k0_mul.u5^prod~31_FF, P: Block (n9048_1): I: 1, O: 1, PlInfo: PL Info (n9048_1): [1, 2], 0, 732>, <NetNode: N: fir.x0k0_mul.u5^prod~31_FF, P: Block (n7827): I: 1, O: 1, PlInfo: PL Info (n7827): [3, 12], 0, 529>, <NetNode: N: fir.x0k0_mul.u5^prod~31_FF, P: Block (n8918): I: 1, O: 1, PlInfo: PL Info (n8918): [9, 9], 0, 419>, <NetNode: N: fir.x0k0_mul.u5^prod~31_FF, P: Block (n8746): I: 1, O: 1, PlInfo: PL Info (n8746): [1, 9], 0, 819>, <NetNode: N: fir.x0k0_mul.u5^prod~31_FF, P: Block (n8506): I: 1, O: 1, PlInfo: PL Info (n8506): [3, 11], 0, 797>, <NetNode: N: fir.x0k0_mul.u5^prod~31_FF, P: Block (n8753_1): I: 1, O: 1, PlInfo: PL Info (n8753_1): [1, 10], 0, 854>, <NetNode: N: fir.x0k0_mul.u5^prod~31_FF, P: Block (n8192_1): I: 1, O: 1, PlInfo: PL Info (n8192_1): [12, 8], 0, 533>, <NetNode: N: fir.x0k0_mul.u5^prod~31_FF, P: Block (n8794): I: 1, O: 1, PlInfo: PL Info (n8794): [1, 17], 0, 820>, <NetNode: N: fir.x0k0_mul.u5^prod~31_FF, P: Block (n8360_1): I: 1, O: 1, PlInfo: PL Info (n8360_1): [11, 17], 0, 826>, <NetNode: N: fir.x0k0_mul.u5^prod~31_FF, P: Block (n8245): I: 1, O: 1, PlInfo: PL Info (n8245): [11, 2], 0, 397>, <NetNode: N: fir.x0k0_mul.u5^prod~31_FF, P: Block (n7681_1): I: 1, O: 1, PlInfo: PL Info (n7681_1): [4, 14], 0, 292>, <NetNode: N: fir.x0k0_mul.u5^prod~31_FF, P: Block (n8265): I: 1, O: 1, PlInfo: PL Info (n8265): [9, 11], 0, 744>, <NetNode: N: fir.x0k0_mul.u5^prod~31_FF, P: Block (n8501_1): I: 1, O: 1, PlInfo: PL Info (n8501_1): [1, 16], 0, 795>, <NetNode: N: fir.x0k0_mul.u5^prod~31_FF, P: Block (n9106): I: 1, O: 1, PlInfo: PL Info (n9106): [4, 10], 0, 323>, <NetNode: N: fir.x0k0_mul.u5^prod~31_FF, P: Block (n8495): I: 1, O: 1, PlInfo: PL Info (n8495): [8, 11], 0, 853>, <NetNode: N: fir.x0k0_mul.u5^prod~31_FF, P: Block (n8045): I: 1, O: 1, PlInfo: PL Info (n8045): [11, 10], 0, 701>, <NetNode: N: fir.x0k0_mul.u5^prod~31_FF, P: Block (n8275): I: 1, O: 1, PlInfo: PL Info (n8275): [9, 3], 0, 400>, <NetNode: N: fir.x0k0_mul.u5^prod~31_FF, P: Block (n3840): I: 1, O: 1, PlInfo: PL Info (n3840): [13, 6], 0, 102>, <NetNode: N: fir.x0k0_mul.u5^prod~31_FF, P: Block (n8484_1): I: 1, O: 1, PlInfo: PL Info (n8484_1): [1, 12], 0, 789>, <>]

: Source: <NetNode: N: fir.x0k0_mul^out_o1~30_FF, P: Block (n4045): I: 1, O: 1, PlInfo: PL Info (n4045): [5, 10], 0, 175>, 
	Sinks: [<NetNode: N: fir.x0k0_mul^out_o1~30_FF, P: Block (n3157): I: 1, O: 1, PlInfo: PL Info (n3157): [20, 8], 0, 251>, <>]

: Source: <NetNode: N: fir.x0k0_mul.u5^prod~2_FF, P: Block (fir.x0k0_mul.u5^prod1~2_FF): I: 1, O: 1, PlInfo: PL Info (fir.x0k0_mul.u5^prod1~2_FF): [8, 18], 0, 923>, 
	Sinks: [<NetNode: N: fir.x0k0_mul.u5^prod~2_FF, P: Block (n7970_1): I: 1, O: 1, PlInfo: PL Info (n7970_1): [5, 3], 0, 303>, <NetNode: N: fir.x0k0_mul.u5^prod~2_FF, P: Block (n7950): I: 1, O: 1, PlInfo: PL Info (n7950): [8, 4], 0, 298>, <NetNode: N: fir.x0k0_mul.u5^prod~2_FF, P: Block (n8924_1): I: 1, O: 1, PlInfo: PL Info (n8924_1): [9, 1], 0, 420>, <NetNode: N: fir.x0k0_mul.u5^prod~2_FF, P: Block (n7945): I: 1, O: 1, PlInfo: PL Info (n7945): [5, 6], 0, 296>, <NetNode: N: fir.x0k0_mul.u5^prod~2_FF, P: Block (n8761_1): I: 1, O: 1, PlInfo: PL Info (n8761_1): [3, 7], 0, 314>, <NetNode: N: fir.x0k0_mul.u5^prod~2_FF, P: Block (n8819): I: 1, O: 1, PlInfo: PL Info (n8819): [12, 3], 0, 412>, <NetNode: N: fir.x0k0_mul.u5^prod~2_FF, P: Block (n7994): I: 1, O: 1, PlInfo: PL Info (n7994): [5, 5], 0, 304>, <NetNode: N: fir.x0k0_mul.u5^prod~2_FF, P: Block (n8892_1): I: 1, O: 1, PlInfo: PL Info (n8892_1): [11, 7], 0, 417>, <NetNode: N: fir.x0k0_mul.u5^prod~2_FF, P: Block (n7757): I: 1, O: 1, PlInfo: PL Info (n7757): [7, 13], 0, 387>, <NetNode: N: fir.x0k0_mul.u5^prod~2_FF, P: Block (n8852): I: 1, O: 1, PlInfo: PL Info (n8852): [5, 2], 0, 415>, <NetNode: N: fir.x0k0_mul.u5^prod~2_FF, P: Block (n7766): I: 1, O: 1, PlInfo: PL Info (n7766): [7, 8], 0, 390>, <NetNode: N: fir.x0k0_mul.u5^prod~2_FF, P: Block (n8615): I: 1, O: 1, PlInfo: PL Info (n8615): [3, 9], 0, 408>, <NetNode: N: fir.x0k0_mul.u5^prod~2_FF, P: Block (n8406): I: 1, O: 1, PlInfo: PL Info (n8406): [4, 11], 0, 309>, <NetNode: N: fir.x0k0_mul.u5^prod~2_FF, P: Block (n655): I: 1, O: 1, PlInfo: PL Info (n655): [9, 5], 0, 28>, <NetNode: N: fir.x0k0_mul.u5^prod~2_FF, P: Block (n8330): I: 1, O: 1, PlInfo: PL Info (n8330): [1, 5], 0, 307>, <NetNode: N: fir.x0k0_mul.u5^prod~2_FF, P: Block (n7951_1): I: 1, O: 1, PlInfo: PL Info (n7951_1): [4, 6], 0, 299>, <NetNode: N: fir.x0k0_mul.u5^prod~2_FF, P: Block (n8173): I: 1, O: 1, PlInfo: PL Info (n8173): [7, 6], 0, 306>, <NetNode: N: fir.x0k0_mul.u5^prod~2_FF, P: Block (n8592_1): I: 1, O: 1, PlInfo: PL Info (n8592_1): [1, 4], 0, 310>, <NetNode: N: fir.x0k0_mul.u5^prod~2_FF, P: Block (n8848_1): I: 1, O: 1, PlInfo: PL Info (n8848_1): [13, 4], 0, 317>, <NetNode: N: fir.x0k0_mul.u5^prod~2_FF, P: Block (n3775): I: 1, O: 1, PlInfo: PL Info (n3775): [11, 9], 0, 99>, <NetNode: N: fir.x0k0_mul.u5^prod~2_FF, P: Block (n9082): I: 1, O: 1, PlInfo: PL Info (n9082): [9, 6], 0, 422>, <NetNode: N: fir.x0k0_mul.u5^prod~2_FF, P: Block (n8167_1): I: 1, O: 1, PlInfo: PL Info (n8167_1): [12, 1], 0, 395>, <NetNode: N: fir.x0k0_mul.u5^prod~2_FF, P: Block (n7762_1): I: 1, O: 1, PlInfo: PL Info (n7762_1): [7, 16], 0, 389>, <NetNode: N: fir.x0k0_mul.u5^prod~2_FF, P: Block (n3788): I: 1, O: 1, PlInfo: PL Info (n3788): [12, 5], 0, 100>, <NetNode: N: fir.x0k0_mul.u5^prod~2_FF, P: Block (n9004_1): I: 1, O: 1, PlInfo: PL Info (n9004_1): [9, 4], 0, 320>, <NetNode: N: fir.x0k0_mul.u5^prod~2_FF, P: Block (n8297_1): I: 1, O: 1, PlInfo: PL Info (n8297_1): [7, 1], 0, 405>, <NetNode: N: fir.x0k0_mul.u5^prod~2_FF, P: Block (n8712_1): I: 1, O: 1, PlInfo: PL Info (n8712_1): [7, 10], 0, 313>, <NetNode: N: fir.x0k0_mul.u5^prod~2_FF, P: Block (n8257): I: 1, O: 1, PlInfo: PL Info (n8257): [8, 6], 0, 399>, <NetNode: N: fir.x0k0_mul.u5^prod~2_FF, P: Block (n8283): I: 1, O: 1, PlInfo: PL Info (n8283): [9, 2], 0, 401>, <NetNode: N: fir.x0k0_mul.u5^prod~2_FF, P: Block (n8275): I: 1, O: 1, PlInfo: PL Info (n8275): [9, 3], 0, 400>, <NetNode: N: fir.x0k0_mul.u5^prod~2_FF, P: Block (n8299): I: 1, O: 1, PlInfo: PL Info (n8299): [5, 1], 0, 406>, <NetNode: N: fir.x0k0_mul.u5^prod~2_FF, P: Block (n8296): I: 1, O: 1, PlInfo: PL Info (n8296): [4, 2], 0, 404>, <NetNode: N: fir.x0k0_mul.u5^prod~2_FF, P: Block (n7961_1): I: 1, O: 1, PlInfo: PL Info (n7961_1): [7, 3], 0, 301>, <>]

: Source: <NetNode: N: n8406, P: Block (n8406): I: 1, O: 1, PlInfo: PL Info (n8406): [4, 11], 0, 309>, 
	Sinks: [<NetNode: N: n8406, P: Block (n7951_1): I: 1, O: 1, PlInfo: PL Info (n7951_1): [4, 6], 0, 299>, <>]

: Source: <NetNode: N: n9739, P: Block (n9739): I: 1, O: 1, PlInfo: PL Info (n9739): [36, 35], 0, 652>, 
	Sinks: [<NetNode: N: n9739, P: Block (n9727): I: 1, O: 1, PlInfo: PL Info (n9727): [32, 36], 0, 637>, <>]

: Source: <NetNode: N: fir.x2k2_mul.u5^prod~2_FF, P: Block (fir.x2k2_mul.u5^prod1~2_FF): I: 1, O: 1, PlInfo: PL Info (fir.x2k2_mul.u5^prod1~2_FF): [25, 16], 0, 911>, 
	Sinks: [<NetNode: N: fir.x2k2_mul.u5^prod~2_FF, P: Block (n15058): I: 1, O: 1, PlInfo: PL Info (n15058): [35, 19], 0, 482>, <NetNode: N: fir.x2k2_mul.u5^prod~2_FF, P: Block (n15063): I: 1, O: 1, PlInfo: PL Info (n15063): [32, 26], 0, 483>, <NetNode: N: fir.x2k2_mul.u5^prod~2_FF, P: Block (n15084): I: 1, O: 1, PlInfo: PL Info (n15084): [31, 23], 0, 377>, <NetNode: N: fir.x2k2_mul.u5^prod~2_FF, P: Block (n14166): I: 1, O: 1, PlInfo: PL Info (n14166): [25, 21], 0, 698>, <NetNode: N: fir.x2k2_mul.u5^prod~2_FF, P: Block (n14803): I: 1, O: 1, PlInfo: PL Info (n14803): [33, 19], 0, 375>, <NetNode: N: fir.x2k2_mul.u5^prod~2_FF, P: Block (n14810): I: 1, O: 1, PlInfo: PL Info (n14810): [35, 17], 0, 477>, <NetNode: N: fir.x2k2_mul.u5^prod~2_FF, P: Block (n14761): I: 1, O: 1, PlInfo: PL Info (n14761): [36, 17], 0, 374>, <NetNode: N: fir.x2k2_mul.u5^prod~2_FF, P: Block (n5078): I: 1, O: 1, PlInfo: PL Info (n5078): [33, 24], 0, 111>, <NetNode: N: fir.x2k2_mul.u5^prod~2_FF, P: Block (n14961): I: 1, O: 1, PlInfo: PL Info (n14961): [36, 23], 0, 480>, <NetNode: N: fir.x2k2_mul.u5^prod~2_FF, P: Block (n14754): I: 1, O: 1, PlInfo: PL Info (n14754): [27, 19], 0, 476>, <NetNode: N: fir.x2k2_mul.u5^prod~2_FF, P: Block (n14352): I: 1, O: 1, PlInfo: PL Info (n14352): [32, 24], 0, 470>, <NetNode: N: fir.x2k2_mul.u5^prod~2_FF, P: Block (n14395): I: 1, O: 1, PlInfo: PL Info (n14395): [35, 22], 0, 560>, <NetNode: N: fir.x2k2_mul.u5^prod~2_FF, P: Block (n4855): I: 1, O: 1, PlInfo: PL Info (n4855): [29, 23], 0, 36>, <NetNode: N: fir.x2k2_mul.u5^prod~2_FF, P: Block (n14581): I: 1, O: 1, PlInfo: PL Info (n14581): [31, 17], 0, 370>, <NetNode: N: fir.x2k2_mul.u5^prod~2_FF, P: Block (n14385): I: 1, O: 1, PlInfo: PL Info (n14385): [28, 18], 0, 559>, <NetNode: N: fir.x2k2_mul.u5^prod~2_FF, P: Block (n14088): I: 1, O: 1, PlInfo: PL Info (n14088): [31, 20], 0, 364>, <NetNode: N: fir.x2k2_mul.u5^prod~2_FF, P: Block (n14086): I: 1, O: 1, PlInfo: PL Info (n14086): [29, 20], 0, 362>, <NetNode: N: fir.x2k2_mul.u5^prod~2_FF, P: Block (n14081): I: 1, O: 1, PlInfo: PL Info (n14081): [33, 21], 0, 360>, <NetNode: N: fir.x2k2_mul.u5^prod~2_FF, P: Block (n14067): I: 1, O: 1, PlInfo: PL Info (n14067): [32, 21], 0, 359>, <NetNode: N: fir.x2k2_mul.u5^prod~2_FF, P: Block (n14061): I: 1, O: 1, PlInfo: PL Info (n14061): [27, 21], 0, 358>, <NetNode: N: fir.x2k2_mul.u5^prod~2_FF, P: Block (n15134): I: 1, O: 1, PlInfo: PL Info (n15134): [33, 20], 0, 380>, <NetNode: N: fir.x2k2_mul.u5^prod~2_FF, P: Block (n15136): I: 1, O: 1, PlInfo: PL Info (n15136): [33, 25], 0, 381>, <NetNode: N: fir.x2k2_mul.u5^prod~2_FF, P: Block (n15138): I: 1, O: 1, PlInfo: PL Info (n15138): [35, 25], 0, 487>, <NetNode: N: fir.x2k2_mul.u5^prod~2_FF, P: Block (n15143): I: 1, O: 1, PlInfo: PL Info (n15143): [31, 24], 0, 382>, <NetNode: N: fir.x2k2_mul.u5^prod~2_FF, P: Block (n13835): I: 1, O: 1, PlInfo: PL Info (n13835): [25, 19], 0, 354>, <NetNode: N: fir.x2k2_mul.u5^prod~2_FF, P: Block (n14437): I: 1, O: 1, PlInfo: PL Info (n14437): [36, 24], 0, 472>, <NetNode: N: fir.x2k2_mul.u5^prod~2_FF, P: Block (n14616): I: 1, O: 1, PlInfo: PL Info (n14616): [25, 18], 0, 371>, <NetNode: N: fir.x2k2_mul.u5^prod~2_FF, P: Block (n14621): I: 1, O: 1, PlInfo: PL Info (n14621): [32, 17], 0, 474>, <NetNode: N: fir.x2k2_mul.u5^prod~2_FF, P: Block (n14622): I: 1, O: 1, PlInfo: PL Info (n14622): [33, 17], 0, 475>, <NetNode: N: fir.x2k2_mul.u5^prod~2_FF, P: Block (n14446): I: 1, O: 1, PlInfo: PL Info (n14446): [31, 18], 0, 367>, <NetNode: N: fir.x2k2_mul.u5^prod~2_FF, P: Block (n14690): I: 1, O: 1, PlInfo: PL Info (n14690): [27, 23], 0, 561>, <>]

: Source: <NetNode: N: n8184_1, P: Block (n8184_1): I: 1, O: 1, PlInfo: PL Info (n8184_1): [9, 17], 0, 775>, 
	Sinks: [<NetNode: N: n8184_1, P: Block (n8622): I: 1, O: 1, PlInfo: PL Info (n8622): [8, 17], 0, 770>, <NetNode: N: n8184_1, P: Block (n8855): I: 1, O: 1, PlInfo: PL Info (n8855): [3, 8], 0, 702>, <NetNode: N: n8184_1, P: Block (n8638): I: 1, O: 1, PlInfo: PL Info (n8638): [11, 16], 0, 815>, <NetNode: N: n8184_1, P: Block (n8436): I: 1, O: 1, PlInfo: PL Info (n8436): [11, 15], 0, 793>, <NetNode: N: n8184_1, P: Block (n8107): I: 1, O: 1, PlInfo: PL Info (n8107): [9, 16], 0, 774>, <NetNode: N: n8184_1, P: Block (n8333): I: 1, O: 1, PlInfo: PL Info (n8333): [11, 11], 0, 623>, <NetNode: N: n8184_1, P: Block (n9058): I: 1, O: 1, PlInfo: PL Info (n9058): [1, 8], 0, 742>, <NetNode: N: n8184_1, P: Block (n8365_1): I: 1, O: 1, PlInfo: PL Info (n8365_1): [11, 13], 0, 860>, <NetNode: N: n8184_1, P: Block (n8396_1): I: 1, O: 1, PlInfo: PL Info (n8396_1): [8, 10], 0, 407>, <NetNode: N: n8184_1, P: Block (n9067): I: 1, O: 1, PlInfo: PL Info (n9067): [12, 11], 0, 708>, <NetNode: N: n8184_1, P: Block (n7827): I: 1, O: 1, PlInfo: PL Info (n7827): [3, 12], 0, 529>, <NetNode: N: n8184_1, P: Block (n8994): I: 1, O: 1, PlInfo: PL Info (n8994): [12, 17], 0, 875>, <NetNode: N: n8184_1, P: Block (n8192_1): I: 1, O: 1, PlInfo: PL Info (n8192_1): [12, 8], 0, 533>, <NetNode: N: n8184_1, P: Block (n8794): I: 1, O: 1, PlInfo: PL Info (n8794): [1, 17], 0, 820>, <NetNode: N: n8184_1, P: Block (n8692): I: 1, O: 1, PlInfo: PL Info (n8692): [4, 8], 0, 411>, <NetNode: N: n8184_1, P: Block (n8360_1): I: 1, O: 1, PlInfo: PL Info (n8360_1): [11, 17], 0, 826>, <NetNode: N: n8184_1, P: Block (n8265): I: 1, O: 1, PlInfo: PL Info (n8265): [9, 11], 0, 744>, <NetNode: N: n8184_1, P: Block (n8636_1): I: 1, O: 1, PlInfo: PL Info (n8636_1): [11, 12], 0, 814>, <NetNode: N: n8184_1, P: Block (n3827): I: 1, O: 1, PlInfo: PL Info (n3827): [12, 6], 0, 101>, <NetNode: N: n8184_1, P: Block (n8484_1): I: 1, O: 1, PlInfo: PL Info (n8484_1): [1, 12], 0, 789>, <>]

: Source: <NetNode: N: n8981_1, P: Block (n8981_1): I: 1, O: 1, PlInfo: PL Info (n8981_1): [12, 9], 0, 741>, 
	Sinks: [<NetNode: N: n8981_1, P: Block (n9082): I: 1, O: 1, PlInfo: PL Info (n9082): [9, 6], 0, 422>, <>]

: Source: <NetNode: N: fir.out_temp_add^out_o1~8_FF, P: Block (n828): I: 1, O: 1, PlInfo: PL Info (n828): [28, 36], 0, 188>, 
	Sinks: [<>]

: Source: <NetNode: N: n14830, P: Block (n14830): I: 1, O: 1, PlInfo: PL Info (n14830): [35, 21], 0, 478>, 
	Sinks: [<NetNode: N: n14830, P: Block (n4855): I: 1, O: 1, PlInfo: PL Info (n4855): [29, 23], 0, 36>, <>]

: Source: <NetNode: N: n14831, P: Block (n14831): I: 1, O: 1, PlInfo: PL Info (n14831): [25, 23], 0, 479>, 
	Sinks: [<NetNode: N: n14831, P: Block (n4855): I: 1, O: 1, PlInfo: PL Info (n4855): [29, 23], 0, 36>, <>]

: Source: <NetNode: N: n15921, P: Block (n15921): I: 1, O: 1, PlInfo: PL Info (n15921): [4, 36], 0, 511>, 
	Sinks: [<NetNode: N: n15921, P: Block (n5512): I: 1, O: 1, PlInfo: PL Info (n5512): [12, 32], 0, 13>, <NetNode: N: n15921, P: Block (n5694): I: 1, O: 1, PlInfo: PL Info (n5694): [12, 30], 0, 23>, <NetNode: N: n15921, P: Block (n5486): I: 1, O: 1, PlInfo: PL Info (n5486): [11, 34], 0, 12>, <>]

: Source: <NetNode: N: n9967, P: Block (n9967): I: 1, O: 1, PlInfo: PL Info (n9967): [21, 32], 0, 657>, 
	Sinks: [<NetNode: N: n9967, P: Block (n1165): I: 1, O: 1, PlInfo: PL Info (n1165): [23, 33], 0, 244>, <>]

: Source: <NetNode: N: n15924, P: Block (n15924): I: 1, O: 1, PlInfo: PL Info (n15924): [4, 34], 0, 512>, 
	Sinks: [<NetNode: N: n15924, P: Block (n15921): I: 1, O: 1, PlInfo: PL Info (n15921): [4, 36], 0, 511>, <>]

: Source: <NetNode: N: n8293_1, P: Block (n8293_1): I: 1, O: 1, PlInfo: PL Info (n8293_1): [3, 10], 0, 403>, 
	Sinks: [<NetNode: N: n8293_1, P: Block (n655): I: 1, O: 1, PlInfo: PL Info (n655): [9, 5], 0, 28>, <NetNode: N: n8293_1, P: Block (n3866): I: 1, O: 1, PlInfo: PL Info (n3866): [11, 6], 0, 31>, <>]

: Source: <NetNode: N: n15927, P: Block (n15927): I: 1, O: 1, PlInfo: PL Info (n15927): [5, 35], 0, 573>, 
	Sinks: [<NetNode: N: n15927, P: Block (n15921): I: 1, O: 1, PlInfo: PL Info (n15921): [4, 36], 0, 511>, <>]

: Source: <NetNode: N: n15929, P: Block (n15929): I: 1, O: 1, PlInfo: PL Info (n15929): [5, 33], 0, 574>, 
	Sinks: [<NetNode: N: n15929, P: Block (n15921): I: 1, O: 1, PlInfo: PL Info (n15921): [4, 36], 0, 511>, <>]

: Source: <NetNode: N: fir.x0k0_mul^out_o1~29_FF, P: Block (n4032): I: 1, O: 1, PlInfo: PL Info (n4032): [19, 9], 0, 218>, 
	Sinks: [<>]

: Source: <NetNode: N: n12828, P: Block (n12828): I: 1, O: 1, PlInfo: PL Info (n12828): [29, 3], 0, 344>, 
	Sinks: [<NetNode: N: n12828, P: Block (n4436): I: 1, O: 1, PlInfo: PL Info (n4436): [25, 7], 0, 106>, <>]

: Source: <NetNode: N: fir.x2k2_mul.u0^expa_ff_FF, P: Block (n11739): I: 1, O: 1, PlInfo: PL Info (n11739): [21, 15], 0, 279>, 
	Sinks: [<NetNode: N: fir.x2k2_mul.u0^expa_ff_FF, P: Block (n2589): I: 1, O: 1, PlInfo: PL Info (n2589): [27, 17], 0, 172>, <>]

: Source: <NetNode: N: fir.add1_add^out~22_FF, P: Block (n9727): I: 1, O: 1, PlInfo: PL Info (n9727): [32, 36], 0, 637>, 
	Sinks: [<NetNode: N: fir.add1_add^out~22_FF, P: Block (n776): I: 1, O: 1, PlInfo: PL Info (n776): [24, 31], 0, 185>, <>]

: Source: <NetNode: N: n8638, P: Block (n8638): I: 1, O: 1, PlInfo: PL Info (n8638): [11, 16], 0, 815>, 
	Sinks: [<NetNode: N: n8638, P: Block (n8731): I: 1, O: 1, PlInfo: PL Info (n8731): [11, 14], 0, 771>, <>]

: Source: <NetNode: N: fir^x_reg10~2_FF, P: Block (fir^x_reg9~2_FF): I: 1, O: 1, PlInfo: PL Info (fir^x_reg9~2_FF): [32, 16], 0, 939>, 
	Sinks: [<>]

: Source: <NetNode: N: fir.x0k0_mul.u2^exp_out~1_FF, P: Block (n4063): I: 1, O: 1, PlInfo: PL Info (n4063): [13, 8], 0, 266>, 
	Sinks: [<NetNode: N: fir.x0k0_mul.u2^exp_out~1_FF, P: Block (n4006): I: 1, O: 1, PlInfo: PL Info (n4006): [5, 11], 0, 177>, <NetNode: N: fir.x0k0_mul.u2^exp_out~1_FF, P: Block (n4019): I: 1, O: 1, PlInfo: PL Info (n4019): [9, 13], 0, 217>, <>]

: Source: <NetNode: N: fir.x1k1_mul.u5^prod~7_FF, P: Block (fir.x1k1_mul.u5^prod1~7_FF): I: 1, O: 1, PlInfo: PL Info (fir.x1k1_mul.u5^prod1~7_FF): [28, 13], 0, 919>, 
	Sinks: [<NetNode: N: fir.x1k1_mul.u5^prod~7_FF, P: Block (n13089): I: 1, O: 1, PlInfo: PL Info (n13089): [28, 1], 0, 445>, <NetNode: N: fir.x1k1_mul.u5^prod~7_FF, P: Block (n4436): I: 1, O: 1, PlInfo: PL Info (n4436): [25, 7], 0, 106>, <NetNode: N: fir.x1k1_mul.u5^prod~7_FF, P: Block (n4475): I: 1, O: 1, PlInfo: PL Info (n4475): [23, 4], 0, 6>, <NetNode: N: fir.x1k1_mul.u5^prod~7_FF, P: Block (n12857): I: 1, O: 1, PlInfo: PL Info (n12857): [33, 3], 0, 345>, <NetNode: N: fir.x1k1_mul.u5^prod~7_FF, P: Block (n12614): I: 1, O: 1, PlInfo: PL Info (n12614): [27, 6], 0, 433>, <NetNode: N: fir.x1k1_mul.u5^prod~7_FF, P: Block (n12897): I: 1, O: 1, PlInfo: PL Info (n12897): [35, 4], 0, 442>, <NetNode: N: fir.x1k1_mul.u5^prod~7_FF, P: Block (n13425): I: 1, O: 1, PlInfo: PL Info (n13425): [28, 2], 0, 543>, <NetNode: N: fir.x1k1_mul.u5^prod~7_FF, P: Block (n12335): I: 1, O: 1, PlInfo: PL Info (n12335): [31, 12], 0, 539>, <NetNode: N: fir.x1k1_mul.u5^prod~7_FF, P: Block (n12318): I: 1, O: 1, PlInfo: PL Info (n12318): [28, 10], 0, 330>, <NetNode: N: fir.x1k1_mul.u5^prod~7_FF, P: Block (n12789): I: 1, O: 1, PlInfo: PL Info (n12789): [24, 3], 0, 439>, <NetNode: N: fir.x1k1_mul.u5^prod~7_FF, P: Block (n13636): I: 1, O: 1, PlInfo: PL Info (n13636): [32, 1], 0, 453>, <NetNode: N: fir.x1k1_mul.u5^prod~7_FF, P: Block (n12786): I: 1, O: 1, PlInfo: PL Info (n12786): [27, 2], 0, 438>, <NetNode: N: fir.x1k1_mul.u5^prod~7_FF, P: Block (n12350): I: 1, O: 1, PlInfo: PL Info (n12350): [29, 12], 0, 689>, <NetNode: N: fir.x1k1_mul.u5^prod~7_FF, P: Block (n12583): I: 1, O: 1, PlInfo: PL Info (n12583): [32, 5], 0, 432>, <NetNode: N: fir.x1k1_mul.u5^prod~7_FF, P: Block (n13025): I: 1, O: 1, PlInfo: PL Info (n13025): [33, 7], 0, 347>, <NetNode: N: fir.x1k1_mul.u5^prod~7_FF, P: Block (n13073): I: 1, O: 1, PlInfo: PL Info (n13073): [32, 7], 0, 350>, <NetNode: N: fir.x1k1_mul.u5^prod~7_FF, P: Block (n13068): I: 1, O: 1, PlInfo: PL Info (n13068): [33, 5], 0, 444>, <NetNode: N: fir.x1k1_mul.u5^prod~7_FF, P: Block (n4553): I: 1, O: 1, PlInfo: PL Info (n4553): [24, 7], 0, 88>, <NetNode: N: fir.x1k1_mul.u5^prod~7_FF, P: Block (n4332): I: 1, O: 1, PlInfo: PL Info (n4332): [27, 3], 0, 104>, <NetNode: N: fir.x1k1_mul.u5^prod~7_FF, P: Block (n4384): I: 1, O: 1, PlInfo: PL Info (n4384): [31, 2], 0, 105>, <NetNode: N: fir.x1k1_mul.u5^prod~7_FF, P: Block (n12536): I: 1, O: 1, PlInfo: PL Info (n12536): [29, 6], 0, 339>, <NetNode: N: fir.x1k1_mul.u5^prod~7_FF, P: Block (n12531): I: 1, O: 1, PlInfo: PL Info (n12531): [31, 5], 0, 338>, <NetNode: N: fir.x1k1_mul.u5^prod~7_FF, P: Block (n12527): I: 1, O: 1, PlInfo: PL Info (n12527): [32, 6], 0, 335>, <NetNode: N: fir.x1k1_mul.u5^prod~7_FF, P: Block (n12524): I: 1, O: 1, PlInfo: PL Info (n12524): [31, 7], 0, 333>, <NetNode: N: fir.x1k1_mul.u5^prod~7_FF, P: Block (n12519): I: 1, O: 1, PlInfo: PL Info (n12519): [29, 7], 0, 332>, <NetNode: N: fir.x1k1_mul.u5^prod~7_FF, P: Block (n12755): I: 1, O: 1, PlInfo: PL Info (n12755): [25, 5], 0, 436>, <NetNode: N: fir.x1k1_mul.u5^prod~7_FF, P: Block (n12753): I: 1, O: 1, PlInfo: PL Info (n12753): [32, 9], 0, 593>, <NetNode: N: fir.x1k1_mul.u5^prod~7_FF, P: Block (n13545): I: 1, O: 1, PlInfo: PL Info (n13545): [27, 7], 0, 549>, <NetNode: N: fir.x1k1_mul.u5^prod~7_FF, P: Block (n13591): I: 1, O: 1, PlInfo: PL Info (n13591): [25, 3], 0, 552>, <NetNode: N: fir.x1k1_mul.u5^prod~7_FF, P: Block (n13329): I: 1, O: 1, PlInfo: PL Info (n13329): [28, 6], 0, 449>, <NetNode: N: fir.x1k1_mul.u5^prod~7_FF, P: Block (n13323): I: 1, O: 1, PlInfo: PL Info (n13323): [24, 2], 0, 447>, <NetNode: N: fir.x1k1_mul.u5^prod~7_FF, P: Block (n13394): I: 1, O: 1, PlInfo: PL Info (n13394): [33, 4], 0, 542>, <NetNode: N: fir.x1k1_mul.u5^prod~7_FF, P: Block (n12280): I: 1, O: 1, PlInfo: PL Info (n12280): [27, 11], 0, 425>, <NetNode: N: fir.x1k1_mul.u5^prod~7_FF, P: Block (n12279): I: 1, O: 1, PlInfo: PL Info (n12279): [24, 12], 0, 424>, <NetNode: N: fir.x1k1_mul.u5^prod~7_FF, P: Block (n13359): I: 1, O: 1, PlInfo: PL Info (n13359): [32, 10], 0, 351>, <>]

: Source: <NetNode: N: n8249_1, P: Block (n8249_1): I: 1, O: 1, PlInfo: PL Info (n8249_1): [3, 5], 0, 398>, 
	Sinks: [<NetNode: N: n8249_1, P: Block (n7994): I: 1, O: 1, PlInfo: PL Info (n7994): [5, 5], 0, 304>, <>]

: Source: <NetNode: N: fir.x2k2_mul^out_o1~22_FF, P: Block (n5156): I: 1, O: 1, PlInfo: PL Info (n5156): [35, 26], 0, 10>, 
	Sinks: [<>]

: Source: <NetNode: N: n12897, P: Block (n12897): I: 1, O: 1, PlInfo: PL Info (n12897): [35, 4], 0, 442>, 
	Sinks: [<NetNode: N: n12897, P: Block (n12857): I: 1, O: 1, PlInfo: PL Info (n12857): [33, 3], 0, 345>, <>]

: Source: <NetNode: N: fir.x1k1_mul.u5^prod1~42_FF, P: Block (n12413): I: 1, O: 1, PlInfo: PL Info (n12413): [28, 14], 0, 767>, 
	Sinks: [<>]

: Source: <NetNode: N: fir.x2k2_mul^out~25_FF, P: Block (n13985): I: 1, O: 1, PlInfo: PL Info (n13985): [20, 17], 0, 357>, 
	Sinks: [<NetNode: N: fir.x2k2_mul^out~25_FF, P: Block (n2439): I: 1, O: 1, PlInfo: PL Info (n2439): [28, 27], 0, 162>, <>]

: Source: <NetNode: N: fir.x2k2_mul.u5^prod~4_FF, P: Block (fir.x2k2_mul.u5^prod1~4_FF): I: 1, O: 1, PlInfo: PL Info (fir.x2k2_mul.u5^prod1~4_FF): [19, 17], 0, 912>, 
	Sinks: [<NetNode: N: fir.x2k2_mul.u5^prod~4_FF, P: Block (n15092): I: 1, O: 1, PlInfo: PL Info (n15092): [36, 20], 0, 485>, <NetNode: N: fir.x2k2_mul.u5^prod~4_FF, P: Block (n13904): I: 1, O: 1, PlInfo: PL Info (n13904): [25, 20], 0, 461>, <NetNode: N: fir.x2k2_mul.u5^prod~4_FF, P: Block (n14810): I: 1, O: 1, PlInfo: PL Info (n14810): [35, 17], 0, 477>, <NetNode: N: fir.x2k2_mul.u5^prod~4_FF, P: Block (n14761): I: 1, O: 1, PlInfo: PL Info (n14761): [36, 17], 0, 374>, <NetNode: N: fir.x2k2_mul.u5^prod~4_FF, P: Block (n14530): I: 1, O: 1, PlInfo: PL Info (n14530): [29, 19], 0, 473>, <NetNode: N: fir.x2k2_mul.u5^prod~4_FF, P: Block (n13896): I: 1, O: 1, PlInfo: PL Info (n13896): [24, 20], 0, 356>, <NetNode: N: fir.x2k2_mul.u5^prod~4_FF, P: Block (n14754): I: 1, O: 1, PlInfo: PL Info (n14754): [27, 19], 0, 476>, <NetNode: N: fir.x2k2_mul.u5^prod~4_FF, P: Block (n14352): I: 1, O: 1, PlInfo: PL Info (n14352): [32, 24], 0, 470>, <NetNode: N: fir.x2k2_mul.u5^prod~4_FF, P: Block (n14102): I: 1, O: 1, PlInfo: PL Info (n14102): [32, 20], 0, 366>, <NetNode: N: fir.x2k2_mul.u5^prod~4_FF, P: Block (n14082): I: 1, O: 1, PlInfo: PL Info (n14082): [33, 22], 0, 361>, <NetNode: N: fir.x2k2_mul.u5^prod~4_FF, P: Block (n14079): I: 1, O: 1, PlInfo: PL Info (n14079): [33, 23], 0, 464>, <NetNode: N: fir.x2k2_mul.u5^prod~4_FF, P: Block (n14061): I: 1, O: 1, PlInfo: PL Info (n14061): [27, 21], 0, 358>, <NetNode: N: fir.x2k2_mul.u5^prod~4_FF, P: Block (n15134): I: 1, O: 1, PlInfo: PL Info (n15134): [33, 20], 0, 380>, <NetNode: N: fir.x2k2_mul.u5^prod~4_FF, P: Block (n15138): I: 1, O: 1, PlInfo: PL Info (n15138): [35, 25], 0, 487>, <NetNode: N: fir.x2k2_mul.u5^prod~4_FF, P: Block (n5013): I: 1, O: 1, PlInfo: PL Info (n5013): [29, 26], 0, 109>, <NetNode: N: fir.x2k2_mul.u5^prod~4_FF, P: Block (n14888): I: 1, O: 1, PlInfo: PL Info (n14888): [21, 24], 0, 825>, <NetNode: N: fir.x2k2_mul.u5^prod~4_FF, P: Block (n14437): I: 1, O: 1, PlInfo: PL Info (n14437): [36, 24], 0, 472>, <NetNode: N: fir.x2k2_mul.u5^prod~4_FF, P: Block (n14840): I: 1, O: 1, PlInfo: PL Info (n14840): [32, 18], 0, 376>, <NetNode: N: fir.x2k2_mul.u5^prod~4_FF, P: Block (n14616): I: 1, O: 1, PlInfo: PL Info (n14616): [25, 18], 0, 371>, <NetNode: N: fir.x2k2_mul.u5^prod~4_FF, P: Block (n14621): I: 1, O: 1, PlInfo: PL Info (n14621): [32, 17], 0, 474>, <NetNode: N: fir.x2k2_mul.u5^prod~4_FF, P: Block (n15112): I: 1, O: 1, PlInfo: PL Info (n15112): [29, 18], 0, 486>, <NetNode: N: fir.x2k2_mul.u5^prod~4_FF, P: Block (n15122): I: 1, O: 1, PlInfo: PL Info (n15122): [28, 25], 0, 379>, <NetNode: N: fir.x2k2_mul.u5^prod~4_FF, P: Block (n14208): I: 1, O: 1, PlInfo: PL Info (n14208): [33, 18], 0, 556>, <NetNode: N: fir.x2k2_mul.u5^prod~4_FF, P: Block (n4987): I: 1, O: 1, PlInfo: PL Info (n4987): [32, 27], 0, 8>, <NetNode: N: fir.x2k2_mul.u5^prod~4_FF, P: Block (n14690): I: 1, O: 1, PlInfo: PL Info (n14690): [27, 23], 0, 561>, <NetNode: N: fir.x2k2_mul.u5^prod~4_FF, P: Block (n4974): I: 1, O: 1, PlInfo: PL Info (n4974): [31, 27], 0, 39>, <NetNode: N: fir.x2k2_mul.u5^prod~4_FF, P: Block (n14261): I: 1, O: 1, PlInfo: PL Info (n14261): [36, 19], 0, 594>, <>]

: Source: <NetNode: N: fir.out_temp_add^out_o1~10_FF, P: Block (n854): I: 1, O: 1, PlInfo: PL Info (n854): [25, 34], 0, 222>, 
	Sinks: [<>]

: Source: <NetNode: N: n13983, P: Block (n13983): I: 1, O: 1, PlInfo: PL Info (n13983): [24, 16], 0, 463>, 
	Sinks: [<NetNode: N: n13983, P: Block (n13826): I: 1, O: 1, PlInfo: PL Info (n13826): [23, 16], 0, 456>, <NetNode: N: n13983, P: Block (n13867): I: 1, O: 1, PlInfo: PL Info (n13867): [23, 18], 0, 355>, <>]

: Source: <NetNode: N: fir^x_reg18~5_FF, P: Block (fir^x_reg18~5_FF): I: 1, O: 1, PlInfo: PL Info (fir^x_reg18~5_FF): [15, 27], 0, 940>, 
	Sinks: [<NetNode: N: fir^x_reg18~5_FF, P: Block (n16272): I: 1, O: 1, PlInfo: PL Info (n16272): [15, 24], 0, 887>, <>]

: Source: <NetNode: N: n16197, P: Block (n16197): I: 1, O: 1, PlInfo: PL Info (n16197): [5, 22], 0, 872>, 
	Sinks: [<NetNode: N: n16197, P: Block (n15427): I: 1, O: 1, PlInfo: PL Info (n15427): [8, 23], 0, 614>, <>]

: Source: <NetNode: N: n12650, P: Block (n12650): I: 1, O: 1, PlInfo: PL Info (n12650): [36, 4], 0, 686>, 
	Sinks: [<NetNode: N: n12650, P: Block (n13066): I: 1, O: 1, PlInfo: PL Info (n13066): [29, 8], 0, 443>, <>]

: Source: <NetNode: N: n13980, P: Block (n13980): I: 1, O: 1, PlInfo: PL Info (n13980): [19, 18], 0, 738>, 
	Sinks: [<NetNode: N: n13980, P: Block (n13985): I: 1, O: 1, PlInfo: PL Info (n13985): [20, 17], 0, 357>, <>]

: Source: <NetNode: N: n16199, P: Block (n16199): I: 1, O: 1, PlInfo: PL Info (n16199): [7, 20], 0, 747>, 
	Sinks: [<NetNode: N: n16199, P: Block (n15427): I: 1, O: 1, PlInfo: PL Info (n15427): [8, 23], 0, 614>, <>]

: Source: <NetNode: N: n8654, P: Block (n8654): I: 1, O: 1, PlInfo: PL Info (n8654): [9, 12], 0, 818>, 
	Sinks: [<NetNode: N: n8654, P: Block (n8506): I: 1, O: 1, PlInfo: PL Info (n8506): [3, 11], 0, 797>, <>]

: Source: <NetNode: N: n8898, P: Block (n8898): I: 1, O: 1, PlInfo: PL Info (n8898): [13, 3], 0, 418>, 
	Sinks: [<NetNode: N: n8898, P: Block (n3658): I: 1, O: 1, PlInfo: PL Info (n3658): [9, 8], 0, 29>, <>]

: Source: <NetNode: N: n10618_1, P: Block (n10618_1): I: 1, O: 1, PlInfo: PL Info (n10618_1): [15, 33], 0, 671>, 
	Sinks: [<NetNode: N: n10618_1, P: Block (n1397): I: 1, O: 1, PlInfo: PL Info (n1397): [15, 32], 0, 132>, <>]

: Source: <NetNode: N: fir.x2k2_mul.u2^sign_FF, P: Block (n5386): I: 1, O: 1, PlInfo: PL Info (n5386): [20, 14], 0, 290>, 
	Sinks: [<>]

: Source: <NetNode: N: n8891, P: Block (n8891): I: 1, O: 1, PlInfo: PL Info (n8891): [4, 9], 0, 416>, 
	Sinks: [<NetNode: N: n8891, P: Block (n3658): I: 1, O: 1, PlInfo: PL Info (n3658): [9, 8], 0, 29>, <>]

: Source: <NetNode: N: fir.out_temp_add^out_o1~9_FF, P: Block (n841): I: 1, O: 1, PlInfo: PL Info (n841): [27, 36], 0, 121>, 
	Sinks: [<NetNode: N: fir.out_temp_add^out_o1~9_FF, P: Block (fir.out_temp_add^out~9_FF): I: 1, O: 1, PlInfo: PL Info (fir.out_temp_add^out~9_FF): [23, 1], 0, 929>, <>]

: Source: <NetNode: N: n9507, P: Block (n9507): I: 1, O: 1, PlInfo: PL Info (n9507): [20, 4], 0, 635>, 
	Sinks: [<NetNode: N: n9507, P: Block (n9270): I: 1, O: 1, PlInfo: PL Info (n9270): [19, 5], 0, 616>, <>]

: Source: <NetNode: N: n8201, P: Block (n8201): I: 1, O: 1, PlInfo: PL Info (n8201): [7, 2], 0, 396>, 
	Sinks: [<NetNode: N: n8201, P: Block (n3788): I: 1, O: 1, PlInfo: PL Info (n3788): [12, 5], 0, 100>, <>]

: Source: <NetNode: N: fir^x_reg1~3_FF, P: Block (n7736_1): I: 1, O: 1, PlInfo: PL Info (n7736_1): [8, 14], 0, 704>, 
	Sinks: [<NetNode: N: fir^x_reg1~3_FF, P: Block (fir.x0k0_mul.u5^MUL~343[0]): I: 2, O: 1, PlInfo: PL Info (fir.x0k0_mul.u5^MUL~343[0]): [6, 13], 0, 3>, <NetNode: N: fir^x_reg1~3_FF, P: Block (fir.x0k0_mul.u5^prod1~1_FF): I: 1, O: 1, PlInfo: PL Info (fir.x0k0_mul.u5^prod1~1_FF): [13, 14], 0, 922>, <>]

: Source: <NetNode: N: n8447, P: Block (n8447): I: 1, O: 1, PlInfo: PL Info (n8447): [8, 12], 0, 783>, 
	Sinks: [<NetNode: N: n8447, P: Block (n8123_1): I: 1, O: 1, PlInfo: PL Info (n8123_1): [9, 15], 0, 768>, <>]

: Source: <NetNode: N: fir.x3k3_mul.u5^prod~28_FF, P: Block (fir.x3k3_mul.u5^prod~28_FF): I: 1, O: 1, PlInfo: PL Info (fir.x3k3_mul.u5^prod~28_FF): [12, 21], 0, 933>, 
	Sinks: [<NetNode: N: fir.x3k3_mul.u5^prod~28_FF, P: Block (n16181): I: 1, O: 1, PlInfo: PL Info (n16181): [5, 20], 0, 773>, <NetNode: N: fir.x3k3_mul.u5^prod~28_FF, P: Block (n16104): I: 1, O: 1, PlInfo: PL Info (n16104): [1, 24], 0, 883>, <NetNode: N: fir.x3k3_mul.u5^prod~28_FF, P: Block (n16596): I: 1, O: 1, PlInfo: PL Info (n16596): [3, 32], 0, 604>, <NetNode: N: fir.x3k3_mul.u5^prod~28_FF, P: Block (n5577): I: 1, O: 1, PlInfo: PL Info (n5577): [11, 31], 0, 17>, <NetNode: N: fir.x3k3_mul.u5^prod~28_FF, P: Block (n16384): I: 1, O: 1, PlInfo: PL Info (n16384): [5, 29], 0, 578>, <NetNode: N: fir.x3k3_mul.u5^prod~28_FF, P: Block (n15924): I: 1, O: 1, PlInfo: PL Info (n15924): [4, 34], 0, 512>, <NetNode: N: fir.x3k3_mul.u5^prod~28_FF, P: Block (n15929): I: 1, O: 1, PlInfo: PL Info (n15929): [5, 33], 0, 574>, <NetNode: N: fir.x3k3_mul.u5^prod~28_FF, P: Block (n15856): I: 1, O: 1, PlInfo: PL Info (n15856): [9, 32], 0, 572>, <NetNode: N: fir.x3k3_mul.u5^prod~28_FF, P: Block (n15635): I: 1, O: 1, PlInfo: PL Info (n15635): [8, 26], 0, 788>, <NetNode: N: fir.x3k3_mul.u5^prod~28_FF, P: Block (n15832): I: 1, O: 1, PlInfo: PL Info (n15832): [3, 25], 0, 808>, <NetNode: N: fir.x3k3_mul.u5^prod~28_FF, P: Block (n15471): I: 1, O: 1, PlInfo: PL Info (n15471): [11, 21], 0, 490>, <NetNode: N: fir.x3k3_mul.u5^prod~28_FF, P: Block (n16322): I: 1, O: 1, PlInfo: PL Info (n16322): [9, 26], 0, 519>, <NetNode: N: fir.x3k3_mul.u5^prod~28_FF, P: Block (n16566): I: 1, O: 1, PlInfo: PL Info (n16566): [9, 28], 0, 599>, <NetNode: N: fir.x3k3_mul.u5^prod~28_FF, P: Block (n16330): I: 1, O: 1, PlInfo: PL Info (n16330): [9, 24], 0, 521>, <NetNode: N: fir.x3k3_mul.u5^prod~28_FF, P: Block (n15487): I: 1, O: 1, PlInfo: PL Info (n15487): [13, 23], 0, 492>, <NetNode: N: fir.x3k3_mul.u5^prod~28_FF, P: Block (n16576): I: 1, O: 1, PlInfo: PL Info (n16576): [11, 33], 0, 600>, <NetNode: N: fir.x3k3_mul.u5^prod~28_FF, P: Block (n16577): I: 1, O: 1, PlInfo: PL Info (n16577): [5, 27], 0, 601>, <NetNode: N: fir.x3k3_mul.u5^prod~28_FF, P: Block (n16579): I: 1, O: 1, PlInfo: PL Info (n16579): [9, 34], 0, 602>, <NetNode: N: fir.x3k3_mul.u5^prod~28_FF, P: Block (n16340): I: 1, O: 1, PlInfo: PL Info (n16340): [4, 23], 0, 868>, <NetNode: N: fir.x3k3_mul.u5^prod~28_FF, P: Block (n16100): I: 1, O: 1, PlInfo: PL Info (n16100): [4, 21], 0, 835>, <NetNode: N: fir.x3k3_mul.u5^prod~28_FF, P: Block (n15893): I: 1, O: 1, PlInfo: PL Info (n15893): [3, 23], 0, 803>, <NetNode: N: fir.x3k3_mul.u5^prod~28_FF, P: Block (n15411): I: 1, O: 1, PlInfo: PL Info (n15411): [12, 22], 0, 526>, <NetNode: N: fir.x3k3_mul.u5^prod~28_FF, P: Block (n15679): I: 1, O: 1, PlInfo: PL Info (n15679): [7, 31], 0, 506>, <NetNode: N: fir.x3k3_mul.u5^prod~28_FF, P: Block (n15443): I: 1, O: 1, PlInfo: PL Info (n15443): [12, 26], 0, 568>, <NetNode: N: fir.x3k3_mul.u5^prod~28_FF, P: Block (n16037): I: 1, O: 1, PlInfo: PL Info (n16037): [4, 25], 0, 668>, <NetNode: N: fir.x3k3_mul.u5^prod~28_FF, P: Block (n16047): I: 1, O: 1, PlInfo: PL Info (n16047): [3, 21], 0, 834>, <NetNode: N: fir.x3k3_mul.u5^prod~28_FF, P: Block (n16223): I: 1, O: 1, PlInfo: PL Info (n16223): [7, 24], 0, 799>, <NetNode: N: fir.x3k3_mul.u5^prod~28_FF, P: Block (n16261): I: 1, O: 1, PlInfo: PL Info (n16261): [7, 21], 0, 864>, <NetNode: N: fir.x3k3_mul.u5^prod~28_FF, P: Block (n16088): I: 1, O: 1, PlInfo: PL Info (n16088): [9, 33], 0, 576>, <NetNode: N: fir.x3k3_mul.u5^prod~28_FF, P: Block (n15972): I: 1, O: 1, PlInfo: PL Info (n15972): [4, 20], 0, 807>, <NetNode: N: fir.x3k3_mul.u5^prod~28_FF, P: Block (n16616): I: 1, O: 1, PlInfo: PL Info (n16616): [3, 27], 0, 699>, <NetNode: N: fir.x3k3_mul.u5^prod~28_FF, P: Block (n15706): I: 1, O: 1, PlInfo: PL Info (n15706): [5, 34], 0, 509>, <NetNode: N: fir.x3k3_mul.u5^prod~28_FF, P: Block (n15950): I: 1, O: 1, PlInfo: PL Info (n15950): [4, 24], 0, 804>, <NetNode: N: fir.x3k3_mul.u5^prod~28_FF, P: Block (n16803): I: 1, O: 1, PlInfo: PL Info (n16803): [7, 36], 0, 591>, <NetNode: N: fir.x3k3_mul.u5^prod~28_FF, P: Block (n16669): I: 1, O: 1, PlInfo: PL Info (n16669): [7, 25], 0, 607>, <NetNode: N: fir.x3k3_mul.u5^prod~28_FF, P: Block (n16443): I: 1, O: 1, PlInfo: PL Info (n16443): [3, 33], 0, 581>, <NetNode: N: fir.x3k3_mul.u5^prod~28_FF, P: Block (n16213): I: 1, O: 1, PlInfo: PL Info (n16213): [7, 23], 0, 779>, <NetNode: N: fir.x3k3_mul.u5^prod~28_FF, P: Block (n15371): I: 1, O: 1, PlInfo: PL Info (n15371): [13, 25], 0, 566>, <NetNode: N: fir.x3k3_mul.u5^prod~28_FF, P: Block (n16630): I: 1, O: 1, PlInfo: PL Info (n16630): [9, 36], 0, 583>, <NetNode: N: fir.x3k3_mul.u5^prod~28_FF, P: Block (n16633): I: 1, O: 1, PlInfo: PL Info (n16633): [7, 26], 0, 584>, <NetNode: N: fir.x3k3_mul.u5^prod~28_FF, P: Block (n15556): I: 1, O: 1, PlInfo: PL Info (n15556): [11, 23], 0, 494>, <NetNode: N: fir.x3k3_mul.u5^prod~28_FF, P: Block (n16648): I: 1, O: 1, PlInfo: PL Info (n16648): [12, 33], 0, 586>, <NetNode: N: fir.x3k3_mul.u5^prod~28_FF, P: Block (n16650): I: 1, O: 1, PlInfo: PL Info (n16650): [5, 36], 0, 587>, <NetNode: N: fir.x3k3_mul.u5^prod~28_FF, P: Block (n15562): I: 1, O: 1, PlInfo: PL Info (n15562): [11, 25], 0, 495>, <NetNode: N: fir.x3k3_mul.u5^prod~28_FF, P: Block (n15566): I: 1, O: 1, PlInfo: PL Info (n15566): [13, 26], 0, 496>, <>]

: Source: <NetNode: N: n8896_1, P: Block (n8896_1): I: 1, O: 1, PlInfo: PL Info (n8896_1): [13, 2], 0, 537>, 
	Sinks: [<NetNode: N: n8896_1, P: Block (n3658): I: 1, O: 1, PlInfo: PL Info (n3658): [9, 8], 0, 29>, <>]

: Source: <NetNode: N: n9232_1, P: Block (n9232_1): I: 1, O: 1, PlInfo: PL Info (n9232_1): [16, 5], 0, 625>, 
	Sinks: [<NetNode: N: n9232_1, P: Block (n9249_1): I: 1, O: 1, PlInfo: PL Info (n9249_1): [19, 6], 0, 626>, <NetNode: N: n9232_1, P: Block (n3476): I: 1, O: 1, PlInfo: PL Info (n3476): [19, 7], 0, 73>, <>]

: Source: <NetNode: N: n12872, P: Block (n12872): I: 1, O: 1, PlInfo: PL Info (n12872): [35, 13], 0, 753>, 
	Sinks: [<NetNode: N: n12872, P: Block (n12857): I: 1, O: 1, PlInfo: PL Info (n12857): [33, 3], 0, 345>, <>]

: Source: <NetNode: N: n12871, P: Block (n12871): I: 1, O: 1, PlInfo: PL Info (n12871): [35, 8], 0, 687>, 
	Sinks: [<NetNode: N: n12871, P: Block (n12857): I: 1, O: 1, PlInfo: PL Info (n12857): [33, 3], 0, 345>, <>]

: Source: <NetNode: N: fir.add1_add^out_o1~12_FF, P: Block (n1814): I: 1, O: 1, PlInfo: PL Info (n1814): [31, 33], 0, 127>, 
	Sinks: [<NetNode: N: fir.add1_add^out_o1~12_FF, P: Block (n9786): I: 1, O: 1, PlInfo: PL Info (n9786): [32, 34], 0, 653>, <>]

: Source: <NetNode: N: n10693, P: Block (n10693): I: 1, O: 1, PlInfo: PL Info (n10693): [17, 29], 0, 675>, 
	Sinks: [<NetNode: N: n10693, P: Block (n1427): I: 1, O: 1, PlInfo: PL Info (n1427): [17, 35], 0, 136>, <>]

: Source: <NetNode: N: fir.x0k0_mul.u2^exp_out~2_FF, P: Block (n4072): I: 1, O: 1, PlInfo: PL Info (n4072): [13, 9], 0, 254>, 
	Sinks: [<NetNode: N: fir.x0k0_mul.u2^exp_out~2_FF, P: Block (n4019): I: 1, O: 1, PlInfo: PL Info (n4019): [9, 13], 0, 217>, <NetNode: N: fir.x0k0_mul.u2^exp_out~2_FF, P: Block (n3980): I: 1, O: 1, PlInfo: PL Info (n3980): [5, 12], 0, 180>, <>]

: Source: <NetNode: N: n9767, P: Block (n9767): I: 1, O: 1, PlInfo: PL Info (n9767): [35, 29], 0, 752>, 
	Sinks: [<NetNode: N: n9767, P: Block (n1931): I: 1, O: 1, PlInfo: PL Info (n1931): [33, 36], 0, 213>, <>]

: Source: <NetNode: N: n8436, P: Block (n8436): I: 1, O: 1, PlInfo: PL Info (n8436): [11, 15], 0, 793>, 
	Sinks: [<NetNode: N: n8436, P: Block (n8712_1): I: 1, O: 1, PlInfo: PL Info (n8712_1): [7, 10], 0, 313>, <>]

: Source: <NetNode: N: n9289_1, P: Block (n9289_1): I: 1, O: 1, PlInfo: PL Info (n9289_1): [21, 2], 0, 650>, 
	Sinks: [<NetNode: N: n9289_1, P: Block (n2879): I: 1, O: 1, PlInfo: PL Info (n2879): [21, 4], 0, 124>, <>]

: Source: <NetNode: N: n11774, P: Block (n11774): I: 1, O: 1, PlInfo: PL Info (n11774): [16, 15], 0, 678>, 
	Sinks: [<NetNode: N: n11774, P: Block (n3381): I: 1, O: 1, PlInfo: PL Info (n3381): [19, 14], 0, 55>, <>]

: Source: <NetNode: N: n11530, P: Block (n11530): I: 1, O: 1, PlInfo: PL Info (n11530): [28, 17], 0, 890>, 
	Sinks: [<NetNode: N: n11530, P: Block (n11446): I: 1, O: 1, PlInfo: PL Info (n11446): [21, 26], 0, 869>, <>]

: Source: <NetNode: N: n14761, P: Block (n14761): I: 1, O: 1, PlInfo: PL Info (n14761): [36, 17], 0, 374>, 
	Sinks: [<NetNode: N: n14761, P: Block (n5065): I: 1, O: 1, PlInfo: PL Info (n5065): [28, 23], 0, 110>, <>]

: Source: <NetNode: N: fir.x1k1_mul^out~16_FF, P: Block (n12580): I: 1, O: 1, PlInfo: PL Info (n12580): [28, 5], 0, 431>, 
	Sinks: [<NetNode: N: fir.x1k1_mul^out~16_FF, P: Block (n3441): I: 1, O: 1, PlInfo: PL Info (n3441): [16, 9], 0, 67>, <>]

: Source: <NetNode: N: n15852, P: Block (n15852): I: 1, O: 1, PlInfo: PL Info (n15852): [7, 34], 0, 571>, 
	Sinks: [<NetNode: N: n15852, P: Block (n15715): I: 1, O: 1, PlInfo: PL Info (n15715): [8, 32], 0, 510>, <>]

: Source: <NetNode: N: n8744_1, P: Block (n8744_1): I: 1, O: 1, PlInfo: PL Info (n8744_1): [1, 15], 0, 844>, 
	Sinks: [<NetNode: N: n8744_1, P: Block (n7997_1): I: 1, O: 1, PlInfo: PL Info (n7997_1): [1, 7], 0, 695>, <>]

: Source: <NetNode: N: fir^x_reg1~6_FF, P: Block (fir.x0k0_mul.u2^lNOT~188): I: 1, O: 1, PlInfo: PL Info (fir.x0k0_mul.u2^lNOT~188): [5, 13], 0, 899>, 
	Sinks: [<NetNode: N: fir^x_reg1~6_FF, P: Block (fir.x0k0_mul.u5^MUL~343[0]): I: 2, O: 1, PlInfo: PL Info (fir.x0k0_mul.u5^MUL~343[0]): [6, 13], 0, 3>, <NetNode: N: fir^x_reg1~6_FF, P: Block (n11201): I: 1, O: 1, PlInfo: PL Info (n11201): [12, 13], 0, 278>, <>]

: Source: <NetNode: N: n8107, P: Block (n8107): I: 1, O: 1, PlInfo: PL Info (n8107): [9, 16], 0, 774>, 
	Sinks: [<NetNode: N: n8107, P: Block (n8622): I: 1, O: 1, PlInfo: PL Info (n8622): [8, 17], 0, 770>, <NetNode: N: n8107, P: Block (n8855): I: 1, O: 1, PlInfo: PL Info (n8855): [3, 8], 0, 702>, <NetNode: N: n8107, P: Block (n8887): I: 1, O: 1, PlInfo: PL Info (n8887): [12, 12], 0, 882>, <NetNode: N: n8107, P: Block (n8981_1): I: 1, O: 1, PlInfo: PL Info (n8981_1): [12, 9], 0, 741>, <NetNode: N: n8107, P: Block (n8638): I: 1, O: 1, PlInfo: PL Info (n8638): [11, 16], 0, 815>, <NetNode: N: n8107, P: Block (n8436): I: 1, O: 1, PlInfo: PL Info (n8436): [11, 15], 0, 793>, <NetNode: N: n8107, P: Block (n9058): I: 1, O: 1, PlInfo: PL Info (n9058): [1, 8], 0, 742>, <NetNode: N: n8107, P: Block (n8365_1): I: 1, O: 1, PlInfo: PL Info (n8365_1): [11, 13], 0, 860>, <NetNode: N: n8107, P: Block (n8396_1): I: 1, O: 1, PlInfo: PL Info (n8396_1): [8, 10], 0, 407>, <NetNode: N: n8107, P: Block (n9067): I: 1, O: 1, PlInfo: PL Info (n9067): [12, 11], 0, 708>, <NetNode: N: n8107, P: Block (n8154_1): I: 1, O: 1, PlInfo: PL Info (n8154_1): [9, 14], 0, 769>, <NetNode: N: n8107, P: Block (n7827): I: 1, O: 1, PlInfo: PL Info (n7827): [3, 12], 0, 529>, <NetNode: N: n8107, P: Block (n8731): I: 1, O: 1, PlInfo: PL Info (n8731): [11, 14], 0, 771>, <NetNode: N: n8107, P: Block (n8994): I: 1, O: 1, PlInfo: PL Info (n8994): [12, 17], 0, 875>, <NetNode: N: n8107, P: Block (n8192_1): I: 1, O: 1, PlInfo: PL Info (n8192_1): [12, 8], 0, 533>, <NetNode: N: n8107, P: Block (n8794): I: 1, O: 1, PlInfo: PL Info (n8794): [1, 17], 0, 820>, <NetNode: N: n8107, P: Block (n8692): I: 1, O: 1, PlInfo: PL Info (n8692): [4, 8], 0, 411>, <NetNode: N: n8107, P: Block (n8360_1): I: 1, O: 1, PlInfo: PL Info (n8360_1): [11, 17], 0, 826>, <NetNode: N: n8107, P: Block (n8479): I: 1, O: 1, PlInfo: PL Info (n8479): [12, 16], 0, 794>, <NetNode: N: n8107, P: Block (n8265): I: 1, O: 1, PlInfo: PL Info (n8265): [9, 11], 0, 744>, <NetNode: N: n8107, P: Block (n8061): I: 1, O: 1, PlInfo: PL Info (n8061): [12, 7], 0, 685>, <NetNode: N: n8107, P: Block (n8484_1): I: 1, O: 1, PlInfo: PL Info (n8484_1): [1, 12], 0, 789>, <>]

: Source: <NetNode: N: n15856, P: Block (n15856): I: 1, O: 1, PlInfo: PL Info (n15856): [9, 32], 0, 572>, 
	Sinks: [<NetNode: N: n15856, P: Block (n15715): I: 1, O: 1, PlInfo: PL Info (n15715): [8, 32], 0, 510>, <>]

: Source: <NetNode: N: fir.x1k1_mul.u5^prod~45_FF, P: Block (fir.x1k1_mul.u5^prod~45_FF): I: 1, O: 1, PlInfo: PL Info (fir.x1k1_mul.u5^prod~45_FF): [24, 15], 0, 936>, 
	Sinks: [<NetNode: N: fir.x1k1_mul.u5^prod~45_FF, P: Block (n13095): I: 1, O: 1, PlInfo: PL Info (n13095): [32, 12], 0, 755>, <NetNode: N: fir.x1k1_mul.u5^prod~45_FF, P: Block (n12846): I: 1, O: 1, PlInfo: PL Info (n12846): [33, 10], 0, 712>, <NetNode: N: fir.x1k1_mul.u5^prod~45_FF, P: Block (n12413): I: 1, O: 1, PlInfo: PL Info (n12413): [28, 14], 0, 767>, <NetNode: N: fir.x1k1_mul.u5^prod~45_FF, P: Block (n12334): I: 1, O: 1, PlInfo: PL Info (n12334): [29, 13], 0, 538>, <NetNode: N: fir.x1k1_mul.u5^prod~45_FF, P: Block (n13413): I: 1, O: 1, PlInfo: PL Info (n13413): [36, 8], 0, 664>, <NetNode: N: fir.x1k1_mul.u5^prod~45_FF, P: Block (n12314): I: 1, O: 1, PlInfo: PL Info (n12314): [27, 12], 0, 428>, <NetNode: N: fir.x1k1_mul.u5^prod~45_FF, P: Block (n12383): I: 1, O: 1, PlInfo: PL Info (n12383): [25, 13], 0, 430>, <NetNode: N: fir.x1k1_mul.u5^prod~45_FF, P: Block (n12380): I: 1, O: 1, PlInfo: PL Info (n12380): [25, 15], 0, 429>, <NetNode: N: fir.x1k1_mul.u5^prod~45_FF, P: Block (n13224): I: 1, O: 1, PlInfo: PL Info (n13224): [36, 14], 0, 867>, <NetNode: N: fir.x1k1_mul.u5^prod~45_FF, P: Block (n13461): I: 1, O: 1, PlInfo: PL Info (n13461): [36, 6], 0, 716>, <NetNode: N: fir.x1k1_mul.u5^prod~45_FF, P: Block (n13205): I: 1, O: 1, PlInfo: PL Info (n13205): [31, 15], 0, 832>, <NetNode: N: fir.x1k1_mul.u5^prod~45_FF, P: Block (n12350): I: 1, O: 1, PlInfo: PL Info (n12350): [29, 12], 0, 689>, <NetNode: N: fir.x1k1_mul.u5^prod~45_FF, P: Block (n13032): I: 1, O: 1, PlInfo: PL Info (n13032): [36, 15], 0, 806>, <NetNode: N: fir.x1k1_mul.u5^prod~45_FF, P: Block (n13026): I: 1, O: 1, PlInfo: PL Info (n13026): [33, 12], 0, 659>, <NetNode: N: fir.x1k1_mul.u5^prod~45_FF, P: Block (n13253): I: 1, O: 1, PlInfo: PL Info (n13253): [23, 7], 0, 688>, <NetNode: N: fir.x1k1_mul.u5^prod~45_FF, P: Block (n13251): I: 1, O: 1, PlInfo: PL Info (n13251): [36, 9], 0, 776>, <NetNode: N: fir.x1k1_mul.u5^prod~45_FF, P: Block (n13487): I: 1, O: 1, PlInfo: PL Info (n13487): [32, 11], 0, 717>, <NetNode: N: fir.x1k1_mul.u5^prod~45_FF, P: Block (n13042): I: 1, O: 1, PlInfo: PL Info (n13042): [31, 16], 0, 873>, <NetNode: N: fir.x1k1_mul.u5^prod~45_FF, P: Block (n13277): I: 1, O: 1, PlInfo: PL Info (n13277): [32, 15], 0, 790>, <NetNode: N: fir.x1k1_mul.u5^prod~45_FF, P: Block (n12915): I: 1, O: 1, PlInfo: PL Info (n12915): [33, 15], 0, 805>, <NetNode: N: fir.x1k1_mul.u5^prod~45_FF, P: Block (n12911): I: 1, O: 1, PlInfo: PL Info (n12911): [36, 10], 0, 792>, <NetNode: N: fir.x1k1_mul.u5^prod~45_FF, P: Block (n12776): I: 1, O: 1, PlInfo: PL Info (n12776): [35, 15], 0, 827>, <NetNode: N: fir.x1k1_mul.u5^prod~45_FF, P: Block (n12753): I: 1, O: 1, PlInfo: PL Info (n12753): [32, 9], 0, 593>, <NetNode: N: fir.x1k1_mul.u5^prod~45_FF, P: Block (n12752): I: 1, O: 1, PlInfo: PL Info (n12752): [33, 11], 0, 435>, <NetNode: N: fir.x1k1_mul.u5^prod~45_FF, P: Block (n12741): I: 1, O: 1, PlInfo: PL Info (n12741): [32, 14], 0, 780>, <NetNode: N: fir.x1k1_mul.u5^prod~45_FF, P: Block (n13309): I: 1, O: 1, PlInfo: PL Info (n13309): [35, 10], 0, 660>, <NetNode: N: fir.x1k1_mul.u5^prod~45_FF, P: Block (n13545): I: 1, O: 1, PlInfo: PL Info (n13545): [27, 7], 0, 549>, <NetNode: N: fir.x1k1_mul.u5^prod~45_FF, P: Block (n12439): I: 1, O: 1, PlInfo: PL Info (n12439): [29, 14], 0, 611>, <NetNode: N: fir.x1k1_mul.u5^prod~45_FF, P: Block (n12435): I: 1, O: 1, PlInfo: PL Info (n12435): [27, 15], 0, 705>, <NetNode: N: fir.x1k1_mul.u5^prod~45_FF, P: Block (n12433): I: 1, O: 1, PlInfo: PL Info (n12433): [31, 14], 0, 690>, <NetNode: N: fir.x1k1_mul.u5^prod~45_FF, P: Block (n12430): I: 1, O: 1, PlInfo: PL Info (n12430): [28, 15], 0, 739>, <NetNode: N: fir.x1k1_mul.u5^prod~45_FF, P: Block (n13519): I: 1, O: 1, PlInfo: PL Info (n13519): [24, 6], 0, 548>, <NetNode: N: fir.x1k1_mul.u5^prod~45_FF, P: Block (n12422): I: 1, O: 1, PlInfo: PL Info (n12422): [29, 10], 0, 700>, <NetNode: N: fir.x1k1_mul.u5^prod~45_FF, P: Block (n12252): I: 1, O: 1, PlInfo: PL Info (n12252): [27, 14], 0, 423>, <NetNode: N: fir.x1k1_mul.u5^prod~45_FF, P: Block (n13315): I: 1, O: 1, PlInfo: PL Info (n13315): [36, 11], 0, 865>, <NetNode: N: fir.x1k1_mul.u5^prod~45_FF, P: Block (n13556): I: 1, O: 1, PlInfo: PL Info (n13556): [31, 9], 0, 550>, <NetNode: N: fir.x1k1_mul.u5^prod~45_FF, P: Block (n12297): I: 1, O: 1, PlInfo: PL Info (n12297): [27, 13], 0, 328>, <NetNode: N: fir.x1k1_mul.u5^prod~45_FF, P: Block (n12286): I: 1, O: 1, PlInfo: PL Info (n12286): [27, 10], 0, 326>, <NetNode: N: fir.x1k1_mul.u5^prod~45_FF, P: Block (n12285): I: 1, O: 1, PlInfo: PL Info (n12285): [24, 11], 0, 325>, <NetNode: N: fir.x1k1_mul.u5^prod~45_FF, P: Block (n12279): I: 1, O: 1, PlInfo: PL Info (n12279): [24, 12], 0, 424>, <NetNode: N: fir.x1k1_mul.u5^prod~45_FF, P: Block (n12273): I: 1, O: 1, PlInfo: PL Info (n12273): [25, 12], 0, 324>, <NetNode: N: fir.x1k1_mul.u5^prod~45_FF, P: Block (n13120): I: 1, O: 1, PlInfo: PL Info (n13120): [32, 13], 0, 809>, <NetNode: N: fir.x1k1_mul.u5^prod~45_FF, P: Block (n4527): I: 1, O: 1, PlInfo: PL Info (n4527): [23, 5], 0, 7>, <NetNode: N: fir.x1k1_mul.u5^prod~45_FF, P: Block (n13168): I: 1, O: 1, PlInfo: PL Info (n13168): [35, 14], 0, 784>, <>]

: Source: <NetNode: N: fir.x2k2_mul^out_o1~16_FF, P: Block (n5078): I: 1, O: 1, PlInfo: PL Info (n5078): [33, 24], 0, 111>, 
	Sinks: [<>]

: Source: <NetNode: N: fir.add0_add^out_o1~12_FF, P: Block (n2801): I: 1, O: 1, PlInfo: PL Info (n2801): [20, 2], 0, 203>, 
	Sinks: [<>]

: Source: <NetNode: N: fir.add1_add^out_o1~4_FF, P: Block (n1710): I: 1, O: 1, PlInfo: PL Info (n1710): [36, 30], 0, 125>, 
	Sinks: [<NetNode: N: fir.add1_add^out_o1~4_FF, P: Block (n1684): I: 1, O: 1, PlInfo: PL Info (n1684): [35, 30], 0, 206>, <>]

: Source: <NetNode: N: fir.out_temp_add^out_o1~13_FF, P: Block (n893): I: 1, O: 1, PlInfo: PL Info (n893): [23, 35], 0, 229>, 
	Sinks: [<>]

: Source: <NetNode: N: n13669, P: Block (n13669): I: 1, O: 1, PlInfo: PL Info (n13669): [27, 4], 0, 454>, 
	Sinks: [<NetNode: N: n13669, P: Block (n12814): I: 1, O: 1, PlInfo: PL Info (n12814): [29, 1], 0, 441>, <>]

: Source: <NetNode: N: n10159, P: Block (n10159): I: 1, O: 1, PlInfo: PL Info (n10159): [28, 31], 0, 644>, 
	Sinks: [<NetNode: N: n10159, P: Block (n932): I: 1, O: 1, PlInfo: PL Info (n932): [28, 32], 0, 190>, <>]

: Source: <NetNode: N: n13425, P: Block (n13425): I: 1, O: 1, PlInfo: PL Info (n13425): [28, 2], 0, 543>, 
	Sinks: [<NetNode: N: n13425, P: Block (n13321): I: 1, O: 1, PlInfo: PL Info (n13321): [35, 2], 0, 446>, <>]

: Source: <NetNode: N: fir.x1k1_mul.u5^prod~2_FF, P: Block (n12335): I: 1, O: 1, PlInfo: PL Info (n12335): [31, 12], 0, 539>, 
	Sinks: [<NetNode: N: fir.x1k1_mul.u5^prod~2_FF, P: Block (n4410): I: 1, O: 1, PlInfo: PL Info (n4410): [25, 4], 0, 85>, <NetNode: N: fir.x1k1_mul.u5^prod~2_FF, P: Block (n13089): I: 1, O: 1, PlInfo: PL Info (n13089): [28, 1], 0, 445>, <NetNode: N: fir.x1k1_mul.u5^prod~2_FF, P: Block (n4475): I: 1, O: 1, PlInfo: PL Info (n4475): [23, 4], 0, 6>, <NetNode: N: fir.x1k1_mul.u5^prod~2_FF, P: Block (n12857): I: 1, O: 1, PlInfo: PL Info (n12857): [33, 3], 0, 345>, <NetNode: N: fir.x1k1_mul.u5^prod~2_FF, P: Block (n13669): I: 1, O: 1, PlInfo: PL Info (n13669): [27, 4], 0, 454>, <NetNode: N: fir.x1k1_mul.u5^prod~2_FF, P: Block (n13425): I: 1, O: 1, PlInfo: PL Info (n13425): [28, 2], 0, 543>, <NetNode: N: fir.x1k1_mul.u5^prod~2_FF, P: Block (n12576): I: 1, O: 1, PlInfo: PL Info (n12576): [32, 4], 0, 343>, <NetNode: N: fir.x1k1_mul.u5^prod~2_FF, P: Block (n12568): I: 1, O: 1, PlInfo: PL Info (n12568): [27, 5], 0, 342>, <NetNode: N: fir.x1k1_mul.u5^prod~2_FF, P: Block (n12318): I: 1, O: 1, PlInfo: PL Info (n12318): [28, 10], 0, 330>, <NetNode: N: fir.x1k1_mul.u5^prod~2_FF, P: Block (n12789): I: 1, O: 1, PlInfo: PL Info (n12789): [24, 3], 0, 439>, <NetNode: N: fir.x1k1_mul.u5^prod~2_FF, P: Block (n13440): I: 1, O: 1, PlInfo: PL Info (n13440): [33, 1], 0, 544>, <NetNode: N: fir.x1k1_mul.u5^prod~2_FF, P: Block (n12350): I: 1, O: 1, PlInfo: PL Info (n12350): [29, 12], 0, 689>, <NetNode: N: fir.x1k1_mul.u5^prod~2_FF, P: Block (n13025): I: 1, O: 1, PlInfo: PL Info (n13025): [33, 7], 0, 347>, <NetNode: N: fir.x1k1_mul.u5^prod~2_FF, P: Block (n13253): I: 1, O: 1, PlInfo: PL Info (n13253): [23, 7], 0, 688>, <NetNode: N: fir.x1k1_mul.u5^prod~2_FF, P: Block (n13475): I: 1, O: 1, PlInfo: PL Info (n13475): [29, 2], 0, 547>, <NetNode: N: fir.x1k1_mul.u5^prod~2_FF, P: Block (n13073): I: 1, O: 1, PlInfo: PL Info (n13073): [32, 7], 0, 350>, <NetNode: N: fir.x1k1_mul.u5^prod~2_FF, P: Block (n13068): I: 1, O: 1, PlInfo: PL Info (n13068): [33, 5], 0, 444>, <NetNode: N: fir.x1k1_mul.u5^prod~2_FF, P: Block (n13066): I: 1, O: 1, PlInfo: PL Info (n13066): [29, 8], 0, 443>, <NetNode: N: fir.x1k1_mul.u5^prod~2_FF, P: Block (n12965): I: 1, O: 1, PlInfo: PL Info (n12965): [33, 6], 0, 346>, <NetNode: N: fir.x1k1_mul.u5^prod~2_FF, P: Block (n12536): I: 1, O: 1, PlInfo: PL Info (n12536): [29, 6], 0, 339>, <NetNode: N: fir.x1k1_mul.u5^prod~2_FF, P: Block (n13625): I: 1, O: 1, PlInfo: PL Info (n13625): [32, 3], 0, 451>, <NetNode: N: fir.x1k1_mul.u5^prod~2_FF, P: Block (n12527): I: 1, O: 1, PlInfo: PL Info (n12527): [32, 6], 0, 335>, <NetNode: N: fir.x1k1_mul.u5^prod~2_FF, P: Block (n12525): I: 1, O: 1, PlInfo: PL Info (n12525): [31, 4], 0, 334>, <NetNode: N: fir.x1k1_mul.u5^prod~2_FF, P: Block (n12755): I: 1, O: 1, PlInfo: PL Info (n12755): [25, 5], 0, 436>, <NetNode: N: fir.x1k1_mul.u5^prod~2_FF, P: Block (n12250): I: 1, O: 1, PlInfo: PL Info (n12250): [29, 11], 0, 733>, <NetNode: N: fir.x1k1_mul.u5^prod~2_FF, P: Block (n13329): I: 1, O: 1, PlInfo: PL Info (n13329): [28, 6], 0, 449>, <NetNode: N: fir.x1k1_mul.u5^prod~2_FF, P: Block (n13360): I: 1, O: 1, PlInfo: PL Info (n13360): [31, 6], 0, 352>, <NetNode: N: fir.x1k1_mul.u5^prod~2_FF, P: Block (n13598): I: 1, O: 1, PlInfo: PL Info (n13598): [32, 8], 0, 450>, <>]

: Source: <NetNode: N: fir.x0k0_mul^out_o1~0_FF, P: Block (n655): I: 1, O: 1, PlInfo: PL Info (n655): [9, 5], 0, 28>, 
	Sinks: [<>]

: Source: <NetNode: N: n12576, P: Block (n12576): I: 1, O: 1, PlInfo: PL Info (n12576): [32, 4], 0, 343>, 
	Sinks: [<NetNode: N: n12576, P: Block (n12857): I: 1, O: 1, PlInfo: PL Info (n12857): [33, 3], 0, 345>, <NetNode: N: n12576, P: Block (n4252): I: 1, O: 1, PlInfo: PL Info (n4252): [35, 3], 0, 83>, <NetNode: N: n12576, P: Block (n12897): I: 1, O: 1, PlInfo: PL Info (n12897): [35, 4], 0, 442>, <NetNode: N: n12576, P: Block (n12650): I: 1, O: 1, PlInfo: PL Info (n12650): [36, 4], 0, 686>, <NetNode: N: n12576, P: Block (n12580): I: 1, O: 1, PlInfo: PL Info (n12580): [28, 5], 0, 431>, <NetNode: N: n12576, P: Block (n12789): I: 1, O: 1, PlInfo: PL Info (n12789): [24, 3], 0, 439>, <NetNode: N: n12576, P: Block (n13636): I: 1, O: 1, PlInfo: PL Info (n13636): [32, 1], 0, 453>, <NetNode: N: n12576, P: Block (n12786): I: 1, O: 1, PlInfo: PL Info (n12786): [27, 2], 0, 438>, <NetNode: N: n12576, P: Block (n13447): I: 1, O: 1, PlInfo: PL Info (n13447): [24, 4], 0, 546>, <NetNode: N: n12576, P: Block (n13440): I: 1, O: 1, PlInfo: PL Info (n13440): [33, 1], 0, 544>, <NetNode: N: n12576, P: Block (n12583): I: 1, O: 1, PlInfo: PL Info (n12583): [32, 5], 0, 432>, <NetNode: N: n12576, P: Block (n13475): I: 1, O: 1, PlInfo: PL Info (n13475): [29, 2], 0, 547>, <NetNode: N: n12576, P: Block (n13072): I: 1, O: 1, PlInfo: PL Info (n13072): [35, 6], 0, 349>, <NetNode: N: n12576, P: Block (n13068): I: 1, O: 1, PlInfo: PL Info (n13068): [33, 5], 0, 444>, <NetNode: N: n12576, P: Block (n13066): I: 1, O: 1, PlInfo: PL Info (n13066): [29, 8], 0, 443>, <NetNode: N: n12576, P: Block (n4319): I: 1, O: 1, PlInfo: PL Info (n4319): [31, 1], 0, 33>, <NetNode: N: n12576, P: Block (n12965): I: 1, O: 1, PlInfo: PL Info (n12965): [33, 6], 0, 346>, <NetNode: N: n12576, P: Block (n12537): I: 1, O: 1, PlInfo: PL Info (n12537): [31, 8], 0, 340>, <NetNode: N: n12576, P: Block (n12531): I: 1, O: 1, PlInfo: PL Info (n12531): [31, 5], 0, 338>, <NetNode: N: n12576, P: Block (n12524): I: 1, O: 1, PlInfo: PL Info (n12524): [31, 7], 0, 333>, <NetNode: N: n12576, P: Block (n13606): I: 1, O: 1, PlInfo: PL Info (n13606): [35, 5], 0, 553>, <NetNode: N: n12576, P: Block (n12752): I: 1, O: 1, PlInfo: PL Info (n12752): [33, 11], 0, 435>, <NetNode: N: n12576, P: Block (n13519): I: 1, O: 1, PlInfo: PL Info (n13519): [24, 6], 0, 548>, <NetNode: N: n12576, P: Block (n13321): I: 1, O: 1, PlInfo: PL Info (n13321): [35, 2], 0, 446>, <NetNode: N: n12576, P: Block (n13360): I: 1, O: 1, PlInfo: PL Info (n13360): [31, 6], 0, 352>, <NetNode: N: n12576, P: Block (n4514): I: 1, O: 1, PlInfo: PL Info (n4514): [23, 6], 0, 35>, <>]

: Source: <NetNode: N: n12334, P: Block (n12334): I: 1, O: 1, PlInfo: PL Info (n12334): [29, 13], 0, 538>, 
	Sinks: [<NetNode: N: n12334, P: Block (n12318): I: 1, O: 1, PlInfo: PL Info (n12318): [28, 10], 0, 330>, <>]

: Source: <NetNode: N: n11245, P: Block (n11245): I: 1, O: 1, PlInfo: PL Info (n11245): [20, 29], 0, 758>, 
	Sinks: [<NetNode: N: n11245, P: Block (n11196_1): I: 1, O: 1, PlInfo: PL Info (n11196_1): [20, 28], 0, 757>, <>]

: Source: <NetNode: N: fir.x1k1_mul.u5^MUL~3075[0], P: Block (fir.x1k1_mul.u5^MUL~3075[0]): I: 2, O: 1, PlInfo: PL Info (fir.x1k1_mul.u5^MUL~3075[0]): [22, 13], 0, 2>, 
	Sinks: [<NetNode: N: fir.x1k1_mul.u5^MUL~3075[0], P: Block (n4319): I: 1, O: 1, PlInfo: PL Info (n4319): [31, 1], 0, 33>, <>]

: Source: <NetNode: N: fir.x1k1_mul.u5^MUL~3075[1], P: Block (fir.x1k1_mul.u5^MUL~3075[0]): I: 2, O: 1, PlInfo: PL Info (fir.x1k1_mul.u5^MUL~3075[0]): [22, 13], 0, 2>, 
	Sinks: [<NetNode: N: fir.x1k1_mul.u5^MUL~3075[1], P: Block (n13012): I: 1, O: 1, PlInfo: PL Info (n13012): [28, 9], 0, 541>, <>]

: Source: <NetNode: N: fir.x1k1_mul.u5^MUL~3075[2], P: Block (fir.x1k1_mul.u5^MUL~3075[0]): I: 2, O: 1, PlInfo: PL Info (fir.x1k1_mul.u5^MUL~3075[0]): [22, 13], 0, 2>, 
	Sinks: [<NetNode: N: fir.x1k1_mul.u5^MUL~3075[2], P: Block (n13338): I: 1, O: 1, PlInfo: PL Info (n13338): [24, 13], 0, 838>, <>]

: Source: <NetNode: N: fir.x1k1_mul.u5^MUL~3075[3], P: Block (fir.x1k1_mul.u5^MUL~3075[0]): I: 2, O: 1, PlInfo: PL Info (fir.x1k1_mul.u5^MUL~3075[0]): [22, 13], 0, 2>, 
	Sinks: [<NetNode: N: fir.x1k1_mul.u5^MUL~3075[3], P: Block (n4436): I: 1, O: 1, PlInfo: PL Info (n4436): [25, 7], 0, 106>, <>]

: Source: <NetNode: N: fir.x1k1_mul.u5^MUL~3075[4], P: Block (fir.x1k1_mul.u5^MUL~3075[0]): I: 2, O: 1, PlInfo: PL Info (fir.x1k1_mul.u5^MUL~3075[0]): [22, 13], 0, 2>, 
	Sinks: [<NetNode: N: fir.x1k1_mul.u5^MUL~3075[4], P: Block (fir.x1k1_mul.u5^prod1~4_FF): I: 1, O: 1, PlInfo: PL Info (fir.x1k1_mul.u5^prod1~4_FF): [23, 12], 0, 917>, <>]

: Source: <NetNode: N: fir.x1k1_mul.u5^MUL~3075[5], P: Block (fir.x1k1_mul.u5^MUL~3075[0]): I: 2, O: 1, PlInfo: PL Info (fir.x1k1_mul.u5^MUL~3075[0]): [22, 13], 0, 2>, 
	Sinks: [<NetNode: N: fir.x1k1_mul.u5^MUL~3075[5], P: Block (fir.x1k1_mul.u5^prod1~5_FF): I: 1, O: 1, PlInfo: PL Info (fir.x1k1_mul.u5^prod1~5_FF): [25, 14], 0, 918>, <>]

: Source: <NetNode: N: fir.x1k1_mul.u5^MUL~3075[6], P: Block (fir.x1k1_mul.u5^MUL~3075[0]): I: 2, O: 1, PlInfo: PL Info (fir.x1k1_mul.u5^MUL~3075[0]): [22, 13], 0, 2>, 
	Sinks: [<NetNode: N: fir.x1k1_mul.u5^MUL~3075[6], P: Block (n12286): I: 1, O: 1, PlInfo: PL Info (n12286): [27, 10], 0, 326>, <>]

: Source: <NetNode: N: fir.x1k1_mul.u5^MUL~3075[7], P: Block (fir.x1k1_mul.u5^MUL~3075[0]): I: 2, O: 1, PlInfo: PL Info (fir.x1k1_mul.u5^MUL~3075[0]): [22, 13], 0, 2>, 
	Sinks: [<NetNode: N: fir.x1k1_mul.u5^MUL~3075[7], P: Block (fir.x1k1_mul.u5^prod1~7_FF): I: 1, O: 1, PlInfo: PL Info (fir.x1k1_mul.u5^prod1~7_FF): [28, 13], 0, 919>, <>]

: Source: <NetNode: N: fir.x1k1_mul.u5^MUL~3075[8], P: Block (fir.x1k1_mul.u5^MUL~3075[0]): I: 2, O: 1, PlInfo: PL Info (fir.x1k1_mul.u5^MUL~3075[0]): [22, 13], 0, 2>, 
	Sinks: [<NetNode: N: fir.x1k1_mul.u5^MUL~3075[8], P: Block (fir.x1k1_mul.u5^prod1~8_FF): I: 1, O: 1, PlInfo: PL Info (fir.x1k1_mul.u5^prod1~8_FF): [28, 12], 0, 920>, <>]

: Source: <NetNode: N: fir.x1k1_mul.u5^MUL~3075[9], P: Block (fir.x1k1_mul.u5^MUL~3075[0]): I: 2, O: 1, PlInfo: PL Info (fir.x1k1_mul.u5^MUL~3075[0]): [22, 13], 0, 2>, 
	Sinks: [<NetNode: N: fir.x1k1_mul.u5^MUL~3075[9], P: Block (fir.x1k1_mul.u5^prod1~8_FF): I: 1, O: 1, PlInfo: PL Info (fir.x1k1_mul.u5^prod1~8_FF): [28, 12], 0, 920>, <>]

: Source: <NetNode: N: fir.x1k1_mul.u5^MUL~3075[10], P: Block (fir.x1k1_mul.u5^MUL~3075[0]): I: 2, O: 1, PlInfo: PL Info (fir.x1k1_mul.u5^MUL~3075[0]): [22, 13], 0, 2>, 
	Sinks: [<NetNode: N: fir.x1k1_mul.u5^MUL~3075[10], P: Block (n12273): I: 1, O: 1, PlInfo: PL Info (n12273): [25, 12], 0, 324>, <>]

: Source: <NetNode: N: fir.x1k1_mul.u5^MUL~3075[11], P: Block (fir.x1k1_mul.u5^MUL~3075[0]): I: 2, O: 1, PlInfo: PL Info (fir.x1k1_mul.u5^MUL~3075[0]): [22, 13], 0, 2>, 
	Sinks: [<NetNode: N: fir.x1k1_mul.u5^MUL~3075[11], P: Block (n12302): I: 1, O: 1, PlInfo: PL Info (n12302): [25, 10], 0, 329>, <>]

: Source: <NetNode: N: fir.x1k1_mul.u5^MUL~3075[12], P: Block (fir.x1k1_mul.u5^MUL~3075[0]): I: 2, O: 1, PlInfo: PL Info (fir.x1k1_mul.u5^MUL~3075[0]): [22, 13], 0, 2>, 
	Sinks: [<NetNode: N: fir.x1k1_mul.u5^MUL~3075[12], P: Block (fir.x1k1_mul.u5^prod1~8_FF): I: 1, O: 1, PlInfo: PL Info (fir.x1k1_mul.u5^prod1~8_FF): [28, 12], 0, 920>, <>]

: Source: <NetNode: N: fir.x1k1_mul.u5^MUL~3075[13], P: Block (fir.x1k1_mul.u5^MUL~3075[0]): I: 2, O: 1, PlInfo: PL Info (fir.x1k1_mul.u5^MUL~3075[0]): [22, 13], 0, 2>, 
	Sinks: [<NetNode: N: fir.x1k1_mul.u5^MUL~3075[13], P: Block (fir.x1k1_mul.u5^prod1~8_FF): I: 1, O: 1, PlInfo: PL Info (fir.x1k1_mul.u5^prod1~8_FF): [28, 12], 0, 920>, <>]

: Source: <NetNode: N: fir.x1k1_mul.u5^MUL~3075[14], P: Block (fir.x1k1_mul.u5^MUL~3075[0]): I: 2, O: 1, PlInfo: PL Info (fir.x1k1_mul.u5^MUL~3075[0]): [22, 13], 0, 2>, 
	Sinks: [<NetNode: N: fir.x1k1_mul.u5^MUL~3075[14], P: Block (n12314): I: 1, O: 1, PlInfo: PL Info (n12314): [27, 12], 0, 428>, <>]

: Source: <NetNode: N: fir.x1k1_mul.u5^MUL~3075[15], P: Block (fir.x1k1_mul.u5^MUL~3075[0]): I: 2, O: 1, PlInfo: PL Info (fir.x1k1_mul.u5^MUL~3075[0]): [22, 13], 0, 2>, 
	Sinks: [<NetNode: N: fir.x1k1_mul.u5^MUL~3075[15], P: Block (fir.x1k1_mul.u5^prod1~8_FF): I: 1, O: 1, PlInfo: PL Info (fir.x1k1_mul.u5^prod1~8_FF): [28, 12], 0, 920>, <>]

: Source: <NetNode: N: fir.x1k1_mul.u5^MUL~3075[16], P: Block (fir.x1k1_mul.u5^MUL~3075[0]): I: 2, O: 1, PlInfo: PL Info (fir.x1k1_mul.u5^MUL~3075[0]): [22, 13], 0, 2>, 
	Sinks: [<NetNode: N: fir.x1k1_mul.u5^MUL~3075[16], P: Block (n13051): I: 1, O: 1, PlInfo: PL Info (n13051): [33, 13], 0, 861>, <>]

: Source: <NetNode: N: fir.x1k1_mul.u5^MUL~3075[17], P: Block (fir.x1k1_mul.u5^MUL~3075[0]): I: 2, O: 1, PlInfo: PL Info (fir.x1k1_mul.u5^MUL~3075[0]): [22, 13], 0, 2>, 
	Sinks: [<NetNode: N: fir.x1k1_mul.u5^MUL~3075[17], P: Block (n12383): I: 1, O: 1, PlInfo: PL Info (n12383): [25, 13], 0, 430>, <>]

: Source: <NetNode: N: fir.x1k1_mul.u5^MUL~3075[18], P: Block (fir.x1k1_mul.u5^MUL~3075[0]): I: 2, O: 1, PlInfo: PL Info (fir.x1k1_mul.u5^MUL~3075[0]): [22, 13], 0, 2>, 
	Sinks: [<NetNode: N: fir.x1k1_mul.u5^MUL~3075[18], P: Block (fir.x1k1_mul.u5^prod1~8_FF): I: 1, O: 1, PlInfo: PL Info (fir.x1k1_mul.u5^prod1~8_FF): [28, 12], 0, 920>, <>]

: Source: <NetNode: N: fir.x1k1_mul.u5^MUL~3075[19], P: Block (fir.x1k1_mul.u5^MUL~3075[0]): I: 2, O: 1, PlInfo: PL Info (fir.x1k1_mul.u5^MUL~3075[0]): [22, 13], 0, 2>, 
	Sinks: [<NetNode: N: fir.x1k1_mul.u5^MUL~3075[19], P: Block (n12294): I: 1, O: 1, PlInfo: PL Info (n12294): [25, 11], 0, 327>, <>]

: Source: <NetNode: N: fir.x1k1_mul.u5^MUL~3075[20], P: Block (fir.x1k1_mul.u5^MUL~3075[0]): I: 2, O: 1, PlInfo: PL Info (fir.x1k1_mul.u5^MUL~3075[0]): [22, 13], 0, 2>, 
	Sinks: [<NetNode: N: fir.x1k1_mul.u5^MUL~3075[20], P: Block (fir.x1k1_mul.u5^prod1~8_FF): I: 1, O: 1, PlInfo: PL Info (fir.x1k1_mul.u5^prod1~8_FF): [28, 12], 0, 920>, <>]

: Source: <NetNode: N: fir.x1k1_mul.u5^MUL~3075[21], P: Block (fir.x1k1_mul.u5^MUL~3075[0]): I: 2, O: 1, PlInfo: PL Info (fir.x1k1_mul.u5^MUL~3075[0]): [22, 13], 0, 2>, 
	Sinks: [<NetNode: N: fir.x1k1_mul.u5^MUL~3075[21], P: Block (fir.x1k1_mul.u5^prod1~8_FF): I: 1, O: 1, PlInfo: PL Info (fir.x1k1_mul.u5^prod1~8_FF): [28, 12], 0, 920>, <>]

: Source: <NetNode: N: fir.x1k1_mul.u5^MUL~3075[22], P: Block (fir.x1k1_mul.u5^MUL~3075[0]): I: 2, O: 1, PlInfo: PL Info (fir.x1k1_mul.u5^MUL~3075[0]): [22, 13], 0, 2>, 
	Sinks: [<NetNode: N: fir.x1k1_mul.u5^MUL~3075[22], P: Block (n12432): I: 1, O: 1, PlInfo: PL Info (n12432): [24, 14], 0, 734>, <>]

: Source: <NetNode: N: fir.x1k1_mul.u5^MUL~3075[23], P: Block (fir.x1k1_mul.u5^MUL~3075[0]): I: 2, O: 1, PlInfo: PL Info (fir.x1k1_mul.u5^MUL~3075[0]): [22, 13], 0, 2>, 
	Sinks: [<NetNode: N: fir.x1k1_mul.u5^MUL~3075[23], P: Block (fir.x1k1_mul.u5^prod1~8_FF): I: 1, O: 1, PlInfo: PL Info (fir.x1k1_mul.u5^prod1~8_FF): [28, 12], 0, 920>, <>]

: Source: <NetNode: N: fir.x1k1_mul.u5^MUL~3075[24], P: Block (fir.x1k1_mul.u5^MUL~3075[0]): I: 2, O: 1, PlInfo: PL Info (fir.x1k1_mul.u5^MUL~3075[0]): [22, 13], 0, 2>, 
	Sinks: [<NetNode: N: fir.x1k1_mul.u5^MUL~3075[24], P: Block (fir.x1k1_mul.u5^prod1~8_FF): I: 1, O: 1, PlInfo: PL Info (fir.x1k1_mul.u5^prod1~8_FF): [28, 12], 0, 920>, <>]

: Source: <NetNode: N: fir.x1k1_mul.u5^MUL~3075[25], P: Block (fir.x1k1_mul.u5^MUL~3075[0]): I: 2, O: 1, PlInfo: PL Info (fir.x1k1_mul.u5^MUL~3075[0]): [22, 13], 0, 2>, 
	Sinks: [<NetNode: N: fir.x1k1_mul.u5^MUL~3075[25], P: Block (n13042): I: 1, O: 1, PlInfo: PL Info (n13042): [31, 16], 0, 873>, <>]

: Source: <NetNode: N: fir.x1k1_mul.u5^MUL~3075[26], P: Block (fir.x1k1_mul.u5^MUL~3075[0]): I: 2, O: 1, PlInfo: PL Info (fir.x1k1_mul.u5^MUL~3075[0]): [22, 13], 0, 2>, 
	Sinks: [<NetNode: N: fir.x1k1_mul.u5^MUL~3075[26], P: Block (fir.x1k1_mul.u5^prod1~8_FF): I: 1, O: 1, PlInfo: PL Info (fir.x1k1_mul.u5^prod1~8_FF): [28, 12], 0, 920>, <>]

: Source: <NetNode: N: fir.x1k1_mul.u5^MUL~3075[27], P: Block (fir.x1k1_mul.u5^MUL~3075[0]): I: 2, O: 1, PlInfo: PL Info (fir.x1k1_mul.u5^MUL~3075[0]): [22, 13], 0, 2>, 
	Sinks: [<NetNode: N: fir.x1k1_mul.u5^MUL~3075[27], P: Block (fir.x1k1_mul.u5^prod1~7_FF): I: 1, O: 1, PlInfo: PL Info (fir.x1k1_mul.u5^prod1~7_FF): [28, 13], 0, 919>, <>]

: Source: <NetNode: N: fir.x1k1_mul.u5^MUL~3075[28], P: Block (fir.x1k1_mul.u5^MUL~3075[0]): I: 2, O: 1, PlInfo: PL Info (fir.x1k1_mul.u5^MUL~3075[0]): [22, 13], 0, 2>, 
	Sinks: [<NetNode: N: fir.x1k1_mul.u5^MUL~3075[28], P: Block (fir.x1k1_mul.u5^prod1~7_FF): I: 1, O: 1, PlInfo: PL Info (fir.x1k1_mul.u5^prod1~7_FF): [28, 13], 0, 919>, <>]

: Source: <NetNode: N: fir.x1k1_mul.u5^MUL~3075[29], P: Block (fir.x1k1_mul.u5^MUL~3075[0]): I: 2, O: 1, PlInfo: PL Info (fir.x1k1_mul.u5^MUL~3075[0]): [22, 13], 0, 2>, 
	Sinks: [<NetNode: N: fir.x1k1_mul.u5^MUL~3075[29], P: Block (fir.x1k1_mul.u5^prod1~7_FF): I: 1, O: 1, PlInfo: PL Info (fir.x1k1_mul.u5^prod1~7_FF): [28, 13], 0, 919>, <>]

: Source: <NetNode: N: fir.x1k1_mul.u5^MUL~3075[30], P: Block (fir.x1k1_mul.u5^MUL~3075[0]): I: 2, O: 1, PlInfo: PL Info (fir.x1k1_mul.u5^MUL~3075[0]): [22, 13], 0, 2>, 
	Sinks: [<NetNode: N: fir.x1k1_mul.u5^MUL~3075[30], P: Block (fir.x1k1_mul.u5^prod1~7_FF): I: 1, O: 1, PlInfo: PL Info (fir.x1k1_mul.u5^prod1~7_FF): [28, 13], 0, 919>, <>]

: Source: <NetNode: N: fir.x1k1_mul.u5^MUL~3075[31], P: Block (fir.x1k1_mul.u5^MUL~3075[0]): I: 2, O: 1, PlInfo: PL Info (fir.x1k1_mul.u5^MUL~3075[0]): [22, 13], 0, 2>, 
	Sinks: [<NetNode: N: fir.x1k1_mul.u5^MUL~3075[31], P: Block (fir.x1k1_mul.u5^prod1~7_FF): I: 1, O: 1, PlInfo: PL Info (fir.x1k1_mul.u5^prod1~7_FF): [28, 13], 0, 919>, <>]

: Source: <NetNode: N: fir.x1k1_mul.u5^MUL~3075[32], P: Block (fir.x1k1_mul.u5^MUL~3075[0]): I: 2, O: 1, PlInfo: PL Info (fir.x1k1_mul.u5^MUL~3075[0]): [22, 13], 0, 2>, 
	Sinks: [<NetNode: N: fir.x1k1_mul.u5^MUL~3075[32], P: Block (fir.x1k1_mul.u5^prod1~7_FF): I: 1, O: 1, PlInfo: PL Info (fir.x1k1_mul.u5^prod1~7_FF): [28, 13], 0, 919>, <>]

: Source: <NetNode: N: fir.x1k1_mul.u5^MUL~3075[33], P: Block (fir.x1k1_mul.u5^MUL~3075[0]): I: 2, O: 1, PlInfo: PL Info (fir.x1k1_mul.u5^MUL~3075[0]): [22, 13], 0, 2>, 
	Sinks: [<NetNode: N: fir.x1k1_mul.u5^MUL~3075[33], P: Block (fir.x1k1_mul.u5^prod1~7_FF): I: 1, O: 1, PlInfo: PL Info (fir.x1k1_mul.u5^prod1~7_FF): [28, 13], 0, 919>, <>]

: Source: <NetNode: N: fir.x1k1_mul.u5^MUL~3075[34], P: Block (fir.x1k1_mul.u5^MUL~3075[0]): I: 2, O: 1, PlInfo: PL Info (fir.x1k1_mul.u5^MUL~3075[0]): [22, 13], 0, 2>, 
	Sinks: [<NetNode: N: fir.x1k1_mul.u5^MUL~3075[34], P: Block (fir.x1k1_mul.u5^prod1~7_FF): I: 1, O: 1, PlInfo: PL Info (fir.x1k1_mul.u5^prod1~7_FF): [28, 13], 0, 919>, <>]

: Source: <NetNode: N: fir.x1k1_mul.u5^MUL~3075[35], P: Block (fir.x1k1_mul.u5^MUL~3075[0]): I: 2, O: 1, PlInfo: PL Info (fir.x1k1_mul.u5^MUL~3075[0]): [22, 13], 0, 2>, 
	Sinks: [<NetNode: N: fir.x1k1_mul.u5^MUL~3075[35], P: Block (n12314): I: 1, O: 1, PlInfo: PL Info (n12314): [27, 12], 0, 428>, <>]

: Source: <NetNode: N: fir.x1k1_mul.u5^MUL~3075[36], P: Block (fir.x1k1_mul.u5^MUL~3075[0]): I: 2, O: 1, PlInfo: PL Info (fir.x1k1_mul.u5^MUL~3075[0]): [22, 13], 0, 2>, 
	Sinks: [<NetNode: N: fir.x1k1_mul.u5^MUL~3075[36], P: Block (fir.x1k1_mul.u5^prod1~7_FF): I: 1, O: 1, PlInfo: PL Info (fir.x1k1_mul.u5^prod1~7_FF): [28, 13], 0, 919>, <>]

: Source: <NetNode: N: fir.x1k1_mul.u5^MUL~3075[37], P: Block (fir.x1k1_mul.u5^MUL~3075[0]): I: 2, O: 1, PlInfo: PL Info (fir.x1k1_mul.u5^MUL~3075[0]): [22, 13], 0, 2>, 
	Sinks: [<NetNode: N: fir.x1k1_mul.u5^MUL~3075[37], P: Block (fir.x1k1_mul.u5^prod1~5_FF): I: 1, O: 1, PlInfo: PL Info (fir.x1k1_mul.u5^prod1~5_FF): [25, 14], 0, 918>, <>]

: Source: <NetNode: N: fir.x1k1_mul.u5^MUL~3075[38], P: Block (fir.x1k1_mul.u5^MUL~3075[0]): I: 2, O: 1, PlInfo: PL Info (fir.x1k1_mul.u5^MUL~3075[0]): [22, 13], 0, 2>, 
	Sinks: [<NetNode: N: fir.x1k1_mul.u5^MUL~3075[38], P: Block (n13012): I: 1, O: 1, PlInfo: PL Info (n13012): [28, 9], 0, 541>, <>]

: Source: <NetNode: N: fir.x1k1_mul.u5^MUL~3075[39], P: Block (fir.x1k1_mul.u5^MUL~3075[0]): I: 2, O: 1, PlInfo: PL Info (fir.x1k1_mul.u5^MUL~3075[0]): [22, 13], 0, 2>, 
	Sinks: [<NetNode: N: fir.x1k1_mul.u5^MUL~3075[39], P: Block (fir.x1k1_mul.u5^prod1~5_FF): I: 1, O: 1, PlInfo: PL Info (fir.x1k1_mul.u5^prod1~5_FF): [25, 14], 0, 918>, <>]

: Source: <NetNode: N: fir.x1k1_mul.u5^MUL~3075[40], P: Block (fir.x1k1_mul.u5^MUL~3075[0]): I: 2, O: 1, PlInfo: PL Info (fir.x1k1_mul.u5^MUL~3075[0]): [22, 13], 0, 2>, 
	Sinks: [<NetNode: N: fir.x1k1_mul.u5^MUL~3075[40], P: Block (n12413): I: 1, O: 1, PlInfo: PL Info (n12413): [28, 14], 0, 767>, <>]

: Source: <NetNode: N: fir.x1k1_mul.u5^MUL~3075[41], P: Block (fir.x1k1_mul.u5^MUL~3075[0]): I: 2, O: 1, PlInfo: PL Info (fir.x1k1_mul.u5^MUL~3075[0]): [22, 13], 0, 2>, 
	Sinks: [<NetNode: N: fir.x1k1_mul.u5^MUL~3075[41], P: Block (fir.x1k1_mul.u5^prod1~5_FF): I: 1, O: 1, PlInfo: PL Info (fir.x1k1_mul.u5^prod1~5_FF): [25, 14], 0, 918>, <>]

: Source: <NetNode: N: fir.x1k1_mul.u5^MUL~3075[42], P: Block (fir.x1k1_mul.u5^MUL~3075[0]): I: 2, O: 1, PlInfo: PL Info (fir.x1k1_mul.u5^MUL~3075[0]): [22, 13], 0, 2>, 
	Sinks: [<NetNode: N: fir.x1k1_mul.u5^MUL~3075[42], P: Block (n12413): I: 1, O: 1, PlInfo: PL Info (n12413): [28, 14], 0, 767>, <>]

: Source: <NetNode: N: fir.x1k1_mul.u5^MUL~3075[43], P: Block (fir.x1k1_mul.u5^MUL~3075[0]): I: 2, O: 1, PlInfo: PL Info (fir.x1k1_mul.u5^MUL~3075[0]): [22, 13], 0, 2>, 
	Sinks: [<NetNode: N: fir.x1k1_mul.u5^MUL~3075[43], P: Block (n13338): I: 1, O: 1, PlInfo: PL Info (n13338): [24, 13], 0, 838>, <>]

: Source: <NetNode: N: fir.x1k1_mul.u5^MUL~3075[44], P: Block (fir.x1k1_mul.u5^MUL~3075[0]): I: 2, O: 1, PlInfo: PL Info (fir.x1k1_mul.u5^MUL~3075[0]): [22, 13], 0, 2>, 
	Sinks: [<NetNode: N: fir.x1k1_mul.u5^MUL~3075[44], P: Block (n13338): I: 1, O: 1, PlInfo: PL Info (n13338): [24, 13], 0, 838>, <>]

: Source: <NetNode: N: fir.x1k1_mul.u5^MUL~3075[45], P: Block (fir.x1k1_mul.u5^MUL~3075[0]): I: 2, O: 1, PlInfo: PL Info (fir.x1k1_mul.u5^MUL~3075[0]): [22, 13], 0, 2>, 
	Sinks: [<NetNode: N: fir.x1k1_mul.u5^MUL~3075[45], P: Block (n13338): I: 1, O: 1, PlInfo: PL Info (n13338): [24, 13], 0, 838>, <>]

: Source: <NetNode: N: fir.x1k1_mul.u5^MUL~3075[46], P: Block (fir.x1k1_mul.u5^MUL~3075[0]): I: 2, O: 1, PlInfo: PL Info (fir.x1k1_mul.u5^MUL~3075[0]): [22, 13], 0, 2>, 
	Sinks: [<NetNode: N: fir.x1k1_mul.u5^MUL~3075[46], P: Block (fir.x1k1_mul.u5^prod1~5_FF): I: 1, O: 1, PlInfo: PL Info (fir.x1k1_mul.u5^prod1~5_FF): [25, 14], 0, 918>, <>]

: Source: <NetNode: N: fir.x1k1_mul.u5^MUL~3075[47], P: Block (fir.x1k1_mul.u5^MUL~3075[0]): I: 2, O: 1, PlInfo: PL Info (fir.x1k1_mul.u5^MUL~3075[0]): [22, 13], 0, 2>, 
	Sinks: [<NetNode: N: fir.x1k1_mul.u5^MUL~3075[47], P: Block (fir.x1k1_mul.u5^prod1~5_FF): I: 1, O: 1, PlInfo: PL Info (fir.x1k1_mul.u5^prod1~5_FF): [25, 14], 0, 918>, <>]

: Source: <NetNode: N: fir^out~10, P: Block (n10151): I: 1, O: 1, PlInfo: PL Info (n10151): [29, 35], 0, 643>, 
	Sinks: [<NetNode: N: fir^out~10, P: Block (out:fir^out~10): I: 1, O: 0, PlInfo: PL Info (out:fir^out~10): [29, 37], 1, 958>, <>]

: Source: <NetNode: N: n14530, P: Block (n14530): I: 1, O: 1, PlInfo: PL Info (n14530): [29, 19], 0, 473>, 
	Sinks: [<NetNode: N: n14530, P: Block (n14086): I: 1, O: 1, PlInfo: PL Info (n14086): [29, 20], 0, 362>, <>]

: Source: <NetNode: N: n8333, P: Block (n8333): I: 1, O: 1, PlInfo: PL Info (n8333): [11, 11], 0, 623>, 
	Sinks: [<>]

: Source: <NetNode: N: fir.add0_add^out~29_FF, P: Block (n9422): I: 1, O: 1, PlInfo: PL Info (n9422): [16, 4], 0, 634>, 
	Sinks: [<NetNode: N: fir.add0_add^out~29_FF, P: Block (n2671): I: 1, O: 1, PlInfo: PL Info (n2671): [28, 26], 0, 230>, <>]

: Source: <NetNode: N: n15863, P: Block (n15863): I: 1, O: 1, PlInfo: PL Info (n15863): [1, 25], 0, 754>, 
	Sinks: [<NetNode: N: n15863, P: Block (n15836): I: 1, O: 1, PlInfo: PL Info (n15836): [5, 26], 0, 570>, <>]

: Source: <NetNode: N: n15864, P: Block (n15864): I: 1, O: 1, PlInfo: PL Info (n15864): [3, 24], 0, 828>, 
	Sinks: [<NetNode: N: n15864, P: Block (n16157): I: 1, O: 1, PlInfo: PL Info (n16157): [3, 28], 0, 628>, <NetNode: N: n15864, P: Block (n16173): I: 1, O: 1, PlInfo: PL Info (n16173): [8, 21], 0, 772>, <NetNode: N: n15864, P: Block (n16104): I: 1, O: 1, PlInfo: PL Info (n16104): [1, 24], 0, 883>, <NetNode: N: n15864, P: Block (n16197): I: 1, O: 1, PlInfo: PL Info (n16197): [5, 22], 0, 872>, <NetNode: N: n15864, P: Block (n15863): I: 1, O: 1, PlInfo: PL Info (n15863): [1, 25], 0, 754>, <NetNode: N: n15864, P: Block (n15635): I: 1, O: 1, PlInfo: PL Info (n15635): [8, 26], 0, 788>, <NetNode: N: n15864, P: Block (n16302): I: 1, O: 1, PlInfo: PL Info (n16302): [1, 27], 0, 710>, <NetNode: N: n15864, P: Block (n16340): I: 1, O: 1, PlInfo: PL Info (n16340): [4, 23], 0, 868>, <NetNode: N: n15864, P: Block (n16514): I: 1, O: 1, PlInfo: PL Info (n16514): [1, 28], 0, 714>, <NetNode: N: n15864, P: Block (n16771): I: 1, O: 1, PlInfo: PL Info (n16771): [5, 23], 0, 718>, <NetNode: N: n15864, P: Block (n16223): I: 1, O: 1, PlInfo: PL Info (n16223): [7, 24], 0, 799>, <NetNode: N: n15864, P: Block (n16237): I: 1, O: 1, PlInfo: PL Info (n16237): [5, 25], 0, 800>, <NetNode: N: n15864, P: Block (n15390): I: 1, O: 1, PlInfo: PL Info (n15390): [8, 25], 0, 627>, <NetNode: N: n15864, P: Block (n16495): I: 1, O: 1, PlInfo: PL Info (n16495): [1, 30], 0, 886>, <NetNode: N: n15864, P: Block (n16256): I: 1, O: 1, PlInfo: PL Info (n16256): [5, 24], 0, 837>, <NetNode: N: n15864, P: Block (n16261): I: 1, O: 1, PlInfo: PL Info (n16261): [7, 21], 0, 864>, <NetNode: N: n15864, P: Block (n16822): I: 1, O: 1, PlInfo: PL Info (n16822): [1, 29], 0, 884>, <NetNode: N: n15864, P: Block (n16616): I: 1, O: 1, PlInfo: PL Info (n16616): [3, 27], 0, 699>, <NetNode: N: n15864, P: Block (n15949): I: 1, O: 1, PlInfo: PL Info (n15949): [3, 26], 0, 829>, <NetNode: N: n15864, P: Block (n16819): I: 1, O: 1, PlInfo: PL Info (n16819): [1, 26], 0, 715>, <NetNode: N: n15864, P: Block (n16219): I: 1, O: 1, PlInfo: PL Info (n16219): [4, 22], 0, 798>, <NetNode: N: n15864, P: Block (n16403): I: 1, O: 1, PlInfo: PL Info (n16403): [1, 21], 0, 858>, <>]

: Source: <NetNode: N: n16718, P: Block (n16718): I: 1, O: 1, PlInfo: PL Info (n16718): [3, 36], 0, 743>, 
	Sinks: [<NetNode: N: n16718, P: Block (n15706): I: 1, O: 1, PlInfo: PL Info (n15706): [5, 34], 0, 509>, <>]

: Source: <NetNode: N: fir.x2k2_mul^out_o1~15_FF, P: Block (n5065): I: 1, O: 1, PlInfo: PL Info (n5065): [28, 23], 0, 110>, 
	Sinks: [<>]

: Source: <NetNode: N: n8330, P: Block (n8330): I: 1, O: 1, PlInfo: PL Info (n8330): [1, 5], 0, 307>, 
	Sinks: [<NetNode: N: n8330, P: Block (n3866): I: 1, O: 1, PlInfo: PL Info (n3866): [11, 6], 0, 31>, <>]

: Source: <NetNode: N: fir.x1k1_mul.u0^inf_FF, P: Block (n8331): I: 1, O: 1, PlInfo: PL Info (n8331): [27, 9], 0, 288>, 
	Sinks: [<NetNode: N: fir.x1k1_mul.u0^inf_FF, P: Block (n4649): I: 1, O: 1, PlInfo: PL Info (n4649): [25, 9], 0, 219>, <>]

: Source: <NetNode: N: fir.add1_add^out_o1~22_FF, P: Block (n1944): I: 1, O: 1, PlInfo: PL Info (n1944): [31, 34], 0, 130>, 
	Sinks: [<NetNode: N: fir.add1_add^out_o1~22_FF, P: Block (n9727): I: 1, O: 1, PlInfo: PL Info (n9727): [32, 36], 0, 637>, <>]

: Source: <NetNode: N: n12568, P: Block (n12568): I: 1, O: 1, PlInfo: PL Info (n12568): [27, 5], 0, 342>, 
	Sinks: [<NetNode: N: n12568, P: Block (n4410): I: 1, O: 1, PlInfo: PL Info (n4410): [25, 4], 0, 85>, <NetNode: N: n12568, P: Block (n4462): I: 1, O: 1, PlInfo: PL Info (n4462): [23, 3], 0, 86>, <NetNode: N: n12568, P: Block (n4475): I: 1, O: 1, PlInfo: PL Info (n4475): [23, 4], 0, 6>, <NetNode: N: n12568, P: Block (n13669): I: 1, O: 1, PlInfo: PL Info (n13669): [27, 4], 0, 454>, <NetNode: N: n12568, P: Block (n13475): I: 1, O: 1, PlInfo: PL Info (n13475): [29, 2], 0, 547>, <NetNode: N: n12568, P: Block (n13064): I: 1, O: 1, PlInfo: PL Info (n13064): [28, 3], 0, 348>, <NetNode: N: n12568, P: Block (n4553): I: 1, O: 1, PlInfo: PL Info (n4553): [24, 7], 0, 88>, <NetNode: N: n12568, P: Block (n12529): I: 1, O: 1, PlInfo: PL Info (n12529): [29, 5], 0, 337>, <NetNode: N: n12568, P: Block (n13591): I: 1, O: 1, PlInfo: PL Info (n13591): [25, 3], 0, 552>, <>]

: Source: <NetNode: N: n13413, P: Block (n13413): I: 1, O: 1, PlInfo: PL Info (n13413): [36, 8], 0, 664>, 
	Sinks: [<NetNode: N: n13413, P: Block (n13321): I: 1, O: 1, PlInfo: PL Info (n13321): [35, 2], 0, 446>, <>]

: Source: <NetNode: N: fir.add0_add^out~3_FF, P: Block (n11236): I: 1, O: 1, PlInfo: PL Info (n11236): [23, 27], 0, 763>, 
	Sinks: [<NetNode: N: fir.add0_add^out~3_FF, P: Block (n2394): I: 1, O: 1, PlInfo: PL Info (n2394): [24, 27], 0, 155>, <>]

: Source: <NetNode: N: fir.x0k0_mul.u5^MUL~343[0], P: Block (fir.x0k0_mul.u5^MUL~343[0]): I: 2, O: 1, PlInfo: PL Info (fir.x0k0_mul.u5^MUL~343[0]): [6, 13], 0, 3>, 
	Sinks: [<NetNode: N: fir.x0k0_mul.u5^MUL~343[0], P: Block (fir.x0k0_mul.u5^prod1~0_FF): I: 1, O: 1, PlInfo: PL Info (fir.x0k0_mul.u5^prod1~0_FF): [5, 14], 0, 921>, <>]

: Source: <NetNode: N: fir.x0k0_mul.u5^MUL~343[1], P: Block (fir.x0k0_mul.u5^MUL~343[0]): I: 2, O: 1, PlInfo: PL Info (fir.x0k0_mul.u5^MUL~343[0]): [6, 13], 0, 3>, 
	Sinks: [<NetNode: N: fir.x0k0_mul.u5^MUL~343[1], P: Block (fir.x0k0_mul.u5^prod1~1_FF): I: 1, O: 1, PlInfo: PL Info (fir.x0k0_mul.u5^prod1~1_FF): [13, 14], 0, 922>, <>]

: Source: <NetNode: N: fir.x0k0_mul.u5^MUL~343[2], P: Block (fir.x0k0_mul.u5^MUL~343[0]): I: 2, O: 1, PlInfo: PL Info (fir.x0k0_mul.u5^MUL~343[0]): [6, 13], 0, 3>, 
	Sinks: [<NetNode: N: fir.x0k0_mul.u5^MUL~343[2], P: Block (fir.x0k0_mul.u5^prod1~2_FF): I: 1, O: 1, PlInfo: PL Info (fir.x0k0_mul.u5^prod1~2_FF): [8, 18], 0, 923>, <>]

: Source: <NetNode: N: fir.x0k0_mul.u5^MUL~343[3], P: Block (fir.x0k0_mul.u5^MUL~343[0]): I: 2, O: 1, PlInfo: PL Info (fir.x0k0_mul.u5^MUL~343[0]): [6, 13], 0, 3>, 
	Sinks: [<NetNode: N: fir.x0k0_mul.u5^MUL~343[3], P: Block (fir.x0k0_mul.u5^prod1~3_FF): I: 1, O: 1, PlInfo: PL Info (fir.x0k0_mul.u5^prod1~3_FF): [7, 14], 0, 924>, <>]

: Source: <NetNode: N: fir.x0k0_mul.u5^MUL~343[4], P: Block (fir.x0k0_mul.u5^MUL~343[0]): I: 2, O: 1, PlInfo: PL Info (fir.x0k0_mul.u5^MUL~343[0]): [6, 13], 0, 3>, 
	Sinks: [<NetNode: N: fir.x0k0_mul.u5^MUL~343[4], P: Block (n7786_1): I: 1, O: 1, PlInfo: PL Info (n7786_1): [5, 15], 0, 294>, <>]

: Source: <NetNode: N: fir.x0k0_mul.u5^MUL~343[5], P: Block (fir.x0k0_mul.u5^MUL~343[0]): I: 2, O: 1, PlInfo: PL Info (fir.x0k0_mul.u5^MUL~343[0]): [6, 13], 0, 3>, 
	Sinks: [<NetNode: N: fir.x0k0_mul.u5^MUL~343[5], P: Block (n7685): I: 1, O: 1, PlInfo: PL Info (n7685): [8, 15], 0, 731>, <>]

: Source: <NetNode: N: fir.x0k0_mul.u5^MUL~343[6], P: Block (fir.x0k0_mul.u5^MUL~343[0]): I: 2, O: 1, PlInfo: PL Info (fir.x0k0_mul.u5^MUL~343[0]): [6, 13], 0, 3>, 
	Sinks: [<NetNode: N: fir.x0k0_mul.u5^MUL~343[6], P: Block (fir.x0k0_mul.u5^prod1~6_FF): I: 1, O: 1, PlInfo: PL Info (fir.x0k0_mul.u5^prod1~6_FF): [4, 15], 0, 925>, <>]

: Source: <NetNode: N: fir.x0k0_mul.u5^MUL~343[7], P: Block (fir.x0k0_mul.u5^MUL~343[0]): I: 2, O: 1, PlInfo: PL Info (fir.x0k0_mul.u5^MUL~343[0]): [6, 13], 0, 3>, 
	Sinks: [<NetNode: N: fir.x0k0_mul.u5^MUL~343[7], P: Block (fir.x0k0_mul.u5^prod1~7_FF): I: 1, O: 1, PlInfo: PL Info (fir.x0k0_mul.u5^prod1~7_FF): [5, 16], 0, 926>, <>]

: Source: <NetNode: N: fir.x0k0_mul.u5^MUL~343[8], P: Block (fir.x0k0_mul.u5^MUL~343[0]): I: 2, O: 1, PlInfo: PL Info (fir.x0k0_mul.u5^MUL~343[0]): [6, 13], 0, 3>, 
	Sinks: [<NetNode: N: fir.x0k0_mul.u5^MUL~343[8], P: Block (n7733): I: 1, O: 1, PlInfo: PL Info (n7733): [4, 17], 0, 385>, <>]

: Source: <NetNode: N: fir.x0k0_mul.u5^MUL~343[9], P: Block (fir.x0k0_mul.u5^MUL~343[0]): I: 2, O: 1, PlInfo: PL Info (fir.x0k0_mul.u5^MUL~343[0]): [6, 13], 0, 3>, 
	Sinks: [<NetNode: N: fir.x0k0_mul.u5^MUL~343[9], P: Block (fir.x0k0_mul.u5^prod1~7_FF): I: 1, O: 1, PlInfo: PL Info (fir.x0k0_mul.u5^prod1~7_FF): [5, 16], 0, 926>, <>]

: Source: <NetNode: N: fir.x0k0_mul.u5^MUL~343[10], P: Block (fir.x0k0_mul.u5^MUL~343[0]): I: 2, O: 1, PlInfo: PL Info (fir.x0k0_mul.u5^MUL~343[0]): [6, 13], 0, 3>, 
	Sinks: [<NetNode: N: fir.x0k0_mul.u5^MUL~343[10], P: Block (n7736_1): I: 1, O: 1, PlInfo: PL Info (n7736_1): [8, 14], 0, 704>, <>]

: Source: <NetNode: N: fir.x0k0_mul.u5^MUL~343[11], P: Block (fir.x0k0_mul.u5^MUL~343[0]): I: 2, O: 1, PlInfo: PL Info (fir.x0k0_mul.u5^MUL~343[0]): [6, 13], 0, 3>, 
	Sinks: [<NetNode: N: fir.x0k0_mul.u5^MUL~343[11], P: Block (fir.x0k0_mul.u5^prod1~7_FF): I: 1, O: 1, PlInfo: PL Info (fir.x0k0_mul.u5^prod1~7_FF): [5, 16], 0, 926>, <>]

: Source: <NetNode: N: fir.x0k0_mul.u5^MUL~343[12], P: Block (fir.x0k0_mul.u5^MUL~343[0]): I: 2, O: 1, PlInfo: PL Info (fir.x0k0_mul.u5^MUL~343[0]): [6, 13], 0, 3>, 
	Sinks: [<NetNode: N: fir.x0k0_mul.u5^MUL~343[12], P: Block (n7708_1): I: 1, O: 1, PlInfo: PL Info (n7708_1): [5, 17], 0, 528>, <>]

: Source: <NetNode: N: fir.x0k0_mul.u5^MUL~343[13], P: Block (fir.x0k0_mul.u5^MUL~343[0]): I: 2, O: 1, PlInfo: PL Info (fir.x0k0_mul.u5^MUL~343[0]): [6, 13], 0, 3>, 
	Sinks: [<NetNode: N: fir.x0k0_mul.u5^MUL~343[13], P: Block (fir.x0k0_mul.u5^prod1~7_FF): I: 1, O: 1, PlInfo: PL Info (fir.x0k0_mul.u5^prod1~7_FF): [5, 16], 0, 926>, <>]

: Source: <NetNode: N: fir.x0k0_mul.u5^MUL~343[14], P: Block (fir.x0k0_mul.u5^MUL~343[0]): I: 2, O: 1, PlInfo: PL Info (fir.x0k0_mul.u5^MUL~343[0]): [6, 13], 0, 3>, 
	Sinks: [<NetNode: N: fir.x0k0_mul.u5^MUL~343[14], P: Block (n7730): I: 1, O: 1, PlInfo: PL Info (n7730): [4, 18], 0, 680>, <>]

: Source: <NetNode: N: fir.x0k0_mul.u5^MUL~343[15], P: Block (fir.x0k0_mul.u5^MUL~343[0]): I: 2, O: 1, PlInfo: PL Info (fir.x0k0_mul.u5^MUL~343[0]): [6, 13], 0, 3>, 
	Sinks: [<NetNode: N: fir.x0k0_mul.u5^MUL~343[15], P: Block (n7776_1): I: 1, O: 1, PlInfo: PL Info (n7776_1): [4, 16], 0, 392>, <>]

: Source: <NetNode: N: fir.x0k0_mul.u5^MUL~343[16], P: Block (fir.x0k0_mul.u5^MUL~343[0]): I: 2, O: 1, PlInfo: PL Info (fir.x0k0_mul.u5^MUL~343[0]): [6, 13], 0, 3>, 
	Sinks: [<NetNode: N: fir.x0k0_mul.u5^MUL~343[16], P: Block (fir.x0k0_mul.u5^prod1~7_FF): I: 1, O: 1, PlInfo: PL Info (fir.x0k0_mul.u5^prod1~7_FF): [5, 16], 0, 926>, <>]

: Source: <NetNode: N: fir.x0k0_mul.u5^MUL~343[17], P: Block (fir.x0k0_mul.u5^MUL~343[0]): I: 2, O: 1, PlInfo: PL Info (fir.x0k0_mul.u5^MUL~343[0]): [6, 13], 0, 3>, 
	Sinks: [<NetNode: N: fir.x0k0_mul.u5^MUL~343[17], P: Block (fir.x0k0_mul.u5^prod1~7_FF): I: 1, O: 1, PlInfo: PL Info (fir.x0k0_mul.u5^prod1~7_FF): [5, 16], 0, 926>, <>]

: Source: <NetNode: N: fir.x0k0_mul.u5^MUL~343[18], P: Block (fir.x0k0_mul.u5^MUL~343[0]): I: 2, O: 1, PlInfo: PL Info (fir.x0k0_mul.u5^MUL~343[0]): [6, 13], 0, 3>, 
	Sinks: [<NetNode: N: fir.x0k0_mul.u5^MUL~343[18], P: Block (fir.x0k0_mul.u5^prod1~7_FF): I: 1, O: 1, PlInfo: PL Info (fir.x0k0_mul.u5^prod1~7_FF): [5, 16], 0, 926>, <>]

: Source: <NetNode: N: fir.x0k0_mul.u5^MUL~343[19], P: Block (fir.x0k0_mul.u5^MUL~343[0]): I: 2, O: 1, PlInfo: PL Info (fir.x0k0_mul.u5^MUL~343[0]): [6, 13], 0, 3>, 
	Sinks: [<NetNode: N: fir.x0k0_mul.u5^MUL~343[19], P: Block (fir.x0k0_mul.u5^prod1~7_FF): I: 1, O: 1, PlInfo: PL Info (fir.x0k0_mul.u5^prod1~7_FF): [5, 16], 0, 926>, <>]

: Source: <NetNode: N: fir.x0k0_mul.u5^MUL~343[20], P: Block (fir.x0k0_mul.u5^MUL~343[0]): I: 2, O: 1, PlInfo: PL Info (fir.x0k0_mul.u5^MUL~343[0]): [6, 13], 0, 3>, 
	Sinks: [<NetNode: N: fir.x0k0_mul.u5^MUL~343[20], P: Block (fir.x0k0_mul.u5^prod1~7_FF): I: 1, O: 1, PlInfo: PL Info (fir.x0k0_mul.u5^prod1~7_FF): [5, 16], 0, 926>, <>]

: Source: <NetNode: N: fir.x0k0_mul.u5^MUL~343[21], P: Block (fir.x0k0_mul.u5^MUL~343[0]): I: 2, O: 1, PlInfo: PL Info (fir.x0k0_mul.u5^MUL~343[0]): [6, 13], 0, 3>, 
	Sinks: [<NetNode: N: fir.x0k0_mul.u5^MUL~343[21], P: Block (fir.x0k0_mul.u5^prod1~7_FF): I: 1, O: 1, PlInfo: PL Info (fir.x0k0_mul.u5^prod1~7_FF): [5, 16], 0, 926>, <>]

: Source: <NetNode: N: fir.x0k0_mul.u5^MUL~343[22], P: Block (fir.x0k0_mul.u5^MUL~343[0]): I: 2, O: 1, PlInfo: PL Info (fir.x0k0_mul.u5^MUL~343[0]): [6, 13], 0, 3>, 
	Sinks: [<NetNode: N: fir.x0k0_mul.u5^MUL~343[22], P: Block (fir.x0k0_mul.u5^prod1~6_FF): I: 1, O: 1, PlInfo: PL Info (fir.x0k0_mul.u5^prod1~6_FF): [4, 15], 0, 925>, <>]

: Source: <NetNode: N: fir.x0k0_mul.u5^MUL~343[23], P: Block (fir.x0k0_mul.u5^MUL~343[0]): I: 2, O: 1, PlInfo: PL Info (fir.x0k0_mul.u5^MUL~343[0]): [6, 13], 0, 3>, 
	Sinks: [<NetNode: N: fir.x0k0_mul.u5^MUL~343[23], P: Block (n7772_1): I: 1, O: 1, PlInfo: PL Info (n7772_1): [3, 15], 0, 391>, <>]

: Source: <NetNode: N: fir.x0k0_mul.u5^MUL~343[24], P: Block (fir.x0k0_mul.u5^MUL~343[0]): I: 2, O: 1, PlInfo: PL Info (fir.x0k0_mul.u5^MUL~343[0]): [6, 13], 0, 3>, 
	Sinks: [<NetNode: N: fir.x0k0_mul.u5^MUL~343[24], P: Block (fir.x0k0_mul.u5^prod1~6_FF): I: 1, O: 1, PlInfo: PL Info (fir.x0k0_mul.u5^prod1~6_FF): [4, 15], 0, 925>, <>]

: Source: <NetNode: N: fir.x0k0_mul.u5^MUL~343[25], P: Block (fir.x0k0_mul.u5^MUL~343[0]): I: 2, O: 1, PlInfo: PL Info (fir.x0k0_mul.u5^MUL~343[0]): [6, 13], 0, 3>, 
	Sinks: [<NetNode: N: fir.x0k0_mul.u5^MUL~343[25], P: Block (fir.x0k0_mul.u5^prod1~6_FF): I: 1, O: 1, PlInfo: PL Info (fir.x0k0_mul.u5^prod1~6_FF): [4, 15], 0, 925>, <>]

: Source: <NetNode: N: fir.x0k0_mul.u5^MUL~343[26], P: Block (fir.x0k0_mul.u5^MUL~343[0]): I: 2, O: 1, PlInfo: PL Info (fir.x0k0_mul.u5^MUL~343[0]): [6, 13], 0, 3>, 
	Sinks: [<NetNode: N: fir.x0k0_mul.u5^MUL~343[26], P: Block (fir.x0k0_mul.u5^prod1~6_FF): I: 1, O: 1, PlInfo: PL Info (fir.x0k0_mul.u5^prod1~6_FF): [4, 15], 0, 925>, <>]

: Source: <NetNode: N: fir.x0k0_mul.u5^MUL~343[27], P: Block (fir.x0k0_mul.u5^MUL~343[0]): I: 2, O: 1, PlInfo: PL Info (fir.x0k0_mul.u5^MUL~343[0]): [6, 13], 0, 3>, 
	Sinks: [<NetNode: N: fir.x0k0_mul.u5^MUL~343[27], P: Block (fir.x0k0_mul.u5^prod1~6_FF): I: 1, O: 1, PlInfo: PL Info (fir.x0k0_mul.u5^prod1~6_FF): [4, 15], 0, 925>, <>]

: Source: <NetNode: N: fir.x0k0_mul.u5^MUL~343[28], P: Block (fir.x0k0_mul.u5^MUL~343[0]): I: 2, O: 1, PlInfo: PL Info (fir.x0k0_mul.u5^MUL~343[0]): [6, 13], 0, 3>, 
	Sinks: [<NetNode: N: fir.x0k0_mul.u5^MUL~343[28], P: Block (fir.x0k0_mul.u5^prod1~6_FF): I: 1, O: 1, PlInfo: PL Info (fir.x0k0_mul.u5^prod1~6_FF): [4, 15], 0, 925>, <>]

: Source: <NetNode: N: fir.x0k0_mul.u5^MUL~343[29], P: Block (fir.x0k0_mul.u5^MUL~343[0]): I: 2, O: 1, PlInfo: PL Info (fir.x0k0_mul.u5^MUL~343[0]): [6, 13], 0, 3>, 
	Sinks: [<NetNode: N: fir.x0k0_mul.u5^MUL~343[29], P: Block (fir.x0k0_mul.u5^prod1~6_FF): I: 1, O: 1, PlInfo: PL Info (fir.x0k0_mul.u5^prod1~6_FF): [4, 15], 0, 925>, <>]

: Source: <NetNode: N: fir.x0k0_mul.u5^MUL~343[30], P: Block (fir.x0k0_mul.u5^MUL~343[0]): I: 2, O: 1, PlInfo: PL Info (fir.x0k0_mul.u5^MUL~343[0]): [6, 13], 0, 3>, 
	Sinks: [<NetNode: N: fir.x0k0_mul.u5^MUL~343[30], P: Block (fir.x0k0_mul.u5^prod1~6_FF): I: 1, O: 1, PlInfo: PL Info (fir.x0k0_mul.u5^prod1~6_FF): [4, 15], 0, 925>, <>]

: Source: <NetNode: N: fir.x0k0_mul.u5^MUL~343[31], P: Block (fir.x0k0_mul.u5^MUL~343[0]): I: 2, O: 1, PlInfo: PL Info (fir.x0k0_mul.u5^MUL~343[0]): [6, 13], 0, 3>, 
	Sinks: [<NetNode: N: fir.x0k0_mul.u5^MUL~343[31], P: Block (fir.x0k0_mul.u5^prod1~6_FF): I: 1, O: 1, PlInfo: PL Info (fir.x0k0_mul.u5^prod1~6_FF): [4, 15], 0, 925>, <>]

: Source: <NetNode: N: fir.x0k0_mul.u5^MUL~343[32], P: Block (fir.x0k0_mul.u5^MUL~343[0]): I: 2, O: 1, PlInfo: PL Info (fir.x0k0_mul.u5^MUL~343[0]): [6, 13], 0, 3>, 
	Sinks: [<NetNode: N: fir.x0k0_mul.u5^MUL~343[32], P: Block (fir.x0k0_mul.u5^prod1~6_FF): I: 1, O: 1, PlInfo: PL Info (fir.x0k0_mul.u5^prod1~6_FF): [4, 15], 0, 925>, <>]

: Source: <NetNode: N: fir.x0k0_mul.u5^MUL~343[33], P: Block (fir.x0k0_mul.u5^MUL~343[0]): I: 2, O: 1, PlInfo: PL Info (fir.x0k0_mul.u5^MUL~343[0]): [6, 13], 0, 3>, 
	Sinks: [<NetNode: N: fir.x0k0_mul.u5^MUL~343[33], P: Block (fir.x0k0_mul.u5^prod1~3_FF): I: 1, O: 1, PlInfo: PL Info (fir.x0k0_mul.u5^prod1~3_FF): [7, 14], 0, 924>, <>]

: Source: <NetNode: N: fir.x0k0_mul.u5^MUL~343[34], P: Block (fir.x0k0_mul.u5^MUL~343[0]): I: 2, O: 1, PlInfo: PL Info (fir.x0k0_mul.u5^MUL~343[0]): [6, 13], 0, 3>, 
	Sinks: [<NetNode: N: fir.x0k0_mul.u5^MUL~343[34], P: Block (fir.x0k0_mul.u5^prod1~3_FF): I: 1, O: 1, PlInfo: PL Info (fir.x0k0_mul.u5^prod1~3_FF): [7, 14], 0, 924>, <>]

: Source: <NetNode: N: fir.x0k0_mul.u5^MUL~343[35], P: Block (fir.x0k0_mul.u5^MUL~343[0]): I: 2, O: 1, PlInfo: PL Info (fir.x0k0_mul.u5^MUL~343[0]): [6, 13], 0, 3>, 
	Sinks: [<NetNode: N: fir.x0k0_mul.u5^MUL~343[35], P: Block (fir.x0k0_mul.u5^prod1~3_FF): I: 1, O: 1, PlInfo: PL Info (fir.x0k0_mul.u5^prod1~3_FF): [7, 14], 0, 924>, <>]

: Source: <NetNode: N: fir.x0k0_mul.u5^MUL~343[36], P: Block (fir.x0k0_mul.u5^MUL~343[0]): I: 2, O: 1, PlInfo: PL Info (fir.x0k0_mul.u5^MUL~343[0]): [6, 13], 0, 3>, 
	Sinks: [<NetNode: N: fir.x0k0_mul.u5^MUL~343[36], P: Block (fir.x0k0_mul.u2^lNOT~188): I: 1, O: 1, PlInfo: PL Info (fir.x0k0_mul.u2^lNOT~188): [5, 13], 0, 899>, <>]

: Source: <NetNode: N: fir.x0k0_mul.u5^MUL~343[37], P: Block (fir.x0k0_mul.u5^MUL~343[0]): I: 2, O: 1, PlInfo: PL Info (fir.x0k0_mul.u5^MUL~343[0]): [6, 13], 0, 3>, 
	Sinks: [<NetNode: N: fir.x0k0_mul.u5^MUL~343[37], P: Block (fir.x0k0_mul.u2^lNOT~188): I: 1, O: 1, PlInfo: PL Info (fir.x0k0_mul.u2^lNOT~188): [5, 13], 0, 899>, <>]

: Source: <NetNode: N: fir.x0k0_mul.u5^MUL~343[38], P: Block (fir.x0k0_mul.u5^MUL~343[0]): I: 2, O: 1, PlInfo: PL Info (fir.x0k0_mul.u5^MUL~343[0]): [6, 13], 0, 3>, 
	Sinks: [<NetNode: N: fir.x0k0_mul.u5^MUL~343[38], P: Block (fir.x0k0_mul.u2^lNOT~188): I: 1, O: 1, PlInfo: PL Info (fir.x0k0_mul.u2^lNOT~188): [5, 13], 0, 899>, <>]

: Source: <NetNode: N: fir.x0k0_mul.u5^MUL~343[39], P: Block (fir.x0k0_mul.u5^MUL~343[0]): I: 2, O: 1, PlInfo: PL Info (fir.x0k0_mul.u5^MUL~343[0]): [6, 13], 0, 3>, 
	Sinks: [<NetNode: N: fir.x0k0_mul.u5^MUL~343[39], P: Block (fir.x0k0_mul.u2^lNOT~188): I: 1, O: 1, PlInfo: PL Info (fir.x0k0_mul.u2^lNOT~188): [5, 13], 0, 899>, <>]

: Source: <NetNode: N: fir.x0k0_mul.u5^MUL~343[40], P: Block (fir.x0k0_mul.u5^MUL~343[0]): I: 2, O: 1, PlInfo: PL Info (fir.x0k0_mul.u5^MUL~343[0]): [6, 13], 0, 3>, 
	Sinks: [<NetNode: N: fir.x0k0_mul.u5^MUL~343[40], P: Block (n8525): I: 1, O: 1, PlInfo: PL Info (n8525): [1, 13], 0, 816>, <>]

: Source: <NetNode: N: fir.x0k0_mul.u5^MUL~343[41], P: Block (fir.x0k0_mul.u5^MUL~343[0]): I: 2, O: 1, PlInfo: PL Info (fir.x0k0_mul.u5^MUL~343[0]): [6, 13], 0, 3>, 
	Sinks: [<NetNode: N: fir.x0k0_mul.u5^MUL~343[41], P: Block (fir.x0k0_mul.u5^prod1~3_FF): I: 1, O: 1, PlInfo: PL Info (fir.x0k0_mul.u5^prod1~3_FF): [7, 14], 0, 924>, <>]

: Source: <NetNode: N: fir.x0k0_mul.u5^MUL~343[42], P: Block (fir.x0k0_mul.u5^MUL~343[0]): I: 2, O: 1, PlInfo: PL Info (fir.x0k0_mul.u5^MUL~343[0]): [6, 13], 0, 3>, 
	Sinks: [<NetNode: N: fir.x0k0_mul.u5^MUL~343[42], P: Block (fir.x0k0_mul.u5^prod1~0_FF): I: 1, O: 1, PlInfo: PL Info (fir.x0k0_mul.u5^prod1~0_FF): [5, 14], 0, 921>, <>]

: Source: <NetNode: N: fir.x0k0_mul.u5^MUL~343[43], P: Block (fir.x0k0_mul.u5^MUL~343[0]): I: 2, O: 1, PlInfo: PL Info (fir.x0k0_mul.u5^MUL~343[0]): [6, 13], 0, 3>, 
	Sinks: [<NetNode: N: fir.x0k0_mul.u5^MUL~343[43], P: Block (fir.x0k0_mul.u5^prod1~0_FF): I: 1, O: 1, PlInfo: PL Info (fir.x0k0_mul.u5^prod1~0_FF): [5, 14], 0, 921>, <>]

: Source: <NetNode: N: fir.x0k0_mul.u5^MUL~343[44], P: Block (fir.x0k0_mul.u5^MUL~343[0]): I: 2, O: 1, PlInfo: PL Info (fir.x0k0_mul.u5^MUL~343[0]): [6, 13], 0, 3>, 
	Sinks: [<NetNode: N: fir.x0k0_mul.u5^MUL~343[44], P: Block (fir.x0k0_mul.u5^prod1~0_FF): I: 1, O: 1, PlInfo: PL Info (fir.x0k0_mul.u5^prod1~0_FF): [5, 14], 0, 921>, <>]

: Source: <NetNode: N: fir.x0k0_mul.u5^MUL~343[45], P: Block (fir.x0k0_mul.u5^MUL~343[0]): I: 2, O: 1, PlInfo: PL Info (fir.x0k0_mul.u5^MUL~343[0]): [6, 13], 0, 3>, 
	Sinks: [<NetNode: N: fir.x0k0_mul.u5^MUL~343[45], P: Block (fir.x0k0_mul.u5^prod1~0_FF): I: 1, O: 1, PlInfo: PL Info (fir.x0k0_mul.u5^prod1~0_FF): [5, 14], 0, 921>, <>]

: Source: <NetNode: N: fir.x0k0_mul.u5^MUL~343[46], P: Block (fir.x0k0_mul.u5^MUL~343[0]): I: 2, O: 1, PlInfo: PL Info (fir.x0k0_mul.u5^MUL~343[0]): [6, 13], 0, 3>, 
	Sinks: [<NetNode: N: fir.x0k0_mul.u5^MUL~343[46], P: Block (fir.x0k0_mul.u5^prod1~0_FF): I: 1, O: 1, PlInfo: PL Info (fir.x0k0_mul.u5^prod1~0_FF): [5, 14], 0, 921>, <>]

: Source: <NetNode: N: fir.x0k0_mul.u5^MUL~343[47], P: Block (fir.x0k0_mul.u5^MUL~343[0]): I: 2, O: 1, PlInfo: PL Info (fir.x0k0_mul.u5^MUL~343[0]): [6, 13], 0, 3>, 
	Sinks: [<NetNode: N: fir.x0k0_mul.u5^MUL~343[47], P: Block (fir.x0k0_mul.u5^prod1~0_FF): I: 1, O: 1, PlInfo: PL Info (fir.x0k0_mul.u5^prod1~0_FF): [5, 14], 0, 921>, <>]

: Source: <NetNode: N: fir.x2k2_mul.u5^prod1~3_FF, P: Block (n13896): I: 1, O: 1, PlInfo: PL Info (n13896): [24, 20], 0, 356>, 
	Sinks: [<>]

: Source: <NetNode: N: fir.x2k2_mul.u5^prod~5_FF, P: Block (fir.x2k2_mul.u5^prod1~5_FF): I: 1, O: 1, PlInfo: PL Info (fir.x2k2_mul.u5^prod1~5_FF): [23, 14], 0, 913>, 
	Sinks: [<NetNode: N: fir.x2k2_mul.u5^prod~5_FF, P: Block (n15058): I: 1, O: 1, PlInfo: PL Info (n15058): [35, 19], 0, 482>, <NetNode: N: fir.x2k2_mul.u5^prod~5_FF, P: Block (n15063): I: 1, O: 1, PlInfo: PL Info (n15063): [32, 26], 0, 483>, <NetNode: N: fir.x2k2_mul.u5^prod~5_FF, P: Block (n4896): I: 1, O: 1, PlInfo: PL Info (n4896): [27, 22], 0, 37>, <NetNode: N: fir.x2k2_mul.u5^prod~5_FF, P: Block (n15084): I: 1, O: 1, PlInfo: PL Info (n15084): [31, 23], 0, 377>, <NetNode: N: fir.x2k2_mul.u5^prod~5_FF, P: Block (n15092): I: 1, O: 1, PlInfo: PL Info (n15092): [36, 20], 0, 485>, <NetNode: N: fir.x2k2_mul.u5^prod~5_FF, P: Block (n14166): I: 1, O: 1, PlInfo: PL Info (n14166): [25, 21], 0, 698>, <NetNode: N: fir.x2k2_mul.u5^prod~5_FF, P: Block (n13904): I: 1, O: 1, PlInfo: PL Info (n13904): [25, 20], 0, 461>, <NetNode: N: fir.x2k2_mul.u5^prod~5_FF, P: Block (n14803): I: 1, O: 1, PlInfo: PL Info (n14803): [33, 19], 0, 375>, <NetNode: N: fir.x2k2_mul.u5^prod~5_FF, P: Block (n14810): I: 1, O: 1, PlInfo: PL Info (n14810): [35, 17], 0, 477>, <NetNode: N: fir.x2k2_mul.u5^prod~5_FF, P: Block (n5104): I: 1, O: 1, PlInfo: PL Info (n5104): [28, 24], 0, 42>, <NetNode: N: fir.x2k2_mul.u5^prod~5_FF, P: Block (n14830): I: 1, O: 1, PlInfo: PL Info (n14830): [35, 21], 0, 478>, <NetNode: N: fir.x2k2_mul.u5^prod~5_FF, P: Block (n14530): I: 1, O: 1, PlInfo: PL Info (n14530): [29, 19], 0, 473>, <NetNode: N: fir.x2k2_mul.u5^prod~5_FF, P: Block (n13896): I: 1, O: 1, PlInfo: PL Info (n13896): [24, 20], 0, 356>, <NetNode: N: fir.x2k2_mul.u5^prod~5_FF, P: Block (n14961): I: 1, O: 1, PlInfo: PL Info (n14961): [36, 23], 0, 480>, <NetNode: N: fir.x2k2_mul.u5^prod~5_FF, P: Block (n14754): I: 1, O: 1, PlInfo: PL Info (n14754): [27, 19], 0, 476>, <NetNode: N: fir.x2k2_mul.u5^prod~5_FF, P: Block (n14352): I: 1, O: 1, PlInfo: PL Info (n14352): [32, 24], 0, 470>, <NetNode: N: fir.x2k2_mul.u5^prod~5_FF, P: Block (n14102): I: 1, O: 1, PlInfo: PL Info (n14102): [32, 20], 0, 366>, <NetNode: N: fir.x2k2_mul.u5^prod~5_FF, P: Block (n14330): I: 1, O: 1, PlInfo: PL Info (n14330): [31, 22], 0, 557>, <NetNode: N: fir.x2k2_mul.u5^prod~5_FF, P: Block (n14395): I: 1, O: 1, PlInfo: PL Info (n14395): [35, 22], 0, 560>, <NetNode: N: fir.x2k2_mul.u5^prod~5_FF, P: Block (n14581): I: 1, O: 1, PlInfo: PL Info (n14581): [31, 17], 0, 370>, <NetNode: N: fir.x2k2_mul.u5^prod~5_FF, P: Block (n14087): I: 1, O: 1, PlInfo: PL Info (n14087): [32, 19], 0, 363>, <NetNode: N: fir.x2k2_mul.u5^prod~5_FF, P: Block (n14081): I: 1, O: 1, PlInfo: PL Info (n14081): [33, 21], 0, 360>, <NetNode: N: fir.x2k2_mul.u5^prod~5_FF, P: Block (n14079): I: 1, O: 1, PlInfo: PL Info (n14079): [33, 23], 0, 464>, <NetNode: N: fir.x2k2_mul.u5^prod~5_FF, P: Block (n14061): I: 1, O: 1, PlInfo: PL Info (n14061): [27, 21], 0, 358>, <NetNode: N: fir.x2k2_mul.u5^prod~5_FF, P: Block (n15138): I: 1, O: 1, PlInfo: PL Info (n15138): [35, 25], 0, 487>, <NetNode: N: fir.x2k2_mul.u5^prod~5_FF, P: Block (n14090): I: 1, O: 1, PlInfo: PL Info (n14090): [32, 22], 0, 365>, <NetNode: N: fir.x2k2_mul.u5^prod~5_FF, P: Block (n13832): I: 1, O: 1, PlInfo: PL Info (n13832): [21, 21], 0, 766>, <NetNode: N: fir.x2k2_mul.u5^prod~5_FF, P: Block (n14888): I: 1, O: 1, PlInfo: PL Info (n14888): [21, 24], 0, 825>, <NetNode: N: fir.x2k2_mul.u5^prod~5_FF, P: Block (n14616): I: 1, O: 1, PlInfo: PL Info (n14616): [25, 18], 0, 371>, <NetNode: N: fir.x2k2_mul.u5^prod~5_FF, P: Block (n14621): I: 1, O: 1, PlInfo: PL Info (n14621): [32, 17], 0, 474>, <NetNode: N: fir.x2k2_mul.u5^prod~5_FF, P: Block (n14631): I: 1, O: 1, PlInfo: PL Info (n14631): [32, 23], 0, 372>, <NetNode: N: fir.x2k2_mul.u5^prod~5_FF, P: Block (n4935): I: 1, O: 1, PlInfo: PL Info (n4935): [31, 26], 0, 38>, <NetNode: N: fir.x2k2_mul.u5^prod~5_FF, P: Block (n15112): I: 1, O: 1, PlInfo: PL Info (n15112): [29, 18], 0, 486>, <NetNode: N: fir.x2k2_mul.u5^prod~5_FF, P: Block (n14446): I: 1, O: 1, PlInfo: PL Info (n14446): [31, 18], 0, 367>, <NetNode: N: fir.x2k2_mul.u5^prod~5_FF, P: Block (n14690): I: 1, O: 1, PlInfo: PL Info (n14690): [27, 23], 0, 561>, <NetNode: N: fir.x2k2_mul.u5^prod~5_FF, P: Block (n14454): I: 1, O: 1, PlInfo: PL Info (n14454): [28, 19], 0, 368>, <>]

: Source: <NetNode: N: fir.x3k3_mul^out~24_FF, P: Block (n15635): I: 1, O: 1, PlInfo: PL Info (n15635): [8, 26], 0, 788>, 
	Sinks: [<NetNode: N: fir.x3k3_mul^out~24_FF, P: Block (n5881): I: 1, O: 1, PlInfo: PL Info (n5881): [19, 29], 0, 113>, <>]

: Source: <NetNode: N: lo2303, P: Block (n15638): I: 1, O: 1, PlInfo: PL Info (n15638): [9, 29], 0, 694>, 
	Sinks: [<NetNode: N: lo2303, P: Block (n5776): I: 1, O: 1, PlInfo: PL Info (n5776): [13, 21], 0, 181>, <NetNode: N: lo2303, P: Block (fir.x3k3_mul.u5^MUL~8539[0]): I: 2, O: 1, PlInfo: PL Info (fir.x3k3_mul.u5^MUL~8539[0]): [14, 21], 0, 0>, <>]

: Source: <NetNode: N: n12318, P: Block (n12318): I: 1, O: 1, PlInfo: PL Info (n12318): [28, 10], 0, 330>, 
	Sinks: [<NetNode: N: n12318, P: Block (n8331): I: 1, O: 1, PlInfo: PL Info (n8331): [27, 9], 0, 288>, <>]

: Source: <NetNode: N: n12317, P: Block (n12317): I: 1, O: 1, PlInfo: PL Info (n12317): [31, 13], 0, 683>, 
	Sinks: [<NetNode: N: n12317, P: Block (n8331): I: 1, O: 1, PlInfo: PL Info (n8331): [27, 9], 0, 288>, <NetNode: N: n12317, P: Block (n12273): I: 1, O: 1, PlInfo: PL Info (n12273): [25, 12], 0, 324>, <>]

: Source: <NetNode: N: fir.x1k1_mul.u5^prod~14_FF, P: Block (n12314): I: 1, O: 1, PlInfo: PL Info (n12314): [27, 12], 0, 428>, 
	Sinks: [<NetNode: N: fir.x1k1_mul.u5^prod~14_FF, P: Block (n4410): I: 1, O: 1, PlInfo: PL Info (n4410): [25, 4], 0, 85>, <NetNode: N: fir.x1k1_mul.u5^prod~14_FF, P: Block (n4475): I: 1, O: 1, PlInfo: PL Info (n4475): [23, 4], 0, 6>, <NetNode: N: fir.x1k1_mul.u5^prod~14_FF, P: Block (n4252): I: 1, O: 1, PlInfo: PL Info (n4252): [35, 3], 0, 83>, <NetNode: N: fir.x1k1_mul.u5^prod~14_FF, P: Block (n12871): I: 1, O: 1, PlInfo: PL Info (n12871): [35, 8], 0, 687>, <NetNode: N: fir.x1k1_mul.u5^prod~14_FF, P: Block (n12580): I: 1, O: 1, PlInfo: PL Info (n12580): [28, 5], 0, 431>, <NetNode: N: fir.x1k1_mul.u5^prod~14_FF, P: Block (n13669): I: 1, O: 1, PlInfo: PL Info (n13669): [27, 4], 0, 454>, <NetNode: N: fir.x1k1_mul.u5^prod~14_FF, P: Block (n12334): I: 1, O: 1, PlInfo: PL Info (n12334): [29, 13], 0, 538>, <NetNode: N: fir.x1k1_mul.u5^prod~14_FF, P: Block (n12790): I: 1, O: 1, PlInfo: PL Info (n12790): [27, 1], 0, 440>, <NetNode: N: fir.x1k1_mul.u5^prod~14_FF, P: Block (n12786): I: 1, O: 1, PlInfo: PL Info (n12786): [27, 2], 0, 438>, <NetNode: N: fir.x1k1_mul.u5^prod~14_FF, P: Block (n13633): I: 1, O: 1, PlInfo: PL Info (n13633): [25, 6], 0, 452>, <NetNode: N: fir.x1k1_mul.u5^prod~14_FF, P: Block (n13440): I: 1, O: 1, PlInfo: PL Info (n13440): [33, 1], 0, 544>, <NetNode: N: fir.x1k1_mul.u5^prod~14_FF, P: Block (n12583): I: 1, O: 1, PlInfo: PL Info (n12583): [32, 5], 0, 432>, <NetNode: N: fir.x1k1_mul.u5^prod~14_FF, P: Block (n13025): I: 1, O: 1, PlInfo: PL Info (n13025): [33, 7], 0, 347>, <NetNode: N: fir.x1k1_mul.u5^prod~14_FF, P: Block (n13073): I: 1, O: 1, PlInfo: PL Info (n13073): [32, 7], 0, 350>, <NetNode: N: fir.x1k1_mul.u5^prod~14_FF, P: Block (n13072): I: 1, O: 1, PlInfo: PL Info (n13072): [35, 6], 0, 349>, <NetNode: N: fir.x1k1_mul.u5^prod~14_FF, P: Block (n4610): I: 1, O: 1, PlInfo: PL Info (n4610): [29, 9], 0, 227>, <NetNode: N: fir.x1k1_mul.u5^prod~14_FF, P: Block (n13277): I: 1, O: 1, PlInfo: PL Info (n13277): [32, 15], 0, 790>, <NetNode: N: fir.x1k1_mul.u5^prod~14_FF, P: Block (n12915): I: 1, O: 1, PlInfo: PL Info (n12915): [33, 15], 0, 805>, <NetNode: N: fir.x1k1_mul.u5^prod~14_FF, P: Block (n4384): I: 1, O: 1, PlInfo: PL Info (n4384): [31, 2], 0, 105>, <NetNode: N: fir.x1k1_mul.u5^prod~14_FF, P: Block (n12538): I: 1, O: 1, PlInfo: PL Info (n12538): [29, 4], 0, 341>, <NetNode: N: fir.x1k1_mul.u5^prod~14_FF, P: Block (n12531): I: 1, O: 1, PlInfo: PL Info (n12531): [31, 5], 0, 338>, <NetNode: N: fir.x1k1_mul.u5^prod~14_FF, P: Block (n12529): I: 1, O: 1, PlInfo: PL Info (n12529): [29, 5], 0, 337>, <NetNode: N: fir.x1k1_mul.u5^prod~14_FF, P: Block (n12524): I: 1, O: 1, PlInfo: PL Info (n12524): [31, 7], 0, 333>, <NetNode: N: fir.x1k1_mul.u5^prod~14_FF, P: Block (n12439): I: 1, O: 1, PlInfo: PL Info (n12439): [29, 14], 0, 611>, <NetNode: N: fir.x1k1_mul.u5^prod~14_FF, P: Block (n12435): I: 1, O: 1, PlInfo: PL Info (n12435): [27, 15], 0, 705>, <NetNode: N: fir.x1k1_mul.u5^prod~14_FF, P: Block (n12673): I: 1, O: 1, PlInfo: PL Info (n12673): [25, 1], 0, 434>, <NetNode: N: fir.x1k1_mul.u5^prod~14_FF, P: Block (n13519): I: 1, O: 1, PlInfo: PL Info (n13519): [24, 6], 0, 548>, <NetNode: N: fir.x1k1_mul.u5^prod~14_FF, P: Block (n12422): I: 1, O: 1, PlInfo: PL Info (n12422): [29, 10], 0, 700>, <NetNode: N: fir.x1k1_mul.u5^prod~14_FF, P: Block (n12250): I: 1, O: 1, PlInfo: PL Info (n12250): [29, 11], 0, 733>, <NetNode: N: fir.x1k1_mul.u5^prod~14_FF, P: Block (n13329): I: 1, O: 1, PlInfo: PL Info (n13329): [28, 6], 0, 449>, <NetNode: N: fir.x1k1_mul.u5^prod~14_FF, P: Block (n13328): I: 1, O: 1, PlInfo: PL Info (n13328): [35, 7], 0, 448>, <NetNode: N: fir.x1k1_mul.u5^prod~14_FF, P: Block (n13321): I: 1, O: 1, PlInfo: PL Info (n13321): [35, 2], 0, 446>, <NetNode: N: fir.x1k1_mul.u5^prod~14_FF, P: Block (n12297): I: 1, O: 1, PlInfo: PL Info (n12297): [27, 13], 0, 328>, <NetNode: N: fir.x1k1_mul.u5^prod~14_FF, P: Block (n12280): I: 1, O: 1, PlInfo: PL Info (n12280): [27, 11], 0, 425>, <NetNode: N: fir.x1k1_mul.u5^prod~14_FF, P: Block (n13120): I: 1, O: 1, PlInfo: PL Info (n13120): [32, 13], 0, 809>, <NetNode: N: fir.x1k1_mul.u5^prod~14_FF, P: Block (n13360): I: 1, O: 1, PlInfo: PL Info (n13360): [31, 6], 0, 352>, <NetNode: N: fir.x1k1_mul.u5^prod~14_FF, P: Block (n4501): I: 1, O: 1, PlInfo: PL Info (n4501): [24, 5], 0, 87>, <>]

: Source: <NetNode: N: fir^x_reg6~26_FF, P: Block (fir.x1k1_mul.u2^lNOT~2922): I: 1, O: 1, PlInfo: PL Info (fir.x1k1_mul.u2^lNOT~2922): [23, 13], 0, 898>, 
	Sinks: [<NetNode: N: fir^x_reg6~26_FF, P: Block (n4693): I: 1, O: 1, PlInfo: PL Info (n4693): [21, 10], 0, 255>, <>]

: Source: <NetNode: N: fir.add0_add^out_o1~0_FF, P: Block (n678): I: 1, O: 1, PlInfo: PL Info (n678): [20, 7], 0, 123>, 
	Sinks: [<NetNode: N: fir.add0_add^out_o1~0_FF, P: Block (n2775): I: 1, O: 1, PlInfo: PL Info (n2775): [24, 26], 0, 232>, <>]

: Source: <NetNode: N: n13884, P: Block (n13884): I: 1, O: 1, PlInfo: PL Info (n13884): [21, 17], 0, 460>, 
	Sinks: [<>]

: Source: <NetNode: N: fir.x0k0_mul^out_o1~22_FF, P: Block (n3918): I: 1, O: 1, PlInfo: PL Info (n3918): [8, 8], 0, 32>, 
	Sinks: [<>]

: Source: <NetNode: N: n14550, P: Block (n14550): I: 1, O: 1, PlInfo: PL Info (n14550): [25, 22], 0, 709>, 
	Sinks: [<NetNode: N: n14550, P: Block (n14446): I: 1, O: 1, PlInfo: PL Info (n14446): [31, 18], 0, 367>, <>]

: Source: <NetNode: N: n12790, P: Block (n12790): I: 1, O: 1, PlInfo: PL Info (n12790): [27, 1], 0, 440>, 
	Sinks: [<NetNode: N: n12790, P: Block (n4462): I: 1, O: 1, PlInfo: PL Info (n4462): [23, 3], 0, 86>, <>]

: Source: <NetNode: N: n16730, P: Block (n16730): I: 1, O: 1, PlInfo: PL Info (n16730): [4, 33], 0, 590>, 
	Sinks: [<NetNode: N: n16730, P: Block (n16303): I: 1, O: 1, PlInfo: PL Info (n16303): [4, 32], 0, 517>, <>]

: Source: <NetNode: N: n14553, P: Block (n14553): I: 1, O: 1, PlInfo: PL Info (n14553): [16, 25], 0, 823>, 
	Sinks: [<NetNode: N: n14553, P: Block (n14324): I: 1, O: 1, PlInfo: PL Info (n14324): [28, 22], 0, 595>, <>]

: Source: <NetNode: N: fir^x_reg11~28_FF, P: Block (n16975): I: 1, O: 1, PlInfo: PL Info (n16975): [21, 12], 0, 894>, 
	Sinks: [<>]

: Source: <NetNode: N: n15645, P: Block (n15645): I: 1, O: 1, PlInfo: PL Info (n15645): [11, 32], 0, 497>, 
	Sinks: [<NetNode: N: n15645, P: Block (n5759): I: 1, O: 1, PlInfo: PL Info (n5759): [13, 28], 0, 26>, <>]

: Source: <NetNode: N: n14557, P: Block (n14557): I: 1, O: 1, PlInfo: PL Info (n14557): [17, 20], 0, 824>, 
	Sinks: [<NetNode: N: n14557, P: Block (n14851): I: 1, O: 1, PlInfo: PL Info (n14851): [16, 21], 0, 786>, <>]

: Source: <NetNode: N: n15405, P: Block (n15405): I: 1, O: 1, PlInfo: PL Info (n15405): [11, 28], 0, 567>, 
	Sinks: [<NetNode: N: n15405, P: Block (n15407): I: 1, O: 1, PlInfo: PL Info (n15407): [12, 25], 0, 489>, <NetNode: N: n15405, P: Block (n16322): I: 1, O: 1, PlInfo: PL Info (n16322): [9, 26], 0, 519>, <NetNode: N: n15405, P: Block (n15371): I: 1, O: 1, PlInfo: PL Info (n15371): [13, 25], 0, 566>, <NetNode: N: n15405, P: Block (n5829): I: 1, O: 1, PlInfo: PL Info (n5829): [12, 28], 0, 220>, <NetNode: N: n15405, P: Block (n15562): I: 1, O: 1, PlInfo: PL Info (n15562): [11, 25], 0, 495>, <>]

: Source: <NetNode: N: fir.x3k3_mul.u5^MUL~8539[0], P: Block (fir.x3k3_mul.u5^MUL~8539[0]): I: 2, O: 1, PlInfo: PL Info (fir.x3k3_mul.u5^MUL~8539[0]): [14, 21], 0, 0>, 
	Sinks: [<NetNode: N: fir.x3k3_mul.u5^MUL~8539[0], P: Block (n16307): I: 1, O: 1, PlInfo: PL Info (n16307): [9, 31], 0, 518>, <>]

: Source: <NetNode: N: fir.x3k3_mul.u5^MUL~8539[1], P: Block (fir.x3k3_mul.u5^MUL~8539[0]): I: 2, O: 1, PlInfo: PL Info (fir.x3k3_mul.u5^MUL~8539[0]): [14, 21], 0, 0>, 
	Sinks: [<NetNode: N: fir.x3k3_mul.u5^MUL~8539[1], P: Block (n16272): I: 1, O: 1, PlInfo: PL Info (n16272): [15, 24], 0, 887>, <>]

: Source: <NetNode: N: fir.x3k3_mul.u5^MUL~8539[2], P: Block (fir.x3k3_mul.u5^MUL~8539[0]): I: 2, O: 1, PlInfo: PL Info (fir.x3k3_mul.u5^MUL~8539[0]): [14, 21], 0, 0>, 
	Sinks: [<NetNode: N: fir.x3k3_mul.u5^MUL~8539[2], P: Block (fir.x3k3_mul.u5^prod1~2_FF): I: 1, O: 1, PlInfo: PL Info (fir.x3k3_mul.u5^prod1~2_FF): [13, 24], 0, 900>, <>]

: Source: <NetNode: N: fir.x3k3_mul.u5^MUL~8539[3], P: Block (fir.x3k3_mul.u5^MUL~8539[0]): I: 2, O: 1, PlInfo: PL Info (fir.x3k3_mul.u5^MUL~8539[0]): [14, 21], 0, 0>, 
	Sinks: [<NetNode: N: fir.x3k3_mul.u5^MUL~8539[3], P: Block (n16322): I: 1, O: 1, PlInfo: PL Info (n16322): [9, 26], 0, 519>, <>]

: Source: <NetNode: N: fir.x3k3_mul.u5^MUL~8539[4], P: Block (fir.x3k3_mul.u5^MUL~8539[0]): I: 2, O: 1, PlInfo: PL Info (fir.x3k3_mul.u5^MUL~8539[0]): [14, 21], 0, 0>, 
	Sinks: [<NetNode: N: fir.x3k3_mul.u5^MUL~8539[4], P: Block (fir.x3k3_mul.u5^prod1~4_FF): I: 1, O: 1, PlInfo: PL Info (fir.x3k3_mul.u5^prod1~4_FF): [15, 25], 0, 901>, <>]

: Source: <NetNode: N: fir.x3k3_mul.u5^MUL~8539[5], P: Block (fir.x3k3_mul.u5^MUL~8539[0]): I: 2, O: 1, PlInfo: PL Info (fir.x3k3_mul.u5^MUL~8539[0]): [14, 21], 0, 0>, 
	Sinks: [<NetNode: N: fir.x3k3_mul.u5^MUL~8539[5], P: Block (fir.x3k3_mul.u5^prod1~5_FF): I: 1, O: 1, PlInfo: PL Info (fir.x3k3_mul.u5^prod1~5_FF): [15, 22], 0, 902>, <>]

: Source: <NetNode: N: fir.x3k3_mul.u5^MUL~8539[6], P: Block (fir.x3k3_mul.u5^MUL~8539[0]): I: 2, O: 1, PlInfo: PL Info (fir.x3k3_mul.u5^MUL~8539[0]): [14, 21], 0, 0>, 
	Sinks: [<NetNode: N: fir.x3k3_mul.u5^MUL~8539[6], P: Block (fir.x3k3_mul.u5^prod1~6_FF): I: 1, O: 1, PlInfo: PL Info (fir.x3k3_mul.u5^prod1~6_FF): [11, 19], 0, 903>, <>]

: Source: <NetNode: N: fir.x3k3_mul.u5^MUL~8539[7], P: Block (fir.x3k3_mul.u5^MUL~8539[0]): I: 2, O: 1, PlInfo: PL Info (fir.x3k3_mul.u5^MUL~8539[0]): [14, 21], 0, 0>, 
	Sinks: [<NetNode: N: fir.x3k3_mul.u5^MUL~8539[7], P: Block (n15471): I: 1, O: 1, PlInfo: PL Info (n15471): [11, 21], 0, 490>, <>]

: Source: <NetNode: N: fir.x3k3_mul.u5^MUL~8539[8], P: Block (fir.x3k3_mul.u5^MUL~8539[0]): I: 2, O: 1, PlInfo: PL Info (fir.x3k3_mul.u5^MUL~8539[0]): [14, 21], 0, 0>, 
	Sinks: [<NetNode: N: fir.x3k3_mul.u5^MUL~8539[8], P: Block (fir.x3k3_mul.u5^prod1~8_FF): I: 1, O: 1, PlInfo: PL Info (fir.x3k3_mul.u5^prod1~8_FF): [15, 23], 0, 904>, <>]

: Source: <NetNode: N: fir.x3k3_mul.u5^MUL~8539[9], P: Block (fir.x3k3_mul.u5^MUL~8539[0]): I: 2, O: 1, PlInfo: PL Info (fir.x3k3_mul.u5^MUL~8539[0]): [14, 21], 0, 0>, 
	Sinks: [<NetNode: N: fir.x3k3_mul.u5^MUL~8539[9], P: Block (fir.x3k3_mul.u5^prod1~9_FF): I: 1, O: 1, PlInfo: PL Info (fir.x3k3_mul.u5^prod1~9_FF): [11, 20], 0, 905>, <>]

: Source: <NetNode: N: fir.x3k3_mul.u5^MUL~8539[10], P: Block (fir.x3k3_mul.u5^MUL~8539[0]): I: 2, O: 1, PlInfo: PL Info (fir.x3k3_mul.u5^MUL~8539[0]): [14, 21], 0, 0>, 
	Sinks: [<NetNode: N: fir.x3k3_mul.u5^MUL~8539[10], P: Block (fir.x3k3_mul.u5^prod1~10_FF): I: 1, O: 1, PlInfo: PL Info (fir.x3k3_mul.u5^prod1~10_FF): [9, 21], 0, 906>, <>]

: Source: <NetNode: N: fir.x3k3_mul.u5^MUL~8539[11], P: Block (fir.x3k3_mul.u5^MUL~8539[0]): I: 2, O: 1, PlInfo: PL Info (fir.x3k3_mul.u5^MUL~8539[0]): [14, 21], 0, 0>, 
	Sinks: [<NetNode: N: fir.x3k3_mul.u5^MUL~8539[11], P: Block (n16164): I: 1, O: 1, PlInfo: PL Info (n16164): [8, 22], 0, 746>, <>]

: Source: <NetNode: N: fir.x3k3_mul.u5^MUL~8539[12], P: Block (fir.x3k3_mul.u5^MUL~8539[0]): I: 2, O: 1, PlInfo: PL Info (fir.x3k3_mul.u5^MUL~8539[0]): [14, 21], 0, 0>, 
	Sinks: [<NetNode: N: fir.x3k3_mul.u5^MUL~8539[12], P: Block (n15371): I: 1, O: 1, PlInfo: PL Info (n15371): [13, 25], 0, 566>, <>]

: Source: <NetNode: N: fir.x3k3_mul.u5^MUL~8539[13], P: Block (fir.x3k3_mul.u5^MUL~8539[0]): I: 2, O: 1, PlInfo: PL Info (fir.x3k3_mul.u5^MUL~8539[0]): [14, 21], 0, 0>, 
	Sinks: [<NetNode: N: fir.x3k3_mul.u5^MUL~8539[13], P: Block (n15487): I: 1, O: 1, PlInfo: PL Info (n15487): [13, 23], 0, 492>, <>]

: Source: <NetNode: N: fir.x3k3_mul.u5^MUL~8539[14], P: Block (fir.x3k3_mul.u5^MUL~8539[0]): I: 2, O: 1, PlInfo: PL Info (fir.x3k3_mul.u5^MUL~8539[0]): [14, 21], 0, 0>, 
	Sinks: [<NetNode: N: fir.x3k3_mul.u5^MUL~8539[14], P: Block (fir.x3k3_mul.u5^prod1~14_FF): I: 1, O: 1, PlInfo: PL Info (fir.x3k3_mul.u5^prod1~14_FF): [12, 23], 0, 907>, <>]

: Source: <NetNode: N: fir.x3k3_mul.u5^MUL~8539[15], P: Block (fir.x3k3_mul.u5^MUL~8539[0]): I: 2, O: 1, PlInfo: PL Info (fir.x3k3_mul.u5^MUL~8539[0]): [14, 21], 0, 0>, 
	Sinks: [<NetNode: N: fir.x3k3_mul.u5^MUL~8539[15], P: Block (fir.x3k3_mul.u5^prod1~15_FF): I: 1, O: 1, PlInfo: PL Info (fir.x3k3_mul.u5^prod1~15_FF): [11, 24], 0, 908>, <>]

: Source: <NetNode: N: fir.x3k3_mul.u5^MUL~8539[16], P: Block (fir.x3k3_mul.u5^MUL~8539[0]): I: 2, O: 1, PlInfo: PL Info (fir.x3k3_mul.u5^MUL~8539[0]): [14, 21], 0, 0>, 
	Sinks: [<NetNode: N: fir.x3k3_mul.u5^MUL~8539[16], P: Block (fir.x3k3_mul.u5^prod1~16_FF): I: 1, O: 1, PlInfo: PL Info (fir.x3k3_mul.u5^prod1~16_FF): [9, 22], 0, 909>, <>]

: Source: <NetNode: N: fir.x3k3_mul.u5^MUL~8539[17], P: Block (fir.x3k3_mul.u5^MUL~8539[0]): I: 2, O: 1, PlInfo: PL Info (fir.x3k3_mul.u5^MUL~8539[0]): [14, 21], 0, 0>, 
	Sinks: [<NetNode: N: fir.x3k3_mul.u5^MUL~8539[17], P: Block (fir.x3k3_mul.u5^prod1~16_FF): I: 1, O: 1, PlInfo: PL Info (fir.x3k3_mul.u5^prod1~16_FF): [9, 22], 0, 909>, <>]

: Source: <NetNode: N: fir.x3k3_mul.u5^MUL~8539[18], P: Block (fir.x3k3_mul.u5^MUL~8539[0]): I: 2, O: 1, PlInfo: PL Info (fir.x3k3_mul.u5^MUL~8539[0]): [14, 21], 0, 0>, 
	Sinks: [<NetNode: N: fir.x3k3_mul.u5^MUL~8539[18], P: Block (fir.x3k3_mul.u5^prod1~16_FF): I: 1, O: 1, PlInfo: PL Info (fir.x3k3_mul.u5^prod1~16_FF): [9, 22], 0, 909>, <>]

: Source: <NetNode: N: fir.x3k3_mul.u5^MUL~8539[19], P: Block (fir.x3k3_mul.u5^MUL~8539[0]): I: 2, O: 1, PlInfo: PL Info (fir.x3k3_mul.u5^MUL~8539[0]): [14, 21], 0, 0>, 
	Sinks: [<NetNode: N: fir.x3k3_mul.u5^MUL~8539[19], P: Block (fir.x3k3_mul.u5^prod1~15_FF): I: 1, O: 1, PlInfo: PL Info (fir.x3k3_mul.u5^prod1~15_FF): [11, 24], 0, 908>, <>]

: Source: <NetNode: N: fir.x3k3_mul.u5^MUL~8539[20], P: Block (fir.x3k3_mul.u5^MUL~8539[0]): I: 2, O: 1, PlInfo: PL Info (fir.x3k3_mul.u5^MUL~8539[0]): [14, 21], 0, 0>, 
	Sinks: [<NetNode: N: fir.x3k3_mul.u5^MUL~8539[20], P: Block (fir.x3k3_mul.u5^prod1~15_FF): I: 1, O: 1, PlInfo: PL Info (fir.x3k3_mul.u5^prod1~15_FF): [11, 24], 0, 908>, <>]

: Source: <NetNode: N: fir.x3k3_mul.u5^MUL~8539[21], P: Block (fir.x3k3_mul.u5^MUL~8539[0]): I: 2, O: 1, PlInfo: PL Info (fir.x3k3_mul.u5^MUL~8539[0]): [14, 21], 0, 0>, 
	Sinks: [<NetNode: N: fir.x3k3_mul.u5^MUL~8539[21], P: Block (fir.x3k3_mul.u5^prod1~15_FF): I: 1, O: 1, PlInfo: PL Info (fir.x3k3_mul.u5^prod1~15_FF): [11, 24], 0, 908>, <>]

: Source: <NetNode: N: fir.x3k3_mul.u5^MUL~8539[22], P: Block (fir.x3k3_mul.u5^MUL~8539[0]): I: 2, O: 1, PlInfo: PL Info (fir.x3k3_mul.u5^MUL~8539[0]): [14, 21], 0, 0>, 
	Sinks: [<NetNode: N: fir.x3k3_mul.u5^MUL~8539[22], P: Block (fir.x3k3_mul.u5^prod1~15_FF): I: 1, O: 1, PlInfo: PL Info (fir.x3k3_mul.u5^prod1~15_FF): [11, 24], 0, 908>, <>]

: Source: <NetNode: N: fir.x3k3_mul.u5^MUL~8539[23], P: Block (fir.x3k3_mul.u5^MUL~8539[0]): I: 2, O: 1, PlInfo: PL Info (fir.x3k3_mul.u5^MUL~8539[0]): [14, 21], 0, 0>, 
	Sinks: [<NetNode: N: fir.x3k3_mul.u5^MUL~8539[23], P: Block (fir.x3k3_mul.u5^prod1~15_FF): I: 1, O: 1, PlInfo: PL Info (fir.x3k3_mul.u5^prod1~15_FF): [11, 24], 0, 908>, <>]

: Source: <NetNode: N: fir.x3k3_mul.u5^MUL~8539[24], P: Block (fir.x3k3_mul.u5^MUL~8539[0]): I: 2, O: 1, PlInfo: PL Info (fir.x3k3_mul.u5^MUL~8539[0]): [14, 21], 0, 0>, 
	Sinks: [<NetNode: N: fir.x3k3_mul.u5^MUL~8539[24], P: Block (fir.x3k3_mul.u5^prod1~15_FF): I: 1, O: 1, PlInfo: PL Info (fir.x3k3_mul.u5^prod1~15_FF): [11, 24], 0, 908>, <>]

: Source: <NetNode: N: fir.x3k3_mul.u5^MUL~8539[25], P: Block (fir.x3k3_mul.u5^MUL~8539[0]): I: 2, O: 1, PlInfo: PL Info (fir.x3k3_mul.u5^MUL~8539[0]): [14, 21], 0, 0>, 
	Sinks: [<NetNode: N: fir.x3k3_mul.u5^MUL~8539[25], P: Block (fir.x3k3_mul.u5^prod1~15_FF): I: 1, O: 1, PlInfo: PL Info (fir.x3k3_mul.u5^prod1~15_FF): [11, 24], 0, 908>, <>]

: Source: <NetNode: N: fir.x3k3_mul.u5^MUL~8539[26], P: Block (fir.x3k3_mul.u5^MUL~8539[0]): I: 2, O: 1, PlInfo: PL Info (fir.x3k3_mul.u5^MUL~8539[0]): [14, 21], 0, 0>, 
	Sinks: [<NetNode: N: fir.x3k3_mul.u5^MUL~8539[26], P: Block (fir.x3k3_mul.u5^prod1~15_FF): I: 1, O: 1, PlInfo: PL Info (fir.x3k3_mul.u5^prod1~15_FF): [11, 24], 0, 908>, <>]

: Source: <NetNode: N: fir.x3k3_mul.u5^MUL~8539[27], P: Block (fir.x3k3_mul.u5^MUL~8539[0]): I: 2, O: 1, PlInfo: PL Info (fir.x3k3_mul.u5^MUL~8539[0]): [14, 21], 0, 0>, 
	Sinks: [<NetNode: N: fir.x3k3_mul.u5^MUL~8539[27], P: Block (fir.x3k3_mul.u5^prod1~15_FF): I: 1, O: 1, PlInfo: PL Info (fir.x3k3_mul.u5^prod1~15_FF): [11, 24], 0, 908>, <>]

: Source: <NetNode: N: fir.x3k3_mul.u5^MUL~8539[28], P: Block (fir.x3k3_mul.u5^MUL~8539[0]): I: 2, O: 1, PlInfo: PL Info (fir.x3k3_mul.u5^MUL~8539[0]): [14, 21], 0, 0>, 
	Sinks: [<NetNode: N: fir.x3k3_mul.u5^MUL~8539[28], P: Block (fir.x3k3_mul.u5^prod1~14_FF): I: 1, O: 1, PlInfo: PL Info (fir.x3k3_mul.u5^prod1~14_FF): [12, 23], 0, 907>, <>]

: Source: <NetNode: N: fir.x3k3_mul.u5^MUL~8539[29], P: Block (fir.x3k3_mul.u5^MUL~8539[0]): I: 2, O: 1, PlInfo: PL Info (fir.x3k3_mul.u5^MUL~8539[0]): [14, 21], 0, 0>, 
	Sinks: [<NetNode: N: fir.x3k3_mul.u5^MUL~8539[29], P: Block (fir.x3k3_mul.u5^prod1~14_FF): I: 1, O: 1, PlInfo: PL Info (fir.x3k3_mul.u5^prod1~14_FF): [12, 23], 0, 907>, <>]

: Source: <NetNode: N: fir.x3k3_mul.u5^MUL~8539[30], P: Block (fir.x3k3_mul.u5^MUL~8539[0]): I: 2, O: 1, PlInfo: PL Info (fir.x3k3_mul.u5^MUL~8539[0]): [14, 21], 0, 0>, 
	Sinks: [<NetNode: N: fir.x3k3_mul.u5^MUL~8539[30], P: Block (n15487): I: 1, O: 1, PlInfo: PL Info (n15487): [13, 23], 0, 492>, <>]

: Source: <NetNode: N: fir.x3k3_mul.u5^MUL~8539[31], P: Block (fir.x3k3_mul.u5^MUL~8539[0]): I: 2, O: 1, PlInfo: PL Info (fir.x3k3_mul.u5^MUL~8539[0]): [14, 21], 0, 0>, 
	Sinks: [<NetNode: N: fir.x3k3_mul.u5^MUL~8539[31], P: Block (fir.x3k3_mul.u5^prod1~14_FF): I: 1, O: 1, PlInfo: PL Info (fir.x3k3_mul.u5^prod1~14_FF): [12, 23], 0, 907>, <>]

: Source: <NetNode: N: fir.x3k3_mul.u5^MUL~8539[32], P: Block (fir.x3k3_mul.u5^MUL~8539[0]): I: 2, O: 1, PlInfo: PL Info (fir.x3k3_mul.u5^MUL~8539[0]): [14, 21], 0, 0>, 
	Sinks: [<NetNode: N: fir.x3k3_mul.u5^MUL~8539[32], P: Block (fir.x3k3_mul.u5^prod1~14_FF): I: 1, O: 1, PlInfo: PL Info (fir.x3k3_mul.u5^prod1~14_FF): [12, 23], 0, 907>, <>]

: Source: <NetNode: N: fir.x3k3_mul.u5^MUL~8539[33], P: Block (fir.x3k3_mul.u5^MUL~8539[0]): I: 2, O: 1, PlInfo: PL Info (fir.x3k3_mul.u5^MUL~8539[0]): [14, 21], 0, 0>, 
	Sinks: [<NetNode: N: fir.x3k3_mul.u5^MUL~8539[33], P: Block (fir.x3k3_mul.u5^prod1~14_FF): I: 1, O: 1, PlInfo: PL Info (fir.x3k3_mul.u5^prod1~14_FF): [12, 23], 0, 907>, <>]

: Source: <NetNode: N: fir.x3k3_mul.u5^MUL~8539[34], P: Block (fir.x3k3_mul.u5^MUL~8539[0]): I: 2, O: 1, PlInfo: PL Info (fir.x3k3_mul.u5^MUL~8539[0]): [14, 21], 0, 0>, 
	Sinks: [<NetNode: N: fir.x3k3_mul.u5^MUL~8539[34], P: Block (n15443): I: 1, O: 1, PlInfo: PL Info (n15443): [12, 26], 0, 568>, <>]

: Source: <NetNode: N: fir.x3k3_mul.u5^MUL~8539[35], P: Block (fir.x3k3_mul.u5^MUL~8539[0]): I: 2, O: 1, PlInfo: PL Info (fir.x3k3_mul.u5^MUL~8539[0]): [14, 21], 0, 0>, 
	Sinks: [<NetNode: N: fir.x3k3_mul.u5^MUL~8539[35], P: Block (n15566): I: 1, O: 1, PlInfo: PL Info (n15566): [13, 26], 0, 496>, <>]

: Source: <NetNode: N: fir.x3k3_mul.u5^MUL~8539[36], P: Block (fir.x3k3_mul.u5^MUL~8539[0]): I: 2, O: 1, PlInfo: PL Info (fir.x3k3_mul.u5^MUL~8539[0]): [14, 21], 0, 0>, 
	Sinks: [<NetNode: N: fir.x3k3_mul.u5^MUL~8539[36], P: Block (fir.x3k3_mul.u5^prod1~14_FF): I: 1, O: 1, PlInfo: PL Info (fir.x3k3_mul.u5^prod1~14_FF): [12, 23], 0, 907>, <>]

: Source: <NetNode: N: fir.x3k3_mul.u5^MUL~8539[37], P: Block (fir.x3k3_mul.u5^MUL~8539[0]): I: 2, O: 1, PlInfo: PL Info (fir.x3k3_mul.u5^MUL~8539[0]): [14, 21], 0, 0>, 
	Sinks: [<NetNode: N: fir.x3k3_mul.u5^MUL~8539[37], P: Block (fir.x3k3_mul.u5^prod1~14_FF): I: 1, O: 1, PlInfo: PL Info (fir.x3k3_mul.u5^prod1~14_FF): [12, 23], 0, 907>, <>]

: Source: <NetNode: N: fir.x3k3_mul.u5^MUL~8539[38], P: Block (fir.x3k3_mul.u5^MUL~8539[0]): I: 2, O: 1, PlInfo: PL Info (fir.x3k3_mul.u5^MUL~8539[0]): [14, 21], 0, 0>, 
	Sinks: [<NetNode: N: fir.x3k3_mul.u5^MUL~8539[38], P: Block (fir.x3k3_mul.u5^prod1~14_FF): I: 1, O: 1, PlInfo: PL Info (fir.x3k3_mul.u5^prod1~14_FF): [12, 23], 0, 907>, <>]

: Source: <NetNode: N: fir.x3k3_mul.u5^MUL~8539[39], P: Block (fir.x3k3_mul.u5^MUL~8539[0]): I: 2, O: 1, PlInfo: PL Info (fir.x3k3_mul.u5^MUL~8539[0]): [14, 21], 0, 0>, 
	Sinks: [<NetNode: N: fir.x3k3_mul.u5^MUL~8539[39], P: Block (fir.x3k3_mul.u5^prod1~2_FF): I: 1, O: 1, PlInfo: PL Info (fir.x3k3_mul.u5^prod1~2_FF): [13, 24], 0, 900>, <>]

: Source: <NetNode: N: fir.x3k3_mul.u5^MUL~8539[40], P: Block (fir.x3k3_mul.u5^MUL~8539[0]): I: 2, O: 1, PlInfo: PL Info (fir.x3k3_mul.u5^MUL~8539[0]): [14, 21], 0, 0>, 
	Sinks: [<NetNode: N: fir.x3k3_mul.u5^MUL~8539[40], P: Block (n15407): I: 1, O: 1, PlInfo: PL Info (n15407): [12, 25], 0, 489>, <>]

: Source: <NetNode: N: fir.x3k3_mul.u5^MUL~8539[41], P: Block (fir.x3k3_mul.u5^MUL~8539[0]): I: 2, O: 1, PlInfo: PL Info (fir.x3k3_mul.u5^MUL~8539[0]): [14, 21], 0, 0>, 
	Sinks: [<NetNode: N: fir.x3k3_mul.u5^MUL~8539[41], P: Block (n15443): I: 1, O: 1, PlInfo: PL Info (n15443): [12, 26], 0, 568>, <>]

: Source: <NetNode: N: fir.x3k3_mul.u5^MUL~8539[42], P: Block (fir.x3k3_mul.u5^MUL~8539[0]): I: 2, O: 1, PlInfo: PL Info (fir.x3k3_mul.u5^MUL~8539[0]): [14, 21], 0, 0>, 
	Sinks: [<NetNode: N: fir.x3k3_mul.u5^MUL~8539[42], P: Block (fir.x3k3_mul.u5^prod1~2_FF): I: 1, O: 1, PlInfo: PL Info (fir.x3k3_mul.u5^prod1~2_FF): [13, 24], 0, 900>, <>]

: Source: <NetNode: N: fir.x3k3_mul.u5^MUL~8539[43], P: Block (fir.x3k3_mul.u5^MUL~8539[0]): I: 2, O: 1, PlInfo: PL Info (fir.x3k3_mul.u5^MUL~8539[0]): [14, 21], 0, 0>, 
	Sinks: [<NetNode: N: fir.x3k3_mul.u5^MUL~8539[43], P: Block (fir.x3k3_mul.u5^prod1~2_FF): I: 1, O: 1, PlInfo: PL Info (fir.x3k3_mul.u5^prod1~2_FF): [13, 24], 0, 900>, <>]

: Source: <NetNode: N: fir.x3k3_mul.u5^MUL~8539[44], P: Block (fir.x3k3_mul.u5^MUL~8539[0]): I: 2, O: 1, PlInfo: PL Info (fir.x3k3_mul.u5^MUL~8539[0]): [14, 21], 0, 0>, 
	Sinks: [<NetNode: N: fir.x3k3_mul.u5^MUL~8539[44], P: Block (fir.x3k3_mul.u5^prod1~2_FF): I: 1, O: 1, PlInfo: PL Info (fir.x3k3_mul.u5^prod1~2_FF): [13, 24], 0, 900>, <>]

: Source: <NetNode: N: fir.x3k3_mul.u5^MUL~8539[45], P: Block (fir.x3k3_mul.u5^MUL~8539[0]): I: 2, O: 1, PlInfo: PL Info (fir.x3k3_mul.u5^MUL~8539[0]): [14, 21], 0, 0>, 
	Sinks: [<NetNode: N: fir.x3k3_mul.u5^MUL~8539[45], P: Block (fir.x3k3_mul.u5^prod1~2_FF): I: 1, O: 1, PlInfo: PL Info (fir.x3k3_mul.u5^prod1~2_FF): [13, 24], 0, 900>, <>]

: Source: <NetNode: N: fir.x3k3_mul.u5^MUL~8539[46], P: Block (fir.x3k3_mul.u5^MUL~8539[0]): I: 2, O: 1, PlInfo: PL Info (fir.x3k3_mul.u5^MUL~8539[0]): [14, 21], 0, 0>, 
	Sinks: [<NetNode: N: fir.x3k3_mul.u5^MUL~8539[46], P: Block (fir.x3k3_mul.u5^prod1~2_FF): I: 1, O: 1, PlInfo: PL Info (fir.x3k3_mul.u5^prod1~2_FF): [13, 24], 0, 900>, <>]

: Source: <NetNode: N: fir.x3k3_mul.u5^MUL~8539[47], P: Block (fir.x3k3_mul.u5^MUL~8539[0]): I: 2, O: 1, PlInfo: PL Info (fir.x3k3_mul.u5^MUL~8539[0]): [14, 21], 0, 0>, 
	Sinks: [<NetNode: N: fir.x3k3_mul.u5^MUL~8539[47], P: Block (fir.x3k3_mul.u5^prod1~2_FF): I: 1, O: 1, PlInfo: PL Info (fir.x3k3_mul.u5^prod1~2_FF): [13, 24], 0, 900>, <>]

: Source: <NetNode: N: fir.x3k3_mul.u5^prod1~40_FF, P: Block (n15407): I: 1, O: 1, PlInfo: PL Info (n15407): [12, 25], 0, 489>, 
	Sinks: [<NetNode: N: fir.x3k3_mul.u5^prod1~40_FF, P: Block (n5829): I: 1, O: 1, PlInfo: PL Info (n5829): [12, 28], 0, 220>, <>]

: Source: <NetNode: N: fir.add1_add^out_o1~5_FF, P: Block (n1723): I: 1, O: 1, PlInfo: PL Info (n1723): [33, 30], 0, 126>, 
	Sinks: [<NetNode: N: fir.add1_add^out_o1~5_FF, P: Block (n5538): I: 1, O: 1, PlInfo: PL Info (n5538): [13, 33], 0, 15>, <>]

: Source: <NetNode: N: fir.add0_add^out_o1~13_FF, P: Block (n2814): I: 1, O: 1, PlInfo: PL Info (n2814): [23, 25], 0, 233>, 
	Sinks: [<NetNode: N: fir.add0_add^out_o1~13_FF, P: Block (n2444): I: 1, O: 1, PlInfo: PL Info (n2444): [28, 29], 0, 163>, <>]

: Source: <NetNode: N: n12307, P: Block (n12307): I: 1, O: 1, PlInfo: PL Info (n12307): [31, 10], 0, 427>, 
	Sinks: [<NetNode: N: n12307, P: Block (n4636): I: 1, O: 1, PlInfo: PL Info (n4636): [24, 9], 0, 178>, <>]

: Source: <NetNode: N: fir.add0_add^out~6_FF, P: Block (n9249_1): I: 1, O: 1, PlInfo: PL Info (n9249_1): [19, 6], 0, 626>, 
	Sinks: [<NetNode: N: fir.add0_add^out~6_FF, P: Block (n2648): I: 1, O: 1, PlInfo: PL Info (n2648): [24, 25], 0, 260>, <>]

: Source: <NetNode: N: n12789, P: Block (n12789): I: 1, O: 1, PlInfo: PL Info (n12789): [24, 3], 0, 439>, 
	Sinks: [<NetNode: N: n12789, P: Block (n4462): I: 1, O: 1, PlInfo: PL Info (n4462): [23, 3], 0, 86>, <>]

: Source: <NetNode: N: n13636, P: Block (n13636): I: 1, O: 1, PlInfo: PL Info (n13636): [32, 1], 0, 453>, 
	Sinks: [<NetNode: N: n13636, P: Block (n12531): I: 1, O: 1, PlInfo: PL Info (n12531): [31, 5], 0, 338>, <>]

: Source: <NetNode: N: fir.x1k1_mul.u5^prod~11_FF, P: Block (n12302): I: 1, O: 1, PlInfo: PL Info (n12302): [25, 10], 0, 329>, 
	Sinks: [<NetNode: N: fir.x1k1_mul.u5^prod~11_FF, P: Block (n12614): I: 1, O: 1, PlInfo: PL Info (n12614): [27, 6], 0, 433>, <NetNode: N: fir.x1k1_mul.u5^prod~11_FF, P: Block (n12828): I: 1, O: 1, PlInfo: PL Info (n12828): [29, 3], 0, 344>, <NetNode: N: fir.x1k1_mul.u5^prod~11_FF, P: Block (n12871): I: 1, O: 1, PlInfo: PL Info (n12871): [35, 8], 0, 687>, <NetNode: N: fir.x1k1_mul.u5^prod~11_FF, P: Block (n13669): I: 1, O: 1, PlInfo: PL Info (n13669): [27, 4], 0, 454>, <NetNode: N: fir.x1k1_mul.u5^prod~11_FF, P: Block (n12334): I: 1, O: 1, PlInfo: PL Info (n12334): [29, 13], 0, 538>, <NetNode: N: fir.x1k1_mul.u5^prod~11_FF, P: Block (n12568): I: 1, O: 1, PlInfo: PL Info (n12568): [27, 5], 0, 342>, <NetNode: N: fir.x1k1_mul.u5^prod~11_FF, P: Block (n13636): I: 1, O: 1, PlInfo: PL Info (n13636): [32, 1], 0, 453>, <NetNode: N: fir.x1k1_mul.u5^prod~11_FF, P: Block (n12786): I: 1, O: 1, PlInfo: PL Info (n12786): [27, 2], 0, 438>, <NetNode: N: fir.x1k1_mul.u5^prod~11_FF, P: Block (n13440): I: 1, O: 1, PlInfo: PL Info (n13440): [33, 1], 0, 544>, <NetNode: N: fir.x1k1_mul.u5^prod~11_FF, P: Block (n12583): I: 1, O: 1, PlInfo: PL Info (n12583): [32, 5], 0, 432>, <NetNode: N: fir.x1k1_mul.u5^prod~11_FF, P: Block (n13025): I: 1, O: 1, PlInfo: PL Info (n13025): [33, 7], 0, 347>, <NetNode: N: fir.x1k1_mul.u5^prod~11_FF, P: Block (n13256): I: 1, O: 1, PlInfo: PL Info (n13256): [36, 5], 0, 729>, <NetNode: N: fir.x1k1_mul.u5^prod~11_FF, P: Block (n13475): I: 1, O: 1, PlInfo: PL Info (n13475): [29, 2], 0, 547>, <NetNode: N: fir.x1k1_mul.u5^prod~11_FF, P: Block (n13073): I: 1, O: 1, PlInfo: PL Info (n13073): [32, 7], 0, 350>, <NetNode: N: fir.x1k1_mul.u5^prod~11_FF, P: Block (n13072): I: 1, O: 1, PlInfo: PL Info (n13072): [35, 6], 0, 349>, <NetNode: N: fir.x1k1_mul.u5^prod~11_FF, P: Block (n13064): I: 1, O: 1, PlInfo: PL Info (n13064): [28, 3], 0, 348>, <NetNode: N: fir.x1k1_mul.u5^prod~11_FF, P: Block (n4319): I: 1, O: 1, PlInfo: PL Info (n4319): [31, 1], 0, 33>, <NetNode: N: fir.x1k1_mul.u5^prod~11_FF, P: Block (n4332): I: 1, O: 1, PlInfo: PL Info (n4332): [27, 3], 0, 104>, <NetNode: N: fir.x1k1_mul.u5^prod~11_FF, P: Block (n12965): I: 1, O: 1, PlInfo: PL Info (n12965): [33, 6], 0, 346>, <NetNode: N: fir.x1k1_mul.u5^prod~11_FF, P: Block (n12537): I: 1, O: 1, PlInfo: PL Info (n12537): [31, 8], 0, 340>, <NetNode: N: fir.x1k1_mul.u5^prod~11_FF, P: Block (n12536): I: 1, O: 1, PlInfo: PL Info (n12536): [29, 6], 0, 339>, <NetNode: N: fir.x1k1_mul.u5^prod~11_FF, P: Block (n13625): I: 1, O: 1, PlInfo: PL Info (n13625): [32, 3], 0, 451>, <NetNode: N: fir.x1k1_mul.u5^prod~11_FF, P: Block (n12529): I: 1, O: 1, PlInfo: PL Info (n12529): [29, 5], 0, 337>, <NetNode: N: fir.x1k1_mul.u5^prod~11_FF, P: Block (n12519): I: 1, O: 1, PlInfo: PL Info (n12519): [29, 7], 0, 332>, <NetNode: N: fir.x1k1_mul.u5^prod~11_FF, P: Block (n13606): I: 1, O: 1, PlInfo: PL Info (n13606): [35, 5], 0, 553>, <NetNode: N: fir.x1k1_mul.u5^prod~11_FF, P: Block (n12752): I: 1, O: 1, PlInfo: PL Info (n12752): [33, 11], 0, 435>, <NetNode: N: fir.x1k1_mul.u5^prod~11_FF, P: Block (n12458): I: 1, O: 1, PlInfo: PL Info (n12458): [29, 15], 0, 540>, <NetNode: N: fir.x1k1_mul.u5^prod~11_FF, P: Block (n12439): I: 1, O: 1, PlInfo: PL Info (n12439): [29, 14], 0, 611>, <NetNode: N: fir.x1k1_mul.u5^prod~11_FF, P: Block (n12433): I: 1, O: 1, PlInfo: PL Info (n12433): [31, 14], 0, 690>, <NetNode: N: fir.x1k1_mul.u5^prod~11_FF, P: Block (n12673): I: 1, O: 1, PlInfo: PL Info (n12673): [25, 1], 0, 434>, <NetNode: N: fir.x1k1_mul.u5^prod~11_FF, P: Block (n12422): I: 1, O: 1, PlInfo: PL Info (n12422): [29, 10], 0, 700>, <NetNode: N: fir.x1k1_mul.u5^prod~11_FF, P: Block (n13591): I: 1, O: 1, PlInfo: PL Info (n13591): [25, 3], 0, 552>, <NetNode: N: fir.x1k1_mul.u5^prod~11_FF, P: Block (n12488): I: 1, O: 1, PlInfo: PL Info (n12488): [28, 8], 0, 331>, <NetNode: N: fir.x1k1_mul.u5^prod~11_FF, P: Block (n13329): I: 1, O: 1, PlInfo: PL Info (n13329): [28, 6], 0, 449>, <NetNode: N: fir.x1k1_mul.u5^prod~11_FF, P: Block (n13328): I: 1, O: 1, PlInfo: PL Info (n13328): [35, 7], 0, 448>, <NetNode: N: fir.x1k1_mul.u5^prod~11_FF, P: Block (n13323): I: 1, O: 1, PlInfo: PL Info (n13323): [24, 2], 0, 447>, <NetNode: N: fir.x1k1_mul.u5^prod~11_FF, P: Block (n13394): I: 1, O: 1, PlInfo: PL Info (n13394): [33, 4], 0, 542>, <NetNode: N: fir.x1k1_mul.u5^prod~11_FF, P: Block (n12280): I: 1, O: 1, PlInfo: PL Info (n12280): [27, 11], 0, 425>, <NetNode: N: fir.x1k1_mul.u5^prod~11_FF, P: Block (n12279): I: 1, O: 1, PlInfo: PL Info (n12279): [24, 12], 0, 424>, <NetNode: N: fir.x1k1_mul.u5^prod~11_FF, P: Block (n13598): I: 1, O: 1, PlInfo: PL Info (n13598): [32, 8], 0, 450>, <>]

: Source: <NetNode: N: n12786, P: Block (n12786): I: 1, O: 1, PlInfo: PL Info (n12786): [27, 2], 0, 438>, 
	Sinks: [<NetNode: N: n12786, P: Block (n4462): I: 1, O: 1, PlInfo: PL Info (n4462): [23, 3], 0, 86>, <>]

: Source: <NetNode: N: n13633, P: Block (n13633): I: 1, O: 1, PlInfo: PL Info (n13633): [25, 6], 0, 452>, 
	Sinks: [<NetNode: N: n13633, P: Block (n12531): I: 1, O: 1, PlInfo: PL Info (n12531): [31, 5], 0, 338>, <>]

: Source: <NetNode: N: fir.out_temp_add^out~22_FF, P: Block (n10148_1): I: 1, O: 1, PlInfo: PL Info (n10148_1): [27, 32], 0, 642>, 
	Sinks: [<NetNode: N: fir.out_temp_add^out~22_FF, P: Block (n10219_1): I: 1, O: 1, PlInfo: PL Info (n10219_1): [29, 34], 0, 645>, <>]

: Source: <NetNode: N: fir.x2k2_mul.u5^prod~7_FF, P: Block (n13871): I: 1, O: 1, PlInfo: PL Info (n13871): [24, 21], 0, 459>, 
	Sinks: [<NetNode: N: fir.x2k2_mul.u5^prod~7_FF, P: Block (n15063): I: 1, O: 1, PlInfo: PL Info (n15063): [32, 26], 0, 483>, <NetNode: N: fir.x2k2_mul.u5^prod~7_FF, P: Block (n14166): I: 1, O: 1, PlInfo: PL Info (n14166): [25, 21], 0, 698>, <NetNode: N: fir.x2k2_mul.u5^prod~7_FF, P: Block (n14803): I: 1, O: 1, PlInfo: PL Info (n14803): [33, 19], 0, 375>, <NetNode: N: fir.x2k2_mul.u5^prod~7_FF, P: Block (n14830): I: 1, O: 1, PlInfo: PL Info (n14830): [35, 21], 0, 478>, <NetNode: N: fir.x2k2_mul.u5^prod~7_FF, P: Block (n14761): I: 1, O: 1, PlInfo: PL Info (n14761): [36, 17], 0, 374>, <NetNode: N: fir.x2k2_mul.u5^prod~7_FF, P: Block (n13896): I: 1, O: 1, PlInfo: PL Info (n13896): [24, 20], 0, 356>, <NetNode: N: fir.x2k2_mul.u5^prod~7_FF, P: Block (n14992): I: 1, O: 1, PlInfo: PL Info (n14992): [35, 18], 0, 481>, <NetNode: N: fir.x2k2_mul.u5^prod~7_FF, P: Block (n14754): I: 1, O: 1, PlInfo: PL Info (n14754): [27, 19], 0, 476>, <NetNode: N: fir.x2k2_mul.u5^prod~7_FF, P: Block (n14352): I: 1, O: 1, PlInfo: PL Info (n14352): [32, 24], 0, 470>, <NetNode: N: fir.x2k2_mul.u5^prod~7_FF, P: Block (n14343): I: 1, O: 1, PlInfo: PL Info (n14343): [29, 17], 0, 469>, <NetNode: N: fir.x2k2_mul.u5^prod~7_FF, P: Block (n14330): I: 1, O: 1, PlInfo: PL Info (n14330): [31, 22], 0, 557>, <NetNode: N: fir.x2k2_mul.u5^prod~7_FF, P: Block (n15012): I: 1, O: 1, PlInfo: PL Info (n15012): [36, 18], 0, 564>, <NetNode: N: fir.x2k2_mul.u5^prod~7_FF, P: Block (n14395): I: 1, O: 1, PlInfo: PL Info (n14395): [35, 22], 0, 560>, <NetNode: N: fir.x2k2_mul.u5^prod~7_FF, P: Block (n4855): I: 1, O: 1, PlInfo: PL Info (n4855): [29, 23], 0, 36>, <NetNode: N: fir.x2k2_mul.u5^prod~7_FF, P: Block (n14581): I: 1, O: 1, PlInfo: PL Info (n14581): [31, 17], 0, 370>, <NetNode: N: fir.x2k2_mul.u5^prod~7_FF, P: Block (n14385): I: 1, O: 1, PlInfo: PL Info (n14385): [28, 18], 0, 559>, <NetNode: N: fir.x2k2_mul.u5^prod~7_FF, P: Block (n4883): I: 1, O: 1, PlInfo: PL Info (n4883): [29, 22], 0, 108>, <NetNode: N: fir.x2k2_mul.u5^prod~7_FF, P: Block (n14088): I: 1, O: 1, PlInfo: PL Info (n14088): [31, 20], 0, 364>, <NetNode: N: fir.x2k2_mul.u5^prod~7_FF, P: Block (n14087): I: 1, O: 1, PlInfo: PL Info (n14087): [32, 19], 0, 363>, <NetNode: N: fir.x2k2_mul.u5^prod~7_FF, P: Block (n14081): I: 1, O: 1, PlInfo: PL Info (n14081): [33, 21], 0, 360>, <NetNode: N: fir.x2k2_mul.u5^prod~7_FF, P: Block (n15140): I: 1, O: 1, PlInfo: PL Info (n15140): [29, 25], 0, 488>, <NetNode: N: fir.x2k2_mul.u5^prod~7_FF, P: Block (n14902): I: 1, O: 1, PlInfo: PL Info (n14902): [21, 25], 0, 849>, <NetNode: N: fir.x2k2_mul.u5^prod~7_FF, P: Block (n13838): I: 1, O: 1, PlInfo: PL Info (n13838): [23, 22], 0, 736>, <NetNode: N: fir.x2k2_mul.u5^prod~7_FF, P: Block (n13835): I: 1, O: 1, PlInfo: PL Info (n13835): [25, 19], 0, 354>, <NetNode: N: fir.x2k2_mul.u5^prod~7_FF, P: Block (n14888): I: 1, O: 1, PlInfo: PL Info (n14888): [21, 24], 0, 825>, <NetNode: N: fir.x2k2_mul.u5^prod~7_FF, P: Block (n14407): I: 1, O: 1, PlInfo: PL Info (n14407): [36, 22], 0, 471>, <NetNode: N: fir.x2k2_mul.u5^prod~7_FF, P: Block (n14840): I: 1, O: 1, PlInfo: PL Info (n14840): [32, 18], 0, 376>, <NetNode: N: fir.x2k2_mul.u5^prod~7_FF, P: Block (n14621): I: 1, O: 1, PlInfo: PL Info (n14621): [32, 17], 0, 474>, <NetNode: N: fir.x2k2_mul.u5^prod~7_FF, P: Block (n14622): I: 1, O: 1, PlInfo: PL Info (n14622): [33, 17], 0, 475>, <NetNode: N: fir.x2k2_mul.u5^prod~7_FF, P: Block (n14631): I: 1, O: 1, PlInfo: PL Info (n14631): [32, 23], 0, 372>, <NetNode: N: fir.x2k2_mul.u5^prod~7_FF, P: Block (n4935): I: 1, O: 1, PlInfo: PL Info (n4935): [31, 26], 0, 38>, <NetNode: N: fir.x2k2_mul.u5^prod~7_FF, P: Block (n14208): I: 1, O: 1, PlInfo: PL Info (n14208): [33, 18], 0, 556>, <NetNode: N: fir.x2k2_mul.u5^prod~7_FF, P: Block (n14690): I: 1, O: 1, PlInfo: PL Info (n14690): [27, 23], 0, 561>, <NetNode: N: fir.x2k2_mul.u5^prod~7_FF, P: Block (n14454): I: 1, O: 1, PlInfo: PL Info (n14454): [28, 19], 0, 368>, <NetNode: N: fir.x2k2_mul.u5^prod~7_FF, P: Block (n14261): I: 1, O: 1, PlInfo: PL Info (n14261): [36, 19], 0, 594>, <>]

: Source: <NetNode: N: n15650, P: Block (n15650): I: 1, O: 1, PlInfo: PL Info (n15650): [7, 30], 0, 498>, 
	Sinks: [<NetNode: N: n15650, P: Block (n5512): I: 1, O: 1, PlInfo: PL Info (n5512): [12, 32], 0, 13>, <NetNode: N: n15650, P: Block (n16392): I: 1, O: 1, PlInfo: PL Info (n16392): [4, 28], 0, 522>, <NetNode: N: n15650, P: Block (n16143): I: 1, O: 1, PlInfo: PL Info (n16143): [4, 30], 0, 577>, <NetNode: N: n15650, P: Block (n15927): I: 1, O: 1, PlInfo: PL Info (n15927): [5, 35], 0, 573>, <NetNode: N: n15650, P: Block (n15929): I: 1, O: 1, PlInfo: PL Info (n15929): [5, 33], 0, 574>, <NetNode: N: n15650, P: Block (n15856): I: 1, O: 1, PlInfo: PL Info (n15856): [9, 32], 0, 572>, <NetNode: N: n15650, P: Block (n15645): I: 1, O: 1, PlInfo: PL Info (n15645): [11, 32], 0, 497>, <NetNode: N: n15650, P: Block (n16307): I: 1, O: 1, PlInfo: PL Info (n16307): [9, 31], 0, 518>, <NetNode: N: n15650, P: Block (n16330): I: 1, O: 1, PlInfo: PL Info (n16330): [9, 24], 0, 521>, <NetNode: N: n15650, P: Block (n16577): I: 1, O: 1, PlInfo: PL Info (n16577): [5, 27], 0, 601>, <NetNode: N: n15650, P: Block (n16579): I: 1, O: 1, PlInfo: PL Info (n16579): [9, 34], 0, 602>, <NetNode: N: n15650, P: Block (n15670): I: 1, O: 1, PlInfo: PL Info (n15670): [7, 32], 0, 502>, <NetNode: N: n15650, P: Block (n15671): I: 1, O: 1, PlInfo: PL Info (n15671): [7, 29], 0, 503>, <NetNode: N: n15650, P: Block (n15672): I: 1, O: 1, PlInfo: PL Info (n15672): [8, 33], 0, 504>, <NetNode: N: n15650, P: Block (n15673): I: 1, O: 1, PlInfo: PL Info (n15673): [5, 31], 0, 505>, <NetNode: N: n15650, P: Block (n15680): I: 1, O: 1, PlInfo: PL Info (n15680): [8, 31], 0, 507>, <NetNode: N: n15650, P: Block (n16498): I: 1, O: 1, PlInfo: PL Info (n16498): [13, 31], 0, 598>, <NetNode: N: n15650, P: Block (n16088): I: 1, O: 1, PlInfo: PL Info (n16088): [9, 33], 0, 576>, <NetNode: N: n15650, P: Block (n16602): I: 1, O: 1, PlInfo: PL Info (n16602): [11, 35], 0, 605>, <NetNode: N: n15650, P: Block (n16619): I: 1, O: 1, PlInfo: PL Info (n16619): [4, 29], 0, 606>, <NetNode: N: n15650, P: Block (n15770): I: 1, O: 1, PlInfo: PL Info (n15770): [13, 36], 0, 713>, <NetNode: N: n15650, P: Block (n16429): I: 1, O: 1, PlInfo: PL Info (n16429): [4, 31], 0, 523>, <NetNode: N: n15650, P: Block (n16439): I: 1, O: 1, PlInfo: PL Info (n16439): [4, 27], 0, 580>, <NetNode: N: n15650, P: Block (n16630): I: 1, O: 1, PlInfo: PL Info (n16630): [9, 36], 0, 583>, <>]

: Source: <NetNode: N: fir.x1k1_mul.u5^prod1~17_FF, P: Block (n12383): I: 1, O: 1, PlInfo: PL Info (n12383): [25, 13], 0, 430>, 
	Sinks: [<>]

: Source: <NetNode: N: n12380, P: Block (n12380): I: 1, O: 1, PlInfo: PL Info (n12380): [25, 15], 0, 429>, 
	Sinks: [<NetNode: N: n12380, P: Block (n12302): I: 1, O: 1, PlInfo: PL Info (n12302): [25, 10], 0, 329>, <>]

: Source: <NetNode: N: n14961, P: Block (n14961): I: 1, O: 1, PlInfo: PL Info (n14961): [36, 23], 0, 480>, 
	Sinks: [<NetNode: N: n14961, P: Block (n4987): I: 1, O: 1, PlInfo: PL Info (n4987): [32, 27], 0, 8>, <>]

: Source: <NetNode: N: fir.add1_add.u1^fractb_out~21_FF, P: Block (n2604): I: 1, O: 1, PlInfo: PL Info (n2604): [35, 28], 0, 174>, 
	Sinks: [<NetNode: N: fir.add1_add.u1^fractb_out~21_FF, P: Block (n2474): I: 1, O: 1, PlInfo: PL Info (n2474): [29, 29], 0, 169>, <NetNode: N: fir.add1_add.u1^fractb_out~21_FF, P: Block (n2469): I: 1, O: 1, PlInfo: PL Info (n2469): [31, 29], 0, 168>, <>]

: Source: <NetNode: N: fir.add1_add^out_o1~24_FF, P: Block (n1993): I: 1, O: 1, PlInfo: PL Info (n1993): [33, 29], 0, 226>, 
	Sinks: [<NetNode: N: fir.add1_add^out_o1~24_FF, P: Block (n2304): I: 1, O: 1, PlInfo: PL Info (n2304): [32, 32], 0, 261>, <>]

: Source: <NetNode: N: fir.add0_add^out_o1~15_FF, P: Block (n2840): I: 1, O: 1, PlInfo: PL Info (n2840): [21, 3], 0, 234>, 
	Sinks: [<>]

: Source: <NetNode: N: fir.out_temp_add.u1^fractb_out~0_FF, P: Block (n1512): I: 1, O: 1, PlInfo: PL Info (n1512): [16, 27], 0, 216>, 
	Sinks: [<NetNode: N: fir.out_temp_add.u1^fractb_out~0_FF, P: Block (n1302): I: 1, O: 1, PlInfo: PL Info (n1302): [23, 34], 0, 270>, <NetNode: N: fir.out_temp_add.u1^fractb_out~0_FF, P: Block (n1272): I: 1, O: 1, PlInfo: PL Info (n1272): [23, 36], 0, 273>, <NetNode: N: fir.out_temp_add.u1^fractb_out~0_FF, P: Block (n724): I: 1, O: 1, PlInfo: PL Info (n724): [25, 32], 0, 120>, <>]

: Source: <NetNode: N: fir.x3k3_mul.u5^prod~15_FF, P: Block (fir.x3k3_mul.u5^prod1~15_FF): I: 1, O: 1, PlInfo: PL Info (fir.x3k3_mul.u5^prod1~15_FF): [11, 24], 0, 908>, 
	Sinks: [<NetNode: N: fir.x3k3_mul.u5^prod~15_FF, P: Block (n16392): I: 1, O: 1, PlInfo: PL Info (n16392): [4, 28], 0, 522>, <NetNode: N: fir.x3k3_mul.u5^prod~15_FF, P: Block (n16164): I: 1, O: 1, PlInfo: PL Info (n16164): [8, 22], 0, 746>, <NetNode: N: fir.x3k3_mul.u5^prod~15_FF, P: Block (n16173): I: 1, O: 1, PlInfo: PL Info (n16173): [8, 21], 0, 772>, <NetNode: N: fir.x3k3_mul.u5^prod~15_FF, P: Block (n16384): I: 1, O: 1, PlInfo: PL Info (n16384): [5, 29], 0, 578>, <NetNode: N: fir.x3k3_mul.u5^prod~15_FF, P: Block (n16143): I: 1, O: 1, PlInfo: PL Info (n16143): [4, 30], 0, 577>, <NetNode: N: fir.x3k3_mul.u5^prod~15_FF, P: Block (n15921): I: 1, O: 1, PlInfo: PL Info (n15921): [4, 36], 0, 511>, <NetNode: N: fir.x3k3_mul.u5^prod~15_FF, P: Block (n15929): I: 1, O: 1, PlInfo: PL Info (n15929): [5, 33], 0, 574>, <NetNode: N: fir.x3k3_mul.u5^prod~15_FF, P: Block (n16197): I: 1, O: 1, PlInfo: PL Info (n16197): [5, 22], 0, 872>, <NetNode: N: fir.x3k3_mul.u5^prod~15_FF, P: Block (n15856): I: 1, O: 1, PlInfo: PL Info (n15856): [9, 32], 0, 572>, <NetNode: N: fir.x3k3_mul.u5^prod~15_FF, P: Block (n15405): I: 1, O: 1, PlInfo: PL Info (n15405): [11, 28], 0, 567>, <NetNode: N: fir.x3k3_mul.u5^prod~15_FF, P: Block (n15839): I: 1, O: 1, PlInfo: PL Info (n15839): [7, 35], 0, 596>, <NetNode: N: fir.x3k3_mul.u5^prod~15_FF, P: Block (n16789): I: 1, O: 1, PlInfo: PL Info (n16789): [7, 27], 0, 610>, <NetNode: N: fir.x3k3_mul.u5^prod~15_FF, P: Block (n15471): I: 1, O: 1, PlInfo: PL Info (n15471): [11, 21], 0, 490>, <NetNode: N: fir.x3k3_mul.u5^prod~15_FF, P: Block (n16322): I: 1, O: 1, PlInfo: PL Info (n16322): [9, 26], 0, 519>, <NetNode: N: fir.x3k3_mul.u5^prod~15_FF, P: Block (n16323): I: 1, O: 1, PlInfo: PL Info (n16323): [8, 34], 0, 520>, <NetNode: N: fir.x3k3_mul.u5^prod~15_FF, P: Block (n16567): I: 1, O: 1, PlInfo: PL Info (n16567): [12, 36], 0, 582>, <NetNode: N: fir.x3k3_mul.u5^prod~15_FF, P: Block (n16330): I: 1, O: 1, PlInfo: PL Info (n16330): [9, 24], 0, 521>, <NetNode: N: fir.x3k3_mul.u5^prod~15_FF, P: Block (n15651): I: 1, O: 1, PlInfo: PL Info (n15651): [7, 33], 0, 499>, <NetNode: N: fir.x3k3_mul.u5^prod~15_FF, P: Block (n15411): I: 1, O: 1, PlInfo: PL Info (n15411): [12, 22], 0, 526>, <NetNode: N: fir.x3k3_mul.u5^prod~15_FF, P: Block (n15672): I: 1, O: 1, PlInfo: PL Info (n15672): [8, 33], 0, 504>, <NetNode: N: fir.x3k3_mul.u5^prod~15_FF, P: Block (n15673): I: 1, O: 1, PlInfo: PL Info (n15673): [5, 31], 0, 505>, <NetNode: N: fir.x3k3_mul.u5^prod~15_FF, P: Block (n15680): I: 1, O: 1, PlInfo: PL Info (n15680): [8, 31], 0, 507>, <NetNode: N: fir.x3k3_mul.u5^prod~15_FF, P: Block (n16274): I: 1, O: 1, PlInfo: PL Info (n16274): [8, 27], 0, 516>, <NetNode: N: fir.x3k3_mul.u5^prod~15_FF, P: Block (n16223): I: 1, O: 1, PlInfo: PL Info (n16223): [7, 24], 0, 799>, <NetNode: N: fir.x3k3_mul.u5^prod~15_FF, P: Block (n16229): I: 1, O: 1, PlInfo: PL Info (n16229): [7, 22], 0, 830>, <NetNode: N: fir.x3k3_mul.u5^prod~15_FF, P: Block (n16237): I: 1, O: 1, PlInfo: PL Info (n16237): [5, 25], 0, 800>, <NetNode: N: fir.x3k3_mul.u5^prod~15_FF, P: Block (n15390): I: 1, O: 1, PlInfo: PL Info (n15390): [8, 25], 0, 627>, <NetNode: N: fir.x3k3_mul.u5^prod~15_FF, P: Block (n5499): I: 1, O: 1, PlInfo: PL Info (n5499): [12, 34], 0, 43>, <NetNode: N: fir.x3k3_mul.u5^prod~15_FF, P: Block (n16081): I: 1, O: 1, PlInfo: PL Info (n16081): [4, 26], 0, 597>, <NetNode: N: fir.x3k3_mul.u5^prod~15_FF, P: Block (n16438): I: 1, O: 1, PlInfo: PL Info (n16438): [4, 35], 0, 579>, <NetNode: N: fir.x3k3_mul.u5^prod~15_FF, P: Block (n16439): I: 1, O: 1, PlInfo: PL Info (n16439): [4, 27], 0, 580>, <NetNode: N: fir.x3k3_mul.u5^prod~15_FF, P: Block (n15357): I: 1, O: 1, PlInfo: PL Info (n15357): [9, 23], 0, 525>, <NetNode: N: fir.x3k3_mul.u5^prod~15_FF, P: Block (n16692): I: 1, O: 1, PlInfo: PL Info (n16692): [8, 35], 0, 588>, <NetNode: N: fir.x3k3_mul.u5^prod~15_FF, P: Block (n16698): I: 1, O: 1, PlInfo: PL Info (n16698): [11, 36], 0, 589>, <NetNode: N: fir.x3k3_mul.u5^prod~15_FF, P: Block (n16219): I: 1, O: 1, PlInfo: PL Info (n16219): [4, 22], 0, 798>, <NetNode: N: fir.x3k3_mul.u5^prod~15_FF, P: Block (n16630): I: 1, O: 1, PlInfo: PL Info (n16630): [9, 36], 0, 583>, <NetNode: N: fir.x3k3_mul.u5^prod~15_FF, P: Block (n16634): I: 1, O: 1, PlInfo: PL Info (n16634): [12, 35], 0, 585>, <NetNode: N: fir.x3k3_mul.u5^prod~15_FF, P: Block (n15549): I: 1, O: 1, PlInfo: PL Info (n15549): [11, 22], 0, 493>, <NetNode: N: fir.x3k3_mul.u5^prod~15_FF, P: Block (n15556): I: 1, O: 1, PlInfo: PL Info (n15556): [11, 23], 0, 494>, <NetNode: N: fir.x3k3_mul.u5^prod~15_FF, P: Block (n5616): I: 1, O: 1, PlInfo: PL Info (n5616): [9, 35], 0, 19>, <>]

: Source: <NetNode: N: n13224, P: Block (n13224): I: 1, O: 1, PlInfo: PL Info (n13224): [36, 14], 0, 867>, 
	Sinks: [<NetNode: N: n13224, P: Block (n12776): I: 1, O: 1, PlInfo: PL Info (n12776): [35, 15], 0, 827>, <>]

: Source: <NetNode: N: n14312, P: Block (n14312): I: 1, O: 1, PlInfo: PL Info (n14312): [17, 25], 0, 870>, 
	Sinks: [<NetNode: N: n14312, P: Block (n15055): I: 1, O: 1, PlInfo: PL Info (n15055): [17, 26], 0, 880>, <NetNode: N: n14312, P: Block (n14831): I: 1, O: 1, PlInfo: PL Info (n14831): [25, 23], 0, 479>, <NetNode: N: n14312, P: Block (n14553): I: 1, O: 1, PlInfo: PL Info (n14553): [16, 25], 0, 823>, <NetNode: N: n14312, P: Block (n14311): I: 1, O: 1, PlInfo: PL Info (n14311): [17, 24], 0, 848>, <NetNode: N: n14312, P: Block (n14735): I: 1, O: 1, PlInfo: PL Info (n14735): [19, 25], 0, 857>, <NetNode: N: n14312, P: Block (n14309): I: 1, O: 1, PlInfo: PL Info (n14309): [20, 22], 0, 847>, <NetNode: N: n14312, P: Block (n14306): I: 1, O: 1, PlInfo: PL Info (n14306): [24, 24], 0, 667>, <NetNode: N: n14312, P: Block (n14357): I: 1, O: 1, PlInfo: PL Info (n14357): [27, 25], 0, 558>, <NetNode: N: n14312, P: Block (n15147): I: 1, O: 1, PlInfo: PL Info (n15147): [23, 24], 0, 750>, <NetNode: N: n14312, P: Block (n14718): I: 1, O: 1, PlInfo: PL Info (n14718): [16, 24], 0, 863>, <NetNode: N: n14312, P: Block (n14902): I: 1, O: 1, PlInfo: PL Info (n14902): [21, 25], 0, 849>, <NetNode: N: n14312, P: Block (n14907): I: 1, O: 1, PlInfo: PL Info (n14907): [20, 24], 0, 843>, <NetNode: N: n14312, P: Block (n13838): I: 1, O: 1, PlInfo: PL Info (n13838): [23, 22], 0, 736>, <NetNode: N: n14312, P: Block (n13832): I: 1, O: 1, PlInfo: PL Info (n13832): [21, 21], 0, 766>, <NetNode: N: n14312, P: Block (n14652): I: 1, O: 1, PlInfo: PL Info (n14652): [17, 19], 0, 781>, <NetNode: N: n14312, P: Block (n14414): I: 1, O: 1, PlInfo: PL Info (n14414): [19, 24], 0, 646>, <NetNode: N: n14312, P: Block (n14491): I: 1, O: 1, PlInfo: PL Info (n14491): [16, 22], 0, 855>, <NetNode: N: n14312, P: Block (n14252): I: 1, O: 1, PlInfo: PL Info (n14252): [25, 24], 0, 465>, <>]

: Source: <NetNode: N: fir.out_temp_add.u1^fractb_out~1_FF, P: Block (n1517): I: 1, O: 1, PlInfo: PL Info (n1517): [16, 30], 0, 214>, 
	Sinks: [<NetNode: N: fir.out_temp_add.u1^fractb_out~1_FF, P: Block (n1302): I: 1, O: 1, PlInfo: PL Info (n1302): [23, 34], 0, 270>, <NetNode: N: fir.out_temp_add.u1^fractb_out~1_FF, P: Block (n1272): I: 1, O: 1, PlInfo: PL Info (n1272): [23, 36], 0, 273>, <>]

: Source: <NetNode: N: n14311, P: Block (n14311): I: 1, O: 1, PlInfo: PL Info (n14311): [17, 24], 0, 848>, 
	Sinks: [<NetNode: N: n14311, P: Block (n15097): I: 1, O: 1, PlInfo: PL Info (n15097): [19, 19], 0, 648>, <NetNode: N: n14311, P: Block (n13901): I: 1, O: 1, PlInfo: PL Info (n13901): [21, 23], 0, 737>, <NetNode: N: n14311, P: Block (n14553): I: 1, O: 1, PlInfo: PL Info (n14553): [16, 25], 0, 823>, <NetNode: N: n14311, P: Block (n14312): I: 1, O: 1, PlInfo: PL Info (n14312): [17, 25], 0, 870>, <NetNode: N: n14311, P: Block (n14309): I: 1, O: 1, PlInfo: PL Info (n14309): [20, 22], 0, 847>, <NetNode: N: n14311, P: Block (n14306): I: 1, O: 1, PlInfo: PL Info (n14306): [24, 24], 0, 667>, <NetNode: N: n14311, P: Block (n14301): I: 1, O: 1, PlInfo: PL Info (n14301): [20, 25], 0, 846>, <NetNode: N: n14311, P: Block (n14747): I: 1, O: 1, PlInfo: PL Info (n14747): [19, 26], 0, 879>, <NetNode: N: n14311, P: Block (n15003): I: 1, O: 1, PlInfo: PL Info (n15003): [24, 23], 0, 662>, <NetNode: N: n14311, P: Block (n14564): I: 1, O: 1, PlInfo: PL Info (n14564): [16, 23], 0, 833>, <NetNode: N: n14311, P: Block (n15147): I: 1, O: 1, PlInfo: PL Info (n15147): [23, 24], 0, 750>, <NetNode: N: n14311, P: Block (n14945): I: 1, O: 1, PlInfo: PL Info (n14945): [19, 23], 0, 876>, <NetNode: N: n14311, P: Block (n14718): I: 1, O: 1, PlInfo: PL Info (n14718): [16, 24], 0, 863>, <NetNode: N: n14311, P: Block (n14902): I: 1, O: 1, PlInfo: PL Info (n14902): [21, 25], 0, 849>, <NetNode: N: n14311, P: Block (n14907): I: 1, O: 1, PlInfo: PL Info (n14907): [20, 24], 0, 843>, <NetNode: N: n14311, P: Block (n14888): I: 1, O: 1, PlInfo: PL Info (n14888): [21, 24], 0, 825>, <NetNode: N: n14311, P: Block (n14664): I: 1, O: 1, PlInfo: PL Info (n14664): [17, 23], 0, 852>, <NetNode: N: n14311, P: Block (n14491): I: 1, O: 1, PlInfo: PL Info (n14491): [16, 22], 0, 855>, <NetNode: N: n14311, P: Block (n14273): I: 1, O: 1, PlInfo: PL Info (n14273): [17, 21], 0, 845>, <NetNode: N: n14311, P: Block (n14252): I: 1, O: 1, PlInfo: PL Info (n14252): [25, 24], 0, 465>, <>]

: Source: <NetNode: N: n13461, P: Block (n13461): I: 1, O: 1, PlInfo: PL Info (n13461): [36, 6], 0, 716>, 
	Sinks: [<NetNode: N: n13461, P: Block (n12828): I: 1, O: 1, PlInfo: PL Info (n12828): [29, 3], 0, 344>, <>]

: Source: <NetNode: N: n14970, P: Block (n14970): I: 1, O: 1, PlInfo: PL Info (n14970): [33, 26], 0, 562>, 
	Sinks: [<NetNode: N: n14970, P: Block (n4987): I: 1, O: 1, PlInfo: PL Info (n4987): [32, 27], 0, 8>, <>]

: Source: <NetNode: N: n14735, P: Block (n14735): I: 1, O: 1, PlInfo: PL Info (n14735): [19, 25], 0, 857>, 
	Sinks: [<NetNode: N: n14735, P: Block (n14888): I: 1, O: 1, PlInfo: PL Info (n14888): [21, 24], 0, 825>, <>]

: Source: <NetNode: N: fir.out_temp_add.u1^fracta_out~25_FF, P: Block (n1502): I: 1, O: 1, PlInfo: PL Info (n1502): [21, 33], 0, 147>, 
	Sinks: [<NetNode: N: fir.out_temp_add.u1^fracta_out~25_FF, P: Block (n1482): I: 1, O: 1, PlInfo: PL Info (n1482): [20, 33], 0, 146>, <>]

: Source: <NetNode: N: n14309, P: Block (n14309): I: 1, O: 1, PlInfo: PL Info (n14309): [20, 22], 0, 847>, 
	Sinks: [<NetNode: N: n14309, P: Block (n14553): I: 1, O: 1, PlInfo: PL Info (n14553): [16, 25], 0, 823>, <NetNode: N: n14309, P: Block (n14312): I: 1, O: 1, PlInfo: PL Info (n14312): [17, 25], 0, 870>, <NetNode: N: n14309, P: Block (n14311): I: 1, O: 1, PlInfo: PL Info (n14311): [17, 24], 0, 848>, <NetNode: N: n14309, P: Block (n14735): I: 1, O: 1, PlInfo: PL Info (n14735): [19, 25], 0, 857>, <NetNode: N: n14309, P: Block (n14306): I: 1, O: 1, PlInfo: PL Info (n14306): [24, 24], 0, 667>, <NetNode: N: n14309, P: Block (n14301): I: 1, O: 1, PlInfo: PL Info (n14301): [20, 25], 0, 846>, <NetNode: N: n14309, P: Block (n14747): I: 1, O: 1, PlInfo: PL Info (n14747): [19, 26], 0, 879>, <NetNode: N: n14309, P: Block (n14357): I: 1, O: 1, PlInfo: PL Info (n14357): [27, 25], 0, 558>, <NetNode: N: n14309, P: Block (n15003): I: 1, O: 1, PlInfo: PL Info (n15003): [24, 23], 0, 662>, <NetNode: N: n14309, P: Block (n14390): I: 1, O: 1, PlInfo: PL Info (n14390): [16, 26], 0, 885>, <NetNode: N: n14309, P: Block (n15147): I: 1, O: 1, PlInfo: PL Info (n15147): [23, 24], 0, 750>, <NetNode: N: n14309, P: Block (n14945): I: 1, O: 1, PlInfo: PL Info (n14945): [19, 23], 0, 876>, <NetNode: N: n14309, P: Block (n14718): I: 1, O: 1, PlInfo: PL Info (n14718): [16, 24], 0, 863>, <NetNode: N: n14309, P: Block (n14907): I: 1, O: 1, PlInfo: PL Info (n14907): [20, 24], 0, 843>, <NetNode: N: n14309, P: Block (n13838): I: 1, O: 1, PlInfo: PL Info (n13838): [23, 22], 0, 736>, <NetNode: N: n14309, P: Block (n13832): I: 1, O: 1, PlInfo: PL Info (n13832): [21, 21], 0, 766>, <NetNode: N: n14309, P: Block (n14883): I: 1, O: 1, PlInfo: PL Info (n14883): [20, 23], 0, 871>, <NetNode: N: n14309, P: Block (n14888): I: 1, O: 1, PlInfo: PL Info (n14888): [21, 24], 0, 825>, <NetNode: N: n14309, P: Block (n14652): I: 1, O: 1, PlInfo: PL Info (n14652): [17, 19], 0, 781>, <NetNode: N: n14309, P: Block (n14414): I: 1, O: 1, PlInfo: PL Info (n14414): [19, 24], 0, 646>, <NetNode: N: n14309, P: Block (n14664): I: 1, O: 1, PlInfo: PL Info (n14664): [17, 23], 0, 852>, <NetNode: N: n14309, P: Block (n14491): I: 1, O: 1, PlInfo: PL Info (n14491): [16, 22], 0, 855>, <NetNode: N: n14309, P: Block (n14252): I: 1, O: 1, PlInfo: PL Info (n14252): [25, 24], 0, 465>, <>]

: Source: <NetNode: N: n14306, P: Block (n14306): I: 1, O: 1, PlInfo: PL Info (n14306): [24, 24], 0, 667>, 
	Sinks: [<NetNode: N: n14306, P: Block (n14067): I: 1, O: 1, PlInfo: PL Info (n14067): [32, 21], 0, 359>, <>]

: Source: <NetNode: N: n11277, P: Block (n11277): I: 1, O: 1, PlInfo: PL Info (n11277): [19, 27], 0, 760>, 
	Sinks: [<NetNode: N: n11277, P: Block (n2414): I: 1, O: 1, PlInfo: PL Info (n2414): [23, 30], 0, 157>, <>]

: Source: <NetNode: N: n14301, P: Block (n14301): I: 1, O: 1, PlInfo: PL Info (n14301): [20, 25], 0, 846>, 
	Sinks: [<NetNode: N: n14301, P: Block (n15088): I: 1, O: 1, PlInfo: PL Info (n15088): [27, 24], 0, 484>, <NetNode: N: n14301, P: Block (n15055): I: 1, O: 1, PlInfo: PL Info (n15055): [17, 26], 0, 880>, <NetNode: N: n14301, P: Block (n14550): I: 1, O: 1, PlInfo: PL Info (n14550): [25, 22], 0, 709>, <NetNode: N: n14301, P: Block (n14553): I: 1, O: 1, PlInfo: PL Info (n14553): [16, 25], 0, 823>, <NetNode: N: n14301, P: Block (n14312): I: 1, O: 1, PlInfo: PL Info (n14312): [17, 25], 0, 870>, <NetNode: N: n14301, P: Block (n14311): I: 1, O: 1, PlInfo: PL Info (n14311): [17, 24], 0, 848>, <NetNode: N: n14301, P: Block (n14309): I: 1, O: 1, PlInfo: PL Info (n14309): [20, 22], 0, 847>, <NetNode: N: n14301, P: Block (n14306): I: 1, O: 1, PlInfo: PL Info (n14306): [24, 24], 0, 667>, <NetNode: N: n14301, P: Block (n14357): I: 1, O: 1, PlInfo: PL Info (n14357): [27, 25], 0, 558>, <NetNode: N: n14301, P: Block (n15003): I: 1, O: 1, PlInfo: PL Info (n15003): [24, 23], 0, 662>, <NetNode: N: n14301, P: Block (n14390): I: 1, O: 1, PlInfo: PL Info (n14390): [16, 26], 0, 885>, <NetNode: N: n14301, P: Block (n15147): I: 1, O: 1, PlInfo: PL Info (n15147): [23, 24], 0, 750>, <NetNode: N: n14301, P: Block (n14945): I: 1, O: 1, PlInfo: PL Info (n14945): [19, 23], 0, 876>, <NetNode: N: n14301, P: Block (n14718): I: 1, O: 1, PlInfo: PL Info (n14718): [16, 24], 0, 863>, <NetNode: N: n14301, P: Block (n14902): I: 1, O: 1, PlInfo: PL Info (n14902): [21, 25], 0, 849>, <NetNode: N: n14301, P: Block (n13838): I: 1, O: 1, PlInfo: PL Info (n13838): [23, 22], 0, 736>, <NetNode: N: n14301, P: Block (n13832): I: 1, O: 1, PlInfo: PL Info (n13832): [21, 21], 0, 766>, <NetNode: N: n14301, P: Block (n14883): I: 1, O: 1, PlInfo: PL Info (n14883): [20, 23], 0, 871>, <NetNode: N: n14301, P: Block (n14414): I: 1, O: 1, PlInfo: PL Info (n14414): [19, 24], 0, 646>, <NetNode: N: n14301, P: Block (n14491): I: 1, O: 1, PlInfo: PL Info (n14491): [16, 22], 0, 855>, <NetNode: N: n14301, P: Block (n14495): I: 1, O: 1, PlInfo: PL Info (n14495): [16, 20], 0, 851>, <>]

: Source: <NetNode: N: n15832, P: Block (n15832): I: 1, O: 1, PlInfo: PL Info (n15832): [3, 25], 0, 808>, 
	Sinks: [<NetNode: N: n15832, P: Block (n5707): I: 1, O: 1, PlInfo: PL Info (n5707): [13, 30], 0, 24>, <>]

: Source: <NetNode: N: n15835, P: Block (n15835): I: 1, O: 1, PlInfo: PL Info (n15835): [3, 22], 0, 802>, 
	Sinks: [<NetNode: N: n15835, P: Block (n16157): I: 1, O: 1, PlInfo: PL Info (n16157): [3, 28], 0, 628>, <NetNode: N: n15835, P: Block (n16104): I: 1, O: 1, PlInfo: PL Info (n16104): [1, 24], 0, 883>, <NetNode: N: n15835, P: Block (n16106): I: 1, O: 1, PlInfo: PL Info (n16106): [1, 22], 0, 866>, <NetNode: N: n15835, P: Block (n16197): I: 1, O: 1, PlInfo: PL Info (n16197): [5, 22], 0, 872>, <NetNode: N: n15835, P: Block (n15863): I: 1, O: 1, PlInfo: PL Info (n15863): [1, 25], 0, 754>, <NetNode: N: n15835, P: Block (n15864): I: 1, O: 1, PlInfo: PL Info (n15864): [3, 24], 0, 828>, <NetNode: N: n15835, P: Block (n15635): I: 1, O: 1, PlInfo: PL Info (n15635): [8, 26], 0, 788>, <NetNode: N: n15835, P: Block (n15832): I: 1, O: 1, PlInfo: PL Info (n15832): [3, 25], 0, 808>, <NetNode: N: n15835, P: Block (n15454): I: 1, O: 1, PlInfo: PL Info (n15454): [13, 22], 0, 693>, <NetNode: N: n15835, P: Block (n16302): I: 1, O: 1, PlInfo: PL Info (n16302): [1, 27], 0, 710>, <NetNode: N: n15835, P: Block (n16789): I: 1, O: 1, PlInfo: PL Info (n16789): [7, 27], 0, 610>, <NetNode: N: n15835, P: Block (n16577): I: 1, O: 1, PlInfo: PL Info (n16577): [5, 27], 0, 601>, <NetNode: N: n15835, P: Block (n16340): I: 1, O: 1, PlInfo: PL Info (n16340): [4, 23], 0, 868>, <NetNode: N: n15835, P: Block (n15411): I: 1, O: 1, PlInfo: PL Info (n15411): [12, 22], 0, 526>, <NetNode: N: n15835, P: Block (n16514): I: 1, O: 1, PlInfo: PL Info (n16514): [1, 28], 0, 714>, <NetNode: N: n15835, P: Block (n16771): I: 1, O: 1, PlInfo: PL Info (n16771): [5, 23], 0, 718>, <NetNode: N: n15835, P: Block (n16223): I: 1, O: 1, PlInfo: PL Info (n16223): [7, 24], 0, 799>, <NetNode: N: n15835, P: Block (n16229): I: 1, O: 1, PlInfo: PL Info (n16229): [7, 22], 0, 830>, <NetNode: N: n15835, P: Block (n15390): I: 1, O: 1, PlInfo: PL Info (n15390): [8, 25], 0, 627>, <NetNode: N: n15835, P: Block (n16495): I: 1, O: 1, PlInfo: PL Info (n16495): [1, 30], 0, 886>, <NetNode: N: n15835, P: Block (n16256): I: 1, O: 1, PlInfo: PL Info (n16256): [5, 24], 0, 837>, <NetNode: N: n15835, P: Block (n16261): I: 1, O: 1, PlInfo: PL Info (n16261): [7, 21], 0, 864>, <NetNode: N: n15835, P: Block (n16822): I: 1, O: 1, PlInfo: PL Info (n16822): [1, 29], 0, 884>, <NetNode: N: n15835, P: Block (n15949): I: 1, O: 1, PlInfo: PL Info (n15949): [3, 26], 0, 829>, <NetNode: N: n15835, P: Block (n16819): I: 1, O: 1, PlInfo: PL Info (n16819): [1, 26], 0, 715>, <NetNode: N: n15835, P: Block (n16671): I: 1, O: 1, PlInfo: PL Info (n16671): [5, 28], 0, 608>, <NetNode: N: n15835, P: Block (n16213): I: 1, O: 1, PlInfo: PL Info (n16213): [7, 23], 0, 779>, <NetNode: N: n15835, P: Block (n16219): I: 1, O: 1, PlInfo: PL Info (n16219): [4, 22], 0, 798>, <NetNode: N: n15835, P: Block (n16403): I: 1, O: 1, PlInfo: PL Info (n16403): [1, 21], 0, 858>, <>]

: Source: <NetNode: N: n15836, P: Block (n15836): I: 1, O: 1, PlInfo: PL Info (n15836): [5, 26], 0, 570>, 
	Sinks: [<NetNode: N: n15836, P: Block (n5694): I: 1, O: 1, PlInfo: PL Info (n5694): [12, 30], 0, 23>, <NetNode: N: n15836, P: Block (n5681): I: 1, O: 1, PlInfo: PL Info (n5681): [11, 30], 0, 22>, <>]

: Source: <NetNode: N: n14747, P: Block (n14747): I: 1, O: 1, PlInfo: PL Info (n14747): [19, 26], 0, 879>, 
	Sinks: [<NetNode: N: n14747, P: Block (n14301): I: 1, O: 1, PlInfo: PL Info (n14301): [20, 25], 0, 846>, <>]

: Source: <NetNode: N: n8161, P: Block (n8161): I: 1, O: 1, PlInfo: PL Info (n8161): [4, 4], 0, 305>, 
	Sinks: [<NetNode: N: n8161, P: Block (n3827): I: 1, O: 1, PlInfo: PL Info (n3827): [12, 6], 0, 101>, <>]

: Source: <NetNode: N: n15839, P: Block (n15839): I: 1, O: 1, PlInfo: PL Info (n15839): [7, 35], 0, 596>, 
	Sinks: [<NetNode: N: n15839, P: Block (n15665): I: 1, O: 1, PlInfo: PL Info (n15665): [7, 28], 0, 569>, <>]

: Source: <NetNode: N: n9494, P: Block (n9494): I: 1, O: 1, PlInfo: PL Info (n9494): [16, 1], 0, 749>, 
	Sinks: [<NetNode: N: n9494, P: Block (n2762): I: 1, O: 1, PlInfo: PL Info (n2762): [17, 5], 0, 201>, <>]

: Source: <NetNode: N: fir^x_reg15~25_FF, P: Block (fir^x_reg14~25_FF): I: 1, O: 1, PlInfo: PL Info (fir^x_reg14~25_FF): [12, 18], 0, 944>, 
	Sinks: [<>]

: Source: <NetNode: N: fir.add1_add.u1^fractb_out~25_FF, P: Block (n2624): I: 1, O: 1, PlInfo: PL Info (n2624): [21, 28], 0, 80>, 
	Sinks: [<NetNode: N: fir.add1_add.u1^fractb_out~25_FF, P: Block (n2469): I: 1, O: 1, PlInfo: PL Info (n2469): [31, 29], 0, 168>, <>]

: Source: <NetNode: N: fir.add0_add^out_o1~17_FF, P: Block (n2866): I: 1, O: 1, PlInfo: PL Info (n2866): [21, 5], 0, 204>, 
	Sinks: [<>]

: Source: <NetNode: N: fir.x0k0_mul^out_o1~6_FF, P: Block (n3710): I: 1, O: 1, PlInfo: PL Info (n3710): [8, 2], 0, 4>, 
	Sinks: [<>]

: Source: <NetNode: N: fir.add1_add^out_o1~9_FF, P: Block (n1775): I: 1, O: 1, PlInfo: PL Info (n1775): [36, 34], 0, 208>, 
	Sinks: [<NetNode: N: fir.add1_add^out_o1~9_FF, P: Block (n1437): I: 1, O: 1, PlInfo: PL Info (n1437): [15, 34], 0, 138>, <>]

: Source: <NetNode: N: n13447, P: Block (n13447): I: 1, O: 1, PlInfo: PL Info (n13447): [24, 4], 0, 546>, 
	Sinks: [<NetNode: N: n13447, P: Block (n4319): I: 1, O: 1, PlInfo: PL Info (n4319): [31, 1], 0, 33>, <>]

: Source: <NetNode: N: n13205, P: Block (n13205): I: 1, O: 1, PlInfo: PL Info (n13205): [31, 15], 0, 832>, 
	Sinks: [<NetNode: N: n13205, P: Block (n12458): I: 1, O: 1, PlInfo: PL Info (n12458): [29, 15], 0, 540>, <>]

: Source: <NetNode: N: n13443, P: Block (n13443): I: 1, O: 1, PlInfo: PL Info (n13443): [33, 8], 0, 545>, 
	Sinks: [<NetNode: N: n13443, P: Block (n4319): I: 1, O: 1, PlInfo: PL Info (n4319): [31, 1], 0, 33>, <>]

: Source: <NetNode: N: n13440, P: Block (n13440): I: 1, O: 1, PlInfo: PL Info (n13440): [33, 1], 0, 544>, 
	Sinks: [<NetNode: N: n13440, P: Block (n4319): I: 1, O: 1, PlInfo: PL Info (n4319): [31, 1], 0, 33>, <>]

: Source: <NetNode: N: n12350, P: Block (n12350): I: 1, O: 1, PlInfo: PL Info (n12350): [29, 12], 0, 689>, 
	Sinks: [<NetNode: N: n12350, P: Block (n4649): I: 1, O: 1, PlInfo: PL Info (n4649): [25, 9], 0, 219>, <>]

: Source: <NetNode: N: n8399, P: Block (n8399): I: 1, O: 1, PlInfo: PL Info (n8399): [3, 3], 0, 308>, 
	Sinks: [<NetNode: N: n8399, P: Block (n7951_1): I: 1, O: 1, PlInfo: PL Info (n7951_1): [4, 6], 0, 299>, <>]

: Source: <NetNode: N: n14992, P: Block (n14992): I: 1, O: 1, PlInfo: PL Info (n14992): [35, 18], 0, 481>, 
	Sinks: [<NetNode: N: n14992, P: Block (n4935): I: 1, O: 1, PlInfo: PL Info (n4935): [31, 26], 0, 38>, <>]

: Source: <NetNode: N: n14754, P: Block (n14754): I: 1, O: 1, PlInfo: PL Info (n14754): [27, 19], 0, 476>, 
	Sinks: [<NetNode: N: n14754, P: Block (n14454): I: 1, O: 1, PlInfo: PL Info (n14454): [28, 19], 0, 368>, <>]

: Source: <NetNode: N: n14999, P: Block (n14999): I: 1, O: 1, PlInfo: PL Info (n14999): [35, 27], 0, 563>, 
	Sinks: [<NetNode: N: n14999, P: Block (n4935): I: 1, O: 1, PlInfo: PL Info (n4935): [31, 26], 0, 38>, <>]

: Source: <NetNode: N: lo1947, P: Block (n16936): I: 1, O: 1, PlInfo: PL Info (n16936): [15, 19], 0, 895>, 
	Sinks: [<NetNode: N: lo1947, P: Block (fir.x3k3_mul.u5^MUL~8539[0]): I: 2, O: 1, PlInfo: PL Info (fir.x3k3_mul.u5^MUL~8539[0]): [14, 21], 0, 0>, <>]

: Source: <NetNode: N: n11019, P: Block (n11019): I: 1, O: 1, PlInfo: PL Info (n11019): [25, 25], 0, 888>, 
	Sinks: [<NetNode: N: n11019, P: Block (n2775): I: 1, O: 1, PlInfo: PL Info (n2775): [24, 26], 0, 232>, <>]

: Source: <NetNode: N: fir.x0k0_mul^out_o1~23_FF, P: Block (n3940): I: 1, O: 1, PlInfo: PL Info (n3940): [5, 8], 0, 182>, 
	Sinks: [<NetNode: N: fir.x0k0_mul^out_o1~23_FF, P: Block (n11991): I: 1, O: 1, PlInfo: PL Info (n11991): [19, 12], 0, 720>, <>]

: Source: <NetNode: N: fir.out_temp_add.u1^fractb_out~2_FF, P: Block (n1522): I: 1, O: 1, PlInfo: PL Info (n1522): [17, 28], 0, 215>, 
	Sinks: [<NetNode: N: fir.out_temp_add.u1^fractb_out~2_FF, P: Block (n1302): I: 1, O: 1, PlInfo: PL Info (n1302): [23, 34], 0, 270>, <NetNode: N: fir.out_temp_add.u1^fractb_out~2_FF, P: Block (n1272): I: 1, O: 1, PlInfo: PL Info (n1272): [23, 36], 0, 273>, <>]

: Source: <NetNode: N: fir.add0_add^out_o1~16_FF, P: Block (n2853): I: 1, O: 1, PlInfo: PL Info (n2853): [19, 4], 0, 235>, 
	Sinks: [<>]

: Source: <NetNode: N: n12583, P: Block (n12583): I: 1, O: 1, PlInfo: PL Info (n12583): [32, 5], 0, 432>, 
	Sinks: [<NetNode: N: n12583, P: Block (n4436): I: 1, O: 1, PlInfo: PL Info (n4436): [25, 7], 0, 106>, <NetNode: N: n12583, P: Block (n12857): I: 1, O: 1, PlInfo: PL Info (n12857): [33, 3], 0, 345>, <NetNode: N: n12583, P: Block (n12614): I: 1, O: 1, PlInfo: PL Info (n12614): [27, 6], 0, 433>, <NetNode: N: n12583, P: Block (n4252): I: 1, O: 1, PlInfo: PL Info (n4252): [35, 3], 0, 83>, <NetNode: N: n12583, P: Block (n12897): I: 1, O: 1, PlInfo: PL Info (n12897): [35, 4], 0, 442>, <NetNode: N: n12583, P: Block (n12650): I: 1, O: 1, PlInfo: PL Info (n12650): [36, 4], 0, 686>, <NetNode: N: n12583, P: Block (n12790): I: 1, O: 1, PlInfo: PL Info (n12790): [27, 1], 0, 440>, <NetNode: N: n12583, P: Block (n13447): I: 1, O: 1, PlInfo: PL Info (n13447): [24, 4], 0, 546>, <NetNode: N: n12583, P: Block (n13440): I: 1, O: 1, PlInfo: PL Info (n13440): [33, 1], 0, 544>, <NetNode: N: n12583, P: Block (n13025): I: 1, O: 1, PlInfo: PL Info (n13025): [33, 7], 0, 347>, <NetNode: N: n12583, P: Block (n13253): I: 1, O: 1, PlInfo: PL Info (n13253): [23, 7], 0, 688>, <NetNode: N: n12583, P: Block (n13475): I: 1, O: 1, PlInfo: PL Info (n13475): [29, 2], 0, 547>, <NetNode: N: n12583, P: Block (n13073): I: 1, O: 1, PlInfo: PL Info (n13073): [32, 7], 0, 350>, <NetNode: N: n12583, P: Block (n13072): I: 1, O: 1, PlInfo: PL Info (n13072): [35, 6], 0, 349>, <NetNode: N: n12583, P: Block (n13068): I: 1, O: 1, PlInfo: PL Info (n13068): [33, 5], 0, 444>, <NetNode: N: n12583, P: Block (n12538): I: 1, O: 1, PlInfo: PL Info (n12538): [29, 4], 0, 341>, <NetNode: N: n12583, P: Block (n12778): I: 1, O: 1, PlInfo: PL Info (n12778): [25, 2], 0, 437>, <NetNode: N: n12583, P: Block (n13625): I: 1, O: 1, PlInfo: PL Info (n13625): [32, 3], 0, 451>, <NetNode: N: n12583, P: Block (n12529): I: 1, O: 1, PlInfo: PL Info (n12529): [29, 5], 0, 337>, <NetNode: N: n12583, P: Block (n12527): I: 1, O: 1, PlInfo: PL Info (n12527): [32, 6], 0, 335>, <NetNode: N: n12583, P: Block (n12525): I: 1, O: 1, PlInfo: PL Info (n12525): [31, 4], 0, 334>, <NetNode: N: n12583, P: Block (n13606): I: 1, O: 1, PlInfo: PL Info (n13606): [35, 5], 0, 553>, <NetNode: N: n12583, P: Block (n12752): I: 1, O: 1, PlInfo: PL Info (n12752): [33, 11], 0, 435>, <NetNode: N: n12583, P: Block (n13545): I: 1, O: 1, PlInfo: PL Info (n13545): [27, 7], 0, 549>, <NetNode: N: n12583, P: Block (n13519): I: 1, O: 1, PlInfo: PL Info (n13519): [24, 6], 0, 548>, <NetNode: N: n12583, P: Block (n13579): I: 1, O: 1, PlInfo: PL Info (n13579): [32, 2], 0, 551>, <NetNode: N: n12583, P: Block (n13328): I: 1, O: 1, PlInfo: PL Info (n13328): [35, 7], 0, 448>, <NetNode: N: n12583, P: Block (n13323): I: 1, O: 1, PlInfo: PL Info (n13323): [24, 2], 0, 447>, <NetNode: N: n12583, P: Block (n13386): I: 1, O: 1, PlInfo: PL Info (n13386): [24, 1], 0, 735>, <>]

: Source: <NetNode: N: fir.add1_add.u1^fractb_out~24_FF, P: Block (n2619): I: 1, O: 1, PlInfo: PL Info (n2619): [25, 27], 0, 79>, 
	Sinks: [<NetNode: N: fir.add1_add.u1^fractb_out~24_FF, P: Block (n2474): I: 1, O: 1, PlInfo: PL Info (n2474): [29, 29], 0, 169>, <NetNode: N: fir.add1_add.u1^fractb_out~24_FF, P: Block (n2469): I: 1, O: 1, PlInfo: PL Info (n2469): [31, 29], 0, 168>, <>]

: Source: <NetNode: N: n13032, P: Block (n13032): I: 1, O: 1, PlInfo: PL Info (n13032): [36, 15], 0, 806>, 
	Sinks: [<NetNode: N: n13032, P: Block (n13026): I: 1, O: 1, PlInfo: PL Info (n13026): [33, 12], 0, 659>, <>]

: Source: <NetNode: N: n15454, P: Block (n15454): I: 1, O: 1, PlInfo: PL Info (n15454): [13, 22], 0, 693>, 
	Sinks: [<NetNode: N: n15454, P: Block (n15487): I: 1, O: 1, PlInfo: PL Info (n15487): [13, 23], 0, 492>, <NetNode: N: n15454, P: Block (n15549): I: 1, O: 1, PlInfo: PL Info (n15549): [11, 22], 0, 493>, <>]

: Source: <NetNode: N: n16302, P: Block (n16302): I: 1, O: 1, PlInfo: PL Info (n16302): [1, 27], 0, 710>, 
	Sinks: [<NetNode: N: n16302, P: Block (n16274): I: 1, O: 1, PlInfo: PL Info (n16274): [8, 27], 0, 516>, <>]

: Source: <NetNode: N: n16303, P: Block (n16303): I: 1, O: 1, PlInfo: PL Info (n16303): [4, 32], 0, 517>, 
	Sinks: [<NetNode: N: n16303, P: Block (n16274): I: 1, O: 1, PlInfo: PL Info (n16274): [8, 27], 0, 516>, <>]

: Source: <NetNode: N: n9669_1, P: Block (n9669_1): I: 1, O: 1, PlInfo: PL Info (n9669_1): [33, 32], 0, 636>, 
	Sinks: [<NetNode: N: n9669_1, P: Block (n9835): I: 1, O: 1, PlInfo: PL Info (n9835): [33, 35], 0, 656>, <NetNode: N: n9669_1, P: Block (n1918): I: 1, O: 1, PlInfo: PL Info (n1918): [32, 35], 0, 129>, <NetNode: N: n9669_1, P: Block (n1853): I: 1, O: 1, PlInfo: PL Info (n1853): [35, 33], 0, 210>, <NetNode: N: n9669_1, P: Block (n2304): I: 1, O: 1, PlInfo: PL Info (n2304): [32, 32], 0, 261>, <>]

: Source: <NetNode: N: n16789, P: Block (n16789): I: 1, O: 1, PlInfo: PL Info (n16789): [7, 27], 0, 610>, 
	Sinks: [<NetNode: N: n16789, P: Block (n15671): I: 1, O: 1, PlInfo: PL Info (n15671): [7, 29], 0, 503>, <>]

: Source: <NetNode: N: fir^out~9, P: Block (fir.out_temp_add^out~9_FF): I: 1, O: 1, PlInfo: PL Info (fir.out_temp_add^out~9_FF): [23, 1], 0, 929>, 
	Sinks: [<NetNode: N: fir^out~9, P: Block (out:fir^out~9): I: 1, O: 0, PlInfo: PL Info (out:fir^out~9): [23, 0], 2, 957>, <>]

: Source: <NetNode: N: fir.x3k3_mul.u5^prod1~0_FF, P: Block (n16307): I: 1, O: 1, PlInfo: PL Info (n16307): [9, 31], 0, 518>, 
	Sinks: [<NetNode: N: fir.x3k3_mul.u5^prod1~0_FF, P: Block (n5486): I: 1, O: 1, PlInfo: PL Info (n5486): [11, 34], 0, 12>, <>]

: Source: <NetNode: N: fir.add0_add^out~14_FF, P: Block (n9270): I: 1, O: 1, PlInfo: PL Info (n9270): [19, 5], 0, 616>, 
	Sinks: [<NetNode: N: fir.add0_add^out~14_FF, P: Block (n2449): I: 1, O: 1, PlInfo: PL Info (n2449): [24, 29], 0, 164>, <>]

: Source: <NetNode: N: n9005_1, P: Block (n9005_1): I: 1, O: 1, PlInfo: PL Info (n9005_1): [8, 7], 0, 321>, 
	Sinks: [<NetNode: N: n9005_1, P: Block (n3697): I: 1, O: 1, PlInfo: PL Info (n3697): [9, 7], 0, 81>, <>]

: Source: <NetNode: N: fir.add1_add.u1^fracta_lt_fractb_FF, P: Block (n2648): I: 1, O: 1, PlInfo: PL Info (n2648): [24, 25], 0, 260>, 
	Sinks: [<NetNode: N: fir.add1_add.u1^fracta_lt_fractb_FF, P: Block (n2147): I: 1, O: 1, PlInfo: PL Info (n2147): [25, 26], 0, 276>, <>]

: Source: <NetNode: N: n7951_1, P: Block (n7951_1): I: 1, O: 1, PlInfo: PL Info (n7951_1): [4, 6], 0, 299>, 
	Sinks: [<NetNode: N: n7951_1, P: Block (n7970_1): I: 1, O: 1, PlInfo: PL Info (n7970_1): [5, 3], 0, 303>, <NetNode: N: n7951_1, P: Block (n8924_1): I: 1, O: 1, PlInfo: PL Info (n8924_1): [9, 1], 0, 420>, <NetNode: N: n7951_1, P: Block (n8761_1): I: 1, O: 1, PlInfo: PL Info (n8761_1): [3, 7], 0, 314>, <NetNode: N: n7951_1, P: Block (n8819): I: 1, O: 1, PlInfo: PL Info (n8819): [12, 3], 0, 412>, <NetNode: N: n7951_1, P: Block (n8892_1): I: 1, O: 1, PlInfo: PL Info (n8892_1): [11, 7], 0, 417>, <NetNode: N: n7951_1, P: Block (n8852): I: 1, O: 1, PlInfo: PL Info (n8852): [5, 2], 0, 415>, <NetNode: N: n7951_1, P: Block (n7766): I: 1, O: 1, PlInfo: PL Info (n7766): [7, 8], 0, 390>, <NetNode: N: n7951_1, P: Block (n8086_1): I: 1, O: 1, PlInfo: PL Info (n8086_1): [11, 4], 0, 532>, <NetNode: N: n7951_1, P: Block (n8898): I: 1, O: 1, PlInfo: PL Info (n8898): [13, 3], 0, 418>, <NetNode: N: n7951_1, P: Block (n8330): I: 1, O: 1, PlInfo: PL Info (n8330): [1, 5], 0, 307>, <NetNode: N: n7951_1, P: Block (n8161): I: 1, O: 1, PlInfo: PL Info (n8161): [4, 4], 0, 305>, <NetNode: N: n7951_1, P: Block (n9005_1): I: 1, O: 1, PlInfo: PL Info (n9005_1): [8, 7], 0, 321>, <NetNode: N: n7951_1, P: Block (n8848_1): I: 1, O: 1, PlInfo: PL Info (n8848_1): [13, 4], 0, 317>, <NetNode: N: n7951_1, P: Block (n8703): I: 1, O: 1, PlInfo: PL Info (n8703): [4, 1], 0, 311>, <NetNode: N: n7951_1, P: Block (n8710): I: 1, O: 1, PlInfo: PL Info (n8710): [3, 6], 0, 312>, <NetNode: N: n7951_1, P: Block (n8975): I: 1, O: 1, PlInfo: PL Info (n8975): [1, 3], 0, 319>, <NetNode: N: n7951_1, P: Block (n8999): I: 1, O: 1, PlInfo: PL Info (n8999): [7, 9], 0, 421>, <NetNode: N: n7951_1, P: Block (n8873_1): I: 1, O: 1, PlInfo: PL Info (n8873_1): [12, 2], 0, 536>, <NetNode: N: n7951_1, P: Block (n8225): I: 1, O: 1, PlInfo: PL Info (n8225): [3, 4], 0, 534>, <NetNode: N: n7951_1, P: Block (n8691): I: 1, O: 1, PlInfo: PL Info (n8691): [3, 2], 0, 410>, <NetNode: N: n7951_1, P: Block (n8297_1): I: 1, O: 1, PlInfo: PL Info (n8297_1): [7, 1], 0, 405>, <NetNode: N: n7951_1, P: Block (n3814): I: 1, O: 1, PlInfo: PL Info (n3814): [11, 8], 0, 30>, <NetNode: N: n7951_1, P: Block (n9102): I: 1, O: 1, PlInfo: PL Info (n9102): [7, 7], 0, 322>, <NetNode: N: n7951_1, P: Block (n8821_1): I: 1, O: 1, PlInfo: PL Info (n8821_1): [3, 1], 0, 316>, <NetNode: N: n7951_1, P: Block (n8616_1): I: 1, O: 1, PlInfo: PL Info (n8616_1): [1, 6], 0, 409>, <NetNode: N: n7951_1, P: Block (n8299): I: 1, O: 1, PlInfo: PL Info (n8299): [5, 1], 0, 406>, <NetNode: N: n7951_1, P: Block (n3840): I: 1, O: 1, PlInfo: PL Info (n3840): [13, 6], 0, 102>, <NetNode: N: n7951_1, P: Block (n8845_1): I: 1, O: 1, PlInfo: PL Info (n8845_1): [11, 5], 0, 414>, <>]

: Source: <NetNode: N: n14357, P: Block (n14357): I: 1, O: 1, PlInfo: PL Info (n14357): [27, 25], 0, 558>, 
	Sinks: [<NetNode: N: n14357, P: Block (n5013): I: 1, O: 1, PlInfo: PL Info (n5013): [29, 26], 0, 109>, <>]

: Source: <NetNode: N: n13026, P: Block (n13026): I: 1, O: 1, PlInfo: PL Info (n13026): [33, 12], 0, 659>, 
	Sinks: [<NetNode: N: n13026, P: Block (n13025): I: 1, O: 1, PlInfo: PL Info (n13025): [33, 7], 0, 347>, <>]

: Source: <NetNode: N: fir.add1_add.u1^fracta_out~9_FF, P: Block (n2409): I: 1, O: 1, PlInfo: PL Info (n2409): [23, 28], 0, 156>, 
	Sinks: [<NetNode: N: fir.add1_add.u1^fracta_out~9_FF, P: Block (n1723): I: 1, O: 1, PlInfo: PL Info (n1723): [33, 30], 0, 126>, <NetNode: N: fir.add1_add.u1^fracta_out~9_FF, P: Block (n2454): I: 1, O: 1, PlInfo: PL Info (n2454): [28, 30], 0, 165>, <NetNode: N: fir.add1_add.u1^fracta_out~9_FF, P: Block (n2559): I: 1, O: 1, PlInfo: PL Info (n2559): [29, 30], 0, 171>, <>]

: Source: <NetNode: N: n13025, P: Block (n13025): I: 1, O: 1, PlInfo: PL Info (n13025): [33, 7], 0, 347>, 
	Sinks: [<NetNode: N: n13025, P: Block (n12965): I: 1, O: 1, PlInfo: PL Info (n12965): [33, 6], 0, 346>, <>]

: Source: <NetNode: N: fir.x3k3_mul.u2^exp_out~3_FF, P: Block (n5917): I: 1, O: 1, PlInfo: PL Info (n5917): [13, 20], 0, 269>, 
	Sinks: [<NetNode: N: fir.x3k3_mul.u2^exp_out~3_FF, P: Block (n5962): I: 1, O: 1, PlInfo: PL Info (n5962): [12, 20], 0, 265>, <>]

: Source: <NetNode: N: n14352, P: Block (n14352): I: 1, O: 1, PlInfo: PL Info (n14352): [32, 24], 0, 470>, 
	Sinks: [<NetNode: N: n14352, P: Block (n5013): I: 1, O: 1, PlInfo: PL Info (n5013): [29, 26], 0, 109>, <>]

: Source: <NetNode: N: n7997_1, P: Block (n7997_1): I: 1, O: 1, PlInfo: PL Info (n7997_1): [1, 7], 0, 695>, 
	Sinks: [<NetNode: N: n7997_1, P: Block (n3918): I: 1, O: 1, PlInfo: PL Info (n3918): [8, 8], 0, 32>, <>]

: Source: <NetNode: N: fir.x0k0_mul^out~2_FF, P: Block (n8173): I: 1, O: 1, PlInfo: PL Info (n8173): [7, 6], 0, 306>, 
	Sinks: [<NetNode: N: fir.x0k0_mul^out~2_FF, P: Block (n3376): I: 1, O: 1, PlInfo: PL Info (n3376): [16, 13], 0, 54>, <>]

: Source: <NetNode: N: fir.add1_add^out_o1~10_FF, P: Block (n1788): I: 1, O: 1, PlInfo: PL Info (n1788): [36, 32], 0, 209>, 
	Sinks: [<>]

: Source: <NetNode: N: fir.x0k0_mul^out_o1~24_FF, P: Block (n3967): I: 1, O: 1, PlInfo: PL Info (n3967): [8, 9], 0, 93>, 
	Sinks: [<NetNode: N: fir.x0k0_mul^out_o1~24_FF, P: Block (n4032): I: 1, O: 1, PlInfo: PL Info (n4032): [19, 9], 0, 218>, <>]

: Source: <NetNode: N: fir.add0_add^out_o1~18_FF, P: Block (n2879): I: 1, O: 1, PlInfo: PL Info (n2879): [21, 4], 0, 124>, 
	Sinks: [<NetNode: N: fir.add0_add^out_o1~18_FF, P: Block (n9436_1): I: 1, O: 1, PlInfo: PL Info (n9436_1): [21, 1], 0, 620>, <>]

: Source: <NetNode: N: fir.x0k0_mul^out_o1~7_FF, P: Block (n3723): I: 1, O: 1, PlInfo: PL Info (n3723): [8, 1], 0, 98>, 
	Sinks: [<>]

: Source: <NetNode: N: n10642_1, P: Block (n10642_1): I: 1, O: 1, PlInfo: PL Info (n10642_1): [16, 29], 0, 672>, 
	Sinks: [<NetNode: N: n10642_1, P: Block (n5642): I: 1, O: 1, PlInfo: PL Info (n5642): [15, 30], 0, 46>, <>]

: Source: <NetNode: N: fir.out_temp_add^fract_out_q~12_FF, P: Block (n1302): I: 1, O: 1, PlInfo: PL Info (n1302): [23, 34], 0, 270>, 
	Sinks: [<NetNode: N: fir.out_temp_add^fract_out_q~12_FF, P: Block (n1165): I: 1, O: 1, PlInfo: PL Info (n1165): [23, 33], 0, 244>, <NetNode: N: fir.out_temp_add^fract_out_q~12_FF, P: Block (n815): I: 1, O: 1, PlInfo: PL Info (n815): [27, 35], 0, 221>, <NetNode: N: fir.out_temp_add^fract_out_q~12_FF, P: Block (n828): I: 1, O: 1, PlInfo: PL Info (n828): [28, 36], 0, 188>, <NetNode: N: fir.out_temp_add^fract_out_q~12_FF, P: Block (n841): I: 1, O: 1, PlInfo: PL Info (n841): [27, 36], 0, 121>, <NetNode: N: fir.out_temp_add^fract_out_q~12_FF, P: Block (n893): I: 1, O: 1, PlInfo: PL Info (n893): [23, 35], 0, 229>, <NetNode: N: fir.out_temp_add^fract_out_q~12_FF, P: Block (n10151): I: 1, O: 1, PlInfo: PL Info (n10151): [29, 35], 0, 643>, <NetNode: N: fir.out_temp_add^fract_out_q~12_FF, P: Block (n1562): I: 1, O: 1, PlInfo: PL Info (n1562): [21, 36], 0, 148>, <NetNode: N: fir.out_temp_add^fract_out_q~12_FF, P: Block (n10219_1): I: 1, O: 1, PlInfo: PL Info (n10219_1): [29, 34], 0, 645>, <NetNode: N: fir.out_temp_add^fract_out_q~12_FF, P: Block (n1592): I: 1, O: 1, PlInfo: PL Info (n1592): [21, 35], 0, 150>, <NetNode: N: fir.out_temp_add^fract_out_q~12_FF, P: Block (n1272): I: 1, O: 1, PlInfo: PL Info (n1272): [23, 36], 0, 273>, <NetNode: N: fir.out_temp_add^fract_out_q~12_FF, P: Block (n919): I: 1, O: 1, PlInfo: PL Info (n919): [29, 36], 0, 189>, <NetNode: N: fir.out_temp_add^fract_out_q~12_FF, P: Block (n932): I: 1, O: 1, PlInfo: PL Info (n932): [28, 32], 0, 190>, <NetNode: N: fir.out_temp_add^fract_out_q~12_FF, P: Block (n10145_1): I: 1, O: 1, PlInfo: PL Info (n10145_1): [27, 34], 0, 641>, <NetNode: N: fir.out_temp_add^fract_out_q~12_FF, P: Block (n958): I: 1, O: 1, PlInfo: PL Info (n958): [25, 35], 0, 191>, <NetNode: N: fir.out_temp_add^fract_out_q~12_FF, P: Block (n971): I: 1, O: 1, PlInfo: PL Info (n971): [28, 34], 0, 192>, <NetNode: N: fir.out_temp_add^fract_out_q~12_FF, P: Block (n997): I: 1, O: 1, PlInfo: PL Info (n997): [29, 31], 0, 194>, <NetNode: N: fir.out_temp_add^fract_out_q~12_FF, P: Block (n1602): I: 1, O: 1, PlInfo: PL Info (n1602): [21, 34], 0, 151>, <>]

: Source: <NetNode: N: fir.x3k3_mul.u5^prod~7_FF, P: Block (n15471): I: 1, O: 1, PlInfo: PL Info (n15471): [11, 21], 0, 490>, 
	Sinks: [<NetNode: N: fir.x3k3_mul.u5^prod~7_FF, P: Block (n5525): I: 1, O: 1, PlInfo: PL Info (n5525): [13, 32], 0, 14>, <NetNode: N: fir.x3k3_mul.u5^prod~7_FF, P: Block (n16596): I: 1, O: 1, PlInfo: PL Info (n16596): [3, 32], 0, 604>, <NetNode: N: fir.x3k3_mul.u5^prod~7_FF, P: Block (n16133): I: 1, O: 1, PlInfo: PL Info (n16133): [3, 31], 0, 514>, <NetNode: N: fir.x3k3_mul.u5^prod~7_FF, P: Block (n16384): I: 1, O: 1, PlInfo: PL Info (n16384): [5, 29], 0, 578>, <NetNode: N: fir.x3k3_mul.u5^prod~7_FF, P: Block (n15924): I: 1, O: 1, PlInfo: PL Info (n15924): [4, 34], 0, 512>, <NetNode: N: fir.x3k3_mul.u5^prod~7_FF, P: Block (n15927): I: 1, O: 1, PlInfo: PL Info (n15927): [5, 35], 0, 573>, <NetNode: N: fir.x3k3_mul.u5^prod~7_FF, P: Block (n15839): I: 1, O: 1, PlInfo: PL Info (n15839): [7, 35], 0, 596>, <NetNode: N: fir.x3k3_mul.u5^prod~7_FF, P: Block (n16303): I: 1, O: 1, PlInfo: PL Info (n16303): [4, 32], 0, 517>, <NetNode: N: fir.x3k3_mul.u5^prod~7_FF, P: Block (n16789): I: 1, O: 1, PlInfo: PL Info (n16789): [7, 27], 0, 610>, <NetNode: N: fir.x3k3_mul.u5^prod~7_FF, P: Block (n16307): I: 1, O: 1, PlInfo: PL Info (n16307): [9, 31], 0, 518>, <NetNode: N: fir.x3k3_mul.u5^prod~7_FF, P: Block (n16567): I: 1, O: 1, PlInfo: PL Info (n16567): [12, 36], 0, 582>, <NetNode: N: fir.x3k3_mul.u5^prod~7_FF, P: Block (n16584): I: 1, O: 1, PlInfo: PL Info (n16584): [13, 34], 0, 603>, <NetNode: N: fir.x3k3_mul.u5^prod~7_FF, P: Block (n15411): I: 1, O: 1, PlInfo: PL Info (n15411): [12, 22], 0, 526>, <NetNode: N: fir.x3k3_mul.u5^prod~7_FF, P: Block (n16757): I: 1, O: 1, PlInfo: PL Info (n16757): [8, 36], 0, 609>, <NetNode: N: fir.x3k3_mul.u5^prod~7_FF, P: Block (n15670): I: 1, O: 1, PlInfo: PL Info (n15670): [7, 32], 0, 502>, <NetNode: N: fir.x3k3_mul.u5^prod~7_FF, P: Block (n15673): I: 1, O: 1, PlInfo: PL Info (n15673): [5, 31], 0, 505>, <NetNode: N: fir.x3k3_mul.u5^prod~7_FF, P: Block (n15679): I: 1, O: 1, PlInfo: PL Info (n15679): [7, 31], 0, 506>, <NetNode: N: fir.x3k3_mul.u5^prod~7_FF, P: Block (n16028): I: 1, O: 1, PlInfo: PL Info (n16028): [8, 30], 0, 575>, <NetNode: N: fir.x3k3_mul.u5^prod~7_FF, P: Block (n16274): I: 1, O: 1, PlInfo: PL Info (n16274): [8, 27], 0, 516>, <NetNode: N: fir.x3k3_mul.u5^prod~7_FF, P: Block (n15389): I: 1, O: 1, PlInfo: PL Info (n15389): [8, 24], 0, 649>, <NetNode: N: fir.x3k3_mul.u5^prod~7_FF, P: Block (n5486): I: 1, O: 1, PlInfo: PL Info (n5486): [11, 34], 0, 12>, <NetNode: N: fir.x3k3_mul.u5^prod~7_FF, P: Block (n16602): I: 1, O: 1, PlInfo: PL Info (n16602): [11, 35], 0, 605>, <NetNode: N: fir.x3k3_mul.u5^prod~7_FF, P: Block (n15706): I: 1, O: 1, PlInfo: PL Info (n15706): [5, 34], 0, 509>, <NetNode: N: fir.x3k3_mul.u5^prod~7_FF, P: Block (n15715): I: 1, O: 1, PlInfo: PL Info (n15715): [8, 32], 0, 510>, <NetNode: N: fir.x3k3_mul.u5^prod~7_FF, P: Block (n15958): I: 1, O: 1, PlInfo: PL Info (n15958): [3, 30], 0, 513>, <NetNode: N: fir.x3k3_mul.u5^prod~7_FF, P: Block (n16669): I: 1, O: 1, PlInfo: PL Info (n16669): [7, 25], 0, 607>, <NetNode: N: fir.x3k3_mul.u5^prod~7_FF, P: Block (n16439): I: 1, O: 1, PlInfo: PL Info (n16439): [4, 27], 0, 580>, <NetNode: N: fir.x3k3_mul.u5^prod~7_FF, P: Block (n16443): I: 1, O: 1, PlInfo: PL Info (n16443): [3, 33], 0, 581>, <NetNode: N: fir.x3k3_mul.u5^prod~7_FF, P: Block (n15361): I: 1, O: 1, PlInfo: PL Info (n15361): [12, 24], 0, 565>, <NetNode: N: fir.x3k3_mul.u5^prod~7_FF, P: Block (n16692): I: 1, O: 1, PlInfo: PL Info (n16692): [8, 35], 0, 588>, <NetNode: N: fir.x3k3_mul.u5^prod~7_FF, P: Block (n16698): I: 1, O: 1, PlInfo: PL Info (n16698): [11, 36], 0, 589>, <NetNode: N: fir.x3k3_mul.u5^prod~7_FF, P: Block (n16630): I: 1, O: 1, PlInfo: PL Info (n16630): [9, 36], 0, 583>, <NetNode: N: fir.x3k3_mul.u5^prod~7_FF, P: Block (n15549): I: 1, O: 1, PlInfo: PL Info (n15549): [11, 22], 0, 493>, <NetNode: N: fir.x3k3_mul.u5^prod~7_FF, P: Block (n16650): I: 1, O: 1, PlInfo: PL Info (n16650): [5, 36], 0, 587>, <>]

: Source: <NetNode: N: n13256, P: Block (n13256): I: 1, O: 1, PlInfo: PL Info (n13256): [36, 5], 0, 729>, 
	Sinks: [<NetNode: N: n13256, P: Block (n12527): I: 1, O: 1, PlInfo: PL Info (n12527): [32, 6], 0, 335>, <>]

: Source: <NetNode: N: n14102, P: Block (n14102): I: 1, O: 1, PlInfo: PL Info (n14102): [32, 20], 0, 366>, 
	Sinks: [<NetNode: N: n14102, P: Block (n15058): I: 1, O: 1, PlInfo: PL Info (n15058): [35, 19], 0, 482>, <NetNode: N: n14102, P: Block (n15085): I: 1, O: 1, PlInfo: PL Info (n15085): [35, 23], 0, 378>, <NetNode: N: n14102, P: Block (n14803): I: 1, O: 1, PlInfo: PL Info (n14803): [33, 19], 0, 375>, <NetNode: N: n14102, P: Block (n14810): I: 1, O: 1, PlInfo: PL Info (n14810): [35, 17], 0, 477>, <NetNode: N: n14102, P: Block (n5156): I: 1, O: 1, PlInfo: PL Info (n5156): [35, 26], 0, 10>, <NetNode: N: n14102, P: Block (n14992): I: 1, O: 1, PlInfo: PL Info (n14992): [35, 18], 0, 481>, <NetNode: N: n14102, P: Block (n14343): I: 1, O: 1, PlInfo: PL Info (n14343): [29, 17], 0, 469>, <NetNode: N: n14102, P: Block (n15012): I: 1, O: 1, PlInfo: PL Info (n15012): [36, 18], 0, 564>, <NetNode: N: n14102, P: Block (n14395): I: 1, O: 1, PlInfo: PL Info (n14395): [35, 22], 0, 560>, <NetNode: N: n14102, P: Block (n14581): I: 1, O: 1, PlInfo: PL Info (n14581): [31, 17], 0, 370>, <NetNode: N: n14102, P: Block (n4883): I: 1, O: 1, PlInfo: PL Info (n4883): [29, 22], 0, 108>, <NetNode: N: n14102, P: Block (n14067): I: 1, O: 1, PlInfo: PL Info (n14067): [32, 21], 0, 359>, <NetNode: N: n14102, P: Block (n15143): I: 1, O: 1, PlInfo: PL Info (n15143): [31, 24], 0, 382>, <NetNode: N: n14102, P: Block (n15159): I: 1, O: 1, PlInfo: PL Info (n15159): [35, 20], 0, 383>, <NetNode: N: n14102, P: Block (n5039): I: 1, O: 1, PlInfo: PL Info (n5039): [29, 24], 0, 40>, <NetNode: N: n14102, P: Block (n5052): I: 1, O: 1, PlInfo: PL Info (n5052): [31, 21], 0, 41>, <NetNode: N: n14102, P: Block (n14437): I: 1, O: 1, PlInfo: PL Info (n14437): [36, 24], 0, 472>, <NetNode: N: n14102, P: Block (n14616): I: 1, O: 1, PlInfo: PL Info (n14616): [25, 18], 0, 371>, <NetNode: N: n14102, P: Block (n14622): I: 1, O: 1, PlInfo: PL Info (n14622): [33, 17], 0, 475>, <NetNode: N: n14102, P: Block (n4935): I: 1, O: 1, PlInfo: PL Info (n4935): [31, 26], 0, 38>, <NetNode: N: n14102, P: Block (n14446): I: 1, O: 1, PlInfo: PL Info (n14446): [31, 18], 0, 367>, <NetNode: N: n14102, P: Block (n4974): I: 1, O: 1, PlInfo: PL Info (n4974): [31, 27], 0, 39>, <NetNode: N: n14102, P: Block (n14261): I: 1, O: 1, PlInfo: PL Info (n14261): [36, 19], 0, 594>, <NetNode: N: n14102, P: Block (n14470): I: 1, O: 1, PlInfo: PL Info (n14470): [31, 19], 0, 369>, <>]

: Source: <NetNode: N: fir.add1_add^out~28_FF, P: Block (n9645_1): I: 1, O: 1, PlInfo: PL Info (n9645_1): [32, 28], 0, 801>, 
	Sinks: [<NetNode: N: fir.add1_add^out~28_FF, P: Block (n1477): I: 1, O: 1, PlInfo: PL Info (n1477): [19, 30], 0, 145>, <>]

: Source: <NetNode: N: n14343, P: Block (n14343): I: 1, O: 1, PlInfo: PL Info (n14343): [29, 17], 0, 469>, 
	Sinks: [<NetNode: N: n14343, P: Block (n5013): I: 1, O: 1, PlInfo: PL Info (n5013): [29, 26], 0, 109>, <>]

: Source: <NetNode: N: fir.x1k1_mul.u5^prod1~38_FF, P: Block (n13012): I: 1, O: 1, PlInfo: PL Info (n13012): [28, 9], 0, 541>, 
	Sinks: [<>]

: Source: <NetNode: N: n13253, P: Block (n13253): I: 1, O: 1, PlInfo: PL Info (n13253): [23, 7], 0, 688>, 
	Sinks: [<NetNode: N: n13253, P: Block (n12965): I: 1, O: 1, PlInfo: PL Info (n12965): [33, 6], 0, 346>, <>]

: Source: <NetNode: N: fir.x2k2_mul.u5^prod~9_FF, P: Block (fir.x2k2_mul.u5^prod1~9_FF): I: 1, O: 1, PlInfo: PL Info (fir.x2k2_mul.u5^prod1~9_FF): [23, 21], 0, 916>, 
	Sinks: [<NetNode: N: fir.x2k2_mul.u5^prod~9_FF, P: Block (n15084): I: 1, O: 1, PlInfo: PL Info (n15084): [31, 23], 0, 377>, <NetNode: N: fir.x2k2_mul.u5^prod~9_FF, P: Block (n15092): I: 1, O: 1, PlInfo: PL Info (n15092): [36, 20], 0, 485>, <NetNode: N: fir.x2k2_mul.u5^prod~9_FF, P: Block (n14803): I: 1, O: 1, PlInfo: PL Info (n14803): [33, 19], 0, 375>, <NetNode: N: fir.x2k2_mul.u5^prod~9_FF, P: Block (n14810): I: 1, O: 1, PlInfo: PL Info (n14810): [35, 17], 0, 477>, <NetNode: N: fir.x2k2_mul.u5^prod~9_FF, P: Block (n13938): I: 1, O: 1, PlInfo: PL Info (n13938): [20, 19], 0, 462>, <NetNode: N: fir.x2k2_mul.u5^prod~9_FF, P: Block (n14761): I: 1, O: 1, PlInfo: PL Info (n14761): [36, 17], 0, 374>, <NetNode: N: fir.x2k2_mul.u5^prod~9_FF, P: Block (n14530): I: 1, O: 1, PlInfo: PL Info (n14530): [29, 19], 0, 473>, <NetNode: N: fir.x2k2_mul.u5^prod~9_FF, P: Block (n13896): I: 1, O: 1, PlInfo: PL Info (n13896): [24, 20], 0, 356>, <NetNode: N: fir.x2k2_mul.u5^prod~9_FF, P: Block (n14301): I: 1, O: 1, PlInfo: PL Info (n14301): [20, 25], 0, 846>, <NetNode: N: fir.x2k2_mul.u5^prod~9_FF, P: Block (n14992): I: 1, O: 1, PlInfo: PL Info (n14992): [35, 18], 0, 481>, <NetNode: N: fir.x2k2_mul.u5^prod~9_FF, P: Block (n14352): I: 1, O: 1, PlInfo: PL Info (n14352): [32, 24], 0, 470>, <NetNode: N: fir.x2k2_mul.u5^prod~9_FF, P: Block (n14102): I: 1, O: 1, PlInfo: PL Info (n14102): [32, 20], 0, 366>, <NetNode: N: fir.x2k2_mul.u5^prod~9_FF, P: Block (n14330): I: 1, O: 1, PlInfo: PL Info (n14330): [31, 22], 0, 557>, <NetNode: N: fir.x2k2_mul.u5^prod~9_FF, P: Block (n4855): I: 1, O: 1, PlInfo: PL Info (n4855): [29, 23], 0, 36>, <NetNode: N: fir.x2k2_mul.u5^prod~9_FF, P: Block (n14385): I: 1, O: 1, PlInfo: PL Info (n14385): [28, 18], 0, 559>, <NetNode: N: fir.x2k2_mul.u5^prod~9_FF, P: Block (n14079): I: 1, O: 1, PlInfo: PL Info (n14079): [33, 23], 0, 464>, <NetNode: N: fir.x2k2_mul.u5^prod~9_FF, P: Block (n15134): I: 1, O: 1, PlInfo: PL Info (n15134): [33, 20], 0, 380>, <NetNode: N: fir.x2k2_mul.u5^prod~9_FF, P: Block (n15143): I: 1, O: 1, PlInfo: PL Info (n15143): [31, 24], 0, 382>, <NetNode: N: fir.x2k2_mul.u5^prod~9_FF, P: Block (n5000): I: 1, O: 1, PlInfo: PL Info (n5000): [32, 25], 0, 9>, <NetNode: N: fir.x2k2_mul.u5^prod~9_FF, P: Block (n14902): I: 1, O: 1, PlInfo: PL Info (n14902): [21, 25], 0, 849>, <NetNode: N: fir.x2k2_mul.u5^prod~9_FF, P: Block (n14907): I: 1, O: 1, PlInfo: PL Info (n14907): [20, 24], 0, 843>, <NetNode: N: fir.x2k2_mul.u5^prod~9_FF, P: Block (n14883): I: 1, O: 1, PlInfo: PL Info (n14883): [20, 23], 0, 871>, <NetNode: N: fir.x2k2_mul.u5^prod~9_FF, P: Block (n14886): I: 1, O: 1, PlInfo: PL Info (n14886): [21, 22], 0, 791>, <NetNode: N: fir.x2k2_mul.u5^prod~9_FF, P: Block (n14407): I: 1, O: 1, PlInfo: PL Info (n14407): [36, 22], 0, 471>, <NetNode: N: fir.x2k2_mul.u5^prod~9_FF, P: Block (n14840): I: 1, O: 1, PlInfo: PL Info (n14840): [32, 18], 0, 376>, <NetNode: N: fir.x2k2_mul.u5^prod~9_FF, P: Block (n14616): I: 1, O: 1, PlInfo: PL Info (n14616): [25, 18], 0, 371>, <NetNode: N: fir.x2k2_mul.u5^prod~9_FF, P: Block (n14621): I: 1, O: 1, PlInfo: PL Info (n14621): [32, 17], 0, 474>, <NetNode: N: fir.x2k2_mul.u5^prod~9_FF, P: Block (n14622): I: 1, O: 1, PlInfo: PL Info (n14622): [33, 17], 0, 475>, <NetNode: N: fir.x2k2_mul.u5^prod~9_FF, P: Block (n14631): I: 1, O: 1, PlInfo: PL Info (n14631): [32, 23], 0, 372>, <NetNode: N: fir.x2k2_mul.u5^prod~9_FF, P: Block (n14632): I: 1, O: 1, PlInfo: PL Info (n14632): [27, 20], 0, 373>, <NetNode: N: fir.x2k2_mul.u5^prod~9_FF, P: Block (n15112): I: 1, O: 1, PlInfo: PL Info (n15112): [29, 18], 0, 486>, <NetNode: N: fir.x2k2_mul.u5^prod~9_FF, P: Block (n14690): I: 1, O: 1, PlInfo: PL Info (n14690): [27, 23], 0, 561>, <NetNode: N: fir.x2k2_mul.u5^prod~9_FF, P: Block (n14454): I: 1, O: 1, PlInfo: PL Info (n14454): [28, 19], 0, 368>, <NetNode: N: fir.x2k2_mul.u5^prod~9_FF, P: Block (n4974): I: 1, O: 1, PlInfo: PL Info (n4974): [31, 27], 0, 39>, <NetNode: N: fir.x2k2_mul.u5^prod~9_FF, P: Block (n14261): I: 1, O: 1, PlInfo: PL Info (n14261): [36, 19], 0, 594>, <NetNode: N: fir.x2k2_mul.u5^prod~9_FF, P: Block (n14470): I: 1, O: 1, PlInfo: PL Info (n14470): [31, 19], 0, 369>, <>]

: Source: <NetNode: N: fir.x3k3_mul.u5^prod1~3_FF, P: Block (n16322): I: 1, O: 1, PlInfo: PL Info (n16322): [9, 26], 0, 519>, 
	Sinks: [<NetNode: N: fir.x3k3_mul.u5^prod1~3_FF, P: Block (n15407): I: 1, O: 1, PlInfo: PL Info (n15407): [12, 25], 0, 489>, <>]

: Source: <NetNode: N: n9058, P: Block (n9058): I: 1, O: 1, PlInfo: PL Info (n9058): [1, 8], 0, 742>, 
	Sinks: [<NetNode: N: n9058, P: Block (n8192_1): I: 1, O: 1, PlInfo: PL Info (n8192_1): [12, 8], 0, 533>, <>]

: Source: <NetNode: N: n16323, P: Block (n16323): I: 1, O: 1, PlInfo: PL Info (n16323): [8, 34], 0, 520>, 
	Sinks: [<NetNode: N: n16323, P: Block (n16274): I: 1, O: 1, PlInfo: PL Info (n16274): [8, 27], 0, 516>, <>]

: Source: <NetNode: N: n13251, P: Block (n13251): I: 1, O: 1, PlInfo: PL Info (n13251): [36, 9], 0, 776>, 
	Sinks: [<NetNode: N: n13251, P: Block (n4570): I: 1, O: 1, PlInfo: PL Info (n4570): [33, 9], 0, 119>, <>]

: Source: <NetNode: N: fir.x3k3_mul.u5^prod~41_FF, P: Block (n15477): I: 1, O: 1, PlInfo: PL Info (n15477): [12, 27], 0, 491>, 
	Sinks: [<NetNode: N: fir.x3k3_mul.u5^prod~41_FF, P: Block (n16157): I: 1, O: 1, PlInfo: PL Info (n16157): [3, 28], 0, 628>, <NetNode: N: fir.x3k3_mul.u5^prod~41_FF, P: Block (n16164): I: 1, O: 1, PlInfo: PL Info (n16164): [8, 22], 0, 746>, <NetNode: N: fir.x3k3_mul.u5^prod~41_FF, P: Block (n16173): I: 1, O: 1, PlInfo: PL Info (n16173): [8, 21], 0, 772>, <NetNode: N: fir.x3k3_mul.u5^prod~41_FF, P: Block (n16106): I: 1, O: 1, PlInfo: PL Info (n16106): [1, 22], 0, 866>, <NetNode: N: fir.x3k3_mul.u5^prod~41_FF, P: Block (n16384): I: 1, O: 1, PlInfo: PL Info (n16384): [5, 29], 0, 578>, <NetNode: N: fir.x3k3_mul.u5^prod~41_FF, P: Block (n16197): I: 1, O: 1, PlInfo: PL Info (n16197): [5, 22], 0, 872>, <NetNode: N: fir.x3k3_mul.u5^prod~41_FF, P: Block (n15863): I: 1, O: 1, PlInfo: PL Info (n15863): [1, 25], 0, 754>, <NetNode: N: fir.x3k3_mul.u5^prod~41_FF, P: Block (n15864): I: 1, O: 1, PlInfo: PL Info (n15864): [3, 24], 0, 828>, <NetNode: N: fir.x3k3_mul.u5^prod~41_FF, P: Block (n15635): I: 1, O: 1, PlInfo: PL Info (n15635): [8, 26], 0, 788>, <NetNode: N: fir.x3k3_mul.u5^prod~41_FF, P: Block (n16730): I: 1, O: 1, PlInfo: PL Info (n16730): [4, 33], 0, 590>, <NetNode: N: fir.x3k3_mul.u5^prod~41_FF, P: Block (n15405): I: 1, O: 1, PlInfo: PL Info (n15405): [11, 28], 0, 567>, <NetNode: N: fir.x3k3_mul.u5^prod~41_FF, P: Block (n16302): I: 1, O: 1, PlInfo: PL Info (n16302): [1, 27], 0, 710>, <NetNode: N: fir.x3k3_mul.u5^prod~41_FF, P: Block (n16789): I: 1, O: 1, PlInfo: PL Info (n16789): [7, 27], 0, 610>, <NetNode: N: fir.x3k3_mul.u5^prod~41_FF, P: Block (n16566): I: 1, O: 1, PlInfo: PL Info (n16566): [9, 28], 0, 599>, <NetNode: N: fir.x3k3_mul.u5^prod~41_FF, P: Block (n15487): I: 1, O: 1, PlInfo: PL Info (n15487): [13, 23], 0, 492>, <NetNode: N: fir.x3k3_mul.u5^prod~41_FF, P: Block (n16584): I: 1, O: 1, PlInfo: PL Info (n16584): [13, 34], 0, 603>, <NetNode: N: fir.x3k3_mul.u5^prod~41_FF, P: Block (n16100): I: 1, O: 1, PlInfo: PL Info (n16100): [4, 21], 0, 835>, <NetNode: N: fir.x3k3_mul.u5^prod~41_FF, P: Block (n15651): I: 1, O: 1, PlInfo: PL Info (n15651): [7, 33], 0, 499>, <NetNode: N: fir.x3k3_mul.u5^prod~41_FF, P: Block (n15411): I: 1, O: 1, PlInfo: PL Info (n15411): [12, 22], 0, 526>, <NetNode: N: fir.x3k3_mul.u5^prod~41_FF, P: Block (n16514): I: 1, O: 1, PlInfo: PL Info (n16514): [1, 28], 0, 714>, <NetNode: N: fir.x3k3_mul.u5^prod~41_FF, P: Block (n16771): I: 1, O: 1, PlInfo: PL Info (n16771): [5, 23], 0, 718>, <NetNode: N: fir.x3k3_mul.u5^prod~41_FF, P: Block (n15443): I: 1, O: 1, PlInfo: PL Info (n15443): [12, 26], 0, 568>, <NetNode: N: fir.x3k3_mul.u5^prod~41_FF, P: Block (n16288): I: 1, O: 1, PlInfo: PL Info (n16288): [1, 23], 0, 862>, <NetNode: N: fir.x3k3_mul.u5^prod~41_FF, P: Block (n16229): I: 1, O: 1, PlInfo: PL Info (n16229): [7, 22], 0, 830>, <NetNode: N: fir.x3k3_mul.u5^prod~41_FF, P: Block (n16498): I: 1, O: 1, PlInfo: PL Info (n16498): [13, 31], 0, 598>, <NetNode: N: fir.x3k3_mul.u5^prod~41_FF, P: Block (n15972): I: 1, O: 1, PlInfo: PL Info (n15972): [4, 20], 0, 807>, <NetNode: N: fir.x3k3_mul.u5^prod~41_FF, P: Block (n16822): I: 1, O: 1, PlInfo: PL Info (n16822): [1, 29], 0, 884>, <NetNode: N: fir.x3k3_mul.u5^prod~41_FF, P: Block (n15931): I: 1, O: 1, PlInfo: PL Info (n15931): [5, 21], 0, 751>, <NetNode: N: fir.x3k3_mul.u5^prod~41_FF, P: Block (n15715): I: 1, O: 1, PlInfo: PL Info (n15715): [8, 32], 0, 510>, <NetNode: N: fir.x3k3_mul.u5^prod~41_FF, P: Block (n16819): I: 1, O: 1, PlInfo: PL Info (n16819): [1, 26], 0, 715>, <NetNode: N: fir.x3k3_mul.u5^prod~41_FF, P: Block (n15350): I: 1, O: 1, PlInfo: PL Info (n15350): [9, 25], 0, 691>, <NetNode: N: fir.x3k3_mul.u5^prod~41_FF, P: Block (n16205): I: 1, O: 1, PlInfo: PL Info (n16205): [3, 20], 0, 850>, <NetNode: N: fir.x3k3_mul.u5^prod~41_FF, P: Block (n16213): I: 1, O: 1, PlInfo: PL Info (n16213): [7, 23], 0, 779>, <NetNode: N: fir.x3k3_mul.u5^prod~41_FF, P: Block (n15787): I: 1, O: 1, PlInfo: PL Info (n15787): [3, 35], 0, 711>, <NetNode: N: fir.x3k3_mul.u5^prod~41_FF, P: Block (n15548): I: 1, O: 1, PlInfo: PL Info (n15548): [13, 27], 0, 615>, <NetNode: N: fir.x3k3_mul.u5^prod~41_FF, P: Block (n16403): I: 1, O: 1, PlInfo: PL Info (n16403): [1, 21], 0, 858>, <NetNode: N: fir.x3k3_mul.u5^prod~41_FF, P: Block (n15566): I: 1, O: 1, PlInfo: PL Info (n15566): [13, 26], 0, 496>, <>]

: Source: <NetNode: N: n16566, P: Block (n16566): I: 1, O: 1, PlInfo: PL Info (n16566): [9, 28], 0, 599>, 
	Sinks: [<NetNode: N: n16566, P: Block (n5564): I: 1, O: 1, PlInfo: PL Info (n5564): [12, 31], 0, 16>, <>]

: Source: <NetNode: N: n16567, P: Block (n16567): I: 1, O: 1, PlInfo: PL Info (n16567): [12, 36], 0, 582>, 
	Sinks: [<NetNode: N: n16567, P: Block (n5564): I: 1, O: 1, PlInfo: PL Info (n5564): [12, 31], 0, 16>, <>]

: Source: <NetNode: N: fir.x3k3_mul.u5^prod~5_FF, P: Block (fir.x3k3_mul.u5^prod1~5_FF): I: 1, O: 1, PlInfo: PL Info (fir.x3k3_mul.u5^prod1~5_FF): [15, 22], 0, 902>, 
	Sinks: [<NetNode: N: fir.x3k3_mul.u5^prod~5_FF, P: Block (n16150): I: 1, O: 1, PlInfo: PL Info (n16150): [3, 29], 0, 515>, <NetNode: N: fir.x3k3_mul.u5^prod~5_FF, P: Block (n16392): I: 1, O: 1, PlInfo: PL Info (n16392): [4, 28], 0, 522>, <NetNode: N: fir.x3k3_mul.u5^prod~5_FF, P: Block (n16157): I: 1, O: 1, PlInfo: PL Info (n16157): [3, 28], 0, 628>, <NetNode: N: fir.x3k3_mul.u5^prod~5_FF, P: Block (n16133): I: 1, O: 1, PlInfo: PL Info (n16133): [3, 31], 0, 514>, <NetNode: N: fir.x3k3_mul.u5^prod~5_FF, P: Block (n5564): I: 1, O: 1, PlInfo: PL Info (n5564): [12, 31], 0, 16>, <NetNode: N: fir.x3k3_mul.u5^prod~5_FF, P: Block (n16143): I: 1, O: 1, PlInfo: PL Info (n16143): [4, 30], 0, 577>, <NetNode: N: fir.x3k3_mul.u5^prod~5_FF, P: Block (n15921): I: 1, O: 1, PlInfo: PL Info (n15921): [4, 36], 0, 511>, <NetNode: N: fir.x3k3_mul.u5^prod~5_FF, P: Block (n15924): I: 1, O: 1, PlInfo: PL Info (n15924): [4, 34], 0, 512>, <NetNode: N: fir.x3k3_mul.u5^prod~5_FF, P: Block (n15929): I: 1, O: 1, PlInfo: PL Info (n15929): [5, 33], 0, 574>, <NetNode: N: fir.x3k3_mul.u5^prod~5_FF, P: Block (n15852): I: 1, O: 1, PlInfo: PL Info (n15852): [7, 34], 0, 571>, <NetNode: N: fir.x3k3_mul.u5^prod~5_FF, P: Block (n15645): I: 1, O: 1, PlInfo: PL Info (n15645): [11, 32], 0, 497>, <NetNode: N: fir.x3k3_mul.u5^prod~5_FF, P: Block (n15405): I: 1, O: 1, PlInfo: PL Info (n15405): [11, 28], 0, 567>, <NetNode: N: fir.x3k3_mul.u5^prod~5_FF, P: Block (n15407): I: 1, O: 1, PlInfo: PL Info (n15407): [12, 25], 0, 489>, <NetNode: N: fir.x3k3_mul.u5^prod~5_FF, P: Block (n15839): I: 1, O: 1, PlInfo: PL Info (n15839): [7, 35], 0, 596>, <NetNode: N: fir.x3k3_mul.u5^prod~5_FF, P: Block (n16789): I: 1, O: 1, PlInfo: PL Info (n16789): [7, 27], 0, 610>, <NetNode: N: fir.x3k3_mul.u5^prod~5_FF, P: Block (n15471): I: 1, O: 1, PlInfo: PL Info (n15471): [11, 21], 0, 490>, <NetNode: N: fir.x3k3_mul.u5^prod~5_FF, P: Block (n16567): I: 1, O: 1, PlInfo: PL Info (n16567): [12, 36], 0, 582>, <NetNode: N: fir.x3k3_mul.u5^prod~5_FF, P: Block (n16584): I: 1, O: 1, PlInfo: PL Info (n16584): [13, 34], 0, 603>, <NetNode: N: fir.x3k3_mul.u5^prod~5_FF, P: Block (n15411): I: 1, O: 1, PlInfo: PL Info (n15411): [12, 22], 0, 526>, <NetNode: N: fir.x3k3_mul.u5^prod~5_FF, P: Block (n15665): I: 1, O: 1, PlInfo: PL Info (n15665): [7, 28], 0, 569>, <NetNode: N: fir.x3k3_mul.u5^prod~5_FF, P: Block (n15670): I: 1, O: 1, PlInfo: PL Info (n15670): [7, 32], 0, 502>, <NetNode: N: fir.x3k3_mul.u5^prod~5_FF, P: Block (n15671): I: 1, O: 1, PlInfo: PL Info (n15671): [7, 29], 0, 503>, <NetNode: N: fir.x3k3_mul.u5^prod~5_FF, P: Block (n15688): I: 1, O: 1, PlInfo: PL Info (n15688): [5, 30], 0, 508>, <NetNode: N: fir.x3k3_mul.u5^prod~5_FF, P: Block (n16028): I: 1, O: 1, PlInfo: PL Info (n16028): [8, 30], 0, 575>, <NetNode: N: fir.x3k3_mul.u5^prod~5_FF, P: Block (n16272): I: 1, O: 1, PlInfo: PL Info (n16272): [15, 24], 0, 887>, <NetNode: N: fir.x3k3_mul.u5^prod~5_FF, P: Block (n16274): I: 1, O: 1, PlInfo: PL Info (n16274): [8, 27], 0, 516>, <NetNode: N: fir.x3k3_mul.u5^prod~5_FF, P: Block (n5655): I: 1, O: 1, PlInfo: PL Info (n5655): [9, 30], 0, 20>, <NetNode: N: fir.x3k3_mul.u5^prod~5_FF, P: Block (n15390): I: 1, O: 1, PlInfo: PL Info (n15390): [8, 25], 0, 627>, <NetNode: N: fir.x3k3_mul.u5^prod~5_FF, P: Block (n5681): I: 1, O: 1, PlInfo: PL Info (n5681): [11, 30], 0, 22>, <NetNode: N: fir.x3k3_mul.u5^prod~5_FF, P: Block (n16088): I: 1, O: 1, PlInfo: PL Info (n16088): [9, 33], 0, 576>, <NetNode: N: fir.x3k3_mul.u5^prod~5_FF, P: Block (n16602): I: 1, O: 1, PlInfo: PL Info (n16602): [11, 35], 0, 605>, <NetNode: N: fir.x3k3_mul.u5^prod~5_FF, P: Block (n15958): I: 1, O: 1, PlInfo: PL Info (n15958): [3, 30], 0, 513>, <NetNode: N: fir.x3k3_mul.u5^prod~5_FF, P: Block (n16429): I: 1, O: 1, PlInfo: PL Info (n16429): [4, 31], 0, 523>, <NetNode: N: fir.x3k3_mul.u5^prod~5_FF, P: Block (n15361): I: 1, O: 1, PlInfo: PL Info (n15361): [12, 24], 0, 565>, <NetNode: N: fir.x3k3_mul.u5^prod~5_FF, P: Block (n16692): I: 1, O: 1, PlInfo: PL Info (n16692): [8, 35], 0, 588>, <NetNode: N: fir.x3k3_mul.u5^prod~5_FF, P: Block (n16630): I: 1, O: 1, PlInfo: PL Info (n16630): [9, 36], 0, 583>, <NetNode: N: fir.x3k3_mul.u5^prod~5_FF, P: Block (n16650): I: 1, O: 1, PlInfo: PL Info (n16650): [5, 36], 0, 587>, <>]

: Source: <NetNode: N: fir.x0k0_mul^out_o1~26_FF, P: Block (n3993): I: 1, O: 1, PlInfo: PL Info (n3993): [5, 9], 0, 114>, 
	Sinks: [<NetNode: N: fir.x0k0_mul^out_o1~26_FF, P: Block (n3157): I: 1, O: 1, PlInfo: PL Info (n3157): [20, 8], 0, 251>, <>]

: Source: <NetNode: N: fir.out_temp_add.u1^fractb_out~12_FF, P: Block (n1572): I: 1, O: 1, PlInfo: PL Info (n1572): [20, 34], 0, 149>, 
	Sinks: [<NetNode: N: fir.out_temp_add.u1^fractb_out~12_FF, P: Block (n1302): I: 1, O: 1, PlInfo: PL Info (n1302): [23, 34], 0, 270>, <NetNode: N: fir.out_temp_add.u1^fractb_out~12_FF, P: Block (n1432): I: 1, O: 1, PlInfo: PL Info (n1432): [20, 35], 0, 137>, <NetNode: N: fir.out_temp_add.u1^fractb_out~12_FF, P: Block (n1462): I: 1, O: 1, PlInfo: PL Info (n1462): [20, 36], 0, 142>, <>]

: Source: <NetNode: N: fir.add1_add.u1^fracta_out~13_FF, P: Block (n2429): I: 1, O: 1, PlInfo: PL Info (n2429): [25, 30], 0, 160>, 
	Sinks: [<NetNode: N: fir.add1_add.u1^fracta_out~13_FF, P: Block (n2454): I: 1, O: 1, PlInfo: PL Info (n2454): [28, 30], 0, 165>, <NetNode: N: fir.add1_add.u1^fracta_out~13_FF, P: Block (n2304): I: 1, O: 1, PlInfo: PL Info (n2304): [32, 32], 0, 261>, <NetNode: N: fir.add1_add.u1^fracta_out~13_FF, P: Block (n2559): I: 1, O: 1, PlInfo: PL Info (n2559): [29, 30], 0, 171>, <>]

: Source: <NetNode: N: fir.add1_add.u1^fracta_out~12_FF, P: Block (n2424): I: 1, O: 1, PlInfo: PL Info (n2424): [27, 29], 0, 159>, 
	Sinks: [<NetNode: N: fir.add1_add.u1^fracta_out~12_FF, P: Block (n2454): I: 1, O: 1, PlInfo: PL Info (n2454): [28, 30], 0, 165>, <NetNode: N: fir.add1_add.u1^fracta_out~12_FF, P: Block (n2594): I: 1, O: 1, PlInfo: PL Info (n2594): [31, 31], 0, 173>, <NetNode: N: fir.add1_add.u1^fracta_out~12_FF, P: Block (n2559): I: 1, O: 1, PlInfo: PL Info (n2559): [29, 30], 0, 171>, <>]

: Source: <NetNode: N: fir.x1k1_mul.u5^prod~16_FF, P: Block (n13487): I: 1, O: 1, PlInfo: PL Info (n13487): [32, 11], 0, 717>, 
	Sinks: [<NetNode: N: fir.x1k1_mul.u5^prod~16_FF, P: Block (n4410): I: 1, O: 1, PlInfo: PL Info (n4410): [25, 4], 0, 85>, <NetNode: N: fir.x1k1_mul.u5^prod~16_FF, P: Block (n13089): I: 1, O: 1, PlInfo: PL Info (n13089): [28, 1], 0, 445>, <NetNode: N: fir.x1k1_mul.u5^prod~16_FF, P: Block (n12334): I: 1, O: 1, PlInfo: PL Info (n12334): [29, 13], 0, 538>, <NetNode: N: fir.x1k1_mul.u5^prod~16_FF, P: Block (n12318): I: 1, O: 1, PlInfo: PL Info (n12318): [28, 10], 0, 330>, <NetNode: N: fir.x1k1_mul.u5^prod~16_FF, P: Block (n12314): I: 1, O: 1, PlInfo: PL Info (n12314): [27, 12], 0, 428>, <NetNode: N: fir.x1k1_mul.u5^prod~16_FF, P: Block (n12790): I: 1, O: 1, PlInfo: PL Info (n12790): [27, 1], 0, 440>, <NetNode: N: fir.x1k1_mul.u5^prod~16_FF, P: Block (n13636): I: 1, O: 1, PlInfo: PL Info (n13636): [32, 1], 0, 453>, <NetNode: N: fir.x1k1_mul.u5^prod~16_FF, P: Block (n12302): I: 1, O: 1, PlInfo: PL Info (n12302): [25, 10], 0, 329>, <NetNode: N: fir.x1k1_mul.u5^prod~16_FF, P: Block (n12786): I: 1, O: 1, PlInfo: PL Info (n12786): [27, 2], 0, 438>, <NetNode: N: fir.x1k1_mul.u5^prod~16_FF, P: Block (n13633): I: 1, O: 1, PlInfo: PL Info (n13633): [25, 6], 0, 452>, <NetNode: N: fir.x1k1_mul.u5^prod~16_FF, P: Block (n13447): I: 1, O: 1, PlInfo: PL Info (n13447): [24, 4], 0, 546>, <NetNode: N: fir.x1k1_mul.u5^prod~16_FF, P: Block (n13205): I: 1, O: 1, PlInfo: PL Info (n13205): [31, 15], 0, 832>, <NetNode: N: fir.x1k1_mul.u5^prod~16_FF, P: Block (n13073): I: 1, O: 1, PlInfo: PL Info (n13073): [32, 7], 0, 350>, <NetNode: N: fir.x1k1_mul.u5^prod~16_FF, P: Block (n13072): I: 1, O: 1, PlInfo: PL Info (n13072): [35, 6], 0, 349>, <NetNode: N: fir.x1k1_mul.u5^prod~16_FF, P: Block (n4610): I: 1, O: 1, PlInfo: PL Info (n4610): [29, 9], 0, 227>, <NetNode: N: fir.x1k1_mul.u5^prod~16_FF, P: Block (n4358): I: 1, O: 1, PlInfo: PL Info (n4358): [31, 3], 0, 84>, <NetNode: N: fir.x1k1_mul.u5^prod~16_FF, P: Block (n12538): I: 1, O: 1, PlInfo: PL Info (n12538): [29, 4], 0, 341>, <NetNode: N: fir.x1k1_mul.u5^prod~16_FF, P: Block (n12537): I: 1, O: 1, PlInfo: PL Info (n12537): [31, 8], 0, 340>, <NetNode: N: fir.x1k1_mul.u5^prod~16_FF, P: Block (n13625): I: 1, O: 1, PlInfo: PL Info (n13625): [32, 3], 0, 451>, <NetNode: N: fir.x1k1_mul.u5^prod~16_FF, P: Block (n12519): I: 1, O: 1, PlInfo: PL Info (n12519): [29, 7], 0, 332>, <NetNode: N: fir.x1k1_mul.u5^prod~16_FF, P: Block (n13606): I: 1, O: 1, PlInfo: PL Info (n13606): [35, 5], 0, 553>, <NetNode: N: fir.x1k1_mul.u5^prod~16_FF, P: Block (n12741): I: 1, O: 1, PlInfo: PL Info (n12741): [32, 14], 0, 780>, <NetNode: N: fir.x1k1_mul.u5^prod~16_FF, P: Block (n12673): I: 1, O: 1, PlInfo: PL Info (n12673): [25, 1], 0, 434>, <NetNode: N: fir.x1k1_mul.u5^prod~16_FF, P: Block (n12430): I: 1, O: 1, PlInfo: PL Info (n12430): [28, 15], 0, 739>, <NetNode: N: fir.x1k1_mul.u5^prod~16_FF, P: Block (n13591): I: 1, O: 1, PlInfo: PL Info (n13591): [25, 3], 0, 552>, <NetNode: N: fir.x1k1_mul.u5^prod~16_FF, P: Block (n13579): I: 1, O: 1, PlInfo: PL Info (n13579): [32, 2], 0, 551>, <NetNode: N: fir.x1k1_mul.u5^prod~16_FF, P: Block (n13329): I: 1, O: 1, PlInfo: PL Info (n13329): [28, 6], 0, 449>, <NetNode: N: fir.x1k1_mul.u5^prod~16_FF, P: Block (n13328): I: 1, O: 1, PlInfo: PL Info (n13328): [35, 7], 0, 448>, <NetNode: N: fir.x1k1_mul.u5^prod~16_FF, P: Block (n13323): I: 1, O: 1, PlInfo: PL Info (n13323): [24, 2], 0, 447>, <NetNode: N: fir.x1k1_mul.u5^prod~16_FF, P: Block (n13321): I: 1, O: 1, PlInfo: PL Info (n13321): [35, 2], 0, 446>, <NetNode: N: fir.x1k1_mul.u5^prod~16_FF, P: Block (n12297): I: 1, O: 1, PlInfo: PL Info (n12297): [27, 13], 0, 328>, <NetNode: N: fir.x1k1_mul.u5^prod~16_FF, P: Block (n12286): I: 1, O: 1, PlInfo: PL Info (n12286): [27, 10], 0, 326>, <NetNode: N: fir.x1k1_mul.u5^prod~16_FF, P: Block (n12280): I: 1, O: 1, PlInfo: PL Info (n12280): [27, 11], 0, 425>, <NetNode: N: fir.x1k1_mul.u5^prod~16_FF, P: Block (n12279): I: 1, O: 1, PlInfo: PL Info (n12279): [24, 12], 0, 424>, <NetNode: N: fir.x1k1_mul.u5^prod~16_FF, P: Block (n13168): I: 1, O: 1, PlInfo: PL Info (n13168): [35, 14], 0, 784>, <>]

: Source: <NetNode: N: n8123_1, P: Block (n8123_1): I: 1, O: 1, PlInfo: PL Info (n8123_1): [9, 15], 0, 768>, 
	Sinks: [<NetNode: N: n8123_1, P: Block (n8622): I: 1, O: 1, PlInfo: PL Info (n8622): [8, 17], 0, 770>, <NetNode: N: n8123_1, P: Block (n8855): I: 1, O: 1, PlInfo: PL Info (n8855): [3, 8], 0, 702>, <NetNode: N: n8123_1, P: Block (n8887): I: 1, O: 1, PlInfo: PL Info (n8887): [12, 12], 0, 882>, <NetNode: N: n8123_1, P: Block (n8981_1): I: 1, O: 1, PlInfo: PL Info (n8981_1): [12, 9], 0, 741>, <NetNode: N: n8123_1, P: Block (n8638): I: 1, O: 1, PlInfo: PL Info (n8638): [11, 16], 0, 815>, <NetNode: N: n8123_1, P: Block (n8436): I: 1, O: 1, PlInfo: PL Info (n8436): [11, 15], 0, 793>, <NetNode: N: n8123_1, P: Block (n8107): I: 1, O: 1, PlInfo: PL Info (n8107): [9, 16], 0, 774>, <NetNode: N: n8123_1, P: Block (n9058): I: 1, O: 1, PlInfo: PL Info (n9058): [1, 8], 0, 742>, <NetNode: N: n8123_1, P: Block (n8365_1): I: 1, O: 1, PlInfo: PL Info (n8365_1): [11, 13], 0, 860>, <NetNode: N: n8123_1, P: Block (n8396_1): I: 1, O: 1, PlInfo: PL Info (n8396_1): [8, 10], 0, 407>, <NetNode: N: n8123_1, P: Block (n9067): I: 1, O: 1, PlInfo: PL Info (n9067): [12, 11], 0, 708>, <NetNode: N: n8123_1, P: Block (n8154_1): I: 1, O: 1, PlInfo: PL Info (n8154_1): [9, 14], 0, 769>, <NetNode: N: n8123_1, P: Block (n7827): I: 1, O: 1, PlInfo: PL Info (n7827): [3, 12], 0, 529>, <NetNode: N: n8123_1, P: Block (n8731): I: 1, O: 1, PlInfo: PL Info (n8731): [11, 14], 0, 771>, <NetNode: N: n8123_1, P: Block (n8994): I: 1, O: 1, PlInfo: PL Info (n8994): [12, 17], 0, 875>, <NetNode: N: n8123_1, P: Block (n8192_1): I: 1, O: 1, PlInfo: PL Info (n8192_1): [12, 8], 0, 533>, <NetNode: N: n8123_1, P: Block (n8794): I: 1, O: 1, PlInfo: PL Info (n8794): [1, 17], 0, 820>, <NetNode: N: n8123_1, P: Block (n8692): I: 1, O: 1, PlInfo: PL Info (n8692): [4, 8], 0, 411>, <NetNode: N: n8123_1, P: Block (n8360_1): I: 1, O: 1, PlInfo: PL Info (n8360_1): [11, 17], 0, 826>, <NetNode: N: n8123_1, P: Block (n8479): I: 1, O: 1, PlInfo: PL Info (n8479): [12, 16], 0, 794>, <NetNode: N: n8123_1, P: Block (n8265): I: 1, O: 1, PlInfo: PL Info (n8265): [9, 11], 0, 744>, <NetNode: N: n8123_1, P: Block (n8636_1): I: 1, O: 1, PlInfo: PL Info (n8636_1): [11, 12], 0, 814>, <NetNode: N: n8123_1, P: Block (n8484_1): I: 1, O: 1, PlInfo: PL Info (n8484_1): [1, 12], 0, 789>, <>]

: Source: <NetNode: N: n16330, P: Block (n16330): I: 1, O: 1, PlInfo: PL Info (n16330): [9, 24], 0, 521>, 
	Sinks: [<NetNode: N: n16330, P: Block (n16274): I: 1, O: 1, PlInfo: PL Info (n16274): [8, 27], 0, 516>, <>]

: Source: <NetNode: N: n14330, P: Block (n14330): I: 1, O: 1, PlInfo: PL Info (n14330): [31, 22], 0, 557>, 
	Sinks: [<NetNode: N: n14330, P: Block (n14067): I: 1, O: 1, PlInfo: PL Info (n14067): [32, 21], 0, 359>, <>]

: Source: <NetNode: N: fir.x3k3_mul.u5^prod1~30_FF, P: Block (n15487): I: 1, O: 1, PlInfo: PL Info (n15487): [13, 23], 0, 492>, 
	Sinks: [<NetNode: N: fir.x3k3_mul.u5^prod1~30_FF, P: Block (n15371): I: 1, O: 1, PlInfo: PL Info (n15371): [13, 25], 0, 566>, <>]

: Source: <NetNode: N: n16576, P: Block (n16576): I: 1, O: 1, PlInfo: PL Info (n16576): [11, 33], 0, 600>, 
	Sinks: [<NetNode: N: n16576, P: Block (n5499): I: 1, O: 1, PlInfo: PL Info (n5499): [12, 34], 0, 43>, <>]

: Source: <NetNode: N: n15003, P: Block (n15003): I: 1, O: 1, PlInfo: PL Info (n15003): [24, 23], 0, 662>, 
	Sinks: [<>]

: Source: <NetNode: N: n16577, P: Block (n16577): I: 1, O: 1, PlInfo: PL Info (n16577): [5, 27], 0, 601>, 
	Sinks: [<NetNode: N: n16577, P: Block (n5499): I: 1, O: 1, PlInfo: PL Info (n5499): [12, 34], 0, 43>, <>]

: Source: <NetNode: N: n16579, P: Block (n16579): I: 1, O: 1, PlInfo: PL Info (n16579): [9, 34], 0, 602>, 
	Sinks: [<NetNode: N: n16579, P: Block (n5499): I: 1, O: 1, PlInfo: PL Info (n5499): [12, 34], 0, 43>, <>]

: Source: <NetNode: N: n9281, P: Block (n9281): I: 1, O: 1, PlInfo: PL Info (n9281): [19, 3], 0, 617>, 
	Sinks: [<NetNode: N: n9281, P: Block (n2801): I: 1, O: 1, PlInfo: PL Info (n2801): [20, 2], 0, 203>, <NetNode: N: n9281, P: Block (n2866): I: 1, O: 1, PlInfo: PL Info (n2866): [21, 5], 0, 204>, <NetNode: N: n9281, P: Block (n9270): I: 1, O: 1, PlInfo: PL Info (n9270): [19, 5], 0, 616>, <NetNode: N: n9281, P: Block (n2658): I: 1, O: 1, PlInfo: PL Info (n2658): [16, 3], 0, 195>, <NetNode: N: n9281, P: Block (n9397_1): I: 1, O: 1, PlInfo: PL Info (n9397_1): [19, 2], 0, 619>, <NetNode: N: n9281, P: Block (n2723): I: 1, O: 1, PlInfo: PL Info (n2723): [20, 6], 0, 231>, <NetNode: N: n9281, P: Block (n2710): I: 1, O: 1, PlInfo: PL Info (n2710): [16, 2], 0, 198>, <NetNode: N: n9281, P: Block (n2762): I: 1, O: 1, PlInfo: PL Info (n2762): [17, 5], 0, 201>, <>]

: Source: <NetNode: N: fir.x0k0_mul^out_o1~25_FF, P: Block (n3980): I: 1, O: 1, PlInfo: PL Info (n3980): [5, 12], 0, 180>, 
	Sinks: [<>]

: Source: <NetNode: N: fir.out_temp_add.u1^fractb_out~10_FF, P: Block (n1562): I: 1, O: 1, PlInfo: PL Info (n1562): [21, 36], 0, 148>, 
	Sinks: [<NetNode: N: fir.out_temp_add.u1^fractb_out~10_FF, P: Block (n1432): I: 1, O: 1, PlInfo: PL Info (n1432): [20, 35], 0, 137>, <NetNode: N: fir.out_temp_add.u1^fractb_out~10_FF, P: Block (n1462): I: 1, O: 1, PlInfo: PL Info (n1462): [20, 36], 0, 142>, <>]

: Source: <NetNode: N: fir^x_reg4~17_FF, P: Block (fir^x_reg3~17_FF): I: 1, O: 1, PlInfo: PL Info (fir^x_reg3~17_FF): [1, 31], 0, 942>, 
	Sinks: [<NetNode: N: fir^x_reg4~17_FF, P: Block (fir.x3k3_mul.u5^prod1~9_FF): I: 1, O: 1, PlInfo: PL Info (fir.x3k3_mul.u5^prod1~9_FF): [11, 20], 0, 905>, <>]

: Source: <NetNode: N: fir.add0_add^out_o1~1_FF, P: Block (n2658): I: 1, O: 1, PlInfo: PL Info (n2658): [16, 3], 0, 195>, 
	Sinks: [<>]

: Source: <NetNode: N: n11005_1, P: Block (n11005_1): I: 1, O: 1, PlInfo: PL Info (n11005_1): [33, 34], 0, 658>, 
	Sinks: [<NetNode: N: n11005_1, P: Block (n2084): I: 1, O: 1, PlInfo: PL Info (n2084): [36, 31], 0, 27>, <>]

: Source: <NetNode: N: fir.x0k0_mul^out~21_FF, P: Block (n8592_1): I: 1, O: 1, PlInfo: PL Info (n8592_1): [1, 4], 0, 310>, 
	Sinks: [<NetNode: N: fir.x0k0_mul^out~21_FF, P: Block (n3461): I: 1, O: 1, PlInfo: PL Info (n3461): [17, 8], 0, 71>, <>]

: Source: <NetNode: N: fir.add1_add.u1^fracta_out~10_FF, P: Block (n2414): I: 1, O: 1, PlInfo: PL Info (n2414): [23, 30], 0, 157>, 
	Sinks: [<NetNode: N: fir.add1_add.u1^fracta_out~10_FF, P: Block (n2279): I: 1, O: 1, PlInfo: PL Info (n2279): [32, 33], 0, 271>, <NetNode: N: fir.add1_add.u1^fracta_out~10_FF, P: Block (n2454): I: 1, O: 1, PlInfo: PL Info (n2454): [28, 30], 0, 165>, <NetNode: N: fir.add1_add.u1^fracta_out~10_FF, P: Block (n2559): I: 1, O: 1, PlInfo: PL Info (n2559): [29, 30], 0, 171>, <>]

: Source: <NetNode: N: n12149, P: Block (n12149): I: 1, O: 1, PlInfo: PL Info (n12149): [20, 12], 0, 893>, 
	Sinks: [<NetNode: N: n12149, P: Block (n3635): I: 1, O: 1, PlInfo: PL Info (n3635): [13, 11], 0, 252>, <>]

: Source: <NetNode: N: fir.x2k2_mul.u5^MUL~5807[0], P: Block (fir.x2k2_mul.u5^MUL~5807[0]): I: 2, O: 1, PlInfo: PL Info (fir.x2k2_mul.u5^MUL~5807[0]): [22, 17], 0, 1>, 
	Sinks: [<NetNode: N: fir.x2k2_mul.u5^MUL~5807[0], P: Block (fir.x2k2_mul.u5^prod1~0_FF): I: 1, O: 1, PlInfo: PL Info (fir.x2k2_mul.u5^prod1~0_FF): [16, 18], 0, 910>, <>]

: Source: <NetNode: N: fir.x2k2_mul.u5^MUL~5807[1], P: Block (fir.x2k2_mul.u5^MUL~5807[0]): I: 2, O: 1, PlInfo: PL Info (fir.x2k2_mul.u5^MUL~5807[0]): [22, 17], 0, 1>, 
	Sinks: [<NetNode: N: fir.x2k2_mul.u5^MUL~5807[1], P: Block (n13835): I: 1, O: 1, PlInfo: PL Info (n13835): [25, 19], 0, 354>, <>]

: Source: <NetNode: N: fir.x2k2_mul.u5^MUL~5807[2], P: Block (fir.x2k2_mul.u5^MUL~5807[0]): I: 2, O: 1, PlInfo: PL Info (fir.x2k2_mul.u5^MUL~5807[0]): [22, 17], 0, 1>, 
	Sinks: [<NetNode: N: fir.x2k2_mul.u5^MUL~5807[2], P: Block (fir.x2k2_mul.u5^prod1~2_FF): I: 1, O: 1, PlInfo: PL Info (fir.x2k2_mul.u5^prod1~2_FF): [25, 16], 0, 911>, <>]

: Source: <NetNode: N: fir.x2k2_mul.u5^MUL~5807[3], P: Block (fir.x2k2_mul.u5^MUL~5807[0]): I: 2, O: 1, PlInfo: PL Info (fir.x2k2_mul.u5^MUL~5807[0]): [22, 17], 0, 1>, 
	Sinks: [<NetNode: N: fir.x2k2_mul.u5^MUL~5807[3], P: Block (n13896): I: 1, O: 1, PlInfo: PL Info (n13896): [24, 20], 0, 356>, <>]

: Source: <NetNode: N: fir.x2k2_mul.u5^MUL~5807[4], P: Block (fir.x2k2_mul.u5^MUL~5807[0]): I: 2, O: 1, PlInfo: PL Info (fir.x2k2_mul.u5^MUL~5807[0]): [22, 17], 0, 1>, 
	Sinks: [<NetNode: N: fir.x2k2_mul.u5^MUL~5807[4], P: Block (fir.x2k2_mul.u5^prod1~4_FF): I: 1, O: 1, PlInfo: PL Info (fir.x2k2_mul.u5^prod1~4_FF): [19, 17], 0, 912>, <>]

: Source: <NetNode: N: fir.x2k2_mul.u5^MUL~5807[5], P: Block (fir.x2k2_mul.u5^MUL~5807[0]): I: 2, O: 1, PlInfo: PL Info (fir.x2k2_mul.u5^MUL~5807[0]): [22, 17], 0, 1>, 
	Sinks: [<NetNode: N: fir.x2k2_mul.u5^MUL~5807[5], P: Block (fir.x2k2_mul.u5^prod1~5_FF): I: 1, O: 1, PlInfo: PL Info (fir.x2k2_mul.u5^prod1~5_FF): [23, 14], 0, 913>, <>]

: Source: <NetNode: N: fir.x2k2_mul.u5^MUL~5807[6], P: Block (fir.x2k2_mul.u5^MUL~5807[0]): I: 2, O: 1, PlInfo: PL Info (fir.x2k2_mul.u5^MUL~5807[0]): [22, 17], 0, 1>, 
	Sinks: [<NetNode: N: fir.x2k2_mul.u5^MUL~5807[6], P: Block (fir.x2k2_mul.u5^prod1~6_FF): I: 1, O: 1, PlInfo: PL Info (fir.x2k2_mul.u5^prod1~6_FF): [21, 19], 0, 914>, <>]

: Source: <NetNode: N: fir.x2k2_mul.u5^MUL~5807[7], P: Block (fir.x2k2_mul.u5^MUL~5807[0]): I: 2, O: 1, PlInfo: PL Info (fir.x2k2_mul.u5^MUL~5807[0]): [22, 17], 0, 1>, 
	Sinks: [<NetNode: N: fir.x2k2_mul.u5^MUL~5807[7], P: Block (n13871): I: 1, O: 1, PlInfo: PL Info (n13871): [24, 21], 0, 459>, <>]

: Source: <NetNode: N: fir.x2k2_mul.u5^MUL~5807[8], P: Block (fir.x2k2_mul.u5^MUL~5807[0]): I: 2, O: 1, PlInfo: PL Info (fir.x2k2_mul.u5^MUL~5807[0]): [22, 17], 0, 1>, 
	Sinks: [<NetNode: N: fir.x2k2_mul.u5^MUL~5807[8], P: Block (fir.x2k2_mul.u5^prod1~8_FF): I: 1, O: 1, PlInfo: PL Info (fir.x2k2_mul.u5^prod1~8_FF): [23, 19], 0, 915>, <>]

: Source: <NetNode: N: fir.x2k2_mul.u5^MUL~5807[9], P: Block (fir.x2k2_mul.u5^MUL~5807[0]): I: 2, O: 1, PlInfo: PL Info (fir.x2k2_mul.u5^MUL~5807[0]): [22, 17], 0, 1>, 
	Sinks: [<NetNode: N: fir.x2k2_mul.u5^MUL~5807[9], P: Block (fir.x2k2_mul.u5^prod1~9_FF): I: 1, O: 1, PlInfo: PL Info (fir.x2k2_mul.u5^prod1~9_FF): [23, 21], 0, 916>, <>]

: Source: <NetNode: N: fir.x2k2_mul.u5^MUL~5807[10], P: Block (fir.x2k2_mul.u5^MUL~5807[0]): I: 2, O: 1, PlInfo: PL Info (fir.x2k2_mul.u5^MUL~5807[0]): [22, 17], 0, 1>, 
	Sinks: [<NetNode: N: fir.x2k2_mul.u5^MUL~5807[10], P: Block (n13814): I: 1, O: 1, PlInfo: PL Info (n13814): [23, 17], 0, 455>, <>]

: Source: <NetNode: N: fir.x2k2_mul.u5^MUL~5807[11], P: Block (fir.x2k2_mul.u5^MUL~5807[0]): I: 2, O: 1, PlInfo: PL Info (fir.x2k2_mul.u5^MUL~5807[0]): [22, 17], 0, 1>, 
	Sinks: [<NetNode: N: fir.x2k2_mul.u5^MUL~5807[11], P: Block (fir.x2k2_mul.u5^prod1~9_FF): I: 1, O: 1, PlInfo: PL Info (fir.x2k2_mul.u5^prod1~9_FF): [23, 21], 0, 916>, <>]

: Source: <NetNode: N: fir.x2k2_mul.u5^MUL~5807[12], P: Block (fir.x2k2_mul.u5^MUL~5807[0]): I: 2, O: 1, PlInfo: PL Info (fir.x2k2_mul.u5^MUL~5807[0]): [22, 17], 0, 1>, 
	Sinks: [<NetNode: N: fir.x2k2_mul.u5^MUL~5807[12], P: Block (n14013): I: 1, O: 1, PlInfo: PL Info (n14013): [20, 21], 0, 740>, <>]

: Source: <NetNode: N: fir.x2k2_mul.u5^MUL~5807[13], P: Block (fir.x2k2_mul.u5^MUL~5807[0]): I: 2, O: 1, PlInfo: PL Info (fir.x2k2_mul.u5^MUL~5807[0]): [22, 17], 0, 1>, 
	Sinks: [<NetNode: N: fir.x2k2_mul.u5^MUL~5807[13], P: Block (fir.x2k2_mul.u5^prod1~9_FF): I: 1, O: 1, PlInfo: PL Info (fir.x2k2_mul.u5^prod1~9_FF): [23, 21], 0, 916>, <>]

: Source: <NetNode: N: fir.x2k2_mul.u5^MUL~5807[14], P: Block (fir.x2k2_mul.u5^MUL~5807[0]): I: 2, O: 1, PlInfo: PL Info (fir.x2k2_mul.u5^MUL~5807[0]): [22, 17], 0, 1>, 
	Sinks: [<NetNode: N: fir.x2k2_mul.u5^MUL~5807[14], P: Block (fir.x2k2_mul.u5^prod1~9_FF): I: 1, O: 1, PlInfo: PL Info (fir.x2k2_mul.u5^prod1~9_FF): [23, 21], 0, 916>, <>]

: Source: <NetNode: N: fir.x2k2_mul.u5^MUL~5807[15], P: Block (fir.x2k2_mul.u5^MUL~5807[0]): I: 2, O: 1, PlInfo: PL Info (fir.x2k2_mul.u5^MUL~5807[0]): [22, 17], 0, 1>, 
	Sinks: [<NetNode: N: fir.x2k2_mul.u5^MUL~5807[15], P: Block (fir.x2k2_mul.u5^prod1~9_FF): I: 1, O: 1, PlInfo: PL Info (fir.x2k2_mul.u5^prod1~9_FF): [23, 21], 0, 916>, <>]

: Source: <NetNode: N: fir.x2k2_mul.u5^MUL~5807[16], P: Block (fir.x2k2_mul.u5^MUL~5807[0]): I: 2, O: 1, PlInfo: PL Info (fir.x2k2_mul.u5^MUL~5807[0]): [22, 17], 0, 1>, 
	Sinks: [<NetNode: N: fir.x2k2_mul.u5^MUL~5807[16], P: Block (n13818): I: 1, O: 1, PlInfo: PL Info (n13818): [23, 20], 0, 353>, <>]

: Source: <NetNode: N: fir.x2k2_mul.u5^MUL~5807[17], P: Block (fir.x2k2_mul.u5^MUL~5807[0]): I: 2, O: 1, PlInfo: PL Info (fir.x2k2_mul.u5^MUL~5807[0]): [22, 17], 0, 1>, 
	Sinks: [<NetNode: N: fir.x2k2_mul.u5^MUL~5807[17], P: Block (n13826): I: 1, O: 1, PlInfo: PL Info (n13826): [23, 16], 0, 456>, <>]

: Source: <NetNode: N: fir.x2k2_mul.u5^MUL~5807[18], P: Block (fir.x2k2_mul.u5^MUL~5807[0]): I: 2, O: 1, PlInfo: PL Info (fir.x2k2_mul.u5^MUL~5807[0]): [22, 17], 0, 1>, 
	Sinks: [<NetNode: N: fir.x2k2_mul.u5^MUL~5807[18], P: Block (fir.x2k2_mul.u5^prod1~9_FF): I: 1, O: 1, PlInfo: PL Info (fir.x2k2_mul.u5^prod1~9_FF): [23, 21], 0, 916>, <>]

: Source: <NetNode: N: fir.x2k2_mul.u5^MUL~5807[19], P: Block (fir.x2k2_mul.u5^MUL~5807[0]): I: 2, O: 1, PlInfo: PL Info (fir.x2k2_mul.u5^MUL~5807[0]): [22, 17], 0, 1>, 
	Sinks: [<NetNode: N: fir.x2k2_mul.u5^MUL~5807[19], P: Block (n13867): I: 1, O: 1, PlInfo: PL Info (n13867): [23, 18], 0, 355>, <>]

: Source: <NetNode: N: fir.x2k2_mul.u5^MUL~5807[20], P: Block (fir.x2k2_mul.u5^MUL~5807[0]): I: 2, O: 1, PlInfo: PL Info (fir.x2k2_mul.u5^MUL~5807[0]): [22, 17], 0, 1>, 
	Sinks: [<NetNode: N: fir.x2k2_mul.u5^MUL~5807[20], P: Block (fir.x2k2_mul.u5^prod1~8_FF): I: 1, O: 1, PlInfo: PL Info (fir.x2k2_mul.u5^prod1~8_FF): [23, 19], 0, 915>, <>]

: Source: <NetNode: N: fir.x2k2_mul.u5^MUL~5807[21], P: Block (fir.x2k2_mul.u5^MUL~5807[0]): I: 2, O: 1, PlInfo: PL Info (fir.x2k2_mul.u5^MUL~5807[0]): [22, 17], 0, 1>, 
	Sinks: [<NetNode: N: fir.x2k2_mul.u5^MUL~5807[21], P: Block (fir.x2k2_mul.u5^prod1~8_FF): I: 1, O: 1, PlInfo: PL Info (fir.x2k2_mul.u5^prod1~8_FF): [23, 19], 0, 915>, <>]

: Source: <NetNode: N: fir.x2k2_mul.u5^MUL~5807[22], P: Block (fir.x2k2_mul.u5^MUL~5807[0]): I: 2, O: 1, PlInfo: PL Info (fir.x2k2_mul.u5^MUL~5807[0]): [22, 17], 0, 1>, 
	Sinks: [<NetNode: N: fir.x2k2_mul.u5^MUL~5807[22], P: Block (fir.x2k2_mul.u5^prod1~8_FF): I: 1, O: 1, PlInfo: PL Info (fir.x2k2_mul.u5^prod1~8_FF): [23, 19], 0, 915>, <>]

: Source: <NetNode: N: fir.x2k2_mul.u5^MUL~5807[23], P: Block (fir.x2k2_mul.u5^MUL~5807[0]): I: 2, O: 1, PlInfo: PL Info (fir.x2k2_mul.u5^MUL~5807[0]): [22, 17], 0, 1>, 
	Sinks: [<NetNode: N: fir.x2k2_mul.u5^MUL~5807[23], P: Block (fir.x2k2_mul.u5^prod1~8_FF): I: 1, O: 1, PlInfo: PL Info (fir.x2k2_mul.u5^prod1~8_FF): [23, 19], 0, 915>, <>]

: Source: <NetNode: N: fir.x2k2_mul.u5^MUL~5807[24], P: Block (fir.x2k2_mul.u5^MUL~5807[0]): I: 2, O: 1, PlInfo: PL Info (fir.x2k2_mul.u5^MUL~5807[0]): [22, 17], 0, 1>, 
	Sinks: [<NetNode: N: fir.x2k2_mul.u5^MUL~5807[24], P: Block (fir.x2k2_mul.u5^prod1~8_FF): I: 1, O: 1, PlInfo: PL Info (fir.x2k2_mul.u5^prod1~8_FF): [23, 19], 0, 915>, <>]

: Source: <NetNode: N: fir.x2k2_mul.u5^MUL~5807[25], P: Block (fir.x2k2_mul.u5^MUL~5807[0]): I: 2, O: 1, PlInfo: PL Info (fir.x2k2_mul.u5^MUL~5807[0]): [22, 17], 0, 1>, 
	Sinks: [<NetNode: N: fir.x2k2_mul.u5^MUL~5807[25], P: Block (fir.x2k2_mul.u5^prod1~8_FF): I: 1, O: 1, PlInfo: PL Info (fir.x2k2_mul.u5^prod1~8_FF): [23, 19], 0, 915>, <>]

: Source: <NetNode: N: fir.x2k2_mul.u5^MUL~5807[26], P: Block (fir.x2k2_mul.u5^MUL~5807[0]): I: 2, O: 1, PlInfo: PL Info (fir.x2k2_mul.u5^MUL~5807[0]): [22, 17], 0, 1>, 
	Sinks: [<NetNode: N: fir.x2k2_mul.u5^MUL~5807[26], P: Block (fir.x2k2_mul.u5^prod1~8_FF): I: 1, O: 1, PlInfo: PL Info (fir.x2k2_mul.u5^prod1~8_FF): [23, 19], 0, 915>, <>]

: Source: <NetNode: N: fir.x2k2_mul.u5^MUL~5807[27], P: Block (fir.x2k2_mul.u5^MUL~5807[0]): I: 2, O: 1, PlInfo: PL Info (fir.x2k2_mul.u5^MUL~5807[0]): [22, 17], 0, 1>, 
	Sinks: [<NetNode: N: fir.x2k2_mul.u5^MUL~5807[27], P: Block (fir.x2k2_mul.u5^prod1~8_FF): I: 1, O: 1, PlInfo: PL Info (fir.x2k2_mul.u5^prod1~8_FF): [23, 19], 0, 915>, <>]

: Source: <NetNode: N: fir.x2k2_mul.u5^MUL~5807[28], P: Block (fir.x2k2_mul.u5^MUL~5807[0]): I: 2, O: 1, PlInfo: PL Info (fir.x2k2_mul.u5^MUL~5807[0]): [22, 17], 0, 1>, 
	Sinks: [<NetNode: N: fir.x2k2_mul.u5^MUL~5807[28], P: Block (fir.x2k2_mul.u5^prod1~8_FF): I: 1, O: 1, PlInfo: PL Info (fir.x2k2_mul.u5^prod1~8_FF): [23, 19], 0, 915>, <>]

: Source: <NetNode: N: fir.x2k2_mul.u5^MUL~5807[29], P: Block (fir.x2k2_mul.u5^MUL~5807[0]): I: 2, O: 1, PlInfo: PL Info (fir.x2k2_mul.u5^MUL~5807[0]): [22, 17], 0, 1>, 
	Sinks: [<NetNode: N: fir.x2k2_mul.u5^MUL~5807[29], P: Block (n14660): I: 1, O: 1, PlInfo: PL Info (n14660): [21, 18], 0, 877>, <>]

: Source: <NetNode: N: fir.x2k2_mul.u5^MUL~5807[30], P: Block (fir.x2k2_mul.u5^MUL~5807[0]): I: 2, O: 1, PlInfo: PL Info (fir.x2k2_mul.u5^MUL~5807[0]): [22, 17], 0, 1>, 
	Sinks: [<NetNode: N: fir.x2k2_mul.u5^MUL~5807[30], P: Block (fir.x2k2_mul.u5^prod1~6_FF): I: 1, O: 1, PlInfo: PL Info (fir.x2k2_mul.u5^prod1~6_FF): [21, 19], 0, 914>, <>]

: Source: <NetNode: N: fir.x2k2_mul.u5^MUL~5807[31], P: Block (fir.x2k2_mul.u5^MUL~5807[0]): I: 2, O: 1, PlInfo: PL Info (fir.x2k2_mul.u5^MUL~5807[0]): [22, 17], 0, 1>, 
	Sinks: [<NetNode: N: fir.x2k2_mul.u5^MUL~5807[31], P: Block (fir.x2k2_mul.u5^prod1~6_FF): I: 1, O: 1, PlInfo: PL Info (fir.x2k2_mul.u5^prod1~6_FF): [21, 19], 0, 914>, <>]

: Source: <NetNode: N: fir.x2k2_mul.u5^MUL~5807[32], P: Block (fir.x2k2_mul.u5^MUL~5807[0]): I: 2, O: 1, PlInfo: PL Info (fir.x2k2_mul.u5^MUL~5807[0]): [22, 17], 0, 1>, 
	Sinks: [<NetNode: N: fir.x2k2_mul.u5^MUL~5807[32], P: Block (fir.x2k2_mul.u5^prod1~6_FF): I: 1, O: 1, PlInfo: PL Info (fir.x2k2_mul.u5^prod1~6_FF): [21, 19], 0, 914>, <>]

: Source: <NetNode: N: fir.x2k2_mul.u5^MUL~5807[33], P: Block (fir.x2k2_mul.u5^MUL~5807[0]): I: 2, O: 1, PlInfo: PL Info (fir.x2k2_mul.u5^MUL~5807[0]): [22, 17], 0, 1>, 
	Sinks: [<NetNode: N: fir.x2k2_mul.u5^MUL~5807[33], P: Block (n13814): I: 1, O: 1, PlInfo: PL Info (n13814): [23, 17], 0, 455>, <>]

: Source: <NetNode: N: fir.x2k2_mul.u5^MUL~5807[34], P: Block (fir.x2k2_mul.u5^MUL~5807[0]): I: 2, O: 1, PlInfo: PL Info (fir.x2k2_mul.u5^MUL~5807[0]): [22, 17], 0, 1>, 
	Sinks: [<NetNode: N: fir.x2k2_mul.u5^MUL~5807[34], P: Block (fir.x2k2_mul.u5^prod1~6_FF): I: 1, O: 1, PlInfo: PL Info (fir.x2k2_mul.u5^prod1~6_FF): [21, 19], 0, 914>, <>]

: Source: <NetNode: N: fir.x2k2_mul.u5^MUL~5807[35], P: Block (fir.x2k2_mul.u5^MUL~5807[0]): I: 2, O: 1, PlInfo: PL Info (fir.x2k2_mul.u5^MUL~5807[0]): [22, 17], 0, 1>, 
	Sinks: [<NetNode: N: fir.x2k2_mul.u5^MUL~5807[35], P: Block (n13826): I: 1, O: 1, PlInfo: PL Info (n13826): [23, 16], 0, 456>, <>]

: Source: <NetNode: N: fir.x2k2_mul.u5^MUL~5807[36], P: Block (fir.x2k2_mul.u5^MUL~5807[0]): I: 2, O: 1, PlInfo: PL Info (fir.x2k2_mul.u5^MUL~5807[0]): [22, 17], 0, 1>, 
	Sinks: [<NetNode: N: fir.x2k2_mul.u5^MUL~5807[36], P: Block (fir.x2k2_mul.u5^prod1~6_FF): I: 1, O: 1, PlInfo: PL Info (fir.x2k2_mul.u5^prod1~6_FF): [21, 19], 0, 914>, <>]

: Source: <NetNode: N: fir.x2k2_mul.u5^MUL~5807[37], P: Block (fir.x2k2_mul.u5^MUL~5807[0]): I: 2, O: 1, PlInfo: PL Info (fir.x2k2_mul.u5^MUL~5807[0]): [22, 17], 0, 1>, 
	Sinks: [<NetNode: N: fir.x2k2_mul.u5^MUL~5807[37], P: Block (fir.x2k2_mul.u5^prod1~6_FF): I: 1, O: 1, PlInfo: PL Info (fir.x2k2_mul.u5^prod1~6_FF): [21, 19], 0, 914>, <>]

: Source: <NetNode: N: fir.x2k2_mul.u5^MUL~5807[38], P: Block (fir.x2k2_mul.u5^MUL~5807[0]): I: 2, O: 1, PlInfo: PL Info (fir.x2k2_mul.u5^MUL~5807[0]): [22, 17], 0, 1>, 
	Sinks: [<NetNode: N: fir.x2k2_mul.u5^MUL~5807[38], P: Block (fir.x2k2_mul.u5^prod1~6_FF): I: 1, O: 1, PlInfo: PL Info (fir.x2k2_mul.u5^prod1~6_FF): [21, 19], 0, 914>, <>]

: Source: <NetNode: N: fir.x2k2_mul.u5^MUL~5807[39], P: Block (fir.x2k2_mul.u5^MUL~5807[0]): I: 2, O: 1, PlInfo: PL Info (fir.x2k2_mul.u5^MUL~5807[0]): [22, 17], 0, 1>, 
	Sinks: [<NetNode: N: fir.x2k2_mul.u5^MUL~5807[39], P: Block (n14660): I: 1, O: 1, PlInfo: PL Info (n14660): [21, 18], 0, 877>, <>]

: Source: <NetNode: N: fir.x2k2_mul.u5^MUL~5807[40], P: Block (fir.x2k2_mul.u5^MUL~5807[0]): I: 2, O: 1, PlInfo: PL Info (fir.x2k2_mul.u5^MUL~5807[0]): [22, 17], 0, 1>, 
	Sinks: [<NetNode: N: fir.x2k2_mul.u5^MUL~5807[40], P: Block (n14015): I: 1, O: 1, PlInfo: PL Info (n14015): [21, 20], 0, 613>, <>]

: Source: <NetNode: N: fir.x2k2_mul.u5^MUL~5807[41], P: Block (fir.x2k2_mul.u5^MUL~5807[0]): I: 2, O: 1, PlInfo: PL Info (fir.x2k2_mul.u5^MUL~5807[0]): [22, 17], 0, 1>, 
	Sinks: [<NetNode: N: fir.x2k2_mul.u5^MUL~5807[41], P: Block (n14660): I: 1, O: 1, PlInfo: PL Info (n14660): [21, 18], 0, 877>, <>]

: Source: <NetNode: N: fir.x2k2_mul.u5^MUL~5807[42], P: Block (fir.x2k2_mul.u5^MUL~5807[0]): I: 2, O: 1, PlInfo: PL Info (fir.x2k2_mul.u5^MUL~5807[0]): [22, 17], 0, 1>, 
	Sinks: [<NetNode: N: fir.x2k2_mul.u5^MUL~5807[42], P: Block (n14651): I: 1, O: 1, PlInfo: PL Info (n14651): [21, 16], 0, 856>, <>]

: Source: <NetNode: N: fir.x2k2_mul.u5^MUL~5807[43], P: Block (fir.x2k2_mul.u5^MUL~5807[0]): I: 2, O: 1, PlInfo: PL Info (fir.x2k2_mul.u5^MUL~5807[0]): [22, 17], 0, 1>, 
	Sinks: [<NetNode: N: fir.x2k2_mul.u5^MUL~5807[43], P: Block (n14660): I: 1, O: 1, PlInfo: PL Info (n14660): [21, 18], 0, 877>, <>]

: Source: <NetNode: N: fir.x2k2_mul.u5^MUL~5807[44], P: Block (fir.x2k2_mul.u5^MUL~5807[0]): I: 2, O: 1, PlInfo: PL Info (fir.x2k2_mul.u5^MUL~5807[0]): [22, 17], 0, 1>, 
	Sinks: [<NetNode: N: fir.x2k2_mul.u5^MUL~5807[44], P: Block (n14660): I: 1, O: 1, PlInfo: PL Info (n14660): [21, 18], 0, 877>, <>]

: Source: <NetNode: N: fir.x2k2_mul.u5^MUL~5807[45], P: Block (fir.x2k2_mul.u5^MUL~5807[0]): I: 2, O: 1, PlInfo: PL Info (fir.x2k2_mul.u5^MUL~5807[0]): [22, 17], 0, 1>, 
	Sinks: [<NetNode: N: fir.x2k2_mul.u5^MUL~5807[45], P: Block (n14660): I: 1, O: 1, PlInfo: PL Info (n14660): [21, 18], 0, 877>, <>]

: Source: <NetNode: N: fir.x2k2_mul.u5^MUL~5807[46], P: Block (fir.x2k2_mul.u5^MUL~5807[0]): I: 2, O: 1, PlInfo: PL Info (fir.x2k2_mul.u5^MUL~5807[0]): [22, 17], 0, 1>, 
	Sinks: [<NetNode: N: fir.x2k2_mul.u5^MUL~5807[46], P: Block (n14660): I: 1, O: 1, PlInfo: PL Info (n14660): [21, 18], 0, 877>, <>]

: Source: <NetNode: N: fir.x2k2_mul.u5^MUL~5807[47], P: Block (fir.x2k2_mul.u5^MUL~5807[0]): I: 2, O: 1, PlInfo: PL Info (fir.x2k2_mul.u5^MUL~5807[0]): [22, 17], 0, 1>, 
	Sinks: [<NetNode: N: fir.x2k2_mul.u5^MUL~5807[47], P: Block (n14660): I: 1, O: 1, PlInfo: PL Info (n14660): [21, 18], 0, 877>, <>]

: Source: <NetNode: N: n14324, P: Block (n14324): I: 1, O: 1, PlInfo: PL Info (n14324): [28, 22], 0, 595>, 
	Sinks: [<NetNode: N: n14324, P: Block (n15140): I: 1, O: 1, PlInfo: PL Info (n15140): [29, 25], 0, 488>, <>]

: Source: <NetNode: N: n16340, P: Block (n16340): I: 1, O: 1, PlInfo: PL Info (n16340): [4, 23], 0, 868>, 
	Sinks: [<NetNode: N: n16340, P: Block (n16771): I: 1, O: 1, PlInfo: PL Info (n16771): [5, 23], 0, 718>, <>]

: Source: <NetNode: N: fir.add1_add.u1^fracta_out~11_FF, P: Block (n2419): I: 1, O: 1, PlInfo: PL Info (n2419): [21, 29], 0, 158>, 
	Sinks: [<NetNode: N: fir.add1_add.u1^fracta_out~11_FF, P: Block (n1723): I: 1, O: 1, PlInfo: PL Info (n1723): [33, 30], 0, 126>, <NetNode: N: fir.add1_add.u1^fracta_out~11_FF, P: Block (n2454): I: 1, O: 1, PlInfo: PL Info (n2454): [28, 30], 0, 165>, <NetNode: N: fir.add1_add.u1^fracta_out~11_FF, P: Block (n2559): I: 1, O: 1, PlInfo: PL Info (n2559): [29, 30], 0, 171>, <>]

: Source: <NetNode: N: n13475, P: Block (n13475): I: 1, O: 1, PlInfo: PL Info (n13475): [29, 2], 0, 547>, 
	Sinks: [<NetNode: N: n13475, P: Block (n12828): I: 1, O: 1, PlInfo: PL Info (n12828): [29, 3], 0, 344>, <>]

: Source: <NetNode: N: n16584, P: Block (n16584): I: 1, O: 1, PlInfo: PL Info (n16584): [13, 34], 0, 603>, 
	Sinks: [<NetNode: N: n16584, P: Block (n5499): I: 1, O: 1, PlInfo: PL Info (n5499): [12, 34], 0, 43>, <>]

: Source: <NetNode: N: n16100, P: Block (n16100): I: 1, O: 1, PlInfo: PL Info (n16100): [4, 21], 0, 835>, 
	Sinks: [<NetNode: N: n16100, P: Block (n16081): I: 1, O: 1, PlInfo: PL Info (n16081): [4, 26], 0, 597>, <>]

: Source: <NetNode: N: n8365_1, P: Block (n8365_1): I: 1, O: 1, PlInfo: PL Info (n8365_1): [11, 13], 0, 860>, 
	Sinks: [<NetNode: N: n8365_1, P: Block (n8333): I: 1, O: 1, PlInfo: PL Info (n8333): [11, 11], 0, 623>, <>]

: Source: <NetNode: N: n15012, P: Block (n15012): I: 1, O: 1, PlInfo: PL Info (n15012): [36, 18], 0, 564>, 
	Sinks: [<NetNode: N: n15012, P: Block (n14992): I: 1, O: 1, PlInfo: PL Info (n14992): [35, 18], 0, 481>, <>]

: Source: <NetNode: N: n15651, P: Block (n15651): I: 1, O: 1, PlInfo: PL Info (n15651): [7, 33], 0, 499>, 
	Sinks: [<NetNode: N: n15651, P: Block (n16143): I: 1, O: 1, PlInfo: PL Info (n16143): [4, 30], 0, 577>, <NetNode: N: n15651, P: Block (n15921): I: 1, O: 1, PlInfo: PL Info (n15921): [4, 36], 0, 511>, <NetNode: N: n15651, P: Block (n15924): I: 1, O: 1, PlInfo: PL Info (n15924): [4, 34], 0, 512>, <NetNode: N: n15651, P: Block (n15929): I: 1, O: 1, PlInfo: PL Info (n15929): [5, 33], 0, 574>, <NetNode: N: n15651, P: Block (n15856): I: 1, O: 1, PlInfo: PL Info (n15856): [9, 32], 0, 572>, <NetNode: N: n15651, P: Block (n15645): I: 1, O: 1, PlInfo: PL Info (n15645): [11, 32], 0, 497>, <NetNode: N: n15651, P: Block (n15405): I: 1, O: 1, PlInfo: PL Info (n15405): [11, 28], 0, 567>, <NetNode: N: n15651, P: Block (n16303): I: 1, O: 1, PlInfo: PL Info (n16303): [4, 32], 0, 517>, <NetNode: N: n15651, P: Block (n16307): I: 1, O: 1, PlInfo: PL Info (n16307): [9, 31], 0, 518>, <NetNode: N: n15651, P: Block (n16567): I: 1, O: 1, PlInfo: PL Info (n16567): [12, 36], 0, 582>, <NetNode: N: n15651, P: Block (n16576): I: 1, O: 1, PlInfo: PL Info (n16576): [11, 33], 0, 600>, <NetNode: N: n15651, P: Block (n16577): I: 1, O: 1, PlInfo: PL Info (n16577): [5, 27], 0, 601>, <NetNode: N: n15651, P: Block (n16579): I: 1, O: 1, PlInfo: PL Info (n16579): [9, 34], 0, 602>, <NetNode: N: n15651, P: Block (n16584): I: 1, O: 1, PlInfo: PL Info (n16584): [13, 34], 0, 603>, <NetNode: N: n15651, P: Block (n5707): I: 1, O: 1, PlInfo: PL Info (n5707): [13, 30], 0, 24>, <NetNode: N: n15651, P: Block (n15671): I: 1, O: 1, PlInfo: PL Info (n15671): [7, 29], 0, 503>, <NetNode: N: n15651, P: Block (n15673): I: 1, O: 1, PlInfo: PL Info (n15673): [5, 31], 0, 505>, <NetNode: N: n15651, P: Block (n15680): I: 1, O: 1, PlInfo: PL Info (n15680): [8, 31], 0, 507>, <NetNode: N: n15651, P: Block (n15770): I: 1, O: 1, PlInfo: PL Info (n15770): [13, 36], 0, 713>, <NetNode: N: n15651, P: Block (n16439): I: 1, O: 1, PlInfo: PL Info (n16439): [4, 27], 0, 580>, <NetNode: N: n15651, P: Block (n16630): I: 1, O: 1, PlInfo: PL Info (n16630): [9, 36], 0, 583>, <NetNode: N: n15651, P: Block (n16648): I: 1, O: 1, PlInfo: PL Info (n16648): [12, 33], 0, 586>, <NetNode: N: n15651, P: Block (n5616): I: 1, O: 1, PlInfo: PL Info (n5616): [9, 35], 0, 19>, <NetNode: N: n15651, P: Block (n16650): I: 1, O: 1, PlInfo: PL Info (n16650): [5, 36], 0, 587>, <>]

: Source: <NetNode: N: n15893, P: Block (n15893): I: 1, O: 1, PlInfo: PL Info (n15893): [3, 23], 0, 803>, 
	Sinks: [<NetNode: N: n15893, P: Block (n16157): I: 1, O: 1, PlInfo: PL Info (n16157): [3, 28], 0, 628>, <NetNode: N: n15893, P: Block (n16173): I: 1, O: 1, PlInfo: PL Info (n16173): [8, 21], 0, 772>, <NetNode: N: n15893, P: Block (n16104): I: 1, O: 1, PlInfo: PL Info (n16104): [1, 24], 0, 883>, <NetNode: N: n15893, P: Block (n16106): I: 1, O: 1, PlInfo: PL Info (n16106): [1, 22], 0, 866>, <NetNode: N: n15893, P: Block (n16197): I: 1, O: 1, PlInfo: PL Info (n16197): [5, 22], 0, 872>, <NetNode: N: n15893, P: Block (n15863): I: 1, O: 1, PlInfo: PL Info (n15863): [1, 25], 0, 754>, <NetNode: N: n15893, P: Block (n15864): I: 1, O: 1, PlInfo: PL Info (n15864): [3, 24], 0, 828>, <NetNode: N: n15893, P: Block (n15635): I: 1, O: 1, PlInfo: PL Info (n15635): [8, 26], 0, 788>, <NetNode: N: n15893, P: Block (n15835): I: 1, O: 1, PlInfo: PL Info (n15835): [3, 22], 0, 802>, <NetNode: N: n15893, P: Block (n15454): I: 1, O: 1, PlInfo: PL Info (n15454): [13, 22], 0, 693>, <NetNode: N: n15893, P: Block (n16302): I: 1, O: 1, PlInfo: PL Info (n16302): [1, 27], 0, 710>, <NetNode: N: n15893, P: Block (n16577): I: 1, O: 1, PlInfo: PL Info (n16577): [5, 27], 0, 601>, <NetNode: N: n15893, P: Block (n16340): I: 1, O: 1, PlInfo: PL Info (n16340): [4, 23], 0, 868>, <NetNode: N: n15893, P: Block (n15411): I: 1, O: 1, PlInfo: PL Info (n15411): [12, 22], 0, 526>, <NetNode: N: n15893, P: Block (n16514): I: 1, O: 1, PlInfo: PL Info (n16514): [1, 28], 0, 714>, <NetNode: N: n15893, P: Block (n16771): I: 1, O: 1, PlInfo: PL Info (n16771): [5, 23], 0, 718>, <NetNode: N: n15893, P: Block (n16223): I: 1, O: 1, PlInfo: PL Info (n16223): [7, 24], 0, 799>, <NetNode: N: n15893, P: Block (n16229): I: 1, O: 1, PlInfo: PL Info (n16229): [7, 22], 0, 830>, <NetNode: N: n15893, P: Block (n15389): I: 1, O: 1, PlInfo: PL Info (n15389): [8, 24], 0, 649>, <NetNode: N: n15893, P: Block (n16237): I: 1, O: 1, PlInfo: PL Info (n16237): [5, 25], 0, 800>, <NetNode: N: n15893, P: Block (n16495): I: 1, O: 1, PlInfo: PL Info (n16495): [1, 30], 0, 886>, <NetNode: N: n15893, P: Block (n16261): I: 1, O: 1, PlInfo: PL Info (n16261): [7, 21], 0, 864>, <NetNode: N: n15893, P: Block (n16822): I: 1, O: 1, PlInfo: PL Info (n16822): [1, 29], 0, 884>, <NetNode: N: n15893, P: Block (n15931): I: 1, O: 1, PlInfo: PL Info (n15931): [5, 21], 0, 751>, <NetNode: N: n15893, P: Block (n15949): I: 1, O: 1, PlInfo: PL Info (n15949): [3, 26], 0, 829>, <NetNode: N: n15893, P: Block (n15950): I: 1, O: 1, PlInfo: PL Info (n15950): [4, 24], 0, 804>, <NetNode: N: n15893, P: Block (n16819): I: 1, O: 1, PlInfo: PL Info (n16819): [1, 26], 0, 715>, <NetNode: N: n15893, P: Block (n15350): I: 1, O: 1, PlInfo: PL Info (n15350): [9, 25], 0, 691>, <NetNode: N: n15893, P: Block (n16219): I: 1, O: 1, PlInfo: PL Info (n16219): [4, 22], 0, 798>, <NetNode: N: n15893, P: Block (n16403): I: 1, O: 1, PlInfo: PL Info (n16403): [1, 21], 0, 858>, <>]

: Source: <NetNode: N: n15411, P: Block (n15411): I: 1, O: 1, PlInfo: PL Info (n15411): [12, 22], 0, 526>, 
	Sinks: [<NetNode: N: n15411, P: Block (n15407): I: 1, O: 1, PlInfo: PL Info (n15407): [12, 25], 0, 489>, <NetNode: N: n15411, P: Block (n15549): I: 1, O: 1, PlInfo: PL Info (n15549): [11, 22], 0, 493>, <NetNode: N: n15411, P: Block (n15556): I: 1, O: 1, PlInfo: PL Info (n15556): [11, 23], 0, 494>, <>]

: Source: <NetNode: N: n14564, P: Block (n14564): I: 1, O: 1, PlInfo: PL Info (n14564): [16, 23], 0, 833>, 
	Sinks: [<>]

: Source: <NetNode: N: n13073, P: Block (n13073): I: 1, O: 1, PlInfo: PL Info (n13073): [32, 7], 0, 350>, 
	Sinks: [<NetNode: N: n13073, P: Block (n13025): I: 1, O: 1, PlInfo: PL Info (n13025): [33, 7], 0, 347>, <>]

: Source: <NetNode: N: n15654, P: Block (n15654): I: 1, O: 1, PlInfo: PL Info (n15654): [9, 27], 0, 500>, 
	Sinks: [<NetNode: N: n15654, P: Block (n5759): I: 1, O: 1, PlInfo: PL Info (n5759): [13, 28], 0, 26>, <NetNode: N: n15654, P: Block (n5525): I: 1, O: 1, PlInfo: PL Info (n5525): [13, 32], 0, 14>, <NetNode: N: n15654, P: Block (n16596): I: 1, O: 1, PlInfo: PL Info (n16596): [3, 32], 0, 604>, <NetNode: N: n15654, P: Block (n5564): I: 1, O: 1, PlInfo: PL Info (n5564): [12, 31], 0, 16>, <NetNode: N: n15654, P: Block (n16143): I: 1, O: 1, PlInfo: PL Info (n16143): [4, 30], 0, 577>, <NetNode: N: n15654, P: Block (n15924): I: 1, O: 1, PlInfo: PL Info (n15924): [4, 34], 0, 512>, <NetNode: N: n15654, P: Block (n16303): I: 1, O: 1, PlInfo: PL Info (n16303): [4, 32], 0, 517>, <NetNode: N: n15654, P: Block (n16307): I: 1, O: 1, PlInfo: PL Info (n16307): [9, 31], 0, 518>, <NetNode: N: n15654, P: Block (n16576): I: 1, O: 1, PlInfo: PL Info (n16576): [11, 33], 0, 600>, <NetNode: N: n15654, P: Block (n16584): I: 1, O: 1, PlInfo: PL Info (n16584): [13, 34], 0, 603>, <NetNode: N: n15654, P: Block (n16757): I: 1, O: 1, PlInfo: PL Info (n16757): [8, 36], 0, 609>, <NetNode: N: n15654, P: Block (n5707): I: 1, O: 1, PlInfo: PL Info (n5707): [13, 30], 0, 24>, <NetNode: N: n15654, P: Block (n15671): I: 1, O: 1, PlInfo: PL Info (n15671): [7, 29], 0, 503>, <NetNode: N: n15654, P: Block (n15673): I: 1, O: 1, PlInfo: PL Info (n15673): [5, 31], 0, 505>, <NetNode: N: n15654, P: Block (n15680): I: 1, O: 1, PlInfo: PL Info (n15680): [8, 31], 0, 507>, <NetNode: N: n15654, P: Block (n16498): I: 1, O: 1, PlInfo: PL Info (n16498): [13, 31], 0, 598>, <NetNode: N: n15654, P: Block (n5499): I: 1, O: 1, PlInfo: PL Info (n5499): [12, 34], 0, 43>, <NetNode: N: n15654, P: Block (n16602): I: 1, O: 1, PlInfo: PL Info (n16602): [11, 35], 0, 605>, <NetNode: N: n15654, P: Block (n16803): I: 1, O: 1, PlInfo: PL Info (n16803): [7, 36], 0, 591>, <NetNode: N: n15654, P: Block (n15715): I: 1, O: 1, PlInfo: PL Info (n15715): [8, 32], 0, 510>, <NetNode: N: n15654, P: Block (n16429): I: 1, O: 1, PlInfo: PL Info (n16429): [4, 31], 0, 523>, <NetNode: N: n15654, P: Block (n16439): I: 1, O: 1, PlInfo: PL Info (n16439): [4, 27], 0, 580>, <NetNode: N: n15654, P: Block (n16443): I: 1, O: 1, PlInfo: PL Info (n16443): [3, 33], 0, 581>, <NetNode: N: n15654, P: Block (n16648): I: 1, O: 1, PlInfo: PL Info (n16648): [12, 33], 0, 586>, <NetNode: N: n15654, P: Block (n16650): I: 1, O: 1, PlInfo: PL Info (n16650): [5, 36], 0, 587>, <>]

: Source: <NetNode: N: n13072, P: Block (n13072): I: 1, O: 1, PlInfo: PL Info (n13072): [35, 6], 0, 349>, 
	Sinks: [<NetNode: N: n13072, P: Block (n13025): I: 1, O: 1, PlInfo: PL Info (n13025): [33, 7], 0, 347>, <>]

: Source: <NetNode: N: fir.add0_add^out_o1~3_FF, P: Block (n2684): I: 1, O: 1, PlInfo: PL Info (n2684): [15, 5], 0, 196>, 
	Sinks: [<NetNode: N: fir.add0_add^out_o1~3_FF, P: Block (n11236): I: 1, O: 1, PlInfo: PL Info (n11236): [23, 27], 0, 763>, <>]

: Source: <NetNode: N: fir^out~22, P: Block (n10219_1): I: 1, O: 1, PlInfo: PL Info (n10219_1): [29, 34], 0, 645>, 
	Sinks: [<NetNode: N: fir^out~22, P: Block (out:fir^out~22): I: 1, O: 0, PlInfo: PL Info (out:fir^out~22): [29, 37], 3, 970>, <>]

: Source: <NetNode: N: fir.out_temp_add.u1^fractb_out~16_FF, P: Block (n1592): I: 1, O: 1, PlInfo: PL Info (n1592): [21, 35], 0, 150>, 
	Sinks: [<NetNode: N: fir.out_temp_add.u1^fractb_out~16_FF, P: Block (n1432): I: 1, O: 1, PlInfo: PL Info (n1432): [20, 35], 0, 137>, <NetNode: N: fir.out_temp_add.u1^fractb_out~16_FF, P: Block (n1462): I: 1, O: 1, PlInfo: PL Info (n1462): [20, 36], 0, 142>, <>]

: Source: <NetNode: N: n8848_1, P: Block (n8848_1): I: 1, O: 1, PlInfo: PL Info (n8848_1): [13, 4], 0, 317>, 
	Sinks: [<NetNode: N: n8848_1, P: Block (n655): I: 1, O: 1, PlInfo: PL Info (n655): [9, 5], 0, 28>, <>]

: Source: <NetNode: N: fir.add1_add.u1^fracta_out~17_FF, P: Block (n2449): I: 1, O: 1, PlInfo: PL Info (n2449): [24, 29], 0, 164>, 
	Sinks: [<NetNode: N: fir.add1_add.u1^fracta_out~17_FF, P: Block (n2474): I: 1, O: 1, PlInfo: PL Info (n2474): [29, 29], 0, 169>, <NetNode: N: fir.add1_add.u1^fracta_out~17_FF, P: Block (n2479): I: 1, O: 1, PlInfo: PL Info (n2479): [31, 30], 0, 170>, <NetNode: N: fir.add1_add.u1^fracta_out~17_FF, P: Block (n2454): I: 1, O: 1, PlInfo: PL Info (n2454): [28, 30], 0, 165>, <>]

: Source: <NetNode: N: fir.add1_add.u1^fracta_out~16_FF, P: Block (n2444): I: 1, O: 1, PlInfo: PL Info (n2444): [28, 29], 0, 163>, 
	Sinks: [<NetNode: N: fir.add1_add.u1^fracta_out~16_FF, P: Block (n2454): I: 1, O: 1, PlInfo: PL Info (n2454): [28, 30], 0, 165>, <NetNode: N: fir.add1_add.u1^fracta_out~16_FF, P: Block (n2559): I: 1, O: 1, PlInfo: PL Info (n2559): [29, 30], 0, 171>, <>]

: Source: <NetNode: N: fir.x0k0_mul^out_o1~11_FF, P: Block (n3775): I: 1, O: 1, PlInfo: PL Info (n3775): [11, 9], 0, 99>, 
	Sinks: [<>]

: Source: <NetNode: N: fir.x1k1_mul^out_o1~26_FF, P: Block (n4623): I: 1, O: 1, PlInfo: PL Info (n4623): [23, 9], 0, 115>, 
	Sinks: [<NetNode: N: fir.x1k1_mul^out_o1~26_FF, P: Block (n3157): I: 1, O: 1, PlInfo: PL Info (n3157): [20, 8], 0, 251>, <>]

: Source: <NetNode: N: n9082, P: Block (n9082): I: 1, O: 1, PlInfo: PL Info (n9082): [9, 6], 0, 422>, 
	Sinks: [<>]

: Source: <NetNode: N: n13068, P: Block (n13068): I: 1, O: 1, PlInfo: PL Info (n13068): [33, 5], 0, 444>, 
	Sinks: [<NetNode: N: n13068, P: Block (n13025): I: 1, O: 1, PlInfo: PL Info (n13025): [33, 7], 0, 347>, <>]

: Source: <NetNode: N: n14157, P: Block (n14157): I: 1, O: 1, PlInfo: PL Info (n14157): [36, 26], 0, 697>, 
	Sinks: [<NetNode: N: n14157, P: Block (n5156): I: 1, O: 1, PlInfo: PL Info (n5156): [35, 26], 0, 10>, <>]

: Source: <NetNode: N: n8396_1, P: Block (n8396_1): I: 1, O: 1, PlInfo: PL Info (n8396_1): [8, 10], 0, 407>, 
	Sinks: [<NetNode: N: n8396_1, P: Block (n7951_1): I: 1, O: 1, PlInfo: PL Info (n7951_1): [4, 6], 0, 299>, <>]

: Source: <NetNode: N: n13066, P: Block (n13066): I: 1, O: 1, PlInfo: PL Info (n13066): [29, 8], 0, 443>, 
	Sinks: [<NetNode: N: n13066, P: Block (n13025): I: 1, O: 1, PlInfo: PL Info (n13025): [33, 7], 0, 347>, <>]

: Source: <NetNode: N: n15420, P: Block (n15420): I: 1, O: 1, PlInfo: PL Info (n15420): [9, 20], 0, 692>, 
	Sinks: [<NetNode: N: n15420, P: Block (n15407): I: 1, O: 1, PlInfo: PL Info (n15407): [12, 25], 0, 489>, <NetNode: N: n15420, P: Block (n15471): I: 1, O: 1, PlInfo: PL Info (n15471): [11, 21], 0, 490>, <NetNode: N: n15420, P: Block (n15556): I: 1, O: 1, PlInfo: PL Info (n15556): [11, 23], 0, 494>, <>]

: Source: <NetNode: N: n13064, P: Block (n13064): I: 1, O: 1, PlInfo: PL Info (n13064): [28, 3], 0, 348>, 
	Sinks: [<NetNode: N: n13064, P: Block (n13025): I: 1, O: 1, PlInfo: PL Info (n13025): [33, 7], 0, 347>, <>]

: Source: <NetNode: N: n14395, P: Block (n14395): I: 1, O: 1, PlInfo: PL Info (n14395): [35, 22], 0, 560>, 
	Sinks: [<NetNode: N: n14395, P: Block (n5039): I: 1, O: 1, PlInfo: PL Info (n5039): [29, 24], 0, 40>, <>]

: Source: <NetNode: N: n15665, P: Block (n15665): I: 1, O: 1, PlInfo: PL Info (n15665): [7, 28], 0, 569>, 
	Sinks: [<NetNode: N: n15665, P: Block (n15650): I: 1, O: 1, PlInfo: PL Info (n15650): [7, 30], 0, 498>, <NetNode: N: n15665, P: Block (n5681): I: 1, O: 1, PlInfo: PL Info (n5681): [11, 30], 0, 22>, <>]

: Source: <NetNode: N: n15667, P: Block (n15667): I: 1, O: 1, PlInfo: PL Info (n15667): [5, 32], 0, 501>, 
	Sinks: [<NetNode: N: n15667, P: Block (n16150): I: 1, O: 1, PlInfo: PL Info (n16150): [3, 29], 0, 515>, <NetNode: N: n15667, P: Block (n16392): I: 1, O: 1, PlInfo: PL Info (n16392): [4, 28], 0, 522>, <NetNode: N: n15667, P: Block (n16596): I: 1, O: 1, PlInfo: PL Info (n16596): [3, 32], 0, 604>, <NetNode: N: n15667, P: Block (n5577): I: 1, O: 1, PlInfo: PL Info (n5577): [11, 31], 0, 17>, <NetNode: N: n15667, P: Block (n16133): I: 1, O: 1, PlInfo: PL Info (n16133): [3, 31], 0, 514>, <NetNode: N: n15667, P: Block (n16384): I: 1, O: 1, PlInfo: PL Info (n16384): [5, 29], 0, 578>, <NetNode: N: n15667, P: Block (n16143): I: 1, O: 1, PlInfo: PL Info (n16143): [4, 30], 0, 577>, <NetNode: N: n15667, P: Block (n16387): I: 1, O: 1, PlInfo: PL Info (n16387): [3, 34], 0, 706>, <NetNode: N: n15667, P: Block (n15924): I: 1, O: 1, PlInfo: PL Info (n15924): [4, 34], 0, 512>, <NetNode: N: n15667, P: Block (n15927): I: 1, O: 1, PlInfo: PL Info (n15927): [5, 35], 0, 573>, <NetNode: N: n15667, P: Block (n15405): I: 1, O: 1, PlInfo: PL Info (n15405): [11, 28], 0, 567>, <NetNode: N: n15667, P: Block (n15650): I: 1, O: 1, PlInfo: PL Info (n15650): [7, 30], 0, 498>, <NetNode: N: n15667, P: Block (n16303): I: 1, O: 1, PlInfo: PL Info (n16303): [4, 32], 0, 517>, <NetNode: N: n15667, P: Block (n16566): I: 1, O: 1, PlInfo: PL Info (n16566): [9, 28], 0, 599>, <NetNode: N: n15667, P: Block (n15665): I: 1, O: 1, PlInfo: PL Info (n15665): [7, 28], 0, 569>, <NetNode: N: n15667, P: Block (n15688): I: 1, O: 1, PlInfo: PL Info (n15688): [5, 30], 0, 508>, <NetNode: N: n15667, P: Block (n16028): I: 1, O: 1, PlInfo: PL Info (n16028): [8, 30], 0, 575>, <NetNode: N: n15667, P: Block (n5668): I: 1, O: 1, PlInfo: PL Info (n5668): [8, 28], 0, 21>, <NetNode: N: n15667, P: Block (n5681): I: 1, O: 1, PlInfo: PL Info (n5681): [11, 30], 0, 22>, <NetNode: N: n15667, P: Block (n16088): I: 1, O: 1, PlInfo: PL Info (n16088): [9, 33], 0, 576>, <NetNode: N: n15667, P: Block (n16602): I: 1, O: 1, PlInfo: PL Info (n16602): [11, 35], 0, 605>, <NetNode: N: n15667, P: Block (n16619): I: 1, O: 1, PlInfo: PL Info (n16619): [4, 29], 0, 606>, <NetNode: N: n15667, P: Block (n15958): I: 1, O: 1, PlInfo: PL Info (n15958): [3, 30], 0, 513>, <NetNode: N: n15667, P: Block (n16671): I: 1, O: 1, PlInfo: PL Info (n16671): [5, 28], 0, 608>, <NetNode: N: n15667, P: Block (n16443): I: 1, O: 1, PlInfo: PL Info (n16443): [3, 33], 0, 581>, <NetNode: N: n15667, P: Block (n16692): I: 1, O: 1, PlInfo: PL Info (n16692): [8, 35], 0, 588>, <NetNode: N: n15667, P: Block (n16634): I: 1, O: 1, PlInfo: PL Info (n16634): [12, 35], 0, 585>, <NetNode: N: n15667, P: Block (n15787): I: 1, O: 1, PlInfo: PL Info (n15787): [3, 35], 0, 711>, <NetNode: N: n15667, P: Block (n16648): I: 1, O: 1, PlInfo: PL Info (n16648): [12, 33], 0, 586>, <>]

: Source: <NetNode: N: n16514, P: Block (n16514): I: 1, O: 1, PlInfo: PL Info (n16514): [1, 28], 0, 714>, 
	Sinks: [<NetNode: N: n16514, P: Block (n5577): I: 1, O: 1, PlInfo: PL Info (n5577): [11, 31], 0, 17>, <>]

: Source: <NetNode: N: n16757, P: Block (n16757): I: 1, O: 1, PlInfo: PL Info (n16757): [8, 36], 0, 609>, 
	Sinks: [<NetNode: N: n16757, P: Block (n5616): I: 1, O: 1, PlInfo: PL Info (n5616): [9, 35], 0, 19>, <>]

: Source: <NetNode: N: n14390, P: Block (n14390): I: 1, O: 1, PlInfo: PL Info (n14390): [16, 26], 0, 885>, 
	Sinks: [<NetNode: N: n14390, P: Block (n14387): I: 1, O: 1, PlInfo: PL Info (n14387): [23, 23], 0, 661>, <>]

: Source: <NetNode: N: fir^x_reg1~13_FF, P: Block (n16999): I: 1, O: 1, PlInfo: PL Info (n16999): [12, 15], 0, 897>, 
	Sinks: [<NetNode: N: fir^x_reg1~13_FF, P: Block (fir.x0k0_mul.u5^MUL~343[0]): I: 2, O: 1, PlInfo: PL Info (fir.x0k0_mul.u5^MUL~343[0]): [6, 13], 0, 3>, <>]

: Source: <NetNode: N: n15427, P: Block (n15427): I: 1, O: 1, PlInfo: PL Info (n15427): [8, 23], 0, 614>, 
	Sinks: [<NetNode: N: n15427, P: Block (n16330): I: 1, O: 1, PlInfo: PL Info (n16330): [9, 24], 0, 521>, <>]

: Source: <NetNode: N: fir.x0k0_mul^out_o1~10_FF, P: Block (n3762): I: 1, O: 1, PlInfo: PL Info (n3762): [11, 3], 0, 5>, 
	Sinks: [<>]

: Source: <NetNode: N: fir.x1k1_mul^out_o1~25_FF, P: Block (n4610): I: 1, O: 1, PlInfo: PL Info (n4610): [29, 9], 0, 227>, 
	Sinks: [<NetNode: N: fir.x1k1_mul^out_o1~25_FF, P: Block (n3546): I: 1, O: 1, PlInfo: PL Info (n3546): [16, 8], 0, 74>, <>]

: Source: <NetNode: N: fir.add0_add^out_o1~2_FF, P: Block (n2671): I: 1, O: 1, PlInfo: PL Info (n2671): [28, 26], 0, 230>, 
	Sinks: [<>]

: Source: <NetNode: N: n9067, P: Block (n9067): I: 1, O: 1, PlInfo: PL Info (n9067): [12, 11], 0, 708>, 
	Sinks: [<NetNode: N: n9067, P: Block (n7945): I: 1, O: 1, PlInfo: PL Info (n7945): [5, 6], 0, 296>, <>]

: Source: <NetNode: N: fir.x3k3_mul^out_o1~18_FF, P: Block (n5707): I: 1, O: 1, PlInfo: PL Info (n5707): [13, 30], 0, 24>, 
	Sinks: [<>]

: Source: <NetNode: N: n8154_1, P: Block (n8154_1): I: 1, O: 1, PlInfo: PL Info (n8154_1): [9, 14], 0, 769>, 
	Sinks: [<NetNode: N: n8154_1, P: Block (n8622): I: 1, O: 1, PlInfo: PL Info (n8622): [8, 17], 0, 770>, <NetNode: N: n8154_1, P: Block (n8855): I: 1, O: 1, PlInfo: PL Info (n8855): [3, 8], 0, 702>, <NetNode: N: n8154_1, P: Block (n8887): I: 1, O: 1, PlInfo: PL Info (n8887): [12, 12], 0, 882>, <NetNode: N: n8154_1, P: Block (n8184_1): I: 1, O: 1, PlInfo: PL Info (n8184_1): [9, 17], 0, 775>, <NetNode: N: n8154_1, P: Block (n8981_1): I: 1, O: 1, PlInfo: PL Info (n8981_1): [12, 9], 0, 741>, <NetNode: N: n8154_1, P: Block (n8638): I: 1, O: 1, PlInfo: PL Info (n8638): [11, 16], 0, 815>, <NetNode: N: n8154_1, P: Block (n8436): I: 1, O: 1, PlInfo: PL Info (n8436): [11, 15], 0, 793>, <NetNode: N: n8154_1, P: Block (n8107): I: 1, O: 1, PlInfo: PL Info (n8107): [9, 16], 0, 774>, <NetNode: N: n8154_1, P: Block (n8333): I: 1, O: 1, PlInfo: PL Info (n8333): [11, 11], 0, 623>, <NetNode: N: n8154_1, P: Block (n9058): I: 1, O: 1, PlInfo: PL Info (n9058): [1, 8], 0, 742>, <NetNode: N: n8154_1, P: Block (n8123_1): I: 1, O: 1, PlInfo: PL Info (n8123_1): [9, 15], 0, 768>, <NetNode: N: n8154_1, P: Block (n8365_1): I: 1, O: 1, PlInfo: PL Info (n8365_1): [11, 13], 0, 860>, <NetNode: N: n8154_1, P: Block (n8396_1): I: 1, O: 1, PlInfo: PL Info (n8396_1): [8, 10], 0, 407>, <NetNode: N: n8154_1, P: Block (n9067): I: 1, O: 1, PlInfo: PL Info (n9067): [12, 11], 0, 708>, <NetNode: N: n8154_1, P: Block (n7827): I: 1, O: 1, PlInfo: PL Info (n7827): [3, 12], 0, 529>, <NetNode: N: n8154_1, P: Block (n8731): I: 1, O: 1, PlInfo: PL Info (n8731): [11, 14], 0, 771>, <NetNode: N: n8154_1, P: Block (n8994): I: 1, O: 1, PlInfo: PL Info (n8994): [12, 17], 0, 875>, <NetNode: N: n8154_1, P: Block (n8192_1): I: 1, O: 1, PlInfo: PL Info (n8192_1): [12, 8], 0, 533>, <NetNode: N: n8154_1, P: Block (n8794): I: 1, O: 1, PlInfo: PL Info (n8794): [1, 17], 0, 820>, <NetNode: N: n8154_1, P: Block (n8692): I: 1, O: 1, PlInfo: PL Info (n8692): [4, 8], 0, 411>, <NetNode: N: n8154_1, P: Block (n8360_1): I: 1, O: 1, PlInfo: PL Info (n8360_1): [11, 17], 0, 826>, <NetNode: N: n8154_1, P: Block (n8479): I: 1, O: 1, PlInfo: PL Info (n8479): [12, 16], 0, 794>, <NetNode: N: n8154_1, P: Block (n8265): I: 1, O: 1, PlInfo: PL Info (n8265): [9, 11], 0, 744>, <NetNode: N: n8154_1, P: Block (n8484_1): I: 1, O: 1, PlInfo: PL Info (n8484_1): [1, 12], 0, 789>, <>]

: Source: <NetNode: N: fir.add1_add.u1^fracta_out~15_FF, P: Block (n2439): I: 1, O: 1, PlInfo: PL Info (n2439): [28, 27], 0, 162>, 
	Sinks: [<NetNode: N: fir.add1_add.u1^fracta_out~15_FF, P: Block (n2454): I: 1, O: 1, PlInfo: PL Info (n2454): [28, 30], 0, 165>, <NetNode: N: fir.add1_add.u1^fracta_out~15_FF, P: Block (n2304): I: 1, O: 1, PlInfo: PL Info (n2304): [32, 32], 0, 261>, <NetNode: N: fir.add1_add.u1^fracta_out~15_FF, P: Block (n2559): I: 1, O: 1, PlInfo: PL Info (n2559): [29, 30], 0, 171>, <>]

: Source: <NetNode: N: fir.x2k2_mul^out_o1~0_FF, P: Block (n4855): I: 1, O: 1, PlInfo: PL Info (n4855): [29, 23], 0, 36>, 
	Sinks: [<>]

: Source: <NetNode: N: fir.add1_add.u1^fracta_out~14_FF, P: Block (n2434): I: 1, O: 1, PlInfo: PL Info (n2434): [24, 30], 0, 161>, 
	Sinks: [<NetNode: N: fir.add1_add.u1^fracta_out~14_FF, P: Block (n1814): I: 1, O: 1, PlInfo: PL Info (n1814): [31, 33], 0, 127>, <NetNode: N: fir.add1_add.u1^fracta_out~14_FF, P: Block (n2454): I: 1, O: 1, PlInfo: PL Info (n2454): [28, 30], 0, 165>, <NetNode: N: fir.add1_add.u1^fracta_out~14_FF, P: Block (n2559): I: 1, O: 1, PlInfo: PL Info (n2559): [29, 30], 0, 171>, <>]

: Source: <NetNode: N: n7960_1, P: Block (n7960_1): I: 1, O: 1, PlInfo: PL Info (n7960_1): [5, 4], 0, 300>, 
	Sinks: [<NetNode: N: n7960_1, P: Block (n7970_1): I: 1, O: 1, PlInfo: PL Info (n7970_1): [5, 3], 0, 303>, <NetNode: N: n7960_1, P: Block (n7757): I: 1, O: 1, PlInfo: PL Info (n7757): [7, 13], 0, 387>, <NetNode: N: n7960_1, P: Block (n7982): I: 1, O: 1, PlInfo: PL Info (n7982): [12, 4], 0, 394>, <NetNode: N: n7960_1, P: Block (n7766): I: 1, O: 1, PlInfo: PL Info (n7766): [7, 8], 0, 390>, <NetNode: N: n7960_1, P: Block (n8406): I: 1, O: 1, PlInfo: PL Info (n8406): [4, 11], 0, 309>, <NetNode: N: n7960_1, P: Block (n8896_1): I: 1, O: 1, PlInfo: PL Info (n8896_1): [13, 2], 0, 537>, <NetNode: N: n7960_1, P: Block (n8330): I: 1, O: 1, PlInfo: PL Info (n8330): [1, 5], 0, 307>, <NetNode: N: n7960_1, P: Block (n8161): I: 1, O: 1, PlInfo: PL Info (n8161): [4, 4], 0, 305>, <NetNode: N: n7960_1, P: Block (n8399): I: 1, O: 1, PlInfo: PL Info (n8399): [3, 3], 0, 308>, <NetNode: N: n7960_1, P: Block (n9005_1): I: 1, O: 1, PlInfo: PL Info (n9005_1): [8, 7], 0, 321>, <NetNode: N: n7960_1, P: Block (n8592_1): I: 1, O: 1, PlInfo: PL Info (n8592_1): [1, 4], 0, 310>, <NetNode: N: n7960_1, P: Block (n9082): I: 1, O: 1, PlInfo: PL Info (n9082): [9, 6], 0, 422>, <NetNode: N: n7960_1, P: Block (n8396_1): I: 1, O: 1, PlInfo: PL Info (n8396_1): [8, 10], 0, 407>, <NetNode: N: n7960_1, P: Block (n8849_1): I: 1, O: 1, PlInfo: PL Info (n8849_1): [8, 3], 0, 318>, <NetNode: N: n7960_1, P: Block (n8918): I: 1, O: 1, PlInfo: PL Info (n8918): [9, 9], 0, 419>, <NetNode: N: n7960_1, P: Block (n8703): I: 1, O: 1, PlInfo: PL Info (n8703): [4, 1], 0, 311>, <NetNode: N: n7960_1, P: Block (n8710): I: 1, O: 1, PlInfo: PL Info (n8710): [3, 6], 0, 312>, <NetNode: N: n7960_1, P: Block (n8975): I: 1, O: 1, PlInfo: PL Info (n8975): [1, 3], 0, 319>, <NetNode: N: n7960_1, P: Block (n8999): I: 1, O: 1, PlInfo: PL Info (n8999): [7, 9], 0, 421>, <NetNode: N: n7960_1, P: Block (n8775): I: 1, O: 1, PlInfo: PL Info (n8775): [4, 3], 0, 315>, <NetNode: N: n7960_1, P: Block (n8873_1): I: 1, O: 1, PlInfo: PL Info (n8873_1): [12, 2], 0, 536>, <NetNode: N: n7960_1, P: Block (n8691): I: 1, O: 1, PlInfo: PL Info (n8691): [3, 2], 0, 410>, <NetNode: N: n7960_1, P: Block (n8245): I: 1, O: 1, PlInfo: PL Info (n8245): [11, 2], 0, 397>, <NetNode: N: n7960_1, P: Block (n8297_1): I: 1, O: 1, PlInfo: PL Info (n8297_1): [7, 1], 0, 405>, <NetNode: N: n7960_1, P: Block (n9106): I: 1, O: 1, PlInfo: PL Info (n9106): [4, 10], 0, 323>, <NetNode: N: n7960_1, P: Block (n8821_1): I: 1, O: 1, PlInfo: PL Info (n8821_1): [3, 1], 0, 316>, <NetNode: N: n7960_1, P: Block (n8283): I: 1, O: 1, PlInfo: PL Info (n8283): [9, 2], 0, 401>, <NetNode: N: n7960_1, P: Block (n8869_1): I: 1, O: 1, PlInfo: PL Info (n8869_1): [9, 10], 0, 535>, <NetNode: N: n7960_1, P: Block (n8061): I: 1, O: 1, PlInfo: PL Info (n8061): [12, 7], 0, 685>, <NetNode: N: n7960_1, P: Block (n8616_1): I: 1, O: 1, PlInfo: PL Info (n8616_1): [1, 6], 0, 409>, <NetNode: N: n7960_1, P: Block (n8845_1): I: 1, O: 1, PlInfo: PL Info (n8845_1): [11, 5], 0, 414>, <NetNode: N: n7960_1, P: Block (n3892): I: 1, O: 1, PlInfo: PL Info (n3892): [13, 5], 0, 82>, <NetNode: N: n7960_1, P: Block (n3671): I: 1, O: 1, PlInfo: PL Info (n3671): [7, 4], 0, 97>, <>]

: Source: <NetNode: N: n14581, P: Block (n14581): I: 1, O: 1, PlInfo: PL Info (n14581): [31, 17], 0, 370>, 
	Sinks: [<NetNode: N: n14581, P: Block (n5065): I: 1, O: 1, PlInfo: PL Info (n5065): [28, 23], 0, 110>, <>]

: Source: <NetNode: N: n15670, P: Block (n15670): I: 1, O: 1, PlInfo: PL Info (n15670): [7, 32], 0, 502>, 
	Sinks: [<NetNode: N: n15670, P: Block (n16392): I: 1, O: 1, PlInfo: PL Info (n16392): [4, 28], 0, 522>, <NetNode: N: n15670, P: Block (n5538): I: 1, O: 1, PlInfo: PL Info (n5538): [13, 33], 0, 15>, <NetNode: N: n15670, P: Block (n5525): I: 1, O: 1, PlInfo: PL Info (n5525): [13, 32], 0, 14>, <NetNode: N: n15670, P: Block (n16596): I: 1, O: 1, PlInfo: PL Info (n16596): [3, 32], 0, 604>, <NetNode: N: n15670, P: Block (n5577): I: 1, O: 1, PlInfo: PL Info (n5577): [11, 31], 0, 17>, <NetNode: N: n15670, P: Block (n16133): I: 1, O: 1, PlInfo: PL Info (n16133): [3, 31], 0, 514>, <NetNode: N: n15670, P: Block (n16143): I: 1, O: 1, PlInfo: PL Info (n16143): [4, 30], 0, 577>, <NetNode: N: n15670, P: Block (n15929): I: 1, O: 1, PlInfo: PL Info (n15929): [5, 33], 0, 574>, <NetNode: N: n15670, P: Block (n15856): I: 1, O: 1, PlInfo: PL Info (n15856): [9, 32], 0, 572>, <NetNode: N: n15670, P: Block (n15650): I: 1, O: 1, PlInfo: PL Info (n15650): [7, 30], 0, 498>, <NetNode: N: n15670, P: Block (n16323): I: 1, O: 1, PlInfo: PL Info (n16323): [8, 34], 0, 520>, <NetNode: N: n15670, P: Block (n16567): I: 1, O: 1, PlInfo: PL Info (n16567): [12, 36], 0, 582>, <NetNode: N: n15670, P: Block (n16577): I: 1, O: 1, PlInfo: PL Info (n16577): [5, 27], 0, 601>, <NetNode: N: n15670, P: Block (n16584): I: 1, O: 1, PlInfo: PL Info (n16584): [13, 34], 0, 603>, <NetNode: N: n15670, P: Block (n15665): I: 1, O: 1, PlInfo: PL Info (n15665): [7, 28], 0, 569>, <NetNode: N: n15670, P: Block (n15667): I: 1, O: 1, PlInfo: PL Info (n15667): [5, 32], 0, 501>, <NetNode: N: n15670, P: Block (n5733): I: 1, O: 1, PlInfo: PL Info (n5733): [13, 29], 0, 25>, <NetNode: N: n15670, P: Block (n15688): I: 1, O: 1, PlInfo: PL Info (n15688): [5, 30], 0, 508>, <NetNode: N: n15670, P: Block (n16028): I: 1, O: 1, PlInfo: PL Info (n16028): [8, 30], 0, 575>, <NetNode: N: n15670, P: Block (n16616): I: 1, O: 1, PlInfo: PL Info (n16616): [3, 27], 0, 699>, <NetNode: N: n15670, P: Block (n15706): I: 1, O: 1, PlInfo: PL Info (n15706): [5, 34], 0, 509>, <NetNode: N: n15670, P: Block (n15958): I: 1, O: 1, PlInfo: PL Info (n15958): [3, 30], 0, 513>, <NetNode: N: n15670, P: Block (n16669): I: 1, O: 1, PlInfo: PL Info (n16669): [7, 25], 0, 607>, <NetNode: N: n15670, P: Block (n16429): I: 1, O: 1, PlInfo: PL Info (n16429): [4, 31], 0, 523>, <NetNode: N: n15670, P: Block (n16671): I: 1, O: 1, PlInfo: PL Info (n16671): [5, 28], 0, 608>, <NetNode: N: n15670, P: Block (n16438): I: 1, O: 1, PlInfo: PL Info (n16438): [4, 35], 0, 579>, <NetNode: N: n15670, P: Block (n16443): I: 1, O: 1, PlInfo: PL Info (n16443): [3, 33], 0, 581>, <NetNode: N: n15670, P: Block (n16692): I: 1, O: 1, PlInfo: PL Info (n16692): [8, 35], 0, 588>, <NetNode: N: n15670, P: Block (n16698): I: 1, O: 1, PlInfo: PL Info (n16698): [11, 36], 0, 589>, <NetNode: N: n15670, P: Block (n16630): I: 1, O: 1, PlInfo: PL Info (n16630): [9, 36], 0, 583>, <>]

: Source: <NetNode: N: n15671, P: Block (n15671): I: 1, O: 1, PlInfo: PL Info (n15671): [7, 29], 0, 503>, 
	Sinks: [<NetNode: N: n15671, P: Block (n16150): I: 1, O: 1, PlInfo: PL Info (n16150): [3, 29], 0, 515>, <NetNode: N: n15671, P: Block (n16392): I: 1, O: 1, PlInfo: PL Info (n16392): [4, 28], 0, 522>, <NetNode: N: n15671, P: Block (n5577): I: 1, O: 1, PlInfo: PL Info (n5577): [11, 31], 0, 17>, <NetNode: N: n15671, P: Block (n16133): I: 1, O: 1, PlInfo: PL Info (n16133): [3, 31], 0, 514>, <NetNode: N: n15671, P: Block (n16384): I: 1, O: 1, PlInfo: PL Info (n16384): [5, 29], 0, 578>, <NetNode: N: n15671, P: Block (n16143): I: 1, O: 1, PlInfo: PL Info (n16143): [4, 30], 0, 577>, <NetNode: N: n15671, P: Block (n15924): I: 1, O: 1, PlInfo: PL Info (n15924): [4, 34], 0, 512>, <NetNode: N: n15671, P: Block (n15927): I: 1, O: 1, PlInfo: PL Info (n15927): [5, 35], 0, 573>, <NetNode: N: n15671, P: Block (n15650): I: 1, O: 1, PlInfo: PL Info (n15650): [7, 30], 0, 498>, <NetNode: N: n15671, P: Block (n16323): I: 1, O: 1, PlInfo: PL Info (n16323): [8, 34], 0, 520>, <NetNode: N: n15671, P: Block (n16566): I: 1, O: 1, PlInfo: PL Info (n16566): [9, 28], 0, 599>, <NetNode: N: n15671, P: Block (n16579): I: 1, O: 1, PlInfo: PL Info (n16579): [9, 34], 0, 602>, <NetNode: N: n15671, P: Block (n16584): I: 1, O: 1, PlInfo: PL Info (n16584): [13, 34], 0, 603>, <NetNode: N: n15671, P: Block (n15651): I: 1, O: 1, PlInfo: PL Info (n15651): [7, 33], 0, 499>, <NetNode: N: n15671, P: Block (n15665): I: 1, O: 1, PlInfo: PL Info (n15665): [7, 28], 0, 569>, <NetNode: N: n15671, P: Block (n15667): I: 1, O: 1, PlInfo: PL Info (n15667): [5, 32], 0, 501>, <NetNode: N: n15671, P: Block (n16757): I: 1, O: 1, PlInfo: PL Info (n16757): [8, 36], 0, 609>, <NetNode: N: n15671, P: Block (n15673): I: 1, O: 1, PlInfo: PL Info (n15673): [5, 31], 0, 505>, <NetNode: N: n15671, P: Block (n15680): I: 1, O: 1, PlInfo: PL Info (n15680): [8, 31], 0, 507>, <NetNode: N: n15671, P: Block (n15688): I: 1, O: 1, PlInfo: PL Info (n15688): [5, 30], 0, 508>, <NetNode: N: n15671, P: Block (n16028): I: 1, O: 1, PlInfo: PL Info (n16028): [8, 30], 0, 575>, <NetNode: N: n15671, P: Block (n16088): I: 1, O: 1, PlInfo: PL Info (n16088): [9, 33], 0, 576>, <NetNode: N: n15671, P: Block (n16619): I: 1, O: 1, PlInfo: PL Info (n16619): [4, 29], 0, 606>, <NetNode: N: n15671, P: Block (n15958): I: 1, O: 1, PlInfo: PL Info (n15958): [3, 30], 0, 513>, <NetNode: N: n15671, P: Block (n16429): I: 1, O: 1, PlInfo: PL Info (n16429): [4, 31], 0, 523>, <NetNode: N: n15671, P: Block (n16438): I: 1, O: 1, PlInfo: PL Info (n16438): [4, 35], 0, 579>, <NetNode: N: n15671, P: Block (n16439): I: 1, O: 1, PlInfo: PL Info (n16439): [4, 27], 0, 580>, <NetNode: N: n15671, P: Block (n16443): I: 1, O: 1, PlInfo: PL Info (n16443): [3, 33], 0, 581>, <NetNode: N: n15671, P: Block (n16634): I: 1, O: 1, PlInfo: PL Info (n16634): [12, 35], 0, 585>, <NetNode: N: n15671, P: Block (n15787): I: 1, O: 1, PlInfo: PL Info (n15787): [3, 35], 0, 711>, <NetNode: N: n15671, P: Block (n16648): I: 1, O: 1, PlInfo: PL Info (n16648): [12, 33], 0, 586>, <>]

: Source: <NetNode: N: n14582, P: Block (n14582): I: 1, O: 1, PlInfo: PL Info (n14582): [20, 20], 0, 647>, 
	Sinks: [<NetNode: N: n14582, P: Block (n14581): I: 1, O: 1, PlInfo: PL Info (n14581): [31, 17], 0, 370>, <>]

: Source: <NetNode: N: n14387, P: Block (n14387): I: 1, O: 1, PlInfo: PL Info (n14387): [23, 23], 0, 661>, 
	Sinks: [<NetNode: N: n14387, P: Block (n5039): I: 1, O: 1, PlInfo: PL Info (n5039): [29, 24], 0, 40>, <>]

: Source: <NetNode: N: n11256_1, P: Block (n11256_1): I: 1, O: 1, PlInfo: PL Info (n11256_1): [25, 29], 0, 759>, 
	Sinks: [<NetNode: N: n11256_1, P: Block (n2449): I: 1, O: 1, PlInfo: PL Info (n2449): [24, 29], 0, 164>, <>]

: Source: <NetNode: N: n15672, P: Block (n15672): I: 1, O: 1, PlInfo: PL Info (n15672): [8, 33], 0, 504>, 
	Sinks: [<NetNode: N: n15672, P: Block (n16150): I: 1, O: 1, PlInfo: PL Info (n16150): [3, 29], 0, 515>, <NetNode: N: n15672, P: Block (n16392): I: 1, O: 1, PlInfo: PL Info (n16392): [4, 28], 0, 522>, <NetNode: N: n15672, P: Block (n5538): I: 1, O: 1, PlInfo: PL Info (n5538): [13, 33], 0, 15>, <NetNode: N: n15672, P: Block (n16596): I: 1, O: 1, PlInfo: PL Info (n16596): [3, 32], 0, 604>, <NetNode: N: n15672, P: Block (n16133): I: 1, O: 1, PlInfo: PL Info (n16133): [3, 31], 0, 514>, <NetNode: N: n15672, P: Block (n5564): I: 1, O: 1, PlInfo: PL Info (n5564): [12, 31], 0, 16>, <NetNode: N: n15672, P: Block (n16143): I: 1, O: 1, PlInfo: PL Info (n16143): [4, 30], 0, 577>, <NetNode: N: n15672, P: Block (n16387): I: 1, O: 1, PlInfo: PL Info (n16387): [3, 34], 0, 706>, <NetNode: N: n15672, P: Block (n15924): I: 1, O: 1, PlInfo: PL Info (n15924): [4, 34], 0, 512>, <NetNode: N: n15672, P: Block (n15927): I: 1, O: 1, PlInfo: PL Info (n15927): [5, 35], 0, 573>, <NetNode: N: n15672, P: Block (n15856): I: 1, O: 1, PlInfo: PL Info (n15856): [9, 32], 0, 572>, <NetNode: N: n15672, P: Block (n16718): I: 1, O: 1, PlInfo: PL Info (n16718): [3, 36], 0, 743>, <NetNode: N: n15672, P: Block (n15405): I: 1, O: 1, PlInfo: PL Info (n15405): [11, 28], 0, 567>, <NetNode: N: n15672, P: Block (n15650): I: 1, O: 1, PlInfo: PL Info (n15650): [7, 30], 0, 498>, <NetNode: N: n15672, P: Block (n16322): I: 1, O: 1, PlInfo: PL Info (n16322): [9, 26], 0, 519>, <NetNode: N: n15672, P: Block (n16323): I: 1, O: 1, PlInfo: PL Info (n16323): [8, 34], 0, 520>, <NetNode: N: n15672, P: Block (n16577): I: 1, O: 1, PlInfo: PL Info (n16577): [5, 27], 0, 601>, <NetNode: N: n15672, P: Block (n15665): I: 1, O: 1, PlInfo: PL Info (n15665): [7, 28], 0, 569>, <NetNode: N: n15672, P: Block (n15688): I: 1, O: 1, PlInfo: PL Info (n15688): [5, 30], 0, 508>, <NetNode: N: n15672, P: Block (n16028): I: 1, O: 1, PlInfo: PL Info (n16028): [8, 30], 0, 575>, <NetNode: N: n15672, P: Block (n5668): I: 1, O: 1, PlInfo: PL Info (n5668): [8, 28], 0, 21>, <NetNode: N: n15672, P: Block (n5681): I: 1, O: 1, PlInfo: PL Info (n5681): [11, 30], 0, 22>, <NetNode: N: n15672, P: Block (n5499): I: 1, O: 1, PlInfo: PL Info (n5499): [12, 34], 0, 43>, <NetNode: N: n15672, P: Block (n5486): I: 1, O: 1, PlInfo: PL Info (n5486): [11, 34], 0, 12>, <NetNode: N: n15672, P: Block (n16088): I: 1, O: 1, PlInfo: PL Info (n16088): [9, 33], 0, 576>, <NetNode: N: n15672, P: Block (n15715): I: 1, O: 1, PlInfo: PL Info (n15715): [8, 32], 0, 510>, <NetNode: N: n15672, P: Block (n16669): I: 1, O: 1, PlInfo: PL Info (n16669): [7, 25], 0, 607>, <NetNode: N: n15672, P: Block (n16438): I: 1, O: 1, PlInfo: PL Info (n16438): [4, 35], 0, 579>, <NetNode: N: n15672, P: Block (n16439): I: 1, O: 1, PlInfo: PL Info (n16439): [4, 27], 0, 580>, <NetNode: N: n15672, P: Block (n16443): I: 1, O: 1, PlInfo: PL Info (n16443): [3, 33], 0, 581>, <NetNode: N: n15672, P: Block (n16692): I: 1, O: 1, PlInfo: PL Info (n16692): [8, 35], 0, 588>, <NetNode: N: n15672, P: Block (n16698): I: 1, O: 1, PlInfo: PL Info (n16698): [11, 36], 0, 589>, <NetNode: N: n15672, P: Block (n16633): I: 1, O: 1, PlInfo: PL Info (n16633): [7, 26], 0, 584>, <NetNode: N: n15672, P: Block (n15787): I: 1, O: 1, PlInfo: PL Info (n15787): [3, 35], 0, 711>, <>]

: Source: <NetNode: N: n15673, P: Block (n15673): I: 1, O: 1, PlInfo: PL Info (n15673): [5, 31], 0, 505>, 
	Sinks: [<NetNode: N: n15673, P: Block (n16596): I: 1, O: 1, PlInfo: PL Info (n16596): [3, 32], 0, 604>, <NetNode: N: n15673, P: Block (n5564): I: 1, O: 1, PlInfo: PL Info (n5564): [12, 31], 0, 16>, <NetNode: N: n15673, P: Block (n16384): I: 1, O: 1, PlInfo: PL Info (n16384): [5, 29], 0, 578>, <NetNode: N: n15673, P: Block (n15921): I: 1, O: 1, PlInfo: PL Info (n15921): [4, 36], 0, 511>, <NetNode: N: n15673, P: Block (n15924): I: 1, O: 1, PlInfo: PL Info (n15924): [4, 34], 0, 512>, <NetNode: N: n15673, P: Block (n15852): I: 1, O: 1, PlInfo: PL Info (n15852): [7, 34], 0, 571>, <NetNode: N: n15673, P: Block (n15650): I: 1, O: 1, PlInfo: PL Info (n15650): [7, 30], 0, 498>, <NetNode: N: n15673, P: Block (n16303): I: 1, O: 1, PlInfo: PL Info (n16303): [4, 32], 0, 517>, <NetNode: N: n15673, P: Block (n16323): I: 1, O: 1, PlInfo: PL Info (n16323): [8, 34], 0, 520>, <NetNode: N: n15673, P: Block (n16567): I: 1, O: 1, PlInfo: PL Info (n16567): [12, 36], 0, 582>, <NetNode: N: n15673, P: Block (n16584): I: 1, O: 1, PlInfo: PL Info (n16584): [13, 34], 0, 603>, <NetNode: N: n15673, P: Block (n15665): I: 1, O: 1, PlInfo: PL Info (n15665): [7, 28], 0, 569>, <NetNode: N: n15673, P: Block (n15688): I: 1, O: 1, PlInfo: PL Info (n15688): [5, 30], 0, 508>, <NetNode: N: n15673, P: Block (n5499): I: 1, O: 1, PlInfo: PL Info (n5499): [12, 34], 0, 43>, <NetNode: N: n15673, P: Block (n16803): I: 1, O: 1, PlInfo: PL Info (n16803): [7, 36], 0, 591>, <NetNode: N: n15673, P: Block (n16429): I: 1, O: 1, PlInfo: PL Info (n16429): [4, 31], 0, 523>, <NetNode: N: n15673, P: Block (n16438): I: 1, O: 1, PlInfo: PL Info (n16438): [4, 35], 0, 579>, <NetNode: N: n15673, P: Block (n16630): I: 1, O: 1, PlInfo: PL Info (n16630): [9, 36], 0, 583>, <NetNode: N: n15673, P: Block (n16650): I: 1, O: 1, PlInfo: PL Info (n16650): [5, 36], 0, 587>, <>]

: Source: <NetNode: N: n14385, P: Block (n14385): I: 1, O: 1, PlInfo: PL Info (n14385): [28, 18], 0, 559>, 
	Sinks: [<NetNode: N: n14385, P: Block (n5052): I: 1, O: 1, PlInfo: PL Info (n5052): [31, 21], 0, 41>, <>]

: Source: <NetNode: N: fir.x1k1_mul.u5^prod1~16_FF, P: Block (n13051): I: 1, O: 1, PlInfo: PL Info (n13051): [33, 13], 0, 861>, 
	Sinks: [<NetNode: N: fir.x1k1_mul.u5^prod1~16_FF, P: Block (n13487): I: 1, O: 1, PlInfo: PL Info (n13487): [32, 11], 0, 717>, <>]

: Source: <NetNode: N: n14140, P: Block (n14140): I: 1, O: 1, PlInfo: PL Info (n14140): [28, 16], 0, 878>, 
	Sinks: [<NetNode: N: n14140, P: Block (n14061): I: 1, O: 1, PlInfo: PL Info (n14061): [27, 21], 0, 358>, <>]

: Source: <NetNode: N: n13292, P: Block (n13292): I: 1, O: 1, PlInfo: PL Info (n13292): [35, 11], 0, 822>, 
	Sinks: [<NetNode: N: n13292, P: Block (n13566): I: 1, O: 1, PlInfo: PL Info (n13566): [35, 9], 0, 666>, <>]

: Source: <NetNode: N: n15679, P: Block (n15679): I: 1, O: 1, PlInfo: PL Info (n15679): [7, 31], 0, 506>, 
	Sinks: [<NetNode: N: n15679, P: Block (n16392): I: 1, O: 1, PlInfo: PL Info (n16392): [4, 28], 0, 522>, <NetNode: N: n15679, P: Block (n5538): I: 1, O: 1, PlInfo: PL Info (n5538): [13, 33], 0, 15>, <NetNode: N: n15679, P: Block (n16596): I: 1, O: 1, PlInfo: PL Info (n16596): [3, 32], 0, 604>, <NetNode: N: n15679, P: Block (n16133): I: 1, O: 1, PlInfo: PL Info (n16133): [3, 31], 0, 514>, <NetNode: N: n15679, P: Block (n5564): I: 1, O: 1, PlInfo: PL Info (n5564): [12, 31], 0, 16>, <NetNode: N: n15679, P: Block (n16384): I: 1, O: 1, PlInfo: PL Info (n16384): [5, 29], 0, 578>, <NetNode: N: n15679, P: Block (n16143): I: 1, O: 1, PlInfo: PL Info (n16143): [4, 30], 0, 577>, <NetNode: N: n15679, P: Block (n15921): I: 1, O: 1, PlInfo: PL Info (n15921): [4, 36], 0, 511>, <NetNode: N: n15679, P: Block (n15924): I: 1, O: 1, PlInfo: PL Info (n15924): [4, 34], 0, 512>, <NetNode: N: n15679, P: Block (n15852): I: 1, O: 1, PlInfo: PL Info (n15852): [7, 34], 0, 571>, <NetNode: N: n15679, P: Block (n15856): I: 1, O: 1, PlInfo: PL Info (n15856): [9, 32], 0, 572>, <NetNode: N: n15679, P: Block (n16730): I: 1, O: 1, PlInfo: PL Info (n16730): [4, 33], 0, 590>, <NetNode: N: n15679, P: Block (n15650): I: 1, O: 1, PlInfo: PL Info (n15650): [7, 30], 0, 498>, <NetNode: N: n15679, P: Block (n16303): I: 1, O: 1, PlInfo: PL Info (n16303): [4, 32], 0, 517>, <NetNode: N: n15679, P: Block (n16322): I: 1, O: 1, PlInfo: PL Info (n16322): [9, 26], 0, 519>, <NetNode: N: n15679, P: Block (n16323): I: 1, O: 1, PlInfo: PL Info (n16323): [8, 34], 0, 520>, <NetNode: N: n15679, P: Block (n16577): I: 1, O: 1, PlInfo: PL Info (n16577): [5, 27], 0, 601>, <NetNode: N: n15679, P: Block (n16584): I: 1, O: 1, PlInfo: PL Info (n16584): [13, 34], 0, 603>, <NetNode: N: n15679, P: Block (n15667): I: 1, O: 1, PlInfo: PL Info (n15667): [5, 32], 0, 501>, <NetNode: N: n15679, P: Block (n15673): I: 1, O: 1, PlInfo: PL Info (n15673): [5, 31], 0, 505>, <NetNode: N: n15679, P: Block (n15688): I: 1, O: 1, PlInfo: PL Info (n15688): [5, 30], 0, 508>, <NetNode: N: n15679, P: Block (n16028): I: 1, O: 1, PlInfo: PL Info (n16028): [8, 30], 0, 575>, <NetNode: N: n15679, P: Block (n5668): I: 1, O: 1, PlInfo: PL Info (n5668): [8, 28], 0, 21>, <NetNode: N: n15679, P: Block (n5694): I: 1, O: 1, PlInfo: PL Info (n5694): [12, 30], 0, 23>, <NetNode: N: n15679, P: Block (n5681): I: 1, O: 1, PlInfo: PL Info (n5681): [11, 30], 0, 22>, <NetNode: N: n15679, P: Block (n16616): I: 1, O: 1, PlInfo: PL Info (n16616): [3, 27], 0, 699>, <NetNode: N: n15679, P: Block (n15958): I: 1, O: 1, PlInfo: PL Info (n15958): [3, 30], 0, 513>, <NetNode: N: n15679, P: Block (n16671): I: 1, O: 1, PlInfo: PL Info (n16671): [5, 28], 0, 608>, <NetNode: N: n15679, P: Block (n16443): I: 1, O: 1, PlInfo: PL Info (n16443): [3, 33], 0, 581>, <NetNode: N: n15679, P: Block (n16630): I: 1, O: 1, PlInfo: PL Info (n16630): [9, 36], 0, 583>, <NetNode: N: n15679, P: Block (n16634): I: 1, O: 1, PlInfo: PL Info (n16634): [12, 35], 0, 585>, <>]

: Source: <NetNode: N: fir^x_reg16~11_FF, P: Block (fir^x_reg15~11_FF): I: 1, O: 1, PlInfo: PL Info (fir^x_reg15~11_FF): [15, 26], 0, 941>, 
	Sinks: [<>]

: Source: <NetNode: N: fir.x2k2_mul^out_o1~1_FF, P: Block (n4883): I: 1, O: 1, PlInfo: PL Info (n4883): [29, 22], 0, 108>, 
	Sinks: [<>]

: Source: <NetNode: N: fir.add1_add.u1^fracta_out~20_FF, P: Block (n2464): I: 1, O: 1, PlInfo: PL Info (n2464): [23, 26], 0, 167>, 
	Sinks: [<NetNode: N: fir.add1_add.u1^fracta_out~20_FF, P: Block (n2474): I: 1, O: 1, PlInfo: PL Info (n2474): [29, 29], 0, 169>, <NetNode: N: fir.add1_add.u1^fracta_out~20_FF, P: Block (n2454): I: 1, O: 1, PlInfo: PL Info (n2454): [28, 30], 0, 165>, <>]

: Source: <NetNode: N: fir^out~2, P: Block (fir^out_reg~2_FF): I: 1, O: 1, PlInfo: PL Info (fir^out_reg~2_FF): [15, 18], 0, 928>, 
	Sinks: [<NetNode: N: fir^out~2, P: Block (out:fir^out~2): I: 1, O: 0, PlInfo: PL Info (out:fir^out~2): [15, 0], 4, 950>, <>]

: Source: <NetNode: N: n8167_1, P: Block (n8167_1): I: 1, O: 1, PlInfo: PL Info (n8167_1): [12, 1], 0, 395>, 
	Sinks: [<NetNode: N: n8167_1, P: Block (n3827): I: 1, O: 1, PlInfo: PL Info (n3827): [12, 6], 0, 101>, <>]

: Source: <NetNode: N: fir.x1k1_mul^out_o1~28_FF, P: Block (n4649): I: 1, O: 1, PlInfo: PL Info (n4649): [25, 9], 0, 219>, 
	Sinks: [<>]

: Source: <NetNode: N: n7762_1, P: Block (n7762_1): I: 1, O: 1, PlInfo: PL Info (n7762_1): [7, 16], 0, 389>, 
	Sinks: [<NetNode: N: n7762_1, P: Block (n7757): I: 1, O: 1, PlInfo: PL Info (n7757): [7, 13], 0, 387>, <>]

: Source: <NetNode: N: fir.add1_add.u1^fracta_out~21_FF, P: Block (n2469): I: 1, O: 1, PlInfo: PL Info (n2469): [31, 29], 0, 168>, 
	Sinks: [<NetNode: N: fir.add1_add.u1^fracta_out~21_FF, P: Block (n2474): I: 1, O: 1, PlInfo: PL Info (n2474): [29, 29], 0, 169>, <>]

: Source: <NetNode: N: fir.x3k3_mul^out_o1~20_FF, P: Block (n5733): I: 1, O: 1, PlInfo: PL Info (n5733): [13, 29], 0, 25>, 
	Sinks: [<>]

: Source: <NetNode: N: n9401_1, P: Block (n9401_1): I: 1, O: 1, PlInfo: PL Info (n9401_1): [20, 3], 0, 633>, 
	Sinks: [<NetNode: N: n9401_1, P: Block (n2762): I: 1, O: 1, PlInfo: PL Info (n2762): [17, 5], 0, 201>, <>]

: Source: <NetNode: N: n15680, P: Block (n15680): I: 1, O: 1, PlInfo: PL Info (n15680): [8, 31], 0, 507>, 
	Sinks: [<NetNode: N: n15680, P: Block (n16392): I: 1, O: 1, PlInfo: PL Info (n16392): [4, 28], 0, 522>, <NetNode: N: n15680, P: Block (n5538): I: 1, O: 1, PlInfo: PL Info (n5538): [13, 33], 0, 15>, <NetNode: N: n15680, P: Block (n5577): I: 1, O: 1, PlInfo: PL Info (n5577): [11, 31], 0, 17>, <NetNode: N: n15680, P: Block (n16133): I: 1, O: 1, PlInfo: PL Info (n16133): [3, 31], 0, 514>, <NetNode: N: n15680, P: Block (n5564): I: 1, O: 1, PlInfo: PL Info (n5564): [12, 31], 0, 16>, <NetNode: N: n15680, P: Block (n16384): I: 1, O: 1, PlInfo: PL Info (n16384): [5, 29], 0, 578>, <NetNode: N: n15680, P: Block (n15921): I: 1, O: 1, PlInfo: PL Info (n15921): [4, 36], 0, 511>, <NetNode: N: n15680, P: Block (n15924): I: 1, O: 1, PlInfo: PL Info (n15924): [4, 34], 0, 512>, <NetNode: N: n15680, P: Block (n15927): I: 1, O: 1, PlInfo: PL Info (n15927): [5, 35], 0, 573>, <NetNode: N: n15680, P: Block (n15929): I: 1, O: 1, PlInfo: PL Info (n15929): [5, 33], 0, 574>, <NetNode: N: n15680, P: Block (n15852): I: 1, O: 1, PlInfo: PL Info (n15852): [7, 34], 0, 571>, <NetNode: N: n15680, P: Block (n16730): I: 1, O: 1, PlInfo: PL Info (n16730): [4, 33], 0, 590>, <NetNode: N: n15680, P: Block (n15650): I: 1, O: 1, PlInfo: PL Info (n15650): [7, 30], 0, 498>, <NetNode: N: n15680, P: Block (n16322): I: 1, O: 1, PlInfo: PL Info (n16322): [9, 26], 0, 519>, <NetNode: N: n15680, P: Block (n16323): I: 1, O: 1, PlInfo: PL Info (n16323): [8, 34], 0, 520>, <NetNode: N: n15680, P: Block (n16576): I: 1, O: 1, PlInfo: PL Info (n16576): [11, 33], 0, 600>, <NetNode: N: n15680, P: Block (n16584): I: 1, O: 1, PlInfo: PL Info (n16584): [13, 34], 0, 603>, <NetNode: N: n15680, P: Block (n15667): I: 1, O: 1, PlInfo: PL Info (n15667): [5, 32], 0, 501>, <NetNode: N: n15680, P: Block (n5707): I: 1, O: 1, PlInfo: PL Info (n5707): [13, 30], 0, 24>, <NetNode: N: n15680, P: Block (n15673): I: 1, O: 1, PlInfo: PL Info (n15673): [5, 31], 0, 505>, <NetNode: N: n15680, P: Block (n15679): I: 1, O: 1, PlInfo: PL Info (n15679): [7, 31], 0, 506>, <NetNode: N: n15680, P: Block (n15688): I: 1, O: 1, PlInfo: PL Info (n15688): [5, 30], 0, 508>, <NetNode: N: n15680, P: Block (n16028): I: 1, O: 1, PlInfo: PL Info (n16028): [8, 30], 0, 575>, <NetNode: N: n15680, P: Block (n5668): I: 1, O: 1, PlInfo: PL Info (n5668): [8, 28], 0, 21>, <NetNode: N: n15680, P: Block (n5694): I: 1, O: 1, PlInfo: PL Info (n5694): [12, 30], 0, 23>, <NetNode: N: n15680, P: Block (n5681): I: 1, O: 1, PlInfo: PL Info (n5681): [11, 30], 0, 22>, <NetNode: N: n15680, P: Block (n16602): I: 1, O: 1, PlInfo: PL Info (n16602): [11, 35], 0, 605>, <NetNode: N: n15680, P: Block (n15706): I: 1, O: 1, PlInfo: PL Info (n15706): [5, 34], 0, 509>, <NetNode: N: n15680, P: Block (n15958): I: 1, O: 1, PlInfo: PL Info (n15958): [3, 30], 0, 513>, <NetNode: N: n15680, P: Block (n16671): I: 1, O: 1, PlInfo: PL Info (n16671): [5, 28], 0, 608>, <NetNode: N: n15680, P: Block (n16438): I: 1, O: 1, PlInfo: PL Info (n16438): [4, 35], 0, 579>, <NetNode: N: n15680, P: Block (n16439): I: 1, O: 1, PlInfo: PL Info (n16439): [4, 27], 0, 580>, <NetNode: N: n15680, P: Block (n16630): I: 1, O: 1, PlInfo: PL Info (n16630): [9, 36], 0, 583>, <NetNode: N: n15680, P: Block (n16633): I: 1, O: 1, PlInfo: PL Info (n16633): [7, 26], 0, 584>, <>]

: Source: <NetNode: N: n16771, P: Block (n16771): I: 1, O: 1, PlInfo: PL Info (n16771): [5, 23], 0, 718>, 
	Sinks: [<NetNode: N: n16771, P: Block (n16669): I: 1, O: 1, PlInfo: PL Info (n16669): [7, 25], 0, 607>, <>]

: Source: <NetNode: N: n13285, P: Block (n13285): I: 1, O: 1, PlInfo: PL Info (n13285): [36, 13], 0, 821>, 
	Sinks: [<NetNode: N: n13285, P: Block (n12380): I: 1, O: 1, PlInfo: PL Info (n12380): [25, 15], 0, 429>, <>]

: Source: <NetNode: N: fir.x3k3_mul.u5^prod1~34_FF, P: Block (n15443): I: 1, O: 1, PlInfo: PL Info (n15443): [12, 26], 0, 568>, 
	Sinks: [<>]

: Source: <NetNode: N: fir^x_reg8~0_FF, P: Block (n13042): I: 1, O: 1, PlInfo: PL Info (n13042): [31, 16], 0, 873>, 
	Sinks: [<>]

: Source: <NetNode: N: n15688, P: Block (n15688): I: 1, O: 1, PlInfo: PL Info (n15688): [5, 30], 0, 508>, 
	Sinks: [<NetNode: N: n15688, P: Block (n5759): I: 1, O: 1, PlInfo: PL Info (n5759): [13, 28], 0, 26>, <NetNode: N: n15688, P: Block (n16150): I: 1, O: 1, PlInfo: PL Info (n16150): [3, 29], 0, 515>, <NetNode: N: n15688, P: Block (n16392): I: 1, O: 1, PlInfo: PL Info (n16392): [4, 28], 0, 522>, <NetNode: N: n15688, P: Block (n5525): I: 1, O: 1, PlInfo: PL Info (n5525): [13, 32], 0, 14>, <NetNode: N: n15688, P: Block (n5564): I: 1, O: 1, PlInfo: PL Info (n5564): [12, 31], 0, 16>, <NetNode: N: n15688, P: Block (n16143): I: 1, O: 1, PlInfo: PL Info (n16143): [4, 30], 0, 577>, <NetNode: N: n15688, P: Block (n16387): I: 1, O: 1, PlInfo: PL Info (n16387): [3, 34], 0, 706>, <NetNode: N: n15688, P: Block (n15921): I: 1, O: 1, PlInfo: PL Info (n15921): [4, 36], 0, 511>, <NetNode: N: n15688, P: Block (n15852): I: 1, O: 1, PlInfo: PL Info (n15852): [7, 34], 0, 571>, <NetNode: N: n15688, P: Block (n16718): I: 1, O: 1, PlInfo: PL Info (n16718): [3, 36], 0, 743>, <NetNode: N: n15688, P: Block (n16330): I: 1, O: 1, PlInfo: PL Info (n16330): [9, 24], 0, 521>, <NetNode: N: n15688, P: Block (n16579): I: 1, O: 1, PlInfo: PL Info (n16579): [9, 34], 0, 602>, <NetNode: N: n15688, P: Block (n16757): I: 1, O: 1, PlInfo: PL Info (n16757): [8, 36], 0, 609>, <NetNode: N: n15688, P: Block (n5733): I: 1, O: 1, PlInfo: PL Info (n5733): [13, 29], 0, 25>, <NetNode: N: n15688, P: Block (n16028): I: 1, O: 1, PlInfo: PL Info (n16028): [8, 30], 0, 575>, <NetNode: N: n15688, P: Block (n16274): I: 1, O: 1, PlInfo: PL Info (n16274): [8, 27], 0, 516>, <NetNode: N: n15688, P: Block (n5655): I: 1, O: 1, PlInfo: PL Info (n5655): [9, 30], 0, 20>, <NetNode: N: n15688, P: Block (n5694): I: 1, O: 1, PlInfo: PL Info (n5694): [12, 30], 0, 23>, <NetNode: N: n15688, P: Block (n16498): I: 1, O: 1, PlInfo: PL Info (n16498): [13, 31], 0, 598>, <NetNode: N: n15688, P: Block (n16081): I: 1, O: 1, PlInfo: PL Info (n16081): [4, 26], 0, 597>, <NetNode: N: n15688, P: Block (n16088): I: 1, O: 1, PlInfo: PL Info (n16088): [9, 33], 0, 576>, <NetNode: N: n15688, P: Block (n16602): I: 1, O: 1, PlInfo: PL Info (n16602): [11, 35], 0, 605>, <NetNode: N: n15688, P: Block (n16616): I: 1, O: 1, PlInfo: PL Info (n16616): [3, 27], 0, 699>, <NetNode: N: n15688, P: Block (n15958): I: 1, O: 1, PlInfo: PL Info (n15958): [3, 30], 0, 513>, <NetNode: N: n15688, P: Block (n16669): I: 1, O: 1, PlInfo: PL Info (n16669): [7, 25], 0, 607>, <NetNode: N: n15688, P: Block (n16438): I: 1, O: 1, PlInfo: PL Info (n16438): [4, 35], 0, 579>, <NetNode: N: n15688, P: Block (n16439): I: 1, O: 1, PlInfo: PL Info (n16439): [4, 27], 0, 580>, <NetNode: N: n15688, P: Block (n16443): I: 1, O: 1, PlInfo: PL Info (n16443): [3, 33], 0, 581>, <NetNode: N: n15688, P: Block (n16698): I: 1, O: 1, PlInfo: PL Info (n16698): [11, 36], 0, 589>, <NetNode: N: n15688, P: Block (n16648): I: 1, O: 1, PlInfo: PL Info (n16648): [12, 33], 0, 586>, <>]

: Source: <NetNode: N: fir.x0k0_mul.u5^prod~6_FF, P: Block (fir.x0k0_mul.u5^prod1~6_FF): I: 1, O: 1, PlInfo: PL Info (fir.x0k0_mul.u5^prod1~6_FF): [4, 15], 0, 925>, 
	Sinks: [<NetNode: N: fir.x0k0_mul.u5^prod~6_FF, P: Block (n7970_1): I: 1, O: 1, PlInfo: PL Info (n7970_1): [5, 3], 0, 303>, <NetNode: N: fir.x0k0_mul.u5^prod~6_FF, P: Block (n8924_1): I: 1, O: 1, PlInfo: PL Info (n8924_1): [9, 1], 0, 420>, <NetNode: N: fir.x0k0_mul.u5^prod~6_FF, P: Block (n8761_1): I: 1, O: 1, PlInfo: PL Info (n8761_1): [3, 7], 0, 314>, <NetNode: N: fir.x0k0_mul.u5^prod~6_FF, P: Block (n8819): I: 1, O: 1, PlInfo: PL Info (n8819): [12, 3], 0, 412>, <NetNode: N: fir.x0k0_mul.u5^prod~6_FF, P: Block (n7752): I: 1, O: 1, PlInfo: PL Info (n7752): [7, 15], 0, 293>, <NetNode: N: fir.x0k0_mul.u5^prod~6_FF, P: Block (n8892_1): I: 1, O: 1, PlInfo: PL Info (n8892_1): [11, 7], 0, 417>, <NetNode: N: fir.x0k0_mul.u5^prod~6_FF, P: Block (n7757): I: 1, O: 1, PlInfo: PL Info (n7757): [7, 13], 0, 387>, <NetNode: N: fir.x0k0_mul.u5^prod~6_FF, P: Block (n7982): I: 1, O: 1, PlInfo: PL Info (n7982): [12, 4], 0, 394>, <NetNode: N: fir.x0k0_mul.u5^prod~6_FF, P: Block (n8835): I: 1, O: 1, PlInfo: PL Info (n8835): [3, 13], 0, 413>, <NetNode: N: fir.x0k0_mul.u5^prod~6_FF, P: Block (n7766): I: 1, O: 1, PlInfo: PL Info (n7766): [7, 8], 0, 390>, <NetNode: N: fir.x0k0_mul.u5^prod~6_FF, P: Block (n8086_1): I: 1, O: 1, PlInfo: PL Info (n8086_1): [11, 4], 0, 532>, <NetNode: N: fir.x0k0_mul.u5^prod~6_FF, P: Block (n8184_1): I: 1, O: 1, PlInfo: PL Info (n8184_1): [9, 17], 0, 775>, <NetNode: N: fir.x0k0_mul.u5^prod~6_FF, P: Block (n8436): I: 1, O: 1, PlInfo: PL Info (n8436): [11, 15], 0, 793>, <NetNode: N: fir.x0k0_mul.u5^prod~6_FF, P: Block (n655): I: 1, O: 1, PlInfo: PL Info (n655): [9, 5], 0, 28>, <NetNode: N: fir.x0k0_mul.u5^prod~6_FF, P: Block (n8330): I: 1, O: 1, PlInfo: PL Info (n8330): [1, 5], 0, 307>, <NetNode: N: fir.x0k0_mul.u5^prod~6_FF, P: Block (n7951_1): I: 1, O: 1, PlInfo: PL Info (n7951_1): [4, 6], 0, 299>, <NetNode: N: fir.x0k0_mul.u5^prod~6_FF, P: Block (n8173): I: 1, O: 1, PlInfo: PL Info (n8173): [7, 6], 0, 306>, <NetNode: N: fir.x0k0_mul.u5^prod~6_FF, P: Block (n8592_1): I: 1, O: 1, PlInfo: PL Info (n8592_1): [1, 4], 0, 310>, <NetNode: N: fir.x0k0_mul.u5^prod~6_FF, P: Block (n9082): I: 1, O: 1, PlInfo: PL Info (n9082): [9, 6], 0, 422>, <NetNode: N: fir.x0k0_mul.u5^prod~6_FF, P: Block (n8396_1): I: 1, O: 1, PlInfo: PL Info (n8396_1): [8, 10], 0, 407>, <NetNode: N: fir.x0k0_mul.u5^prod~6_FF, P: Block (n3762): I: 1, O: 1, PlInfo: PL Info (n3762): [11, 3], 0, 5>, <NetNode: N: fir.x0k0_mul.u5^prod~6_FF, P: Block (n8154_1): I: 1, O: 1, PlInfo: PL Info (n8154_1): [9, 14], 0, 769>, <NetNode: N: fir.x0k0_mul.u5^prod~6_FF, P: Block (n7762_1): I: 1, O: 1, PlInfo: PL Info (n7762_1): [7, 16], 0, 389>, <NetNode: N: fir.x0k0_mul.u5^prod~6_FF, P: Block (n3788): I: 1, O: 1, PlInfo: PL Info (n3788): [12, 5], 0, 100>, <NetNode: N: fir.x0k0_mul.u5^prod~6_FF, P: Block (n7786_1): I: 1, O: 1, PlInfo: PL Info (n7786_1): [5, 15], 0, 294>, <NetNode: N: fir.x0k0_mul.u5^prod~6_FF, P: Block (n8849_1): I: 1, O: 1, PlInfo: PL Info (n8849_1): [8, 3], 0, 318>, <NetNode: N: fir.x0k0_mul.u5^prod~6_FF, P: Block (n9004_1): I: 1, O: 1, PlInfo: PL Info (n9004_1): [9, 4], 0, 320>, <NetNode: N: fir.x0k0_mul.u5^prod~6_FF, P: Block (n8975): I: 1, O: 1, PlInfo: PL Info (n8975): [1, 3], 0, 319>, <NetNode: N: fir.x0k0_mul.u5^prod~6_FF, P: Block (n8292_1): I: 1, O: 1, PlInfo: PL Info (n8292_1): [11, 1], 0, 402>, <NetNode: N: fir.x0k0_mul.u5^prod~6_FF, P: Block (n7759_1): I: 1, O: 1, PlInfo: PL Info (n7759_1): [7, 12], 0, 388>, <NetNode: N: fir.x0k0_mul.u5^prod~6_FF, P: Block (n8225): I: 1, O: 1, PlInfo: PL Info (n8225): [3, 4], 0, 534>, <NetNode: N: fir.x0k0_mul.u5^prod~6_FF, P: Block (n8691): I: 1, O: 1, PlInfo: PL Info (n8691): [3, 2], 0, 410>, <NetNode: N: fir.x0k0_mul.u5^prod~6_FF, P: Block (n8297_1): I: 1, O: 1, PlInfo: PL Info (n8297_1): [7, 1], 0, 405>, <NetNode: N: fir.x0k0_mul.u5^prod~6_FF, P: Block (n8283): I: 1, O: 1, PlInfo: PL Info (n8283): [9, 2], 0, 401>, <NetNode: N: fir.x0k0_mul.u5^prod~6_FF, P: Block (n8061): I: 1, O: 1, PlInfo: PL Info (n8061): [12, 7], 0, 685>, <NetNode: N: fir.x0k0_mul.u5^prod~6_FF, P: Block (n8616_1): I: 1, O: 1, PlInfo: PL Info (n8616_1): [1, 6], 0, 409>, <NetNode: N: fir.x0k0_mul.u5^prod~6_FF, P: Block (n8299): I: 1, O: 1, PlInfo: PL Info (n8299): [5, 1], 0, 406>, <NetNode: N: fir.x0k0_mul.u5^prod~6_FF, P: Block (n7961_1): I: 1, O: 1, PlInfo: PL Info (n7961_1): [7, 3], 0, 301>, <NetNode: N: fir.x0k0_mul.u5^prod~6_FF, P: Block (n3892): I: 1, O: 1, PlInfo: PL Info (n3892): [13, 5], 0, 82>, <NetNode: N: fir.x0k0_mul.u5^prod~6_FF, P: Block (n3658): I: 1, O: 1, PlInfo: PL Info (n3658): [9, 8], 0, 29>, <NetNode: N: fir.x0k0_mul.u5^prod~6_FF, P: Block (n3671): I: 1, O: 1, PlInfo: PL Info (n3671): [7, 4], 0, 97>, <>]

: Source: <NetNode: N: fir.x3k3_mul.u2^inf_FF, P: Block (n5962): I: 1, O: 1, PlInfo: PL Info (n5962): [12, 20], 0, 265>, 
	Sinks: [<NetNode: N: fir.x3k3_mul.u2^inf_FF, P: Block (n5776): I: 1, O: 1, PlInfo: PL Info (n5776): [13, 21], 0, 181>, <>]

: Source: <NetNode: N: fir.add1_add.u1^fracta_out~18_FF, P: Block (n2454): I: 1, O: 1, PlInfo: PL Info (n2454): [28, 30], 0, 165>, 
	Sinks: [<NetNode: N: fir.add1_add.u1^fracta_out~18_FF, P: Block (n2474): I: 1, O: 1, PlInfo: PL Info (n2474): [29, 29], 0, 169>, <NetNode: N: fir.add1_add.u1^fracta_out~18_FF, P: Block (n2479): I: 1, O: 1, PlInfo: PL Info (n2479): [31, 30], 0, 170>, <>]

: Source: <NetNode: N: fir.add1_add.u1^fracta_out~19_FF, P: Block (n2459): I: 1, O: 1, PlInfo: PL Info (n2459): [28, 28], 0, 166>, 
	Sinks: [<NetNode: N: fir.add1_add.u1^fracta_out~19_FF, P: Block (n2474): I: 1, O: 1, PlInfo: PL Info (n2474): [29, 29], 0, 169>, <NetNode: N: fir.add1_add.u1^fracta_out~19_FF, P: Block (n2479): I: 1, O: 1, PlInfo: PL Info (n2479): [31, 30], 0, 170>, <NetNode: N: fir.add1_add.u1^fracta_out~19_FF, P: Block (n2454): I: 1, O: 1, PlInfo: PL Info (n2454): [28, 30], 0, 165>, <>]

: Source: <NetNode: N: fir.add0_add.u1^fractb_out~12_FF, P: Block (n3546): I: 1, O: 1, PlInfo: PL Info (n3546): [16, 8], 0, 74>, 
	Sinks: [<NetNode: N: fir.add0_add.u1^fractb_out~12_FF, P: Block (n3416): I: 1, O: 1, PlInfo: PL Info (n3416): [15, 7], 0, 62>, <NetNode: N: fir.add0_add.u1^fractb_out~12_FF, P: Block (n3421): I: 1, O: 1, PlInfo: PL Info (n3421): [15, 6], 0, 63>, <>]

: Source: <NetNode: N: fir.x0k0_mul^out_o1~12_FF, P: Block (n3788): I: 1, O: 1, PlInfo: PL Info (n3788): [12, 5], 0, 100>, 
	Sinks: [<>]

: Source: <NetNode: N: fir.x1k1_mul^out_o1~27_FF, P: Block (n4636): I: 1, O: 1, PlInfo: PL Info (n4636): [24, 9], 0, 178>, 
	Sinks: [<>]

: Source: <NetNode: N: fir.add0_add^out_o1~4_FF, P: Block (n2697): I: 1, O: 1, PlInfo: PL Info (n2697): [15, 3], 0, 197>, 
	Sinks: [<>]

: Source: <NetNode: N: fir.add1_add.u0^opb_nan_FF, P: Block (n4878): I: 1, O: 1, PlInfo: PL Info (n4878): [29, 28], 0, 274>, 
	Sinks: [<NetNode: N: fir.add1_add.u0^opb_nan_FF, P: Block (n2147): I: 1, O: 1, PlInfo: PL Info (n2147): [25, 26], 0, 276>, <>]

: Source: <NetNode: N: fir.out_temp_add^out_o1~31_FF, P: Block (n1127): I: 1, O: 1, PlInfo: PL Info (n1127): [24, 34], 0, 47>, 
	Sinks: [<NetNode: N: fir.out_temp_add^out_o1~31_FF, P: Block (fir.out_temp_add^out~14_FF): I: 1, O: 1, PlInfo: PL Info (fir.out_temp_add^out~14_FF): [19, 28], 0, 930>, <>]

: Source: <NetNode: N: fir.add0_add^out~18_FF, P: Block (n9436_1): I: 1, O: 1, PlInfo: PL Info (n9436_1): [21, 1], 0, 620>, 
	Sinks: [<NetNode: N: fir.add0_add^out~18_FF, P: Block (n2449): I: 1, O: 1, PlInfo: PL Info (n2449): [24, 29], 0, 164>, <>]

: Source: <NetNode: N: n13037, P: Block (n13037): I: 1, O: 1, PlInfo: PL Info (n13037): [36, 12], 0, 831>, 
	Sinks: [<>]

: Source: <NetNode: N: n13277, P: Block (n13277): I: 1, O: 1, PlInfo: PL Info (n13277): [32, 15], 0, 790>, 
	Sinks: [<NetNode: N: n13277, P: Block (n12380): I: 1, O: 1, PlInfo: PL Info (n12380): [25, 15], 0, 429>, <>]

: Source: <NetNode: N: n14088, P: Block (n14088): I: 1, O: 1, PlInfo: PL Info (n14088): [31, 20], 0, 364>, 
	Sinks: [<NetNode: N: n14088, P: Block (n15063): I: 1, O: 1, PlInfo: PL Info (n15063): [32, 26], 0, 483>, <NetNode: N: n14088, P: Block (n14181): I: 1, O: 1, PlInfo: PL Info (n14181): [35, 16], 0, 703>, <NetNode: N: n14088, P: Block (n15085): I: 1, O: 1, PlInfo: PL Info (n15085): [35, 23], 0, 378>, <NetNode: N: n14088, P: Block (n14166): I: 1, O: 1, PlInfo: PL Info (n14166): [25, 21], 0, 698>, <NetNode: N: n14088, P: Block (n14803): I: 1, O: 1, PlInfo: PL Info (n14803): [33, 19], 0, 375>, <NetNode: N: n14088, P: Block (n14831): I: 1, O: 1, PlInfo: PL Info (n14831): [25, 23], 0, 479>, <NetNode: N: n14088, P: Block (n14761): I: 1, O: 1, PlInfo: PL Info (n14761): [36, 17], 0, 374>, <NetNode: N: n14088, P: Block (n14530): I: 1, O: 1, PlInfo: PL Info (n14530): [29, 19], 0, 473>, <NetNode: N: n14088, P: Block (n5065): I: 1, O: 1, PlInfo: PL Info (n5065): [28, 23], 0, 110>, <NetNode: N: n14088, P: Block (n14961): I: 1, O: 1, PlInfo: PL Info (n14961): [36, 23], 0, 480>, <NetNode: N: n14088, P: Block (n14970): I: 1, O: 1, PlInfo: PL Info (n14970): [33, 26], 0, 562>, <NetNode: N: n14088, P: Block (n14754): I: 1, O: 1, PlInfo: PL Info (n14754): [27, 19], 0, 476>, <NetNode: N: n14088, P: Block (n14330): I: 1, O: 1, PlInfo: PL Info (n14330): [31, 22], 0, 557>, <NetNode: N: n14088, P: Block (n14324): I: 1, O: 1, PlInfo: PL Info (n14324): [28, 22], 0, 595>, <NetNode: N: n14088, P: Block (n15012): I: 1, O: 1, PlInfo: PL Info (n15012): [36, 18], 0, 564>, <NetNode: N: n14088, P: Block (n4883): I: 1, O: 1, PlInfo: PL Info (n4883): [29, 22], 0, 108>, <NetNode: N: n14088, P: Block (n14082): I: 1, O: 1, PlInfo: PL Info (n14082): [33, 22], 0, 361>, <NetNode: N: n14088, P: Block (n15140): I: 1, O: 1, PlInfo: PL Info (n15140): [29, 25], 0, 488>, <NetNode: N: n14088, P: Block (n15159): I: 1, O: 1, PlInfo: PL Info (n15159): [35, 20], 0, 383>, <NetNode: N: n14088, P: Block (n14616): I: 1, O: 1, PlInfo: PL Info (n14616): [25, 18], 0, 371>, <NetNode: N: n14088, P: Block (n14622): I: 1, O: 1, PlInfo: PL Info (n14622): [33, 17], 0, 475>, <NetNode: N: n14088, P: Block (n15122): I: 1, O: 1, PlInfo: PL Info (n15122): [28, 25], 0, 379>, <NetNode: N: n14088, P: Block (n14690): I: 1, O: 1, PlInfo: PL Info (n14690): [27, 23], 0, 561>, <NetNode: N: n14088, P: Block (n14263): I: 1, O: 1, PlInfo: PL Info (n14263): [36, 21], 0, 467>, <NetNode: N: n14088, P: Block (n14261): I: 1, O: 1, PlInfo: PL Info (n14261): [36, 19], 0, 594>, <NetNode: N: n14088, P: Block (n14470): I: 1, O: 1, PlInfo: PL Info (n14470): [31, 19], 0, 369>, <NetNode: N: n14088, P: Block (n14256): I: 1, O: 1, PlInfo: PL Info (n14256): [31, 25], 0, 466>, <>]

: Source: <NetNode: N: n14087, P: Block (n14087): I: 1, O: 1, PlInfo: PL Info (n14087): [32, 19], 0, 363>, 
	Sinks: [<NetNode: N: n14087, P: Block (n15063): I: 1, O: 1, PlInfo: PL Info (n15063): [32, 26], 0, 483>, <NetNode: N: n14087, P: Block (n15092): I: 1, O: 1, PlInfo: PL Info (n15092): [36, 20], 0, 485>, <NetNode: N: n14087, P: Block (n14803): I: 1, O: 1, PlInfo: PL Info (n14803): [33, 19], 0, 375>, <NetNode: N: n14087, P: Block (n14810): I: 1, O: 1, PlInfo: PL Info (n14810): [35, 17], 0, 477>, <NetNode: N: n14087, P: Block (n14761): I: 1, O: 1, PlInfo: PL Info (n14761): [36, 17], 0, 374>, <NetNode: N: n14087, P: Block (n14530): I: 1, O: 1, PlInfo: PL Info (n14530): [29, 19], 0, 473>, <NetNode: N: n14087, P: Block (n14992): I: 1, O: 1, PlInfo: PL Info (n14992): [35, 18], 0, 481>, <NetNode: N: n14087, P: Block (n14754): I: 1, O: 1, PlInfo: PL Info (n14754): [27, 19], 0, 476>, <NetNode: N: n14087, P: Block (n14999): I: 1, O: 1, PlInfo: PL Info (n14999): [35, 27], 0, 563>, <NetNode: N: n14087, P: Block (n14102): I: 1, O: 1, PlInfo: PL Info (n14102): [32, 20], 0, 366>, <NetNode: N: n14087, P: Block (n14343): I: 1, O: 1, PlInfo: PL Info (n14343): [29, 17], 0, 469>, <NetNode: N: n14087, P: Block (n15012): I: 1, O: 1, PlInfo: PL Info (n15012): [36, 18], 0, 564>, <NetNode: N: n14087, P: Block (n4883): I: 1, O: 1, PlInfo: PL Info (n4883): [29, 22], 0, 108>, <NetNode: N: n14087, P: Block (n14081): I: 1, O: 1, PlInfo: PL Info (n14081): [33, 21], 0, 360>, <NetNode: N: n14087, P: Block (n15138): I: 1, O: 1, PlInfo: PL Info (n15138): [35, 25], 0, 487>, <NetNode: N: n14087, P: Block (n15140): I: 1, O: 1, PlInfo: PL Info (n15140): [29, 25], 0, 488>, <NetNode: N: n14087, P: Block (n15143): I: 1, O: 1, PlInfo: PL Info (n15143): [31, 24], 0, 382>, <NetNode: N: n14087, P: Block (n15168): I: 1, O: 1, PlInfo: PL Info (n15168): [35, 24], 0, 384>, <NetNode: N: n14087, P: Block (n5052): I: 1, O: 1, PlInfo: PL Info (n5052): [31, 21], 0, 41>, <NetNode: N: n14087, P: Block (n14621): I: 1, O: 1, PlInfo: PL Info (n14621): [32, 17], 0, 474>, <NetNode: N: n14087, P: Block (n14622): I: 1, O: 1, PlInfo: PL Info (n14622): [33, 17], 0, 475>, <NetNode: N: n14087, P: Block (n14631): I: 1, O: 1, PlInfo: PL Info (n14631): [32, 23], 0, 372>, <NetNode: N: n14087, P: Block (n14632): I: 1, O: 1, PlInfo: PL Info (n14632): [27, 20], 0, 373>, <NetNode: N: n14087, P: Block (n14208): I: 1, O: 1, PlInfo: PL Info (n14208): [33, 18], 0, 556>, <NetNode: N: n14087, P: Block (n4987): I: 1, O: 1, PlInfo: PL Info (n4987): [32, 27], 0, 8>, <NetNode: N: n14087, P: Block (n14690): I: 1, O: 1, PlInfo: PL Info (n14690): [27, 23], 0, 561>, <NetNode: N: n14087, P: Block (n14454): I: 1, O: 1, PlInfo: PL Info (n14454): [28, 19], 0, 368>, <NetNode: N: n14087, P: Block (n14263): I: 1, O: 1, PlInfo: PL Info (n14263): [36, 21], 0, 467>, <NetNode: N: n14087, P: Block (n14261): I: 1, O: 1, PlInfo: PL Info (n14261): [36, 19], 0, 594>, <NetNode: N: n14087, P: Block (n14470): I: 1, O: 1, PlInfo: PL Info (n14470): [31, 19], 0, 369>, <>]

: Source: <NetNode: N: n14086, P: Block (n14086): I: 1, O: 1, PlInfo: PL Info (n14086): [29, 20], 0, 362>, 
	Sinks: [<NetNode: N: n14086, P: Block (n15063): I: 1, O: 1, PlInfo: PL Info (n15063): [32, 26], 0, 483>, <NetNode: N: n14086, P: Block (n4896): I: 1, O: 1, PlInfo: PL Info (n4896): [27, 22], 0, 37>, <NetNode: N: n14086, P: Block (n14761): I: 1, O: 1, PlInfo: PL Info (n14761): [36, 17], 0, 374>, <NetNode: N: n14086, P: Block (n14530): I: 1, O: 1, PlInfo: PL Info (n14530): [29, 19], 0, 473>, <NetNode: N: n14086, P: Block (n5065): I: 1, O: 1, PlInfo: PL Info (n5065): [28, 23], 0, 110>, <NetNode: N: n14086, P: Block (n14961): I: 1, O: 1, PlInfo: PL Info (n14961): [36, 23], 0, 480>, <NetNode: N: n14086, P: Block (n14970): I: 1, O: 1, PlInfo: PL Info (n14970): [33, 26], 0, 562>, <NetNode: N: n14086, P: Block (n14992): I: 1, O: 1, PlInfo: PL Info (n14992): [35, 18], 0, 481>, <NetNode: N: n14086, P: Block (n14754): I: 1, O: 1, PlInfo: PL Info (n14754): [27, 19], 0, 476>, <NetNode: N: n14086, P: Block (n14357): I: 1, O: 1, PlInfo: PL Info (n14357): [27, 25], 0, 558>, <NetNode: N: n14086, P: Block (n14343): I: 1, O: 1, PlInfo: PL Info (n14343): [29, 17], 0, 469>, <NetNode: N: n14086, P: Block (n14324): I: 1, O: 1, PlInfo: PL Info (n14324): [28, 22], 0, 595>, <NetNode: N: n14086, P: Block (n15012): I: 1, O: 1, PlInfo: PL Info (n15012): [36, 18], 0, 564>, <NetNode: N: n14086, P: Block (n14395): I: 1, O: 1, PlInfo: PL Info (n14395): [35, 22], 0, 560>, <NetNode: N: n14086, P: Block (n4855): I: 1, O: 1, PlInfo: PL Info (n4855): [29, 23], 0, 36>, <NetNode: N: n14086, P: Block (n14087): I: 1, O: 1, PlInfo: PL Info (n14087): [32, 19], 0, 363>, <NetNode: N: n14086, P: Block (n15136): I: 1, O: 1, PlInfo: PL Info (n15136): [33, 25], 0, 381>, <NetNode: N: n14086, P: Block (n15138): I: 1, O: 1, PlInfo: PL Info (n15138): [35, 25], 0, 487>, <NetNode: N: n14086, P: Block (n15159): I: 1, O: 1, PlInfo: PL Info (n15159): [35, 20], 0, 383>, <NetNode: N: n14086, P: Block (n5039): I: 1, O: 1, PlInfo: PL Info (n5039): [29, 24], 0, 40>, <NetNode: N: n14086, P: Block (n5052): I: 1, O: 1, PlInfo: PL Info (n5052): [31, 21], 0, 41>, <NetNode: N: n14086, P: Block (n14407): I: 1, O: 1, PlInfo: PL Info (n14407): [36, 22], 0, 471>, <NetNode: N: n14086, P: Block (n14840): I: 1, O: 1, PlInfo: PL Info (n14840): [32, 18], 0, 376>, <NetNode: N: n14086, P: Block (n14616): I: 1, O: 1, PlInfo: PL Info (n14616): [25, 18], 0, 371>, <NetNode: N: n14086, P: Block (n14632): I: 1, O: 1, PlInfo: PL Info (n14632): [27, 20], 0, 373>, <NetNode: N: n14086, P: Block (n14690): I: 1, O: 1, PlInfo: PL Info (n14690): [27, 23], 0, 561>, <NetNode: N: n14086, P: Block (n14454): I: 1, O: 1, PlInfo: PL Info (n14454): [28, 19], 0, 368>, <NetNode: N: n14086, P: Block (n14263): I: 1, O: 1, PlInfo: PL Info (n14263): [36, 21], 0, 467>, <NetNode: N: n14086, P: Block (n14261): I: 1, O: 1, PlInfo: PL Info (n14261): [36, 19], 0, 594>, <NetNode: N: n14086, P: Block (n14470): I: 1, O: 1, PlInfo: PL Info (n14470): [31, 19], 0, 369>, <>]

: Source: <NetNode: N: n16028, P: Block (n16028): I: 1, O: 1, PlInfo: PL Info (n16028): [8, 30], 0, 575>, 
	Sinks: [<NetNode: N: n16028, P: Block (n15958): I: 1, O: 1, PlInfo: PL Info (n15958): [3, 30], 0, 513>, <>]

: Source: <NetNode: N: n14082, P: Block (n14082): I: 1, O: 1, PlInfo: PL Info (n14082): [33, 22], 0, 361>, 
	Sinks: [<NetNode: N: n14082, P: Block (n15058): I: 1, O: 1, PlInfo: PL Info (n15058): [35, 19], 0, 482>, <NetNode: N: n14082, P: Block (n15085): I: 1, O: 1, PlInfo: PL Info (n15085): [35, 23], 0, 378>, <NetNode: N: n14082, P: Block (n15088): I: 1, O: 1, PlInfo: PL Info (n15088): [27, 24], 0, 484>, <NetNode: N: n14082, P: Block (n14803): I: 1, O: 1, PlInfo: PL Info (n14803): [33, 19], 0, 375>, <NetNode: N: n14082, P: Block (n14810): I: 1, O: 1, PlInfo: PL Info (n14810): [35, 17], 0, 477>, <NetNode: N: n14082, P: Block (n5104): I: 1, O: 1, PlInfo: PL Info (n5104): [28, 24], 0, 42>, <NetNode: N: n14082, P: Block (n14830): I: 1, O: 1, PlInfo: PL Info (n14830): [35, 21], 0, 478>, <NetNode: N: n14082, P: Block (n14761): I: 1, O: 1, PlInfo: PL Info (n14761): [36, 17], 0, 374>, <NetNode: N: n14082, P: Block (n14530): I: 1, O: 1, PlInfo: PL Info (n14530): [29, 19], 0, 473>, <NetNode: N: n14082, P: Block (n14970): I: 1, O: 1, PlInfo: PL Info (n14970): [33, 26], 0, 562>, <NetNode: N: n14082, P: Block (n14357): I: 1, O: 1, PlInfo: PL Info (n14357): [27, 25], 0, 558>, <NetNode: N: n14082, P: Block (n14330): I: 1, O: 1, PlInfo: PL Info (n14330): [31, 22], 0, 557>, <NetNode: N: n14082, P: Block (n14157): I: 1, O: 1, PlInfo: PL Info (n14157): [36, 26], 0, 697>, <NetNode: N: n14082, P: Block (n14395): I: 1, O: 1, PlInfo: PL Info (n14395): [35, 22], 0, 560>, <NetNode: N: n14082, P: Block (n14581): I: 1, O: 1, PlInfo: PL Info (n14581): [31, 17], 0, 370>, <NetNode: N: n14082, P: Block (n14385): I: 1, O: 1, PlInfo: PL Info (n14385): [28, 18], 0, 559>, <NetNode: N: n14082, P: Block (n4883): I: 1, O: 1, PlInfo: PL Info (n4883): [29, 22], 0, 108>, <NetNode: N: n14082, P: Block (n14079): I: 1, O: 1, PlInfo: PL Info (n14079): [33, 23], 0, 464>, <NetNode: N: n14082, P: Block (n15138): I: 1, O: 1, PlInfo: PL Info (n15138): [35, 25], 0, 487>, <NetNode: N: n14082, P: Block (n15159): I: 1, O: 1, PlInfo: PL Info (n15159): [35, 20], 0, 383>, <NetNode: N: n14082, P: Block (n14407): I: 1, O: 1, PlInfo: PL Info (n14407): [36, 22], 0, 471>, <NetNode: N: n14082, P: Block (n14840): I: 1, O: 1, PlInfo: PL Info (n14840): [32, 18], 0, 376>, <NetNode: N: n14082, P: Block (n14631): I: 1, O: 1, PlInfo: PL Info (n14631): [32, 23], 0, 372>, <NetNode: N: n14082, P: Block (n15122): I: 1, O: 1, PlInfo: PL Info (n15122): [28, 25], 0, 379>, <NetNode: N: n14082, P: Block (n14446): I: 1, O: 1, PlInfo: PL Info (n14446): [31, 18], 0, 367>, <NetNode: N: n14082, P: Block (n4974): I: 1, O: 1, PlInfo: PL Info (n4974): [31, 27], 0, 39>, <NetNode: N: n14082, P: Block (n14264): I: 1, O: 1, PlInfo: PL Info (n14264): [36, 25], 0, 468>, <NetNode: N: n14082, P: Block (n14470): I: 1, O: 1, PlInfo: PL Info (n14470): [31, 19], 0, 369>, <>]

: Source: <NetNode: N: n14081, P: Block (n14081): I: 1, O: 1, PlInfo: PL Info (n14081): [33, 21], 0, 360>, 
	Sinks: [<NetNode: N: n14081, P: Block (n15084): I: 1, O: 1, PlInfo: PL Info (n15084): [31, 23], 0, 377>, <NetNode: N: n14081, P: Block (n15088): I: 1, O: 1, PlInfo: PL Info (n15088): [27, 24], 0, 484>, <NetNode: N: n14081, P: Block (n15092): I: 1, O: 1, PlInfo: PL Info (n15092): [36, 20], 0, 485>, <NetNode: N: n14081, P: Block (n14803): I: 1, O: 1, PlInfo: PL Info (n14803): [33, 19], 0, 375>, <NetNode: N: n14081, P: Block (n14810): I: 1, O: 1, PlInfo: PL Info (n14810): [35, 17], 0, 477>, <NetNode: N: n14081, P: Block (n14830): I: 1, O: 1, PlInfo: PL Info (n14830): [35, 21], 0, 478>, <NetNode: N: n14081, P: Block (n5078): I: 1, O: 1, PlInfo: PL Info (n5078): [33, 24], 0, 111>, <NetNode: N: n14081, P: Block (n14530): I: 1, O: 1, PlInfo: PL Info (n14530): [29, 19], 0, 473>, <NetNode: N: n14081, P: Block (n14961): I: 1, O: 1, PlInfo: PL Info (n14961): [36, 23], 0, 480>, <NetNode: N: n14081, P: Block (n14754): I: 1, O: 1, PlInfo: PL Info (n14754): [27, 19], 0, 476>, <NetNode: N: n14081, P: Block (n14999): I: 1, O: 1, PlInfo: PL Info (n14999): [35, 27], 0, 563>, <NetNode: N: n14081, P: Block (n14102): I: 1, O: 1, PlInfo: PL Info (n14102): [32, 20], 0, 366>, <NetNode: N: n14081, P: Block (n14343): I: 1, O: 1, PlInfo: PL Info (n14343): [29, 17], 0, 469>, <NetNode: N: n14081, P: Block (n14330): I: 1, O: 1, PlInfo: PL Info (n14330): [31, 22], 0, 557>, <NetNode: N: n14081, P: Block (n14157): I: 1, O: 1, PlInfo: PL Info (n14157): [36, 26], 0, 697>, <NetNode: N: n14081, P: Block (n14395): I: 1, O: 1, PlInfo: PL Info (n14395): [35, 22], 0, 560>, <NetNode: N: n14081, P: Block (n4883): I: 1, O: 1, PlInfo: PL Info (n4883): [29, 22], 0, 108>, <NetNode: N: n14081, P: Block (n14087): I: 1, O: 1, PlInfo: PL Info (n14087): [32, 19], 0, 363>, <NetNode: N: n14081, P: Block (n14079): I: 1, O: 1, PlInfo: PL Info (n14079): [33, 23], 0, 464>, <NetNode: N: n14081, P: Block (n14067): I: 1, O: 1, PlInfo: PL Info (n14067): [32, 21], 0, 359>, <NetNode: N: n14081, P: Block (n15138): I: 1, O: 1, PlInfo: PL Info (n15138): [35, 25], 0, 487>, <NetNode: N: n14081, P: Block (n15140): I: 1, O: 1, PlInfo: PL Info (n15140): [29, 25], 0, 488>, <NetNode: N: n14081, P: Block (n15159): I: 1, O: 1, PlInfo: PL Info (n15159): [35, 20], 0, 383>, <NetNode: N: n14081, P: Block (n14840): I: 1, O: 1, PlInfo: PL Info (n14840): [32, 18], 0, 376>, <NetNode: N: n14081, P: Block (n14616): I: 1, O: 1, PlInfo: PL Info (n14616): [25, 18], 0, 371>, <NetNode: N: n14081, P: Block (n14631): I: 1, O: 1, PlInfo: PL Info (n14631): [32, 23], 0, 372>, <NetNode: N: n14081, P: Block (n14632): I: 1, O: 1, PlInfo: PL Info (n14632): [27, 20], 0, 373>, <NetNode: N: n14081, P: Block (n14446): I: 1, O: 1, PlInfo: PL Info (n14446): [31, 18], 0, 367>, <NetNode: N: n14081, P: Block (n14261): I: 1, O: 1, PlInfo: PL Info (n14261): [36, 19], 0, 594>, <NetNode: N: n14081, P: Block (n14470): I: 1, O: 1, PlInfo: PL Info (n14470): [31, 19], 0, 369>, <NetNode: N: n14081, P: Block (n14256): I: 1, O: 1, PlInfo: PL Info (n14256): [31, 25], 0, 466>, <>]

: Source: <NetNode: N: fir.x0k0_mul^out_o1~5_FF, P: Block (n3697): I: 1, O: 1, PlInfo: PL Info (n3697): [9, 7], 0, 81>, 
	Sinks: [<NetNode: N: fir.x0k0_mul^out_o1~5_FF, P: Block (n3391): I: 1, O: 1, PlInfo: PL Info (n3391): [17, 13], 0, 57>, <>]

: Source: <NetNode: N: fir.add0_add.u1^fracta_out~20_FF, P: Block (n3451): I: 1, O: 1, PlInfo: PL Info (n3451): [17, 9], 0, 69>, 
	Sinks: [<NetNode: N: fir.add0_add.u1^fracta_out~20_FF, P: Block (n3416): I: 1, O: 1, PlInfo: PL Info (n3416): [15, 7], 0, 62>, <>]

: Source: <NetNode: N: fir.x1k1_mul^out_o1~21_FF, P: Block (n4540): I: 1, O: 1, PlInfo: PL Info (n4540): [24, 8], 0, 107>, 
	Sinks: [<NetNode: N: fir.x1k1_mul^out_o1~21_FF, P: Block (n4636): I: 1, O: 1, PlInfo: PL Info (n4636): [24, 9], 0, 178>, <>]

: Source: <NetNode: N: fir.out_temp_add^fract_out_q~6_FF, P: Block (n1272): I: 1, O: 1, PlInfo: PL Info (n1272): [23, 36], 0, 273>, 
	Sinks: [<NetNode: N: fir.out_temp_add^fract_out_q~6_FF, P: Block (n815): I: 1, O: 1, PlInfo: PL Info (n815): [27, 35], 0, 221>, <NetNode: N: fir.out_temp_add^fract_out_q~6_FF, P: Block (n802): I: 1, O: 1, PlInfo: PL Info (n802): [25, 36], 0, 187>, <NetNode: N: fir.out_temp_add^fract_out_q~6_FF, P: Block (n828): I: 1, O: 1, PlInfo: PL Info (n828): [28, 36], 0, 188>, <NetNode: N: fir.out_temp_add^fract_out_q~6_FF, P: Block (n841): I: 1, O: 1, PlInfo: PL Info (n841): [27, 36], 0, 121>, <NetNode: N: fir.out_temp_add^fract_out_q~6_FF, P: Block (n10159): I: 1, O: 1, PlInfo: PL Info (n10159): [28, 31], 0, 644>, <NetNode: N: fir.out_temp_add^fract_out_q~6_FF, P: Block (n1562): I: 1, O: 1, PlInfo: PL Info (n1562): [21, 36], 0, 148>, <NetNode: N: fir.out_temp_add^fract_out_q~6_FF, P: Block (n1592): I: 1, O: 1, PlInfo: PL Info (n1592): [21, 35], 0, 150>, <NetNode: N: fir.out_temp_add^fract_out_q~6_FF, P: Block (n919): I: 1, O: 1, PlInfo: PL Info (n919): [29, 36], 0, 189>, <NetNode: N: fir.out_temp_add^fract_out_q~6_FF, P: Block (n10145_1): I: 1, O: 1, PlInfo: PL Info (n10145_1): [27, 34], 0, 641>, <NetNode: N: fir.out_temp_add^fract_out_q~6_FF, P: Block (n945): I: 1, O: 1, PlInfo: PL Info (n945): [29, 33], 0, 122>, <NetNode: N: fir.out_temp_add^fract_out_q~6_FF, P: Block (n971): I: 1, O: 1, PlInfo: PL Info (n971): [28, 34], 0, 192>, <NetNode: N: fir.out_temp_add^fract_out_q~6_FF, P: Block (n737): I: 1, O: 1, PlInfo: PL Info (n737): [25, 31], 0, 183>, <NetNode: N: fir.out_temp_add^fract_out_q~6_FF, P: Block (n984): I: 1, O: 1, PlInfo: PL Info (n984): [29, 32], 0, 193>, <NetNode: N: fir.out_temp_add^fract_out_q~6_FF, P: Block (n763): I: 1, O: 1, PlInfo: PL Info (n763): [24, 36], 0, 184>, <NetNode: N: fir.out_temp_add^fract_out_q~6_FF, P: Block (n10007): I: 1, O: 1, PlInfo: PL Info (n10007): [25, 33], 0, 640>, <NetNode: N: fir.out_temp_add^fract_out_q~6_FF, P: Block (n789): I: 1, O: 1, PlInfo: PL Info (n789): [24, 35], 0, 186>, <NetNode: N: fir.out_temp_add^fract_out_q~6_FF, P: Block (n1010): I: 1, O: 1, PlInfo: PL Info (n1010): [27, 31], 0, 95>, <>]

: Source: <NetNode: N: fir.add0_add.u1^fracta_out~21_FF, P: Block (n3456): I: 1, O: 1, PlInfo: PL Info (n3456): [17, 7], 0, 70>, 
	Sinks: [<NetNode: N: fir.add0_add.u1^fracta_out~21_FF, P: Block (n3446): I: 1, O: 1, PlInfo: PL Info (n3446): [16, 7], 0, 68>, <>]

: Source: <NetNode: N: fir.x0k0_mul.u5^prod~4_FF, P: Block (n7786_1): I: 1, O: 1, PlInfo: PL Info (n7786_1): [5, 15], 0, 294>, 
	Sinks: [<NetNode: N: fir.x0k0_mul.u5^prod~4_FF, P: Block (n7950): I: 1, O: 1, PlInfo: PL Info (n7950): [8, 4], 0, 298>, <NetNode: N: fir.x0k0_mul.u5^prod~4_FF, P: Block (n8924_1): I: 1, O: 1, PlInfo: PL Info (n8924_1): [9, 1], 0, 420>, <NetNode: N: fir.x0k0_mul.u5^prod~4_FF, P: Block (n7968): I: 1, O: 1, PlInfo: PL Info (n7968): [7, 5], 0, 302>, <NetNode: N: fir.x0k0_mul.u5^prod~4_FF, P: Block (n8819): I: 1, O: 1, PlInfo: PL Info (n8819): [12, 3], 0, 412>, <NetNode: N: fir.x0k0_mul.u5^prod~4_FF, P: Block (n7757): I: 1, O: 1, PlInfo: PL Info (n7757): [7, 13], 0, 387>, <NetNode: N: fir.x0k0_mul.u5^prod~4_FF, P: Block (n7982): I: 1, O: 1, PlInfo: PL Info (n7982): [12, 4], 0, 394>, <NetNode: N: fir.x0k0_mul.u5^prod~4_FF, P: Block (n7766): I: 1, O: 1, PlInfo: PL Info (n7766): [7, 8], 0, 390>, <NetNode: N: fir.x0k0_mul.u5^prod~4_FF, P: Block (n8898): I: 1, O: 1, PlInfo: PL Info (n8898): [13, 3], 0, 418>, <NetNode: N: fir.x0k0_mul.u5^prod~4_FF, P: Block (n8891): I: 1, O: 1, PlInfo: PL Info (n8891): [4, 9], 0, 416>, <NetNode: N: fir.x0k0_mul.u5^prod~4_FF, P: Block (n8201): I: 1, O: 1, PlInfo: PL Info (n8201): [7, 2], 0, 396>, <NetNode: N: fir.x0k0_mul.u5^prod~4_FF, P: Block (n8330): I: 1, O: 1, PlInfo: PL Info (n8330): [1, 5], 0, 307>, <NetNode: N: fir.x0k0_mul.u5^prod~4_FF, P: Block (n8161): I: 1, O: 1, PlInfo: PL Info (n8161): [4, 4], 0, 305>, <NetNode: N: fir.x0k0_mul.u5^prod~4_FF, P: Block (n7951_1): I: 1, O: 1, PlInfo: PL Info (n7951_1): [4, 6], 0, 299>, <NetNode: N: fir.x0k0_mul.u5^prod~4_FF, P: Block (n8592_1): I: 1, O: 1, PlInfo: PL Info (n8592_1): [1, 4], 0, 310>, <NetNode: N: fir.x0k0_mul.u5^prod~4_FF, P: Block (n8154_1): I: 1, O: 1, PlInfo: PL Info (n8154_1): [9, 14], 0, 769>, <NetNode: N: fir.x0k0_mul.u5^prod~4_FF, P: Block (n7762_1): I: 1, O: 1, PlInfo: PL Info (n7762_1): [7, 16], 0, 389>, <NetNode: N: fir.x0k0_mul.u5^prod~4_FF, P: Block (n3697): I: 1, O: 1, PlInfo: PL Info (n3697): [9, 7], 0, 81>, <NetNode: N: fir.x0k0_mul.u5^prod~4_FF, P: Block (n8849_1): I: 1, O: 1, PlInfo: PL Info (n8849_1): [8, 3], 0, 318>, <NetNode: N: fir.x0k0_mul.u5^prod~4_FF, P: Block (n8703): I: 1, O: 1, PlInfo: PL Info (n8703): [4, 1], 0, 311>, <NetNode: N: fir.x0k0_mul.u5^prod~4_FF, P: Block (n9004_1): I: 1, O: 1, PlInfo: PL Info (n9004_1): [9, 4], 0, 320>, <NetNode: N: fir.x0k0_mul.u5^prod~4_FF, P: Block (n8975): I: 1, O: 1, PlInfo: PL Info (n8975): [1, 3], 0, 319>, <NetNode: N: fir.x0k0_mul.u5^prod~4_FF, P: Block (n8292_1): I: 1, O: 1, PlInfo: PL Info (n8292_1): [11, 1], 0, 402>, <NetNode: N: fir.x0k0_mul.u5^prod~4_FF, P: Block (n8775): I: 1, O: 1, PlInfo: PL Info (n8775): [4, 3], 0, 315>, <NetNode: N: fir.x0k0_mul.u5^prod~4_FF, P: Block (n3814): I: 1, O: 1, PlInfo: PL Info (n3814): [11, 8], 0, 30>, <NetNode: N: fir.x0k0_mul.u5^prod~4_FF, P: Block (n8712_1): I: 1, O: 1, PlInfo: PL Info (n8712_1): [7, 10], 0, 313>, <NetNode: N: fir.x0k0_mul.u5^prod~4_FF, P: Block (n8257): I: 1, O: 1, PlInfo: PL Info (n8257): [8, 6], 0, 399>, <NetNode: N: fir.x0k0_mul.u5^prod~4_FF, P: Block (n8616_1): I: 1, O: 1, PlInfo: PL Info (n8616_1): [1, 6], 0, 409>, <NetNode: N: fir.x0k0_mul.u5^prod~4_FF, P: Block (n3840): I: 1, O: 1, PlInfo: PL Info (n3840): [13, 6], 0, 102>, <NetNode: N: fir.x0k0_mul.u5^prod~4_FF, P: Block (n8296): I: 1, O: 1, PlInfo: PL Info (n8296): [4, 2], 0, 404>, <NetNode: N: fir.x0k0_mul.u5^prod~4_FF, P: Block (n8845_1): I: 1, O: 1, PlInfo: PL Info (n8845_1): [11, 5], 0, 414>, <NetNode: N: fir.x0k0_mul.u5^prod~4_FF, P: Block (n3892): I: 1, O: 1, PlInfo: PL Info (n3892): [13, 5], 0, 82>, <NetNode: N: fir.x0k0_mul.u5^prod~4_FF, P: Block (n3645): I: 1, O: 1, PlInfo: PL Info (n3645): [8, 5], 0, 96>, <>]

: Source: <NetNode: N: fir.x3k3_mul.u5^prod~1_FF, P: Block (n16272): I: 1, O: 1, PlInfo: PL Info (n16272): [15, 24], 0, 887>, 
	Sinks: [<NetNode: N: fir.x3k3_mul.u5^prod~1_FF, P: Block (n16150): I: 1, O: 1, PlInfo: PL Info (n16150): [3, 29], 0, 515>, <NetNode: N: fir.x3k3_mul.u5^prod~1_FF, P: Block (n16157): I: 1, O: 1, PlInfo: PL Info (n16157): [3, 28], 0, 628>, <NetNode: N: fir.x3k3_mul.u5^prod~1_FF, P: Block (n16596): I: 1, O: 1, PlInfo: PL Info (n16596): [3, 32], 0, 604>, <NetNode: N: fir.x3k3_mul.u5^prod~1_FF, P: Block (n16143): I: 1, O: 1, PlInfo: PL Info (n16143): [4, 30], 0, 577>, <NetNode: N: fir.x3k3_mul.u5^prod~1_FF, P: Block (n15929): I: 1, O: 1, PlInfo: PL Info (n15929): [5, 33], 0, 574>, <NetNode: N: fir.x3k3_mul.u5^prod~1_FF, P: Block (n15856): I: 1, O: 1, PlInfo: PL Info (n15856): [9, 32], 0, 572>, <NetNode: N: fir.x3k3_mul.u5^prod~1_FF, P: Block (n16730): I: 1, O: 1, PlInfo: PL Info (n16730): [4, 33], 0, 590>, <NetNode: N: fir.x3k3_mul.u5^prod~1_FF, P: Block (n15407): I: 1, O: 1, PlInfo: PL Info (n15407): [12, 25], 0, 489>, <NetNode: N: fir.x3k3_mul.u5^prod~1_FF, P: Block (n15650): I: 1, O: 1, PlInfo: PL Info (n15650): [7, 30], 0, 498>, <NetNode: N: fir.x3k3_mul.u5^prod~1_FF, P: Block (n15839): I: 1, O: 1, PlInfo: PL Info (n15839): [7, 35], 0, 596>, <NetNode: N: fir.x3k3_mul.u5^prod~1_FF, P: Block (n16307): I: 1, O: 1, PlInfo: PL Info (n16307): [9, 31], 0, 518>, <NetNode: N: fir.x3k3_mul.u5^prod~1_FF, P: Block (n16323): I: 1, O: 1, PlInfo: PL Info (n16323): [8, 34], 0, 520>, <NetNode: N: fir.x3k3_mul.u5^prod~1_FF, P: Block (n16567): I: 1, O: 1, PlInfo: PL Info (n16567): [12, 36], 0, 582>, <NetNode: N: fir.x3k3_mul.u5^prod~1_FF, P: Block (n16579): I: 1, O: 1, PlInfo: PL Info (n16579): [9, 34], 0, 602>, <NetNode: N: fir.x3k3_mul.u5^prod~1_FF, P: Block (n16757): I: 1, O: 1, PlInfo: PL Info (n16757): [8, 36], 0, 609>, <NetNode: N: fir.x3k3_mul.u5^prod~1_FF, P: Block (n16028): I: 1, O: 1, PlInfo: PL Info (n16028): [8, 30], 0, 575>, <NetNode: N: fir.x3k3_mul.u5^prod~1_FF, P: Block (n16274): I: 1, O: 1, PlInfo: PL Info (n16274): [8, 27], 0, 516>, <NetNode: N: fir.x3k3_mul.u5^prod~1_FF, P: Block (n15389): I: 1, O: 1, PlInfo: PL Info (n15389): [8, 24], 0, 649>, <NetNode: N: fir.x3k3_mul.u5^prod~1_FF, P: Block (n5499): I: 1, O: 1, PlInfo: PL Info (n5499): [12, 34], 0, 43>, <NetNode: N: fir.x3k3_mul.u5^prod~1_FF, P: Block (n16081): I: 1, O: 1, PlInfo: PL Info (n16081): [4, 26], 0, 597>, <NetNode: N: fir.x3k3_mul.u5^prod~1_FF, P: Block (n16088): I: 1, O: 1, PlInfo: PL Info (n16088): [9, 33], 0, 576>, <NetNode: N: fir.x3k3_mul.u5^prod~1_FF, P: Block (n16602): I: 1, O: 1, PlInfo: PL Info (n16602): [11, 35], 0, 605>, <NetNode: N: fir.x3k3_mul.u5^prod~1_FF, P: Block (n15770): I: 1, O: 1, PlInfo: PL Info (n15770): [13, 36], 0, 713>, <NetNode: N: fir.x3k3_mul.u5^prod~1_FF, P: Block (n15706): I: 1, O: 1, PlInfo: PL Info (n15706): [5, 34], 0, 509>, <NetNode: N: fir.x3k3_mul.u5^prod~1_FF, P: Block (n15958): I: 1, O: 1, PlInfo: PL Info (n15958): [3, 30], 0, 513>, <NetNode: N: fir.x3k3_mul.u5^prod~1_FF, P: Block (n16429): I: 1, O: 1, PlInfo: PL Info (n16429): [4, 31], 0, 523>, <NetNode: N: fir.x3k3_mul.u5^prod~1_FF, P: Block (n16438): I: 1, O: 1, PlInfo: PL Info (n16438): [4, 35], 0, 579>, <NetNode: N: fir.x3k3_mul.u5^prod~1_FF, P: Block (n16692): I: 1, O: 1, PlInfo: PL Info (n16692): [8, 35], 0, 588>, <NetNode: N: fir.x3k3_mul.u5^prod~1_FF, P: Block (n16630): I: 1, O: 1, PlInfo: PL Info (n16630): [9, 36], 0, 583>, <NetNode: N: fir.x3k3_mul.u5^prod~1_FF, P: Block (n16634): I: 1, O: 1, PlInfo: PL Info (n16634): [12, 35], 0, 585>, <NetNode: N: fir.x3k3_mul.u5^prod~1_FF, P: Block (n5616): I: 1, O: 1, PlInfo: PL Info (n5616): [9, 35], 0, 19>, <NetNode: N: fir.x3k3_mul.u5^prod~1_FF, P: Block (n16650): I: 1, O: 1, PlInfo: PL Info (n16650): [5, 36], 0, 587>, <>]

: Source: <NetNode: N: n16274, P: Block (n16274): I: 1, O: 1, PlInfo: PL Info (n16274): [8, 27], 0, 516>, 
	Sinks: [<NetNode: N: n16274, P: Block (n15958): I: 1, O: 1, PlInfo: PL Info (n15958): [3, 30], 0, 513>, <>]

: Source: <NetNode: N: n14079, P: Block (n14079): I: 1, O: 1, PlInfo: PL Info (n14079): [33, 23], 0, 464>, 
	Sinks: [<NetNode: N: n14079, P: Block (n14810): I: 1, O: 1, PlInfo: PL Info (n14810): [35, 17], 0, 477>, <NetNode: N: n14079, P: Block (n14961): I: 1, O: 1, PlInfo: PL Info (n14961): [36, 23], 0, 480>, <NetNode: N: n14079, P: Block (n14087): I: 1, O: 1, PlInfo: PL Info (n14087): [32, 19], 0, 363>, <NetNode: N: n14079, P: Block (n14067): I: 1, O: 1, PlInfo: PL Info (n14067): [32, 21], 0, 359>, <NetNode: N: n14079, P: Block (n15143): I: 1, O: 1, PlInfo: PL Info (n15143): [31, 24], 0, 382>, <NetNode: N: n14079, P: Block (n14263): I: 1, O: 1, PlInfo: PL Info (n14263): [36, 21], 0, 467>, <>]

: Source: <NetNode: N: n16037, P: Block (n16037): I: 1, O: 1, PlInfo: PL Info (n16037): [4, 25], 0, 668>, 
	Sinks: [<NetNode: N: n16037, P: Block (n15958): I: 1, O: 1, PlInfo: PL Info (n15958): [3, 30], 0, 513>, <>]

: Source: <NetNode: N: fir.add1_add.u1^fractb_out~19_FF, P: Block (n2594): I: 1, O: 1, PlInfo: PL Info (n2594): [31, 31], 0, 173>, 
	Sinks: [<NetNode: N: fir.add1_add.u1^fractb_out~19_FF, P: Block (n2474): I: 1, O: 1, PlInfo: PL Info (n2474): [29, 29], 0, 169>, <NetNode: N: fir.add1_add.u1^fractb_out~19_FF, P: Block (n2479): I: 1, O: 1, PlInfo: PL Info (n2479): [31, 30], 0, 170>, <NetNode: N: fir.add1_add.u1^fractb_out~19_FF, P: Block (n2454): I: 1, O: 1, PlInfo: PL Info (n2454): [28, 30], 0, 165>, <>]

: Source: <NetNode: N: fir.add0_add.u1^fracta_out~18_FF, P: Block (n3441): I: 1, O: 1, PlInfo: PL Info (n3441): [16, 9], 0, 67>, 
	Sinks: [<NetNode: N: fir.add0_add.u1^fracta_out~18_FF, P: Block (n3446): I: 1, O: 1, PlInfo: PL Info (n3446): [16, 7], 0, 68>, <NetNode: N: fir.add0_add.u1^fracta_out~18_FF, P: Block (n3416): I: 1, O: 1, PlInfo: PL Info (n3416): [15, 7], 0, 62>, <>]

: Source: <NetNode: N: fir.out_temp_add^out_o1~23_FF, P: Block (n1023): I: 1, O: 1, PlInfo: PL Info (n1023): [21, 31], 0, 240>, 
	Sinks: [<>]

: Source: <NetNode: N: fir.x3k3_mul^out_o1~12_FF, P: Block (n5629): I: 1, O: 1, PlInfo: PL Info (n5629): [15, 31], 0, 45>, 
	Sinks: [<>]

: Source: <NetNode: N: n7805, P: Block (n7805): I: 1, O: 1, PlInfo: PL Info (n7805): [3, 14], 0, 393>, 
	Sinks: [<NetNode: N: n7805, P: Block (n7895): I: 1, O: 1, PlInfo: PL Info (n7895): [4, 12], 0, 295>, <NetNode: N: n7805, P: Block (n7681_1): I: 1, O: 1, PlInfo: PL Info (n7681_1): [4, 14], 0, 292>, <>]

: Source: <NetNode: N: fir.add0_add.u1^fracta_out~19_FF, P: Block (n3446): I: 1, O: 1, PlInfo: PL Info (n3446): [16, 7], 0, 68>, 
	Sinks: [<NetNode: N: fir.add0_add.u1^fracta_out~19_FF, P: Block (n3416): I: 1, O: 1, PlInfo: PL Info (n3416): [15, 7], 0, 62>, <>]

: Source: <NetNode: N: n14067, P: Block (n14067): I: 1, O: 1, PlInfo: PL Info (n14067): [32, 21], 0, 359>, 
	Sinks: [<NetNode: N: n14067, P: Block (n14102): I: 1, O: 1, PlInfo: PL Info (n14102): [32, 20], 0, 366>, <NetNode: N: n14067, P: Block (n14088): I: 1, O: 1, PlInfo: PL Info (n14088): [31, 20], 0, 364>, <NetNode: N: n14067, P: Block (n14087): I: 1, O: 1, PlInfo: PL Info (n14087): [32, 19], 0, 363>, <NetNode: N: n14067, P: Block (n14086): I: 1, O: 1, PlInfo: PL Info (n14086): [29, 20], 0, 362>, <NetNode: N: n14067, P: Block (n14082): I: 1, O: 1, PlInfo: PL Info (n14082): [33, 22], 0, 361>, <NetNode: N: n14067, P: Block (n14081): I: 1, O: 1, PlInfo: PL Info (n14081): [33, 21], 0, 360>, <NetNode: N: n14067, P: Block (n14079): I: 1, O: 1, PlInfo: PL Info (n14079): [33, 23], 0, 464>, <NetNode: N: n14067, P: Block (n15143): I: 1, O: 1, PlInfo: PL Info (n15143): [31, 24], 0, 382>, <NetNode: N: n14067, P: Block (n14090): I: 1, O: 1, PlInfo: PL Info (n14090): [32, 22], 0, 365>, <>]

: Source: <NetNode: N: n16288, P: Block (n16288): I: 1, O: 1, PlInfo: PL Info (n16288): [1, 23], 0, 862>, 
	Sinks: [<NetNode: N: n16288, P: Block (n15950): I: 1, O: 1, PlInfo: PL Info (n15950): [4, 24], 0, 804>, <>]

: Source: <NetNode: N: n16047, P: Block (n16047): I: 1, O: 1, PlInfo: PL Info (n16047): [3, 21], 0, 834>, 
	Sinks: [<NetNode: N: n16047, P: Block (n16037): I: 1, O: 1, PlInfo: PL Info (n16037): [4, 25], 0, 668>, <>]

: Source: <NetNode: N: n9397_1, P: Block (n9397_1): I: 1, O: 1, PlInfo: PL Info (n9397_1): [19, 2], 0, 619>, 
	Sinks: [<NetNode: N: n9397_1, P: Block (n2931): I: 1, O: 1, PlInfo: PL Info (n2931): [20, 5], 0, 223>, <>]

: Source: <NetNode: N: n14062, P: Block (n14062): I: 1, O: 1, PlInfo: PL Info (n14062): [29, 21], 0, 682>, 
	Sinks: [<NetNode: N: n14062, P: Block (n15084): I: 1, O: 1, PlInfo: PL Info (n15084): [31, 23], 0, 377>, <NetNode: N: n14062, P: Block (n14803): I: 1, O: 1, PlInfo: PL Info (n14803): [33, 19], 0, 375>, <NetNode: N: n14062, P: Block (n5078): I: 1, O: 1, PlInfo: PL Info (n5078): [33, 24], 0, 111>, <NetNode: N: n14062, P: Block (n14352): I: 1, O: 1, PlInfo: PL Info (n14352): [32, 24], 0, 470>, <NetNode: N: n14062, P: Block (n14102): I: 1, O: 1, PlInfo: PL Info (n14102): [32, 20], 0, 366>, <NetNode: N: n14062, P: Block (n14330): I: 1, O: 1, PlInfo: PL Info (n14330): [31, 22], 0, 557>, <NetNode: N: n14062, P: Block (n14324): I: 1, O: 1, PlInfo: PL Info (n14324): [28, 22], 0, 595>, <NetNode: N: n14062, P: Block (n4883): I: 1, O: 1, PlInfo: PL Info (n4883): [29, 22], 0, 108>, <NetNode: N: n14062, P: Block (n14088): I: 1, O: 1, PlInfo: PL Info (n14088): [31, 20], 0, 364>, <NetNode: N: n14062, P: Block (n14087): I: 1, O: 1, PlInfo: PL Info (n14087): [32, 19], 0, 363>, <NetNode: N: n14062, P: Block (n14086): I: 1, O: 1, PlInfo: PL Info (n14086): [29, 20], 0, 362>, <NetNode: N: n14062, P: Block (n14082): I: 1, O: 1, PlInfo: PL Info (n14082): [33, 22], 0, 361>, <NetNode: N: n14062, P: Block (n14081): I: 1, O: 1, PlInfo: PL Info (n14081): [33, 21], 0, 360>, <NetNode: N: n14062, P: Block (n14079): I: 1, O: 1, PlInfo: PL Info (n14079): [33, 23], 0, 464>, <NetNode: N: n14062, P: Block (n15134): I: 1, O: 1, PlInfo: PL Info (n15134): [33, 20], 0, 380>, <NetNode: N: n14062, P: Block (n15143): I: 1, O: 1, PlInfo: PL Info (n15143): [31, 24], 0, 382>, <NetNode: N: n14062, P: Block (n14090): I: 1, O: 1, PlInfo: PL Info (n14090): [32, 22], 0, 365>, <NetNode: N: n14062, P: Block (n14631): I: 1, O: 1, PlInfo: PL Info (n14631): [32, 23], 0, 372>, <NetNode: N: n14062, P: Block (n15112): I: 1, O: 1, PlInfo: PL Info (n15112): [29, 18], 0, 486>, <NetNode: N: n14062, P: Block (n14470): I: 1, O: 1, PlInfo: PL Info (n14470): [31, 19], 0, 369>, <>]

: Source: <NetNode: N: fir.x2k2_mul^out~26_FF, P: Block (n14061): I: 1, O: 1, PlInfo: PL Info (n14061): [27, 21], 0, 358>, 
	Sinks: [<NetNode: N: fir.x2k2_mul^out~26_FF, P: Block (n2671): I: 1, O: 1, PlInfo: PL Info (n2671): [28, 26], 0, 230>, <>]

: Source: <NetNode: N: fir.x3k3_mul^out_o1~14_FF, P: Block (n5655): I: 1, O: 1, PlInfo: PL Info (n5655): [9, 30], 0, 20>, 
	Sinks: [<>]

: Source: <NetNode: N: fir.add0_add.u1^fracta_out~25_FF, P: Block (n3476): I: 1, O: 1, PlInfo: PL Info (n3476): [19, 7], 0, 73>, 
	Sinks: [<NetNode: N: fir.add0_add.u1^fracta_out~25_FF, P: Block (n3456): I: 1, O: 1, PlInfo: PL Info (n3456): [17, 7], 0, 70>, <>]

: Source: <NetNode: N: fir.add1_add.u1^fracta_out~4_FF, P: Block (n2384): I: 1, O: 1, PlInfo: PL Info (n2384): [25, 28], 0, 154>, 
	Sinks: [<NetNode: N: fir.add1_add.u1^fracta_out~4_FF, P: Block (n2058): I: 1, O: 1, PlInfo: PL Info (n2058): [32, 29], 0, 238>, <NetNode: N: fir.add1_add.u1^fracta_out~4_FF, P: Block (n9645_1): I: 1, O: 1, PlInfo: PL Info (n9645_1): [32, 28], 0, 801>, <NetNode: N: fir.add1_add.u1^fracta_out~4_FF, P: Block (n2559): I: 1, O: 1, PlInfo: PL Info (n2559): [29, 30], 0, 171>, <>]

: Source: <NetNode: N: fir.add0_add.u1^fracta_out~24_FF, P: Block (n3471): I: 1, O: 1, PlInfo: PL Info (n3471): [20, 9], 0, 72>, 
	Sinks: [<NetNode: N: fir.add0_add.u1^fracta_out~24_FF, P: Block (n3456): I: 1, O: 1, PlInfo: PL Info (n3456): [17, 7], 0, 70>, <>]

: Source: <NetNode: N: n8849_1, P: Block (n8849_1): I: 1, O: 1, PlInfo: PL Info (n8849_1): [8, 3], 0, 318>, 
	Sinks: [<NetNode: N: n8849_1, P: Block (n655): I: 1, O: 1, PlInfo: PL Info (n655): [9, 5], 0, 28>, <>]

: Source: <NetNode: N: fir.add1_add.u1^nan_sign_FF, P: Block (n2147): I: 1, O: 1, PlInfo: PL Info (n2147): [25, 26], 0, 276>, 
	Sinks: [<NetNode: N: fir.add1_add.u1^nan_sign_FF, P: Block (n2084): I: 1, O: 1, PlInfo: PL Info (n2084): [36, 31], 0, 27>, <>]

: Source: <NetNode: N: n9048_1, P: Block (n9048_1): I: 1, O: 1, PlInfo: PL Info (n9048_1): [1, 2], 0, 732>, 
	Sinks: [<NetNode: N: n9048_1, P: Block (n3710): I: 1, O: 1, PlInfo: PL Info (n3710): [8, 2], 0, 4>, <>]

: Source: <NetNode: N: fir.x3k3_mul.u2^exp_out~1_FF, P: Block (n5899): I: 1, O: 1, PlInfo: PL Info (n5899): [12, 19], 0, 259>, 
	Sinks: [<NetNode: N: fir.x3k3_mul.u2^exp_out~1_FF, P: Block (n5962): I: 1, O: 1, PlInfo: PL Info (n5962): [12, 20], 0, 265>, <NetNode: N: fir.x3k3_mul.u2^exp_out~1_FF, P: Block (n5816): I: 1, O: 1, PlInfo: PL Info (n5816): [11, 26], 0, 179>, <>]

: Source: <NetNode: N: fir^out~14, P: Block (fir.out_temp_add^out~14_FF): I: 1, O: 1, PlInfo: PL Info (fir.out_temp_add^out~14_FF): [19, 28], 0, 930>, 
	Sinks: [<NetNode: N: fir^out~14, P: Block (out:fir^out~14): I: 1, O: 0, PlInfo: PL Info (out:fir^out~14): [19, 0], 0, 962>, <>]

: Source: <NetNode: N: fir.x3k3_mul^out_o1~13_FF, P: Block (n5642): I: 1, O: 1, PlInfo: PL Info (n5642): [15, 30], 0, 46>, 
	Sinks: [<>]

: Source: <NetNode: N: fir.x1k1_mul^out_o1~22_FF, P: Block (n4553): I: 1, O: 1, PlInfo: PL Info (n4553): [24, 7], 0, 88>, 
	Sinks: [<>]

: Source: <NetNode: N: fir.add0_add.u1^fracta_out~22_FF, P: Block (n3461): I: 1, O: 1, PlInfo: PL Info (n3461): [17, 8], 0, 71>, 
	Sinks: [<NetNode: N: fir.add0_add.u1^fracta_out~22_FF, P: Block (n3456): I: 1, O: 1, PlInfo: PL Info (n3456): [17, 7], 0, 70>, <NetNode: N: fir.add0_add.u1^fracta_out~22_FF, P: Block (n3446): I: 1, O: 1, PlInfo: PL Info (n3446): [16, 7], 0, 68>, <>]

: Source: <NetNode: N: fir.x3k3_mul^out_o1~30_FF, P: Block (n5881): I: 1, O: 1, PlInfo: PL Info (n5881): [19, 29], 0, 113>, 
	Sinks: [<>]

: Source: <NetNode: N: fir.x1k1_mul^out_o1~4_FF, P: Block (n4319): I: 1, O: 1, PlInfo: PL Info (n4319): [31, 1], 0, 33>, 
	Sinks: [<>]

: Source: <NetNode: N: n7827, P: Block (n7827): I: 1, O: 1, PlInfo: PL Info (n7827): [3, 12], 0, 529>, 
	Sinks: [<NetNode: N: n7827, P: Block (n4045): I: 1, O: 1, PlInfo: PL Info (n4045): [5, 10], 0, 175>, <NetNode: N: n7827, P: Block (n3980): I: 1, O: 1, PlInfo: PL Info (n3980): [5, 12], 0, 180>, <>]

: Source: <NetNode: N: fir.add1_add.u1^fracta_out~3_FF, P: Block (n2379): I: 1, O: 1, PlInfo: PL Info (n2379): [27, 27], 0, 153>, 
	Sinks: [<NetNode: N: fir.add1_add.u1^fracta_out~3_FF, P: Block (n2244): I: 1, O: 1, PlInfo: PL Info (n2244): [32, 31], 0, 277>, <NetNode: N: fir.add1_add.u1^fracta_out~3_FF, P: Block (n2058): I: 1, O: 1, PlInfo: PL Info (n2058): [32, 29], 0, 238>, <NetNode: N: fir.add1_add.u1^fracta_out~3_FF, P: Block (n9645_1): I: 1, O: 1, PlInfo: PL Info (n9645_1): [32, 28], 0, 801>, <NetNode: N: fir.add1_add.u1^fracta_out~3_FF, P: Block (n2384): I: 1, O: 1, PlInfo: PL Info (n2384): [25, 28], 0, 154>, <>]

: Source: <NetNode: N: n8918, P: Block (n8918): I: 1, O: 1, PlInfo: PL Info (n8918): [9, 9], 0, 419>, 
	Sinks: [<NetNode: N: n8918, P: Block (n3762): I: 1, O: 1, PlInfo: PL Info (n3762): [11, 3], 0, 5>, <>]

: Source: <NetNode: N: n15134, P: Block (n15134): I: 1, O: 1, PlInfo: PL Info (n15134): [33, 20], 0, 380>, 
	Sinks: [<NetNode: N: n15134, P: Block (n15122): I: 1, O: 1, PlInfo: PL Info (n15122): [28, 25], 0, 379>, <>]

: Source: <NetNode: N: n16223, P: Block (n16223): I: 1, O: 1, PlInfo: PL Info (n16223): [7, 24], 0, 799>, 
	Sinks: [<NetNode: N: n16223, P: Block (n16213): I: 1, O: 1, PlInfo: PL Info (n16213): [7, 23], 0, 779>, <>]

: Source: <NetNode: N: n15136, P: Block (n15136): I: 1, O: 1, PlInfo: PL Info (n15136): [33, 25], 0, 381>, 
	Sinks: [<NetNode: N: n15136, P: Block (n15122): I: 1, O: 1, PlInfo: PL Info (n15122): [28, 25], 0, 379>, <>]

: Source: <NetNode: N: n15138, P: Block (n15138): I: 1, O: 1, PlInfo: PL Info (n15138): [35, 25], 0, 487>, 
	Sinks: [<NetNode: N: n15138, P: Block (n15122): I: 1, O: 1, PlInfo: PL Info (n15122): [28, 25], 0, 379>, <>]

: Source: <NetNode: N: n16229, P: Block (n16229): I: 1, O: 1, PlInfo: PL Info (n16229): [7, 22], 0, 830>, 
	Sinks: [<NetNode: N: n16229, P: Block (n16213): I: 1, O: 1, PlInfo: PL Info (n16213): [7, 23], 0, 779>, <>]

: Source: <NetNode: N: n7850, P: Block (n7850): I: 1, O: 1, PlInfo: PL Info (n7850): [3, 16], 0, 530>, 
	Sinks: [<>]

: Source: <NetNode: N: n11847, P: Block (n11847): I: 1, O: 1, PlInfo: PL Info (n11847): [15, 15], 0, 723>, 
	Sinks: [<NetNode: N: n11847, P: Block (n3366): I: 1, O: 1, PlInfo: PL Info (n3366): [16, 14], 0, 52>, <>]

: Source: <NetNode: N: n8703, P: Block (n8703): I: 1, O: 1, PlInfo: PL Info (n8703): [4, 1], 0, 311>, 
	Sinks: [<NetNode: N: n8703, P: Block (n7669_1): I: 1, O: 1, PlInfo: PL Info (n7669_1): [4, 5], 0, 291>, <>]

: Source: <NetNode: N: fir.x1k1_mul.u5^prod~4_FF, P: Block (fir.x1k1_mul.u5^prod1~4_FF): I: 1, O: 1, PlInfo: PL Info (fir.x1k1_mul.u5^prod1~4_FF): [23, 12], 0, 917>, 
	Sinks: [<NetNode: N: fir.x1k1_mul.u5^prod~4_FF, P: Block (n4423): I: 1, O: 1, PlInfo: PL Info (n4423): [28, 7], 0, 34>, <NetNode: N: fir.x1k1_mul.u5^prod~4_FF, P: Block (n13089): I: 1, O: 1, PlInfo: PL Info (n13089): [28, 1], 0, 445>, <NetNode: N: fir.x1k1_mul.u5^prod~4_FF, P: Block (n4462): I: 1, O: 1, PlInfo: PL Info (n4462): [23, 3], 0, 86>, <NetNode: N: fir.x1k1_mul.u5^prod~4_FF, P: Block (n12814): I: 1, O: 1, PlInfo: PL Info (n12814): [29, 1], 0, 441>, <NetNode: N: fir.x1k1_mul.u5^prod~4_FF, P: Block (n12614): I: 1, O: 1, PlInfo: PL Info (n12614): [27, 6], 0, 433>, <NetNode: N: fir.x1k1_mul.u5^prod~4_FF, P: Block (n12828): I: 1, O: 1, PlInfo: PL Info (n12828): [29, 3], 0, 344>, <NetNode: N: fir.x1k1_mul.u5^prod~4_FF, P: Block (n12897): I: 1, O: 1, PlInfo: PL Info (n12897): [35, 4], 0, 442>, <NetNode: N: fir.x1k1_mul.u5^prod~4_FF, P: Block (n13425): I: 1, O: 1, PlInfo: PL Info (n13425): [28, 2], 0, 543>, <NetNode: N: fir.x1k1_mul.u5^prod~4_FF, P: Block (n12568): I: 1, O: 1, PlInfo: PL Info (n12568): [27, 5], 0, 342>, <NetNode: N: fir.x1k1_mul.u5^prod~4_FF, P: Block (n12318): I: 1, O: 1, PlInfo: PL Info (n12318): [28, 10], 0, 330>, <NetNode: N: fir.x1k1_mul.u5^prod~4_FF, P: Block (n12790): I: 1, O: 1, PlInfo: PL Info (n12790): [27, 1], 0, 440>, <NetNode: N: fir.x1k1_mul.u5^prod~4_FF, P: Block (n13636): I: 1, O: 1, PlInfo: PL Info (n13636): [32, 1], 0, 453>, <NetNode: N: fir.x1k1_mul.u5^prod~4_FF, P: Block (n13633): I: 1, O: 1, PlInfo: PL Info (n13633): [25, 6], 0, 452>, <NetNode: N: fir.x1k1_mul.u5^prod~4_FF, P: Block (n12350): I: 1, O: 1, PlInfo: PL Info (n12350): [29, 12], 0, 689>, <NetNode: N: fir.x1k1_mul.u5^prod~4_FF, P: Block (n13025): I: 1, O: 1, PlInfo: PL Info (n13025): [33, 7], 0, 347>, <NetNode: N: fir.x1k1_mul.u5^prod~4_FF, P: Block (n13012): I: 1, O: 1, PlInfo: PL Info (n13012): [28, 9], 0, 541>, <NetNode: N: fir.x1k1_mul.u5^prod~4_FF, P: Block (n13253): I: 1, O: 1, PlInfo: PL Info (n13253): [23, 7], 0, 688>, <NetNode: N: fir.x1k1_mul.u5^prod~4_FF, P: Block (n13068): I: 1, O: 1, PlInfo: PL Info (n13068): [33, 5], 0, 444>, <NetNode: N: fir.x1k1_mul.u5^prod~4_FF, P: Block (n13066): I: 1, O: 1, PlInfo: PL Info (n13066): [29, 8], 0, 443>, <NetNode: N: fir.x1k1_mul.u5^prod~4_FF, P: Block (n12531): I: 1, O: 1, PlInfo: PL Info (n12531): [31, 5], 0, 338>, <NetNode: N: fir.x1k1_mul.u5^prod~4_FF, P: Block (n12527): I: 1, O: 1, PlInfo: PL Info (n12527): [32, 6], 0, 335>, <NetNode: N: fir.x1k1_mul.u5^prod~4_FF, P: Block (n12755): I: 1, O: 1, PlInfo: PL Info (n12755): [25, 5], 0, 436>, <NetNode: N: fir.x1k1_mul.u5^prod~4_FF, P: Block (n12687): I: 1, O: 1, PlInfo: PL Info (n12687): [25, 8], 0, 696>, <NetNode: N: fir.x1k1_mul.u5^prod~4_FF, P: Block (n13519): I: 1, O: 1, PlInfo: PL Info (n13519): [24, 6], 0, 548>, <NetNode: N: fir.x1k1_mul.u5^prod~4_FF, P: Block (n13328): I: 1, O: 1, PlInfo: PL Info (n13328): [35, 7], 0, 448>, <NetNode: N: fir.x1k1_mul.u5^prod~4_FF, P: Block (n13323): I: 1, O: 1, PlInfo: PL Info (n13323): [24, 2], 0, 447>, <NetNode: N: fir.x1k1_mul.u5^prod~4_FF, P: Block (n13394): I: 1, O: 1, PlInfo: PL Info (n13394): [33, 4], 0, 542>, <NetNode: N: fir.x1k1_mul.u5^prod~4_FF, P: Block (n12280): I: 1, O: 1, PlInfo: PL Info (n12280): [27, 11], 0, 425>, <NetNode: N: fir.x1k1_mul.u5^prod~4_FF, P: Block (n12279): I: 1, O: 1, PlInfo: PL Info (n12279): [24, 12], 0, 424>, <NetNode: N: fir.x1k1_mul.u5^prod~4_FF, P: Block (n13359): I: 1, O: 1, PlInfo: PL Info (n13359): [32, 10], 0, 351>, <>]

: Source: <NetNode: N: n15140, P: Block (n15140): I: 1, O: 1, PlInfo: PL Info (n15140): [29, 25], 0, 488>, 
	Sinks: [<NetNode: N: n15140, P: Block (n15122): I: 1, O: 1, PlInfo: PL Info (n15122): [28, 25], 0, 379>, <>]

: Source: <NetNode: N: n15143, P: Block (n15143): I: 1, O: 1, PlInfo: PL Info (n15143): [31, 24], 0, 382>, 
	Sinks: [<NetNode: N: n15143, P: Block (n15122): I: 1, O: 1, PlInfo: PL Info (n15122): [28, 25], 0, 379>, <>]

: Source: <NetNode: N: n15389, P: Block (n15389): I: 1, O: 1, PlInfo: PL Info (n15389): [8, 24], 0, 649>, 
	Sinks: [<NetNode: N: n15389, P: Block (n15654): I: 1, O: 1, PlInfo: PL Info (n15654): [9, 27], 0, 500>, <NetNode: N: n15389, P: Block (n5829): I: 1, O: 1, PlInfo: PL Info (n5829): [12, 28], 0, 220>, <>]

: Source: <NetNode: N: n15147, P: Block (n15147): I: 1, O: 1, PlInfo: PL Info (n15147): [23, 24], 0, 750>, 
	Sinks: [<NetNode: N: n15147, P: Block (n14632): I: 1, O: 1, PlInfo: PL Info (n14632): [27, 20], 0, 373>, <>]

: Source: <NetNode: N: n16237, P: Block (n16237): I: 1, O: 1, PlInfo: PL Info (n16237): [5, 25], 0, 800>, 
	Sinks: [<NetNode: N: n16237, P: Block (n16789): I: 1, O: 1, PlInfo: PL Info (n16789): [7, 27], 0, 610>, <>]

: Source: <NetNode: N: fir.x1k1_mul^out_o1~5_FF, P: Block (n4332): I: 1, O: 1, PlInfo: PL Info (n4332): [27, 3], 0, 104>, 
	Sinks: [<NetNode: N: fir.x1k1_mul^out_o1~5_FF, P: Block (n3621): I: 1, O: 1, PlInfo: PL Info (n3621): [20, 11], 0, 76>, <>]

: Source: <NetNode: N: fir.x1k1_mul^out_o1~23_FF, P: Block (n4570): I: 1, O: 1, PlInfo: PL Info (n4570): [33, 9], 0, 119>, 
	Sinks: [<NetNode: N: fir.x1k1_mul^out_o1~23_FF, P: Block (n11855): I: 1, O: 1, PlInfo: PL Info (n11855): [19, 15], 0, 719>, <>]

: Source: <NetNode: N: fir.add1_add.u1^fracta_out~6_FF, P: Block (n2394): I: 1, O: 1, PlInfo: PL Info (n2394): [24, 27], 0, 155>, 
	Sinks: [<NetNode: N: fir.add1_add.u1^fracta_out~6_FF, P: Block (n2269): I: 1, O: 1, PlInfo: PL Info (n2269): [31, 32], 0, 272>, <NetNode: N: fir.add1_add.u1^fracta_out~6_FF, P: Block (n2058): I: 1, O: 1, PlInfo: PL Info (n2058): [32, 29], 0, 238>, <NetNode: N: fir.add1_add.u1^fracta_out~6_FF, P: Block (n2559): I: 1, O: 1, PlInfo: PL Info (n2559): [29, 30], 0, 171>, <>]

: Source: <NetNode: N: fir.add1_add.u1^exp_dn_out~0_FF, P: Block (n2152): I: 1, O: 1, PlInfo: PL Info (n2152): [31, 28], 0, 248>, 
	Sinks: [<NetNode: N: fir.add1_add.u1^exp_dn_out~0_FF, P: Block (n2032): I: 1, O: 1, PlInfo: PL Info (n2032): [32, 30], 0, 236>, <>]

: Source: <NetNode: N: n11837, P: Block (n11837): I: 1, O: 1, PlInfo: PL Info (n11837): [17, 14], 0, 673>, 
	Sinks: [<>]

: Source: <NetNode: N: fir^out~0, P: Block (fir.out_temp_add^out~0_FF): I: 1, O: 1, PlInfo: PL Info (fir.out_temp_add^out~0_FF): [1, 20], 0, 927>, 
	Sinks: [<NetNode: N: fir^out~0, P: Block (out:fir^out~0): I: 1, O: 0, PlInfo: PL Info (out:fir^out~0): [0, 20], 0, 948>, <>]

: Source: <NetNode: N: fir.x3k3_mul^out_o1~15_FF, P: Block (n5668): I: 1, O: 1, PlInfo: PL Info (n5668): [8, 28], 0, 21>, 
	Sinks: [<>]

: Source: <NetNode: N: n15390, P: Block (n15390): I: 1, O: 1, PlInfo: PL Info (n15390): [8, 25], 0, 627>, 
	Sinks: [<NetNode: N: n15390, P: Block (n15654): I: 1, O: 1, PlInfo: PL Info (n15654): [9, 27], 0, 500>, <NetNode: N: n15390, P: Block (n5829): I: 1, O: 1, PlInfo: PL Info (n5829): [12, 28], 0, 220>, <>]

: Source: <NetNode: N: fir.out_temp_add^out_o1~15_FF, P: Block (n919): I: 1, O: 1, PlInfo: PL Info (n919): [29, 36], 0, 189>, 
	Sinks: [<>]

: Source: <NetNode: N: n15159, P: Block (n15159): I: 1, O: 1, PlInfo: PL Info (n15159): [35, 20], 0, 383>, 
	Sinks: [<NetNode: N: n15159, P: Block (n14631): I: 1, O: 1, PlInfo: PL Info (n14631): [32, 23], 0, 372>, <>]

: Source: <NetNode: N: fir.x0k0_mul.u2^inf_FF, P: Block (n4126): I: 1, O: 1, PlInfo: PL Info (n4126): [13, 7], 0, 262>, 
	Sinks: [<NetNode: N: fir.x0k0_mul.u2^inf_FF, P: Block (n4019): I: 1, O: 1, PlInfo: PL Info (n4019): [9, 13], 0, 217>, <>]

: Source: <NetNode: N: fir.x2k2_mul^out_o1~25_FF, P: Block (n5213): I: 1, O: 1, PlInfo: PL Info (n5213): [25, 17], 0, 118>, 
	Sinks: [<NetNode: N: fir.x2k2_mul^out_o1~25_FF, P: Block (n13985): I: 1, O: 1, PlInfo: PL Info (n13985): [20, 17], 0, 357>, <>]

: Source: <NetNode: N: fir.x3k3_mul^out_o1~17_FF, P: Block (n5694): I: 1, O: 1, PlInfo: PL Info (n5694): [12, 30], 0, 23>, 
	Sinks: [<NetNode: N: fir.x3k3_mul^out_o1~17_FF, P: Block (n1492): I: 1, O: 1, PlInfo: PL Info (n1492): [17, 33], 0, 50>, <>]

: Source: <NetNode: N: n12915, P: Block (n12915): I: 1, O: 1, PlInfo: PL Info (n12915): [33, 15], 0, 805>, 
	Sinks: [<NetNode: N: n12915, P: Block (n12741): I: 1, O: 1, PlInfo: PL Info (n12741): [32, 14], 0, 780>, <>]

: Source: <NetNode: N: n12911, P: Block (n12911): I: 1, O: 1, PlInfo: PL Info (n12911): [36, 10], 0, 792>, 
	Sinks: [<NetNode: N: n12911, P: Block (n13328): I: 1, O: 1, PlInfo: PL Info (n13328): [35, 7], 0, 448>, <>]

: Source: <NetNode: N: fir.x3k3_mul^out_o1~0_FF, P: Block (n5458): I: 1, O: 1, PlInfo: PL Info (n5458): [12, 29], 0, 11>, 
	Sinks: [<NetNode: N: fir.x3k3_mul^out_o1~0_FF, P: Block (n1392): I: 1, O: 1, PlInfo: PL Info (n1392): [16, 31], 0, 131>, <>]

: Source: <NetNode: N: n9004_1, P: Block (n9004_1): I: 1, O: 1, PlInfo: PL Info (n9004_1): [9, 4], 0, 320>, 
	Sinks: [<NetNode: N: n9004_1, P: Block (n3697): I: 1, O: 1, PlInfo: PL Info (n3697): [9, 7], 0, 81>, <>]

: Source: <NetNode: N: n16495, P: Block (n16495): I: 1, O: 1, PlInfo: PL Info (n16495): [1, 30], 0, 886>, 
	Sinks: [<NetNode: N: n16495, P: Block (n16619): I: 1, O: 1, PlInfo: PL Info (n16619): [4, 29], 0, 606>, <>]

: Source: <NetNode: N: fir^x_reg9~25_FF, P: Block (fir^x_reg8~25_FF): I: 1, O: 1, PlInfo: PL Info (fir^x_reg8~25_FF): [17, 17], 0, 943>, 
	Sinks: [<>]

: Source: <NetNode: N: n16498, P: Block (n16498): I: 1, O: 1, PlInfo: PL Info (n16498): [13, 31], 0, 598>, 
	Sinks: [<NetNode: N: n16498, P: Block (n5577): I: 1, O: 1, PlInfo: PL Info (n5577): [11, 31], 0, 17>, <>]

: Source: <NetNode: N: n16256, P: Block (n16256): I: 1, O: 1, PlInfo: PL Info (n16256): [5, 24], 0, 837>, 
	Sinks: [<NetNode: N: n16256, P: Block (n15427): I: 1, O: 1, PlInfo: PL Info (n15427): [8, 23], 0, 614>, <>]

: Source: <NetNode: N: n15168, P: Block (n15168): I: 1, O: 1, PlInfo: PL Info (n15168): [35, 24], 0, 384>, 
	Sinks: [<NetNode: N: n15168, P: Block (n5078): I: 1, O: 1, PlInfo: PL Info (n5078): [33, 24], 0, 111>, <>]

: Source: <NetNode: N: n8710, P: Block (n8710): I: 1, O: 1, PlInfo: PL Info (n8710): [3, 6], 0, 312>, 
	Sinks: [<NetNode: N: n8710, P: Block (n7669_1): I: 1, O: 1, PlInfo: PL Info (n7669_1): [4, 5], 0, 291>, <>]

: Source: <NetNode: N: fir.out_temp_add^out_o1~28_FF, P: Block (n1088): I: 1, O: 1, PlInfo: PL Info (n1088): [23, 32], 0, 239>, 
	Sinks: [<>]

: Source: <NetNode: N: n14090, P: Block (n14090): I: 1, O: 1, PlInfo: PL Info (n14090): [32, 22], 0, 365>, 
	Sinks: [<NetNode: N: n14090, P: Block (n15058): I: 1, O: 1, PlInfo: PL Info (n15058): [35, 19], 0, 482>, <NetNode: N: n14090, P: Block (n15088): I: 1, O: 1, PlInfo: PL Info (n15088): [27, 24], 0, 484>, <NetNode: N: n14090, P: Block (n14803): I: 1, O: 1, PlInfo: PL Info (n14803): [33, 19], 0, 375>, <NetNode: N: n14090, P: Block (n14830): I: 1, O: 1, PlInfo: PL Info (n14830): [35, 21], 0, 478>, <NetNode: N: n14090, P: Block (n14530): I: 1, O: 1, PlInfo: PL Info (n14530): [29, 19], 0, 473>, <NetNode: N: n14090, P: Block (n14961): I: 1, O: 1, PlInfo: PL Info (n14961): [36, 23], 0, 480>, <NetNode: N: n14090, P: Block (n14970): I: 1, O: 1, PlInfo: PL Info (n14970): [33, 26], 0, 562>, <NetNode: N: n14090, P: Block (n14330): I: 1, O: 1, PlInfo: PL Info (n14330): [31, 22], 0, 557>, <NetNode: N: n14090, P: Block (n14157): I: 1, O: 1, PlInfo: PL Info (n14157): [36, 26], 0, 697>, <NetNode: N: n14090, P: Block (n14082): I: 1, O: 1, PlInfo: PL Info (n14082): [33, 22], 0, 361>, <NetNode: N: n14090, P: Block (n15136): I: 1, O: 1, PlInfo: PL Info (n15136): [33, 25], 0, 381>, <NetNode: N: n14090, P: Block (n15138): I: 1, O: 1, PlInfo: PL Info (n15138): [35, 25], 0, 487>, <NetNode: N: n14090, P: Block (n15159): I: 1, O: 1, PlInfo: PL Info (n15159): [35, 20], 0, 383>, <NetNode: N: n14090, P: Block (n5013): I: 1, O: 1, PlInfo: PL Info (n5013): [29, 26], 0, 109>, <NetNode: N: n14090, P: Block (n5039): I: 1, O: 1, PlInfo: PL Info (n5039): [29, 24], 0, 40>, <NetNode: N: n14090, P: Block (n14631): I: 1, O: 1, PlInfo: PL Info (n14631): [32, 23], 0, 372>, <NetNode: N: n14090, P: Block (n14208): I: 1, O: 1, PlInfo: PL Info (n14208): [33, 18], 0, 556>, <NetNode: N: n14090, P: Block (n14446): I: 1, O: 1, PlInfo: PL Info (n14446): [31, 18], 0, 367>, <NetNode: N: n14090, P: Block (n14690): I: 1, O: 1, PlInfo: PL Info (n14690): [27, 23], 0, 561>, <NetNode: N: n14090, P: Block (n14264): I: 1, O: 1, PlInfo: PL Info (n14264): [36, 25], 0, 468>, <NetNode: N: n14090, P: Block (n14261): I: 1, O: 1, PlInfo: PL Info (n14261): [36, 19], 0, 594>, <NetNode: N: n14090, P: Block (n14470): I: 1, O: 1, PlInfo: PL Info (n14470): [31, 19], 0, 369>, <>]

: Source: <NetNode: N: fir.x1k1_mul^out_o1~24_FF, P: Block (n4597): I: 1, O: 1, PlInfo: PL Info (n4597): [27, 8], 0, 94>, 
	Sinks: [<NetNode: N: fir.x1k1_mul^out_o1~24_FF, P: Block (n4570): I: 1, O: 1, PlInfo: PL Info (n4570): [33, 9], 0, 119>, <>]

: Source: <NetNode: N: fir.x2k2_mul^out_o1~24_FF, P: Block (n5200): I: 1, O: 1, PlInfo: PL Info (n5200): [20, 15], 0, 117>, 
	Sinks: [<NetNode: N: fir.x2k2_mul^out_o1~24_FF, P: Block (n5386): I: 1, O: 1, PlInfo: PL Info (n5386): [20, 14], 0, 290>, <>]

: Source: <NetNode: N: fir.x3k3_mul^out_o1~16_FF, P: Block (n5681): I: 1, O: 1, PlInfo: PL Info (n5681): [11, 30], 0, 22>, 
	Sinks: [<>]

: Source: <NetNode: N: fir.x1k1_mul^out_o1~7_FF, P: Block (n4358): I: 1, O: 1, PlInfo: PL Info (n4358): [31, 3], 0, 84>, 
	Sinks: [<>]

: Source: <NetNode: N: fir.x0k0_mul.u5^prod~3_FF, P: Block (fir.x0k0_mul.u5^prod1~3_FF): I: 1, O: 1, PlInfo: PL Info (fir.x0k0_mul.u5^prod1~3_FF): [7, 14], 0, 924>, 
	Sinks: [<NetNode: N: fir.x0k0_mul.u5^prod~3_FF, P: Block (n8924_1): I: 1, O: 1, PlInfo: PL Info (n8924_1): [9, 1], 0, 420>, <NetNode: N: fir.x0k0_mul.u5^prod~3_FF, P: Block (n8761_1): I: 1, O: 1, PlInfo: PL Info (n8761_1): [3, 7], 0, 314>, <NetNode: N: fir.x0k0_mul.u5^prod~3_FF, P: Block (n7994): I: 1, O: 1, PlInfo: PL Info (n7994): [5, 5], 0, 304>, <NetNode: N: fir.x0k0_mul.u5^prod~3_FF, P: Block (n8892_1): I: 1, O: 1, PlInfo: PL Info (n8892_1): [11, 7], 0, 417>, <NetNode: N: fir.x0k0_mul.u5^prod~3_FF, P: Block (n7757): I: 1, O: 1, PlInfo: PL Info (n7757): [7, 13], 0, 387>, <NetNode: N: fir.x0k0_mul.u5^prod~3_FF, P: Block (n8406): I: 1, O: 1, PlInfo: PL Info (n8406): [4, 11], 0, 309>, <NetNode: N: fir.x0k0_mul.u5^prod~3_FF, P: Block (n8249_1): I: 1, O: 1, PlInfo: PL Info (n8249_1): [3, 5], 0, 398>, <NetNode: N: fir.x0k0_mul.u5^prod~3_FF, P: Block (n8898): I: 1, O: 1, PlInfo: PL Info (n8898): [13, 3], 0, 418>, <NetNode: N: fir.x0k0_mul.u5^prod~3_FF, P: Block (n655): I: 1, O: 1, PlInfo: PL Info (n655): [9, 5], 0, 28>, <NetNode: N: fir.x0k0_mul.u5^prod~3_FF, P: Block (n8330): I: 1, O: 1, PlInfo: PL Info (n8330): [1, 5], 0, 307>, <NetNode: N: fir.x0k0_mul.u5^prod~3_FF, P: Block (n8399): I: 1, O: 1, PlInfo: PL Info (n8399): [3, 3], 0, 308>, <NetNode: N: fir.x0k0_mul.u5^prod~3_FF, P: Block (n9005_1): I: 1, O: 1, PlInfo: PL Info (n9005_1): [8, 7], 0, 321>, <NetNode: N: fir.x0k0_mul.u5^prod~3_FF, P: Block (n7951_1): I: 1, O: 1, PlInfo: PL Info (n7951_1): [4, 6], 0, 299>, <NetNode: N: fir.x0k0_mul.u5^prod~3_FF, P: Block (n8173): I: 1, O: 1, PlInfo: PL Info (n8173): [7, 6], 0, 306>, <NetNode: N: fir.x0k0_mul.u5^prod~3_FF, P: Block (n8592_1): I: 1, O: 1, PlInfo: PL Info (n8592_1): [1, 4], 0, 310>, <NetNode: N: fir.x0k0_mul.u5^prod~3_FF, P: Block (n8848_1): I: 1, O: 1, PlInfo: PL Info (n8848_1): [13, 4], 0, 317>, <NetNode: N: fir.x0k0_mul.u5^prod~3_FF, P: Block (n9082): I: 1, O: 1, PlInfo: PL Info (n9082): [9, 6], 0, 422>, <NetNode: N: fir.x0k0_mul.u5^prod~3_FF, P: Block (n3762): I: 1, O: 1, PlInfo: PL Info (n3762): [11, 3], 0, 5>, <NetNode: N: fir.x0k0_mul.u5^prod~3_FF, P: Block (n7960_1): I: 1, O: 1, PlInfo: PL Info (n7960_1): [5, 4], 0, 300>, <NetNode: N: fir.x0k0_mul.u5^prod~3_FF, P: Block (n8167_1): I: 1, O: 1, PlInfo: PL Info (n8167_1): [12, 1], 0, 395>, <NetNode: N: fir.x0k0_mul.u5^prod~3_FF, P: Block (n7762_1): I: 1, O: 1, PlInfo: PL Info (n7762_1): [7, 16], 0, 389>, <NetNode: N: fir.x0k0_mul.u5^prod~3_FF, P: Block (n3788): I: 1, O: 1, PlInfo: PL Info (n3788): [12, 5], 0, 100>, <NetNode: N: fir.x0k0_mul.u5^prod~3_FF, P: Block (n7786_1): I: 1, O: 1, PlInfo: PL Info (n7786_1): [5, 15], 0, 294>, <NetNode: N: fir.x0k0_mul.u5^prod~3_FF, P: Block (n9004_1): I: 1, O: 1, PlInfo: PL Info (n9004_1): [9, 4], 0, 320>, <NetNode: N: fir.x0k0_mul.u5^prod~3_FF, P: Block (n8975): I: 1, O: 1, PlInfo: PL Info (n8975): [1, 3], 0, 319>, <NetNode: N: fir.x0k0_mul.u5^prod~3_FF, P: Block (n8292_1): I: 1, O: 1, PlInfo: PL Info (n8292_1): [11, 1], 0, 402>, <NetNode: N: fir.x0k0_mul.u5^prod~3_FF, P: Block (n8775): I: 1, O: 1, PlInfo: PL Info (n8775): [4, 3], 0, 315>, <NetNode: N: fir.x0k0_mul.u5^prod~3_FF, P: Block (n8712_1): I: 1, O: 1, PlInfo: PL Info (n8712_1): [7, 10], 0, 313>, <NetNode: N: fir.x0k0_mul.u5^prod~3_FF, P: Block (n9102): I: 1, O: 1, PlInfo: PL Info (n9102): [7, 7], 0, 322>, <NetNode: N: fir.x0k0_mul.u5^prod~3_FF, P: Block (n8257): I: 1, O: 1, PlInfo: PL Info (n8257): [8, 6], 0, 399>, <NetNode: N: fir.x0k0_mul.u5^prod~3_FF, P: Block (n8821_1): I: 1, O: 1, PlInfo: PL Info (n8821_1): [3, 1], 0, 316>, <NetNode: N: fir.x0k0_mul.u5^prod~3_FF, P: Block (n8283): I: 1, O: 1, PlInfo: PL Info (n8283): [9, 2], 0, 401>, <NetNode: N: fir.x0k0_mul.u5^prod~3_FF, P: Block (n8275): I: 1, O: 1, PlInfo: PL Info (n8275): [9, 3], 0, 400>, <NetNode: N: fir.x0k0_mul.u5^prod~3_FF, P: Block (n8296): I: 1, O: 1, PlInfo: PL Info (n8296): [4, 2], 0, 404>, <NetNode: N: fir.x0k0_mul.u5^prod~3_FF, P: Block (n7961_1): I: 1, O: 1, PlInfo: PL Info (n7961_1): [7, 3], 0, 301>, <NetNode: N: fir.x0k0_mul.u5^prod~3_FF, P: Block (n3671): I: 1, O: 1, PlInfo: PL Info (n3671): [7, 4], 0, 97>, <>]

: Source: <NetNode: N: n16261, P: Block (n16261): I: 1, O: 1, PlInfo: PL Info (n16261): [7, 21], 0, 864>, 
	Sinks: [<NetNode: N: n16261, P: Block (n15389): I: 1, O: 1, PlInfo: PL Info (n15389): [8, 24], 0, 649>, <>]

: Source: <NetNode: N: n7891, P: Block (n7891): I: 1, O: 1, PlInfo: PL Info (n7891): [7, 11], 0, 684>, 
	Sinks: [<NetNode: N: n7891, P: Block (n7681_1): I: 1, O: 1, PlInfo: PL Info (n7681_1): [4, 14], 0, 292>, <>]

: Source: <NetNode: N: n7890, P: Block (n7890): I: 1, O: 1, PlInfo: PL Info (n7890): [7, 17], 0, 531>, 
	Sinks: [<NetNode: N: n7890, P: Block (n8835): I: 1, O: 1, PlInfo: PL Info (n8835): [3, 13], 0, 413>, <>]

: Source: <NetNode: N: n9834, P: Block (n9834): I: 1, O: 1, PlInfo: PL Info (n9834): [31, 35], 0, 655>, 
	Sinks: [<NetNode: N: n9834, P: Block (n2269): I: 1, O: 1, PlInfo: PL Info (n2269): [31, 32], 0, 272>, <>]

: Source: <NetNode: N: n9835, P: Block (n9835): I: 1, O: 1, PlInfo: PL Info (n9835): [33, 35], 0, 656>, 
	Sinks: [<NetNode: N: n9835, P: Block (n2269): I: 1, O: 1, PlInfo: PL Info (n2269): [31, 32], 0, 272>, <>]

: Source: <NetNode: N: n8746, P: Block (n8746): I: 1, O: 1, PlInfo: PL Info (n8746): [1, 9], 0, 819>, 
	Sinks: [<NetNode: N: n8746, P: Block (n7997_1): I: 1, O: 1, PlInfo: PL Info (n7997_1): [1, 7], 0, 695>, <>]

: Source: <NetNode: N: n8740_1, P: Block (n8740_1): I: 1, O: 1, PlInfo: PL Info (n8740_1): [3, 18], 0, 859>, 
	Sinks: [<NetNode: N: n8740_1, P: Block (n7997_1): I: 1, O: 1, PlInfo: PL Info (n7997_1): [1, 7], 0, 695>, <>]

: Source: <NetNode: N: fir.out_temp_add.u0^snan_r_b_FF, P: Block (n5476): I: 1, O: 1, PlInfo: PL Info (n5476): [17, 32], 0, 280>, 
	Sinks: [<NetNode: N: fir.out_temp_add.u0^snan_r_b_FF, P: Block (n776): I: 1, O: 1, PlInfo: PL Info (n776): [24, 31], 0, 185>, <>]

: Source: <NetNode: N: n9793_1, P: Block (n9793_1): I: 1, O: 1, PlInfo: PL Info (n9793_1): [35, 34], 0, 654>, 
	Sinks: [<NetNode: N: n9793_1, P: Block (n1775): I: 1, O: 1, PlInfo: PL Info (n1775): [36, 34], 0, 208>, <>]

: Source: <NetNode: N: fir.x0k0_mul^exp_r~5_FF, P: Block (n7895): I: 1, O: 1, PlInfo: PL Info (n7895): [4, 12], 0, 295>, 
	Sinks: [<NetNode: N: fir.x0k0_mul^exp_r~5_FF, P: Block (n7703): I: 1, O: 1, PlInfo: PL Info (n7703): [8, 13], 0, 527>, <NetNode: N: fir.x0k0_mul^exp_r~5_FF, P: Block (n7725): I: 1, O: 1, PlInfo: PL Info (n7725): [3, 17], 0, 592>, <NetNode: N: fir.x0k0_mul^exp_r~5_FF, P: Block (n8622): I: 1, O: 1, PlInfo: PL Info (n8622): [8, 17], 0, 770>, <NetNode: N: fir.x0k0_mul^exp_r~5_FF, P: Block (n7948_1): I: 1, O: 1, PlInfo: PL Info (n7948_1): [4, 7], 0, 297>, <NetNode: N: fir.x0k0_mul^exp_r~5_FF, P: Block (n4045): I: 1, O: 1, PlInfo: PL Info (n4045): [5, 10], 0, 175>, <NetNode: N: fir.x0k0_mul^exp_r~5_FF, P: Block (n8184_1): I: 1, O: 1, PlInfo: PL Info (n8184_1): [9, 17], 0, 775>, <NetNode: N: fir.x0k0_mul^exp_r~5_FF, P: Block (n8293_1): I: 1, O: 1, PlInfo: PL Info (n8293_1): [3, 10], 0, 403>, <NetNode: N: fir.x0k0_mul^exp_r~5_FF, P: Block (n8654): I: 1, O: 1, PlInfo: PL Info (n8654): [9, 12], 0, 818>, <NetNode: N: fir.x0k0_mul^exp_r~5_FF, P: Block (n8891): I: 1, O: 1, PlInfo: PL Info (n8891): [4, 9], 0, 416>, <NetNode: N: fir.x0k0_mul^exp_r~5_FF, P: Block (n8447): I: 1, O: 1, PlInfo: PL Info (n8447): [8, 12], 0, 783>, <NetNode: N: fir.x0k0_mul^exp_r~5_FF, P: Block (n8107): I: 1, O: 1, PlInfo: PL Info (n8107): [9, 16], 0, 774>, <NetNode: N: fir.x0k0_mul^exp_r~5_FF, P: Block (n8123_1): I: 1, O: 1, PlInfo: PL Info (n8123_1): [9, 15], 0, 768>, <NetNode: N: fir.x0k0_mul^exp_r~5_FF, P: Block (n8396_1): I: 1, O: 1, PlInfo: PL Info (n8396_1): [8, 10], 0, 407>, <NetNode: N: fir.x0k0_mul^exp_r~5_FF, P: Block (n8154_1): I: 1, O: 1, PlInfo: PL Info (n8154_1): [9, 14], 0, 769>, <NetNode: N: fir.x0k0_mul^exp_r~5_FF, P: Block (n8918): I: 1, O: 1, PlInfo: PL Info (n8918): [9, 9], 0, 419>, <NetNode: N: fir.x0k0_mul^exp_r~5_FF, P: Block (n7850): I: 1, O: 1, PlInfo: PL Info (n7850): [3, 16], 0, 530>, <NetNode: N: fir.x0k0_mul^exp_r~5_FF, P: Block (n7890): I: 1, O: 1, PlInfo: PL Info (n7890): [7, 17], 0, 531>, <NetNode: N: fir.x0k0_mul^exp_r~5_FF, P: Block (n8740_1): I: 1, O: 1, PlInfo: PL Info (n8740_1): [3, 18], 0, 859>, <NetNode: N: fir.x0k0_mul^exp_r~5_FF, P: Block (n8506): I: 1, O: 1, PlInfo: PL Info (n8506): [3, 11], 0, 797>, <NetNode: N: fir.x0k0_mul^exp_r~5_FF, P: Block (n7670): I: 1, O: 1, PlInfo: PL Info (n7670): [5, 7], 0, 681>, <NetNode: N: fir.x0k0_mul^exp_r~5_FF, P: Block (n8999): I: 1, O: 1, PlInfo: PL Info (n8999): [7, 9], 0, 421>, <NetNode: N: fir.x0k0_mul^exp_r~5_FF, P: Block (n8458): I: 1, O: 1, PlInfo: PL Info (n8458): [8, 16], 0, 777>, <NetNode: N: fir.x0k0_mul^exp_r~5_FF, P: Block (n9106): I: 1, O: 1, PlInfo: PL Info (n9106): [4, 10], 0, 323>, <NetNode: N: fir.x0k0_mul^exp_r~5_FF, P: Block (n8495): I: 1, O: 1, PlInfo: PL Info (n8495): [8, 11], 0, 853>, <NetNode: N: fir.x0k0_mul^exp_r~5_FF, P: Block (n8869_1): I: 1, O: 1, PlInfo: PL Info (n8869_1): [9, 10], 0, 535>, <>]

: Source: <NetNode: N: fir.x1k1_mul^out_o1~9_FF, P: Block (n4384): I: 1, O: 1, PlInfo: PL Info (n4384): [31, 2], 0, 105>, 
	Sinks: [<>]

: Source: <NetNode: N: fir.x2k2_mul.u5^prod~33_FF, P: Block (n13827): I: 1, O: 1, PlInfo: PL Info (n13827): [24, 17], 0, 457>, 
	Sinks: [<NetNode: N: fir.x2k2_mul.u5^prod~33_FF, P: Block (n15063): I: 1, O: 1, PlInfo: PL Info (n15063): [32, 26], 0, 483>, <NetNode: N: fir.x2k2_mul.u5^prod~33_FF, P: Block (n15088): I: 1, O: 1, PlInfo: PL Info (n15088): [27, 24], 0, 484>, <NetNode: N: fir.x2k2_mul.u5^prod~33_FF, P: Block (n13909): I: 1, O: 1, PlInfo: PL Info (n13909): [20, 18], 0, 612>, <NetNode: N: fir.x2k2_mul.u5^prod~33_FF, P: Block (n13903): I: 1, O: 1, PlInfo: PL Info (n13903): [24, 22], 0, 554>, <NetNode: N: fir.x2k2_mul.u5^prod~33_FF, P: Block (n13938): I: 1, O: 1, PlInfo: PL Info (n13938): [20, 19], 0, 462>, <NetNode: N: fir.x2k2_mul.u5^prod~33_FF, P: Block (n13935): I: 1, O: 1, PlInfo: PL Info (n13935): [24, 18], 0, 555>, <NetNode: N: fir.x2k2_mul.u5^prod~33_FF, P: Block (n14831): I: 1, O: 1, PlInfo: PL Info (n14831): [25, 23], 0, 479>, <NetNode: N: fir.x2k2_mul.u5^prod~33_FF, P: Block (n5156): I: 1, O: 1, PlInfo: PL Info (n5156): [35, 26], 0, 10>, <NetNode: N: fir.x2k2_mul.u5^prod~33_FF, P: Block (n13983): I: 1, O: 1, PlInfo: PL Info (n13983): [24, 16], 0, 463>, <NetNode: N: fir.x2k2_mul.u5^prod~33_FF, P: Block (n14553): I: 1, O: 1, PlInfo: PL Info (n14553): [16, 25], 0, 823>, <NetNode: N: fir.x2k2_mul.u5^prod~33_FF, P: Block (n14557): I: 1, O: 1, PlInfo: PL Info (n14557): [17, 20], 0, 824>, <NetNode: N: fir.x2k2_mul.u5^prod~33_FF, P: Block (n14961): I: 1, O: 1, PlInfo: PL Info (n14961): [36, 23], 0, 480>, <NetNode: N: fir.x2k2_mul.u5^prod~33_FF, P: Block (n14312): I: 1, O: 1, PlInfo: PL Info (n14312): [17, 25], 0, 870>, <NetNode: N: fir.x2k2_mul.u5^prod~33_FF, P: Block (n14311): I: 1, O: 1, PlInfo: PL Info (n14311): [17, 24], 0, 848>, <NetNode: N: fir.x2k2_mul.u5^prod~33_FF, P: Block (n14970): I: 1, O: 1, PlInfo: PL Info (n14970): [33, 26], 0, 562>, <NetNode: N: fir.x2k2_mul.u5^prod~33_FF, P: Block (n14735): I: 1, O: 1, PlInfo: PL Info (n14735): [19, 25], 0, 857>, <NetNode: N: fir.x2k2_mul.u5^prod~33_FF, P: Block (n14747): I: 1, O: 1, PlInfo: PL Info (n14747): [19, 26], 0, 879>, <NetNode: N: fir.x2k2_mul.u5^prod~33_FF, P: Block (n14343): I: 1, O: 1, PlInfo: PL Info (n14343): [29, 17], 0, 469>, <NetNode: N: fir.x2k2_mul.u5^prod~33_FF, P: Block (n15003): I: 1, O: 1, PlInfo: PL Info (n15003): [24, 23], 0, 662>, <NetNode: N: fir.x2k2_mul.u5^prod~33_FF, P: Block (n14564): I: 1, O: 1, PlInfo: PL Info (n14564): [16, 23], 0, 833>, <NetNode: N: fir.x2k2_mul.u5^prod~33_FF, P: Block (n14395): I: 1, O: 1, PlInfo: PL Info (n14395): [35, 22], 0, 560>, <NetNode: N: fir.x2k2_mul.u5^prod~33_FF, P: Block (n15138): I: 1, O: 1, PlInfo: PL Info (n15138): [35, 25], 0, 487>, <NetNode: N: fir.x2k2_mul.u5^prod~33_FF, P: Block (n15140): I: 1, O: 1, PlInfo: PL Info (n15140): [29, 25], 0, 488>, <NetNode: N: fir.x2k2_mul.u5^prod~33_FF, P: Block (n15147): I: 1, O: 1, PlInfo: PL Info (n15147): [23, 24], 0, 750>, <NetNode: N: fir.x2k2_mul.u5^prod~33_FF, P: Block (n13814): I: 1, O: 1, PlInfo: PL Info (n13814): [23, 17], 0, 455>, <NetNode: N: fir.x2k2_mul.u5^prod~33_FF, P: Block (n14945): I: 1, O: 1, PlInfo: PL Info (n14945): [19, 23], 0, 876>, <NetNode: N: fir.x2k2_mul.u5^prod~33_FF, P: Block (n14714): I: 1, O: 1, PlInfo: PL Info (n14714): [19, 21], 0, 813>, <NetNode: N: fir.x2k2_mul.u5^prod~33_FF, P: Block (n14718): I: 1, O: 1, PlInfo: PL Info (n14718): [16, 24], 0, 863>, <NetNode: N: fir.x2k2_mul.u5^prod~33_FF, P: Block (n13867): I: 1, O: 1, PlInfo: PL Info (n13867): [23, 18], 0, 355>, <NetNode: N: fir.x2k2_mul.u5^prod~33_FF, P: Block (n13847): I: 1, O: 1, PlInfo: PL Info (n13847): [24, 19], 0, 458>, <NetNode: N: fir.x2k2_mul.u5^prod~33_FF, P: Block (n13835): I: 1, O: 1, PlInfo: PL Info (n13835): [25, 19], 0, 354>, <NetNode: N: fir.x2k2_mul.u5^prod~33_FF, P: Block (n13832): I: 1, O: 1, PlInfo: PL Info (n13832): [21, 21], 0, 766>, <NetNode: N: fir.x2k2_mul.u5^prod~33_FF, P: Block (n14883): I: 1, O: 1, PlInfo: PL Info (n14883): [20, 23], 0, 871>, <NetNode: N: fir.x2k2_mul.u5^prod~33_FF, P: Block (n14407): I: 1, O: 1, PlInfo: PL Info (n14407): [36, 22], 0, 471>, <NetNode: N: fir.x2k2_mul.u5^prod~33_FF, P: Block (n14414): I: 1, O: 1, PlInfo: PL Info (n14414): [19, 24], 0, 646>, <NetNode: N: fir.x2k2_mul.u5^prod~33_FF, P: Block (n14663): I: 1, O: 1, PlInfo: PL Info (n14663): [17, 18], 0, 782>, <NetNode: N: fir.x2k2_mul.u5^prod~33_FF, P: Block (n14855): I: 1, O: 1, PlInfo: PL Info (n14855): [19, 20], 0, 787>, <NetNode: N: fir.x2k2_mul.u5^prod~33_FF, P: Block (n14869): I: 1, O: 1, PlInfo: PL Info (n14869): [16, 19], 0, 811>, <NetNode: N: fir.x2k2_mul.u5^prod~33_FF, P: Block (n14632): I: 1, O: 1, PlInfo: PL Info (n14632): [27, 20], 0, 373>, <NetNode: N: fir.x2k2_mul.u5^prod~33_FF, P: Block (n14491): I: 1, O: 1, PlInfo: PL Info (n14491): [16, 22], 0, 855>, <NetNode: N: fir.x2k2_mul.u5^prod~33_FF, P: Block (n14208): I: 1, O: 1, PlInfo: PL Info (n14208): [33, 18], 0, 556>, <NetNode: N: fir.x2k2_mul.u5^prod~33_FF, P: Block (n14041): I: 1, O: 1, PlInfo: PL Info (n14041): [17, 22], 0, 812>, <NetNode: N: fir.x2k2_mul.u5^prod~33_FF, P: Block (n14264): I: 1, O: 1, PlInfo: PL Info (n14264): [36, 25], 0, 468>, <NetNode: N: fir.x2k2_mul.u5^prod~33_FF, P: Block (n14261): I: 1, O: 1, PlInfo: PL Info (n14261): [36, 19], 0, 594>, <NetNode: N: fir.x2k2_mul.u5^prod~33_FF, P: Block (n14256): I: 1, O: 1, PlInfo: PL Info (n14256): [31, 25], 0, 466>, <NetNode: N: fir.x2k2_mul.u5^prod~33_FF, P: Block (n14252): I: 1, O: 1, PlInfo: PL Info (n14252): [25, 24], 0, 465>, <>]

: Source: <NetNode: N: fir.x2k2_mul.u5^prod1~35_FF, P: Block (n13826): I: 1, O: 1, PlInfo: PL Info (n13826): [23, 16], 0, 456>, 
	Sinks: [<>]

: Source: <NetNode: N: n11886, P: Block (n11886): I: 1, O: 1, PlInfo: PL Info (n11886): [17, 15], 0, 725>, 
	Sinks: [<NetNode: N: n11886, P: Block (n3391): I: 1, O: 1, PlInfo: PL Info (n3391): [17, 13], 0, 57>, <>]

: Source: <NetNode: N: fir.x2k2_mul^out_o1~27_FF, P: Block (n5239): I: 1, O: 1, PlInfo: PL Info (n5239): [28, 21], 0, 89>, 
	Sinks: [<NetNode: N: fir.x2k2_mul^out_o1~27_FF, P: Block (n14039): I: 1, O: 1, PlInfo: PL Info (n14039): [27, 26], 0, 842>, <>]

: Source: <NetNode: N: n11887, P: Block (n11887): I: 1, O: 1, PlInfo: PL Info (n11887): [15, 12], 0, 762>, 
	Sinks: [<NetNode: N: n11887, P: Block (n3391): I: 1, O: 1, PlInfo: PL Info (n3391): [17, 13], 0, 57>, <>]

: Source: <NetNode: N: fir^out~24, P: Block (n10314): I: 1, O: 1, PlInfo: PL Info (n10314): [20, 31], 0, 836>, 
	Sinks: [<NetNode: N: fir^out~24, P: Block (out:fir^out~24): I: 1, O: 0, PlInfo: PL Info (out:fir^out~24): [19, 0], 5, 972>, <>]

: Source: <NetNode: N: fir.out_temp_add^out_o1~16_FF, P: Block (n932): I: 1, O: 1, PlInfo: PL Info (n932): [28, 32], 0, 190>, 
	Sinks: [<>]

: Source: <NetNode: N: n8506, P: Block (n8506): I: 1, O: 1, PlInfo: PL Info (n8506): [3, 11], 0, 797>, 
	Sinks: [<NetNode: N: n8506, P: Block (n8761_1): I: 1, O: 1, PlInfo: PL Info (n8761_1): [3, 7], 0, 314>, <>]

: Source: <NetNode: N: n8731, P: Block (n8731): I: 1, O: 1, PlInfo: PL Info (n8731): [11, 14], 0, 771>, 
	Sinks: [<NetNode: N: n8731, P: Block (n7997_1): I: 1, O: 1, PlInfo: PL Info (n7997_1): [1, 7], 0, 695>, <>]

: Source: <NetNode: N: n8975, P: Block (n8975): I: 1, O: 1, PlInfo: PL Info (n8975): [1, 3], 0, 319>, 
	Sinks: [<NetNode: N: n8975, P: Block (n8849_1): I: 1, O: 1, PlInfo: PL Info (n8849_1): [8, 3], 0, 318>, <>]

: Source: <NetNode: N: fir.x2k2_mul^out_o1~26_FF, P: Block (n5226): I: 1, O: 1, PlInfo: PL Info (n5226): [28, 20], 0, 116>, 
	Sinks: [<NetNode: N: fir.x2k2_mul^out_o1~26_FF, P: Block (n14061): I: 1, O: 1, PlInfo: PL Info (n14061): [27, 21], 0, 358>, <>]

: Source: <NetNode: N: n8292_1, P: Block (n8292_1): I: 1, O: 1, PlInfo: PL Info (n8292_1): [11, 1], 0, 402>, 
	Sinks: [<NetNode: N: n8292_1, P: Block (n3814): I: 1, O: 1, PlInfo: PL Info (n3814): [11, 8], 0, 30>, <>]

: Source: <NetNode: N: fir.x2k2_mul.u5^prod1~16_FF, P: Block (n13818): I: 1, O: 1, PlInfo: PL Info (n13818): [23, 20], 0, 353>, 
	Sinks: [<>]

: Source: <NetNode: N: fir^out~11, P: Block (n10145_1): I: 1, O: 1, PlInfo: PL Info (n10145_1): [27, 34], 0, 641>, 
	Sinks: [<NetNode: N: fir^out~11, P: Block (out:fir^out~11): I: 1, O: 0, PlInfo: PL Info (out:fir^out~11): [27, 37], 4, 959>, <>]

: Source: <NetNode: N: fir.x2k2_mul.u5^prod1~33_FF, P: Block (n13814): I: 1, O: 1, PlInfo: PL Info (n13814): [23, 17], 0, 455>, 
	Sinks: [<NetNode: N: fir.x2k2_mul.u5^prod1~33_FF, P: Block (n13827): I: 1, O: 1, PlInfo: PL Info (n13827): [24, 17], 0, 457>, <>]

: Source: <NetNode: N: n12967, P: Block (n12967): I: 1, O: 1, PlInfo: PL Info (n12967): [35, 12], 0, 663>, 
	Sinks: [<NetNode: N: n12967, P: Block (n12965): I: 1, O: 1, PlInfo: PL Info (n12965): [33, 6], 0, 346>, <>]

: Source: <NetNode: N: n12965, P: Block (n12965): I: 1, O: 1, PlInfo: PL Info (n12965): [33, 6], 0, 346>, 
	Sinks: [<NetNode: N: n12965, P: Block (n12857): I: 1, O: 1, PlInfo: PL Info (n12857): [33, 3], 0, 345>, <>]

: Source: <NetNode: N: n11870, P: Block (n11870): I: 1, O: 1, PlInfo: PL Info (n11870): [17, 16], 0, 679>, 
	Sinks: [<NetNode: N: n11870, P: Block (n3386): I: 1, O: 1, PlInfo: PL Info (n3386): [17, 12], 0, 56>, <>]

: Source: <NetNode: N: fir.x0k0_mul^out_o1~31_FF, P: Block (n4162): I: 1, O: 1, PlInfo: PL Info (n4162): [13, 13], 0, 284>, 
	Sinks: [<>]

: Source: <NetNode: N: fir.x0k0_mul^exp_r~0_FF, P: Block (n7670): I: 1, O: 1, PlInfo: PL Info (n7670): [5, 7], 0, 681>, 
	Sinks: [<NetNode: N: fir.x0k0_mul^exp_r~0_FF, P: Block (n7703): I: 1, O: 1, PlInfo: PL Info (n7703): [8, 13], 0, 527>, <NetNode: N: fir.x0k0_mul^exp_r~0_FF, P: Block (n7725): I: 1, O: 1, PlInfo: PL Info (n7725): [3, 17], 0, 592>, <NetNode: N: fir.x0k0_mul^exp_r~0_FF, P: Block (n4006): I: 1, O: 1, PlInfo: PL Info (n4006): [5, 11], 0, 177>, <NetNode: N: fir.x0k0_mul^exp_r~0_FF, P: Block (n8622): I: 1, O: 1, PlInfo: PL Info (n8622): [8, 17], 0, 770>, <NetNode: N: fir.x0k0_mul^exp_r~0_FF, P: Block (n7948_1): I: 1, O: 1, PlInfo: PL Info (n7948_1): [4, 7], 0, 297>, <NetNode: N: fir.x0k0_mul^exp_r~0_FF, P: Block (n4045): I: 1, O: 1, PlInfo: PL Info (n4045): [5, 10], 0, 175>, <NetNode: N: fir.x0k0_mul^exp_r~0_FF, P: Block (n8184_1): I: 1, O: 1, PlInfo: PL Info (n8184_1): [9, 17], 0, 775>, <NetNode: N: fir.x0k0_mul^exp_r~0_FF, P: Block (n8293_1): I: 1, O: 1, PlInfo: PL Info (n8293_1): [3, 10], 0, 403>, <NetNode: N: fir.x0k0_mul^exp_r~0_FF, P: Block (n8891): I: 1, O: 1, PlInfo: PL Info (n8891): [4, 9], 0, 416>, <NetNode: N: fir.x0k0_mul^exp_r~0_FF, P: Block (n8447): I: 1, O: 1, PlInfo: PL Info (n8447): [8, 12], 0, 783>, <NetNode: N: fir.x0k0_mul^exp_r~0_FF, P: Block (n8107): I: 1, O: 1, PlInfo: PL Info (n8107): [9, 16], 0, 774>, <NetNode: N: fir.x0k0_mul^exp_r~0_FF, P: Block (n8123_1): I: 1, O: 1, PlInfo: PL Info (n8123_1): [9, 15], 0, 768>, <NetNode: N: fir.x0k0_mul^exp_r~0_FF, P: Block (n3980): I: 1, O: 1, PlInfo: PL Info (n3980): [5, 12], 0, 180>, <NetNode: N: fir.x0k0_mul^exp_r~0_FF, P: Block (n8396_1): I: 1, O: 1, PlInfo: PL Info (n8396_1): [8, 10], 0, 407>, <NetNode: N: fir.x0k0_mul^exp_r~0_FF, P: Block (n8154_1): I: 1, O: 1, PlInfo: PL Info (n8154_1): [9, 14], 0, 769>, <NetNode: N: fir.x0k0_mul^exp_r~0_FF, P: Block (n8918): I: 1, O: 1, PlInfo: PL Info (n8918): [9, 9], 0, 419>, <NetNode: N: fir.x0k0_mul^exp_r~0_FF, P: Block (n7850): I: 1, O: 1, PlInfo: PL Info (n7850): [3, 16], 0, 530>, <NetNode: N: fir.x0k0_mul^exp_r~0_FF, P: Block (n7890): I: 1, O: 1, PlInfo: PL Info (n7890): [7, 17], 0, 531>, <NetNode: N: fir.x0k0_mul^exp_r~0_FF, P: Block (n8506): I: 1, O: 1, PlInfo: PL Info (n8506): [3, 11], 0, 797>, <NetNode: N: fir.x0k0_mul^exp_r~0_FF, P: Block (n8999): I: 1, O: 1, PlInfo: PL Info (n8999): [7, 9], 0, 421>, <NetNode: N: fir.x0k0_mul^exp_r~0_FF, P: Block (n8458): I: 1, O: 1, PlInfo: PL Info (n8458): [8, 16], 0, 777>, <NetNode: N: fir.x0k0_mul^exp_r~0_FF, P: Block (n9106): I: 1, O: 1, PlInfo: PL Info (n9106): [4, 10], 0, 323>, <NetNode: N: fir.x0k0_mul^exp_r~0_FF, P: Block (n8495): I: 1, O: 1, PlInfo: PL Info (n8495): [8, 11], 0, 853>, <NetNode: N: fir.x0k0_mul^exp_r~0_FF, P: Block (n8869_1): I: 1, O: 1, PlInfo: PL Info (n8869_1): [9, 10], 0, 535>, <>]

: Source: <NetNode: N: fir.add0_add^out_o1~31_FF, P: Block (n3071): I: 1, O: 1, PlInfo: PL Info (n3071): [21, 6], 0, 48>, 
	Sinks: [<>]

: Source: <NetNode: N: fir.x0k0_mul.u5^prod1~40_FF, P: Block (n8525): I: 1, O: 1, PlInfo: PL Info (n8525): [1, 13], 0, 816>, 
	Sinks: [<>]

: Source: <NetNode: N: n14945, P: Block (n14945): I: 1, O: 1, PlInfo: PL Info (n14945): [19, 23], 0, 876>, 
	Sinks: [<NetNode: N: n14945, P: Block (n13838): I: 1, O: 1, PlInfo: PL Info (n13838): [23, 22], 0, 736>, <>]

: Source: <NetNode: N: fir.x3k3_mul^out_o1~2_FF, P: Block (n5499): I: 1, O: 1, PlInfo: PL Info (n5499): [12, 34], 0, 43>, 
	Sinks: [<>]

: Source: <NetNode: N: fir.x2k2_mul^out_o1~11_FF, P: Block (n5013): I: 1, O: 1, PlInfo: PL Info (n5013): [29, 26], 0, 109>, 
	Sinks: [<>]

: Source: <NetNode: N: fir.x2k2_mul^out_o1~28_FF, P: Block (n5252): I: 1, O: 1, PlInfo: PL Info (n5252): [27, 18], 0, 90>, 
	Sinks: [<>]

: Source: <NetNode: N: n12713, P: Block (n12713): I: 1, O: 1, PlInfo: PL Info (n12713): [23, 2], 0, 730>, 
	Sinks: [<NetNode: N: n12713, P: Block (n13447): I: 1, O: 1, PlInfo: PL Info (n13447): [24, 4], 0, 546>, <>]

: Source: <NetNode: N: fir.out_temp_add^out_o1~18_FF, P: Block (n958): I: 1, O: 1, PlInfo: PL Info (n958): [25, 35], 0, 191>, 
	Sinks: [<>]

: Source: <NetNode: N: lo2182, P: Block (fir.x0k0_mul^out~28_FF): I: 1, O: 1, PlInfo: PL Info (fir.x0k0_mul^out~28_FF): [21, 11], 0, 931>, 
	Sinks: [<NetNode: N: lo2182, P: Block (n4019): I: 1, O: 1, PlInfo: PL Info (n4019): [9, 13], 0, 217>, <NetNode: N: lo2182, P: Block (fir.x0k0_mul.u5^MUL~343[0]): I: 2, O: 1, PlInfo: PL Info (fir.x0k0_mul.u5^MUL~343[0]): [6, 13], 0, 3>, <>]

: Source: <NetNode: N: n8994, P: Block (n8994): I: 1, O: 1, PlInfo: PL Info (n8994): [12, 17], 0, 875>, 
	Sinks: [<NetNode: N: n8994, P: Block (n8365_1): I: 1, O: 1, PlInfo: PL Info (n8365_1): [11, 13], 0, 860>, <>]

: Source: <NetNode: N: n8999, P: Block (n8999): I: 1, O: 1, PlInfo: PL Info (n8999): [7, 9], 0, 421>, 
	Sinks: [<NetNode: N: n8999, P: Block (n3697): I: 1, O: 1, PlInfo: PL Info (n3697): [9, 7], 0, 81>, <>]

: Source: <NetNode: N: n14714, P: Block (n14714): I: 1, O: 1, PlInfo: PL Info (n14714): [19, 21], 0, 813>, 
	Sinks: [<NetNode: N: n14714, P: Block (n14387): I: 1, O: 1, PlInfo: PL Info (n14387): [23, 23], 0, 661>, <NetNode: N: n14714, P: Block (n14015): I: 1, O: 1, PlInfo: PL Info (n14015): [21, 20], 0, 613>, <>]

: Source: <NetNode: N: fir.x3k3_mul^out_o1~1_FF, P: Block (n5486): I: 1, O: 1, PlInfo: PL Info (n5486): [11, 34], 0, 12>, 
	Sinks: [<NetNode: N: fir.x3k3_mul^out_o1~1_FF, P: Block (n1397): I: 1, O: 1, PlInfo: PL Info (n1397): [15, 32], 0, 132>, <>]

: Source: <NetNode: N: n14718, P: Block (n14718): I: 1, O: 1, PlInfo: PL Info (n14718): [16, 24], 0, 863>, 
	Sinks: [<NetNode: N: n14718, P: Block (n14015): I: 1, O: 1, PlInfo: PL Info (n14015): [21, 20], 0, 613>, <>]

: Source: <NetNode: N: fir.x2k2_mul^out_o1~10_FF, P: Block (n5000): I: 1, O: 1, PlInfo: PL Info (n5000): [32, 25], 0, 9>, 
	Sinks: [<>]

: Source: <NetNode: N: fir.x0k0_mul.u2^sign_FF, P: Block (n4153): I: 1, O: 1, PlInfo: PL Info (n4153): [12, 14], 0, 289>, 
	Sinks: [<NetNode: N: fir.x0k0_mul.u2^sign_FF, P: Block (n11201): I: 1, O: 1, PlInfo: PL Info (n11201): [12, 13], 0, 278>, <>]

: Source: <NetNode: N: fir.x1k1_mul^out~23_FF, P: Block (n11855): I: 1, O: 1, PlInfo: PL Info (n11855): [19, 15], 0, 719>, 
	Sinks: [<NetNode: N: fir.x1k1_mul^out~23_FF, P: Block (n3406): I: 1, O: 1, PlInfo: PL Info (n3406): [19, 11], 0, 60>, <>]

: Source: <NetNode: N: fir.add1_add^out_o1~0_FF, P: Block (n701): I: 1, O: 1, PlInfo: PL Info (n701): [33, 31], 0, 205>, 
	Sinks: [<NetNode: N: fir.add1_add^out_o1~0_FF, P: Block (n1392): I: 1, O: 1, PlInfo: PL Info (n1392): [16, 31], 0, 131>, <>]

: Source: <NetNode: N: n11851, P: Block (n11851): I: 1, O: 1, PlInfo: PL Info (n11851): [16, 16], 0, 761>, 
	Sinks: [<NetNode: N: n11851, P: Block (n3366): I: 1, O: 1, PlInfo: PL Info (n3366): [16, 14], 0, 52>, <>]

: Source: <NetNode: N: n10681_1, P: Block (n10681_1): I: 1, O: 1, PlInfo: PL Info (n10681_1): [16, 28], 0, 722>, 
	Sinks: [<NetNode: N: n10681_1, P: Block (n1427): I: 1, O: 1, PlInfo: PL Info (n1427): [17, 35], 0, 136>, <>]

: Source: <NetNode: N: n11850, P: Block (n11850): I: 1, O: 1, PlInfo: PL Info (n11850): [15, 16], 0, 724>, 
	Sinks: [<NetNode: N: n11850, P: Block (n3366): I: 1, O: 1, PlInfo: PL Info (n3366): [16, 14], 0, 52>, <>]

: Source: <NetNode: N: fir.out_temp_add^out_o1~17_FF, P: Block (n945): I: 1, O: 1, PlInfo: PL Info (n945): [29, 33], 0, 122>, 
	Sinks: [<NetNode: N: fir.out_temp_add^out_o1~17_FF, P: Block (n932): I: 1, O: 1, PlInfo: PL Info (n932): [28, 32], 0, 190>, <>]

: Source: <NetNode: N: fir.x2k2_mul^out_o1~13_FF, P: Block (n5039): I: 1, O: 1, PlInfo: PL Info (n5039): [29, 24], 0, 40>, 
	Sinks: [<>]

: Source: <NetNode: N: fir.add0_add^opb_r~20_FF, P: Block (n12538): I: 1, O: 1, PlInfo: PL Info (n12538): [29, 4], 0, 341>, 
	Sinks: [<NetNode: N: fir.add0_add^opb_r~20_FF, P: Block (n12149): I: 1, O: 1, PlInfo: PL Info (n12149): [20, 12], 0, 893>, <NetNode: N: fir.add0_add^opb_r~20_FF, P: Block (n11870): I: 1, O: 1, PlInfo: PL Info (n11870): [17, 16], 0, 679>, <NetNode: N: fir.add0_add^opb_r~20_FF, P: Block (n9171): I: 1, O: 1, PlInfo: PL Info (n9171): [13, 12], 0, 889>, <NetNode: N: fir.add0_add^opb_r~20_FF, P: Block (n3401): I: 1, O: 1, PlInfo: PL Info (n3401): [17, 11], 0, 59>, <>]

: Source: <NetNode: N: fir.x1k1_mul.u0^snan_r_a_FF, P: Block (n11449): I: 1, O: 1, PlInfo: PL Info (n11449): [21, 9], 0, 283>, 
	Sinks: [<>]

: Source: <NetNode: N: n12537, P: Block (n12537): I: 1, O: 1, PlInfo: PL Info (n12537): [31, 8], 0, 340>, 
	Sinks: [<NetNode: N: n12537, P: Block (n4462): I: 1, O: 1, PlInfo: PL Info (n4462): [23, 3], 0, 86>, <NetNode: N: n12537, P: Block (n12576): I: 1, O: 1, PlInfo: PL Info (n12576): [32, 4], 0, 343>, <NetNode: N: n12537, P: Block (n12568): I: 1, O: 1, PlInfo: PL Info (n12568): [27, 5], 0, 342>, <NetNode: N: n12537, P: Block (n13636): I: 1, O: 1, PlInfo: PL Info (n13636): [32, 1], 0, 453>, <NetNode: N: n12537, P: Block (n12786): I: 1, O: 1, PlInfo: PL Info (n12786): [27, 2], 0, 438>, <NetNode: N: n12537, P: Block (n13633): I: 1, O: 1, PlInfo: PL Info (n13633): [25, 6], 0, 452>, <NetNode: N: n12537, P: Block (n13440): I: 1, O: 1, PlInfo: PL Info (n13440): [33, 1], 0, 544>, <NetNode: N: n12537, P: Block (n13025): I: 1, O: 1, PlInfo: PL Info (n13025): [33, 7], 0, 347>, <NetNode: N: n12537, P: Block (n13073): I: 1, O: 1, PlInfo: PL Info (n13073): [32, 7], 0, 350>, <NetNode: N: n12537, P: Block (n13066): I: 1, O: 1, PlInfo: PL Info (n13066): [29, 8], 0, 443>, <NetNode: N: n12537, P: Block (n13064): I: 1, O: 1, PlInfo: PL Info (n13064): [28, 3], 0, 348>, <NetNode: N: n12537, P: Block (n4553): I: 1, O: 1, PlInfo: PL Info (n4553): [24, 7], 0, 88>, <NetNode: N: n12537, P: Block (n4319): I: 1, O: 1, PlInfo: PL Info (n4319): [31, 1], 0, 33>, <NetNode: N: n12537, P: Block (n12965): I: 1, O: 1, PlInfo: PL Info (n12965): [33, 6], 0, 346>, <NetNode: N: n12537, P: Block (n12524): I: 1, O: 1, PlInfo: PL Info (n12524): [31, 7], 0, 333>, <NetNode: N: n12537, P: Block (n12755): I: 1, O: 1, PlInfo: PL Info (n12755): [25, 5], 0, 436>, <NetNode: N: n12537, P: Block (n13328): I: 1, O: 1, PlInfo: PL Info (n13328): [35, 7], 0, 448>, <NetNode: N: n12537, P: Block (n13321): I: 1, O: 1, PlInfo: PL Info (n13321): [35, 2], 0, 446>, <NetNode: N: n12537, P: Block (n13360): I: 1, O: 1, PlInfo: PL Info (n13360): [31, 6], 0, 352>, <>]

: Source: <NetNode: N: n12536, P: Block (n12536): I: 1, O: 1, PlInfo: PL Info (n12536): [29, 6], 0, 339>, 
	Sinks: [<NetNode: N: n12536, P: Block (n12814): I: 1, O: 1, PlInfo: PL Info (n12814): [29, 1], 0, 441>, <NetNode: N: n12536, P: Block (n4280): I: 1, O: 1, PlInfo: PL Info (n4280): [33, 2], 0, 103>, <NetNode: N: n12536, P: Block (n12828): I: 1, O: 1, PlInfo: PL Info (n12828): [29, 3], 0, 344>, <NetNode: N: n12536, P: Block (n12897): I: 1, O: 1, PlInfo: PL Info (n12897): [35, 4], 0, 442>, <NetNode: N: n12536, P: Block (n12871): I: 1, O: 1, PlInfo: PL Info (n12871): [35, 8], 0, 687>, <NetNode: N: n12536, P: Block (n12580): I: 1, O: 1, PlInfo: PL Info (n12580): [28, 5], 0, 431>, <NetNode: N: n12536, P: Block (n13425): I: 1, O: 1, PlInfo: PL Info (n13425): [28, 2], 0, 543>, <NetNode: N: n12536, P: Block (n12568): I: 1, O: 1, PlInfo: PL Info (n12568): [27, 5], 0, 342>, <NetNode: N: n12536, P: Block (n12790): I: 1, O: 1, PlInfo: PL Info (n12790): [27, 1], 0, 440>, <NetNode: N: n12536, P: Block (n13636): I: 1, O: 1, PlInfo: PL Info (n13636): [32, 1], 0, 453>, <NetNode: N: n12536, P: Block (n13447): I: 1, O: 1, PlInfo: PL Info (n13447): [24, 4], 0, 546>, <NetNode: N: n12536, P: Block (n12583): I: 1, O: 1, PlInfo: PL Info (n12583): [32, 5], 0, 432>, <NetNode: N: n12536, P: Block (n13253): I: 1, O: 1, PlInfo: PL Info (n13253): [23, 7], 0, 688>, <NetNode: N: n12536, P: Block (n13475): I: 1, O: 1, PlInfo: PL Info (n13475): [29, 2], 0, 547>, <NetNode: N: n12536, P: Block (n13073): I: 1, O: 1, PlInfo: PL Info (n13073): [32, 7], 0, 350>, <NetNode: N: n12536, P: Block (n13072): I: 1, O: 1, PlInfo: PL Info (n13072): [35, 6], 0, 349>, <NetNode: N: n12536, P: Block (n13066): I: 1, O: 1, PlInfo: PL Info (n13066): [29, 8], 0, 443>, <NetNode: N: n12536, P: Block (n13064): I: 1, O: 1, PlInfo: PL Info (n13064): [28, 3], 0, 348>, <NetNode: N: n12536, P: Block (n4332): I: 1, O: 1, PlInfo: PL Info (n4332): [27, 3], 0, 104>, <NetNode: N: n12536, P: Block (n4358): I: 1, O: 1, PlInfo: PL Info (n4358): [31, 3], 0, 84>, <NetNode: N: n12536, P: Block (n12713): I: 1, O: 1, PlInfo: PL Info (n12713): [23, 2], 0, 730>, <NetNode: N: n12536, P: Block (n12537): I: 1, O: 1, PlInfo: PL Info (n12537): [31, 8], 0, 340>, <NetNode: N: n12536, P: Block (n12778): I: 1, O: 1, PlInfo: PL Info (n12778): [25, 2], 0, 437>, <NetNode: N: n12536, P: Block (n12527): I: 1, O: 1, PlInfo: PL Info (n12527): [32, 6], 0, 335>, <NetNode: N: n12536, P: Block (n12524): I: 1, O: 1, PlInfo: PL Info (n12524): [31, 7], 0, 333>, <NetNode: N: n12536, P: Block (n13606): I: 1, O: 1, PlInfo: PL Info (n13606): [35, 5], 0, 553>, <NetNode: N: n12536, P: Block (n12753): I: 1, O: 1, PlInfo: PL Info (n12753): [32, 9], 0, 593>, <NetNode: N: n12536, P: Block (n13519): I: 1, O: 1, PlInfo: PL Info (n13519): [24, 6], 0, 548>, <NetNode: N: n12536, P: Block (n13329): I: 1, O: 1, PlInfo: PL Info (n13329): [28, 6], 0, 449>, <NetNode: N: n12536, P: Block (n13321): I: 1, O: 1, PlInfo: PL Info (n13321): [35, 2], 0, 446>, <NetNode: N: n12536, P: Block (n13556): I: 1, O: 1, PlInfo: PL Info (n13556): [31, 9], 0, 550>, <NetNode: N: n12536, P: Block (n4527): I: 1, O: 1, PlInfo: PL Info (n4527): [23, 5], 0, 7>, <NetNode: N: n12536, P: Block (n4514): I: 1, O: 1, PlInfo: PL Info (n4514): [23, 6], 0, 35>, <>]

: Source: <NetNode: N: fir.x2k2_mul.u5^prod~19_FF, P: Block (n13867): I: 1, O: 1, PlInfo: PL Info (n13867): [23, 18], 0, 355>, 
	Sinks: [<NetNode: N: fir.x2k2_mul.u5^prod~19_FF, P: Block (n15058): I: 1, O: 1, PlInfo: PL Info (n15058): [35, 19], 0, 482>, <NetNode: N: fir.x2k2_mul.u5^prod~19_FF, P: Block (n15085): I: 1, O: 1, PlInfo: PL Info (n15085): [35, 23], 0, 378>, <NetNode: N: fir.x2k2_mul.u5^prod~19_FF, P: Block (n15088): I: 1, O: 1, PlInfo: PL Info (n15088): [27, 24], 0, 484>, <NetNode: N: fir.x2k2_mul.u5^prod~19_FF, P: Block (n15097): I: 1, O: 1, PlInfo: PL Info (n15097): [19, 19], 0, 648>, <NetNode: N: fir.x2k2_mul.u5^prod~19_FF, P: Block (n13901): I: 1, O: 1, PlInfo: PL Info (n13901): [21, 23], 0, 737>, <NetNode: N: fir.x2k2_mul.u5^prod~19_FF, P: Block (n15055): I: 1, O: 1, PlInfo: PL Info (n15055): [17, 26], 0, 880>, <NetNode: N: fir.x2k2_mul.u5^prod~19_FF, P: Block (n13935): I: 1, O: 1, PlInfo: PL Info (n13935): [24, 18], 0, 555>, <NetNode: N: fir.x2k2_mul.u5^prod~19_FF, P: Block (n14830): I: 1, O: 1, PlInfo: PL Info (n14830): [35, 21], 0, 478>, <NetNode: N: fir.x2k2_mul.u5^prod~19_FF, P: Block (n5156): I: 1, O: 1, PlInfo: PL Info (n5156): [35, 26], 0, 10>, <NetNode: N: fir.x2k2_mul.u5^prod~19_FF, P: Block (n13983): I: 1, O: 1, PlInfo: PL Info (n13983): [24, 16], 0, 463>, <NetNode: N: fir.x2k2_mul.u5^prod~19_FF, P: Block (n13980): I: 1, O: 1, PlInfo: PL Info (n13980): [19, 18], 0, 738>, <NetNode: N: fir.x2k2_mul.u5^prod~19_FF, P: Block (n14311): I: 1, O: 1, PlInfo: PL Info (n14311): [17, 24], 0, 848>, <NetNode: N: fir.x2k2_mul.u5^prod~19_FF, P: Block (n14970): I: 1, O: 1, PlInfo: PL Info (n14970): [33, 26], 0, 562>, <NetNode: N: fir.x2k2_mul.u5^prod~19_FF, P: Block (n14309): I: 1, O: 1, PlInfo: PL Info (n14309): [20, 22], 0, 847>, <NetNode: N: fir.x2k2_mul.u5^prod~19_FF, P: Block (n14747): I: 1, O: 1, PlInfo: PL Info (n14747): [19, 26], 0, 879>, <NetNode: N: fir.x2k2_mul.u5^prod~19_FF, P: Block (n14992): I: 1, O: 1, PlInfo: PL Info (n14992): [35, 18], 0, 481>, <NetNode: N: fir.x2k2_mul.u5^prod~19_FF, P: Block (n14343): I: 1, O: 1, PlInfo: PL Info (n14343): [29, 17], 0, 469>, <NetNode: N: fir.x2k2_mul.u5^prod~19_FF, P: Block (n14330): I: 1, O: 1, PlInfo: PL Info (n14330): [31, 22], 0, 557>, <NetNode: N: fir.x2k2_mul.u5^prod~19_FF, P: Block (n4855): I: 1, O: 1, PlInfo: PL Info (n4855): [29, 23], 0, 36>, <NetNode: N: fir.x2k2_mul.u5^prod~19_FF, P: Block (n14582): I: 1, O: 1, PlInfo: PL Info (n14582): [20, 20], 0, 647>, <NetNode: N: fir.x2k2_mul.u5^prod~19_FF, P: Block (n14387): I: 1, O: 1, PlInfo: PL Info (n14387): [23, 23], 0, 661>, <NetNode: N: fir.x2k2_mul.u5^prod~19_FF, P: Block (n4883): I: 1, O: 1, PlInfo: PL Info (n4883): [29, 22], 0, 108>, <NetNode: N: fir.x2k2_mul.u5^prod~19_FF, P: Block (n14088): I: 1, O: 1, PlInfo: PL Info (n14088): [31, 20], 0, 364>, <NetNode: N: fir.x2k2_mul.u5^prod~19_FF, P: Block (n15136): I: 1, O: 1, PlInfo: PL Info (n15136): [33, 25], 0, 381>, <NetNode: N: fir.x2k2_mul.u5^prod~19_FF, P: Block (n15138): I: 1, O: 1, PlInfo: PL Info (n15138): [35, 25], 0, 487>, <NetNode: N: fir.x2k2_mul.u5^prod~19_FF, P: Block (n15140): I: 1, O: 1, PlInfo: PL Info (n15140): [29, 25], 0, 488>, <NetNode: N: fir.x2k2_mul.u5^prod~19_FF, P: Block (n15143): I: 1, O: 1, PlInfo: PL Info (n15143): [31, 24], 0, 382>, <NetNode: N: fir.x2k2_mul.u5^prod~19_FF, P: Block (n15147): I: 1, O: 1, PlInfo: PL Info (n15147): [23, 24], 0, 750>, <NetNode: N: fir.x2k2_mul.u5^prod~19_FF, P: Block (n15159): I: 1, O: 1, PlInfo: PL Info (n15159): [35, 20], 0, 383>, <NetNode: N: fir.x2k2_mul.u5^prod~19_FF, P: Block (n13826): I: 1, O: 1, PlInfo: PL Info (n13826): [23, 16], 0, 456>, <NetNode: N: fir.x2k2_mul.u5^prod~19_FF, P: Block (n13818): I: 1, O: 1, PlInfo: PL Info (n13818): [23, 20], 0, 353>, <NetNode: N: fir.x2k2_mul.u5^prod~19_FF, P: Block (n5013): I: 1, O: 1, PlInfo: PL Info (n5013): [29, 26], 0, 109>, <NetNode: N: fir.x2k2_mul.u5^prod~19_FF, P: Block (n14714): I: 1, O: 1, PlInfo: PL Info (n14714): [19, 21], 0, 813>, <NetNode: N: fir.x2k2_mul.u5^prod~19_FF, P: Block (n13847): I: 1, O: 1, PlInfo: PL Info (n13847): [24, 19], 0, 458>, <NetNode: N: fir.x2k2_mul.u5^prod~19_FF, P: Block (n14886): I: 1, O: 1, PlInfo: PL Info (n14886): [21, 22], 0, 791>, <NetNode: N: fir.x2k2_mul.u5^prod~19_FF, P: Block (n14407): I: 1, O: 1, PlInfo: PL Info (n14407): [36, 22], 0, 471>, <NetNode: N: fir.x2k2_mul.u5^prod~19_FF, P: Block (n14414): I: 1, O: 1, PlInfo: PL Info (n14414): [19, 24], 0, 646>, <NetNode: N: fir.x2k2_mul.u5^prod~19_FF, P: Block (n14840): I: 1, O: 1, PlInfo: PL Info (n14840): [32, 18], 0, 376>, <NetNode: N: fir.x2k2_mul.u5^prod~19_FF, P: Block (n14616): I: 1, O: 1, PlInfo: PL Info (n14616): [25, 18], 0, 371>, <NetNode: N: fir.x2k2_mul.u5^prod~19_FF, P: Block (n14621): I: 1, O: 1, PlInfo: PL Info (n14621): [32, 17], 0, 474>, <NetNode: N: fir.x2k2_mul.u5^prod~19_FF, P: Block (n14273): I: 1, O: 1, PlInfo: PL Info (n14273): [17, 21], 0, 845>, <NetNode: N: fir.x2k2_mul.u5^prod~19_FF, P: Block (n14263): I: 1, O: 1, PlInfo: PL Info (n14263): [36, 21], 0, 467>, <NetNode: N: fir.x2k2_mul.u5^prod~19_FF, P: Block (n14470): I: 1, O: 1, PlInfo: PL Info (n14470): [31, 19], 0, 369>, <>]

: Source: <NetNode: N: n12778, P: Block (n12778): I: 1, O: 1, PlInfo: PL Info (n12778): [25, 2], 0, 437>, 
	Sinks: [<NetNode: N: n12778, P: Block (n4462): I: 1, O: 1, PlInfo: PL Info (n4462): [23, 3], 0, 86>, <>]

: Source: <NetNode: N: n13625, P: Block (n13625): I: 1, O: 1, PlInfo: PL Info (n13625): [32, 3], 0, 451>, 
	Sinks: [<NetNode: N: n13625, P: Block (n12531): I: 1, O: 1, PlInfo: PL Info (n12531): [31, 5], 0, 338>, <>]

: Source: <NetNode: N: n11446, P: Block (n11446): I: 1, O: 1, PlInfo: PL Info (n11446): [21, 26], 0, 869>, 
	Sinks: [<NetNode: N: n11446, P: Block (n2499): I: 1, O: 1, PlInfo: PL Info (n2499): [21, 27], 0, 242>, <>]

: Source: <NetNode: N: fir.out_temp_add^out_o1~19_FF, P: Block (n971): I: 1, O: 1, PlInfo: PL Info (n971): [28, 34], 0, 192>, 
	Sinks: [<>]

: Source: <NetNode: N: fir.add1_add^out_o1~20_FF, P: Block (n1918): I: 1, O: 1, PlInfo: PL Info (n1918): [32, 35], 0, 129>, 
	Sinks: [<>]

: Source: <NetNode: N: n12776, P: Block (n12776): I: 1, O: 1, PlInfo: PL Info (n12776): [35, 15], 0, 827>, 
	Sinks: [<NetNode: N: n12776, P: Block (n12846): I: 1, O: 1, PlInfo: PL Info (n12846): [33, 10], 0, 712>, <NetNode: N: n12776, P: Block (n13413): I: 1, O: 1, PlInfo: PL Info (n13413): [36, 8], 0, 664>, <NetNode: N: n12776, P: Block (n12380): I: 1, O: 1, PlInfo: PL Info (n12380): [25, 15], 0, 429>, <NetNode: N: n12776, P: Block (n13224): I: 1, O: 1, PlInfo: PL Info (n13224): [36, 14], 0, 867>, <NetNode: N: n12776, P: Block (n13461): I: 1, O: 1, PlInfo: PL Info (n13461): [36, 6], 0, 716>, <NetNode: N: n12776, P: Block (n13032): I: 1, O: 1, PlInfo: PL Info (n13032): [36, 15], 0, 806>, <NetNode: N: n12776, P: Block (n13277): I: 1, O: 1, PlInfo: PL Info (n13277): [32, 15], 0, 790>, <NetNode: N: n12776, P: Block (n12915): I: 1, O: 1, PlInfo: PL Info (n12915): [33, 15], 0, 805>, <NetNode: N: n12776, P: Block (n12753): I: 1, O: 1, PlInfo: PL Info (n12753): [32, 9], 0, 593>, <NetNode: N: n12776, P: Block (n12752): I: 1, O: 1, PlInfo: PL Info (n12752): [33, 11], 0, 435>, <NetNode: N: n12776, P: Block (n12741): I: 1, O: 1, PlInfo: PL Info (n12741): [32, 14], 0, 780>, <NetNode: N: n12776, P: Block (n12687): I: 1, O: 1, PlInfo: PL Info (n12687): [25, 8], 0, 696>, <NetNode: N: n12776, P: Block (n12439): I: 1, O: 1, PlInfo: PL Info (n12439): [29, 14], 0, 611>, <NetNode: N: n12776, P: Block (n12435): I: 1, O: 1, PlInfo: PL Info (n12435): [27, 15], 0, 705>, <NetNode: N: n12776, P: Block (n13510): I: 1, O: 1, PlInfo: PL Info (n13510): [36, 7], 0, 665>, <NetNode: N: n12776, P: Block (n13338): I: 1, O: 1, PlInfo: PL Info (n13338): [24, 13], 0, 838>, <NetNode: N: n12776, P: Block (n13315): I: 1, O: 1, PlInfo: PL Info (n13315): [36, 11], 0, 865>, <NetNode: N: n12776, P: Block (n12299): I: 1, O: 1, PlInfo: PL Info (n12299): [31, 11], 0, 524>, <NetNode: N: n12776, P: Block (n13359): I: 1, O: 1, PlInfo: PL Info (n13359): [32, 10], 0, 351>, <NetNode: N: n12776, P: Block (n13157): I: 1, O: 1, PlInfo: PL Info (n13157): [33, 14], 0, 778>, <>]

: Source: <NetNode: N: fir.x0k0_mul.u0^expa_ff_FF, P: Block (n11201): I: 1, O: 1, PlInfo: PL Info (n11201): [12, 13], 0, 278>, 
	Sinks: [<NetNode: N: fir.x0k0_mul.u0^expa_ff_FF, P: Block (n4019): I: 1, O: 1, PlInfo: PL Info (n4019): [9, 13], 0, 217>, <>]

: Source: <NetNode: N: n12531, P: Block (n12531): I: 1, O: 1, PlInfo: PL Info (n12531): [31, 5], 0, 338>, 
	Sinks: [<NetNode: N: n12531, P: Block (n4423): I: 1, O: 1, PlInfo: PL Info (n4423): [28, 7], 0, 34>, <NetNode: N: n12531, P: Block (n4436): I: 1, O: 1, PlInfo: PL Info (n4436): [25, 7], 0, 106>, <NetNode: N: n12531, P: Block (n12614): I: 1, O: 1, PlInfo: PL Info (n12614): [27, 6], 0, 433>, <NetNode: N: n12531, P: Block (n12897): I: 1, O: 1, PlInfo: PL Info (n12897): [35, 4], 0, 442>, <NetNode: N: n12531, P: Block (n12871): I: 1, O: 1, PlInfo: PL Info (n12871): [35, 8], 0, 687>, <NetNode: N: n12531, P: Block (n12580): I: 1, O: 1, PlInfo: PL Info (n12580): [28, 5], 0, 431>, <NetNode: N: n12531, P: Block (n12568): I: 1, O: 1, PlInfo: PL Info (n12568): [27, 5], 0, 342>, <NetNode: N: n12531, P: Block (n13447): I: 1, O: 1, PlInfo: PL Info (n13447): [24, 4], 0, 546>, <NetNode: N: n12531, P: Block (n13443): I: 1, O: 1, PlInfo: PL Info (n13443): [33, 8], 0, 545>, <NetNode: N: n12531, P: Block (n12583): I: 1, O: 1, PlInfo: PL Info (n12583): [32, 5], 0, 432>, <NetNode: N: n12531, P: Block (n13025): I: 1, O: 1, PlInfo: PL Info (n13025): [33, 7], 0, 347>, <NetNode: N: n12531, P: Block (n13475): I: 1, O: 1, PlInfo: PL Info (n13475): [29, 2], 0, 547>, <NetNode: N: n12531, P: Block (n13073): I: 1, O: 1, PlInfo: PL Info (n13073): [32, 7], 0, 350>, <NetNode: N: n12531, P: Block (n13072): I: 1, O: 1, PlInfo: PL Info (n13072): [35, 6], 0, 349>, <NetNode: N: n12531, P: Block (n12965): I: 1, O: 1, PlInfo: PL Info (n12965): [33, 6], 0, 346>, <NetNode: N: n12531, P: Block (n12537): I: 1, O: 1, PlInfo: PL Info (n12537): [31, 8], 0, 340>, <NetNode: N: n12531, P: Block (n12536): I: 1, O: 1, PlInfo: PL Info (n12536): [29, 6], 0, 339>, <NetNode: N: n12531, P: Block (n12778): I: 1, O: 1, PlInfo: PL Info (n12778): [25, 2], 0, 437>, <NetNode: N: n12531, P: Block (n12529): I: 1, O: 1, PlInfo: PL Info (n12529): [29, 5], 0, 337>, <NetNode: N: n12531, P: Block (n12527): I: 1, O: 1, PlInfo: PL Info (n12527): [32, 6], 0, 335>, <NetNode: N: n12531, P: Block (n12524): I: 1, O: 1, PlInfo: PL Info (n12524): [31, 7], 0, 333>, <NetNode: N: n12531, P: Block (n13606): I: 1, O: 1, PlInfo: PL Info (n13606): [35, 5], 0, 553>, <NetNode: N: n12531, P: Block (n12687): I: 1, O: 1, PlInfo: PL Info (n12687): [25, 8], 0, 696>, <NetNode: N: n12531, P: Block (n13519): I: 1, O: 1, PlInfo: PL Info (n13519): [24, 6], 0, 548>, <NetNode: N: n12531, P: Block (n13579): I: 1, O: 1, PlInfo: PL Info (n13579): [32, 2], 0, 551>, <NetNode: N: n12531, P: Block (n13323): I: 1, O: 1, PlInfo: PL Info (n13323): [24, 2], 0, 447>, <NetNode: N: n12531, P: Block (n13321): I: 1, O: 1, PlInfo: PL Info (n13321): [35, 2], 0, 446>, <NetNode: N: n12531, P: Block (n13394): I: 1, O: 1, PlInfo: PL Info (n13394): [33, 4], 0, 542>, <NetNode: N: n12531, P: Block (n13360): I: 1, O: 1, PlInfo: PL Info (n13360): [31, 6], 0, 352>, <>]

: Source: <NetNode: N: fir.out_temp_add^out_o1~1_FF, P: Block (n737): I: 1, O: 1, PlInfo: PL Info (n737): [25, 31], 0, 183>, 
	Sinks: [<>]

: Source: <NetNode: N: n8530, P: Block (n8530): I: 1, O: 1, PlInfo: PL Info (n8530): [7, 18], 0, 874>, 
	Sinks: [<NetNode: N: n8530, P: Block (n8447): I: 1, O: 1, PlInfo: PL Info (n8447): [8, 12], 0, 783>, <>]

: Source: <NetNode: N: n8753_1, P: Block (n8753_1): I: 1, O: 1, PlInfo: PL Info (n8753_1): [1, 10], 0, 854>, 
	Sinks: [<NetNode: N: n8753_1, P: Block (n7997_1): I: 1, O: 1, PlInfo: PL Info (n7997_1): [1, 7], 0, 695>, <>]

: Source: <NetNode: N: n8775, P: Block (n8775): I: 1, O: 1, PlInfo: PL Info (n8775): [4, 3], 0, 315>, 
	Sinks: [<NetNode: N: n8775, P: Block (n7948_1): I: 1, O: 1, PlInfo: PL Info (n7948_1): [4, 7], 0, 297>, <>]

: Source: <NetNode: N: fir.x0k0_mul.u5^prod~5_FF, P: Block (n7685): I: 1, O: 1, PlInfo: PL Info (n7685): [8, 15], 0, 731>, 
	Sinks: [<NetNode: N: fir.x0k0_mul.u5^prod~5_FF, P: Block (n7950): I: 1, O: 1, PlInfo: PL Info (n7950): [8, 4], 0, 298>, <NetNode: N: fir.x0k0_mul.u5^prod~5_FF, P: Block (n8761_1): I: 1, O: 1, PlInfo: PL Info (n8761_1): [3, 7], 0, 314>, <NetNode: N: fir.x0k0_mul.u5^prod~5_FF, P: Block (n8819): I: 1, O: 1, PlInfo: PL Info (n8819): [12, 3], 0, 412>, <NetNode: N: fir.x0k0_mul.u5^prod~5_FF, P: Block (n7752): I: 1, O: 1, PlInfo: PL Info (n7752): [7, 15], 0, 293>, <NetNode: N: fir.x0k0_mul.u5^prod~5_FF, P: Block (n7994): I: 1, O: 1, PlInfo: PL Info (n7994): [5, 5], 0, 304>, <NetNode: N: fir.x0k0_mul.u5^prod~5_FF, P: Block (n8892_1): I: 1, O: 1, PlInfo: PL Info (n8892_1): [11, 7], 0, 417>, <NetNode: N: fir.x0k0_mul.u5^prod~5_FF, P: Block (n7766): I: 1, O: 1, PlInfo: PL Info (n7766): [7, 8], 0, 390>, <NetNode: N: fir.x0k0_mul.u5^prod~5_FF, P: Block (n8086_1): I: 1, O: 1, PlInfo: PL Info (n8086_1): [11, 4], 0, 532>, <NetNode: N: fir.x0k0_mul.u5^prod~5_FF, P: Block (n8898): I: 1, O: 1, PlInfo: PL Info (n8898): [13, 3], 0, 418>, <NetNode: N: fir.x0k0_mul.u5^prod~5_FF, P: Block (n8330): I: 1, O: 1, PlInfo: PL Info (n8330): [1, 5], 0, 307>, <NetNode: N: fir.x0k0_mul.u5^prod~5_FF, P: Block (n8399): I: 1, O: 1, PlInfo: PL Info (n8399): [3, 3], 0, 308>, <NetNode: N: fir.x0k0_mul.u5^prod~5_FF, P: Block (n7951_1): I: 1, O: 1, PlInfo: PL Info (n7951_1): [4, 6], 0, 299>, <NetNode: N: fir.x0k0_mul.u5^prod~5_FF, P: Block (n8173): I: 1, O: 1, PlInfo: PL Info (n8173): [7, 6], 0, 306>, <NetNode: N: fir.x0k0_mul.u5^prod~5_FF, P: Block (n8592_1): I: 1, O: 1, PlInfo: PL Info (n8592_1): [1, 4], 0, 310>, <NetNode: N: fir.x0k0_mul.u5^prod~5_FF, P: Block (n9082): I: 1, O: 1, PlInfo: PL Info (n9082): [9, 6], 0, 422>, <NetNode: N: fir.x0k0_mul.u5^prod~5_FF, P: Block (n8396_1): I: 1, O: 1, PlInfo: PL Info (n8396_1): [8, 10], 0, 407>, <NetNode: N: fir.x0k0_mul.u5^prod~5_FF, P: Block (n3762): I: 1, O: 1, PlInfo: PL Info (n3762): [11, 3], 0, 5>, <NetNode: N: fir.x0k0_mul.u5^prod~5_FF, P: Block (n8154_1): I: 1, O: 1, PlInfo: PL Info (n8154_1): [9, 14], 0, 769>, <NetNode: N: fir.x0k0_mul.u5^prod~5_FF, P: Block (n7762_1): I: 1, O: 1, PlInfo: PL Info (n7762_1): [7, 16], 0, 389>, <NetNode: N: fir.x0k0_mul.u5^prod~5_FF, P: Block (n3697): I: 1, O: 1, PlInfo: PL Info (n3697): [9, 7], 0, 81>, <NetNode: N: fir.x0k0_mul.u5^prod~5_FF, P: Block (n7786_1): I: 1, O: 1, PlInfo: PL Info (n7786_1): [5, 15], 0, 294>, <NetNode: N: fir.x0k0_mul.u5^prod~5_FF, P: Block (n8849_1): I: 1, O: 1, PlInfo: PL Info (n8849_1): [8, 3], 0, 318>, <NetNode: N: fir.x0k0_mul.u5^prod~5_FF, P: Block (n9004_1): I: 1, O: 1, PlInfo: PL Info (n9004_1): [9, 4], 0, 320>, <NetNode: N: fir.x0k0_mul.u5^prod~5_FF, P: Block (n8975): I: 1, O: 1, PlInfo: PL Info (n8975): [1, 3], 0, 319>, <NetNode: N: fir.x0k0_mul.u5^prod~5_FF, P: Block (n8292_1): I: 1, O: 1, PlInfo: PL Info (n8292_1): [11, 1], 0, 402>, <NetNode: N: fir.x0k0_mul.u5^prod~5_FF, P: Block (n8775): I: 1, O: 1, PlInfo: PL Info (n8775): [4, 3], 0, 315>, <NetNode: N: fir.x0k0_mul.u5^prod~5_FF, P: Block (n8225): I: 1, O: 1, PlInfo: PL Info (n8225): [3, 4], 0, 534>, <NetNode: N: fir.x0k0_mul.u5^prod~5_FF, P: Block (n8479): I: 1, O: 1, PlInfo: PL Info (n8479): [12, 16], 0, 794>, <NetNode: N: fir.x0k0_mul.u5^prod~5_FF, P: Block (n3814): I: 1, O: 1, PlInfo: PL Info (n3814): [11, 8], 0, 30>, <NetNode: N: fir.x0k0_mul.u5^prod~5_FF, P: Block (n3827): I: 1, O: 1, PlInfo: PL Info (n3827): [12, 6], 0, 101>, <NetNode: N: fir.x0k0_mul.u5^prod~5_FF, P: Block (n8061): I: 1, O: 1, PlInfo: PL Info (n8061): [12, 7], 0, 685>, <NetNode: N: fir.x0k0_mul.u5^prod~5_FF, P: Block (n8616_1): I: 1, O: 1, PlInfo: PL Info (n8616_1): [1, 6], 0, 409>, <NetNode: N: fir.x0k0_mul.u5^prod~5_FF, P: Block (n8299): I: 1, O: 1, PlInfo: PL Info (n8299): [5, 1], 0, 406>, <NetNode: N: fir.x0k0_mul.u5^prod~5_FF, P: Block (n8296): I: 1, O: 1, PlInfo: PL Info (n8296): [4, 2], 0, 404>, <NetNode: N: fir.x0k0_mul.u5^prod~5_FF, P: Block (n3671): I: 1, O: 1, PlInfo: PL Info (n3671): [7, 4], 0, 97>, <>]

: Source: <NetNode: N: fir.x1k1_mul^out~20_FF, P: Block (n12529): I: 1, O: 1, PlInfo: PL Info (n12529): [29, 5], 0, 337>, 
	Sinks: [<NetNode: N: fir.x1k1_mul^out~20_FF, P: Block (n12538): I: 1, O: 1, PlInfo: PL Info (n12538): [29, 4], 0, 341>, <>]

: Source: <NetNode: N: n12528, P: Block (n12528): I: 1, O: 1, PlInfo: PL Info (n12528): [28, 4], 0, 336>, 
	Sinks: [<NetNode: N: n12528, P: Block (n4423): I: 1, O: 1, PlInfo: PL Info (n4423): [28, 7], 0, 34>, <NetNode: N: n12528, P: Block (n13089): I: 1, O: 1, PlInfo: PL Info (n13089): [28, 1], 0, 445>, <NetNode: N: n12528, P: Block (n12814): I: 1, O: 1, PlInfo: PL Info (n12814): [29, 1], 0, 441>, <NetNode: N: n12528, P: Block (n12614): I: 1, O: 1, PlInfo: PL Info (n12614): [27, 6], 0, 433>, <NetNode: N: n12528, P: Block (n4252): I: 1, O: 1, PlInfo: PL Info (n4252): [35, 3], 0, 83>, <NetNode: N: n12528, P: Block (n12828): I: 1, O: 1, PlInfo: PL Info (n12828): [29, 3], 0, 344>, <NetNode: N: n12528, P: Block (n12897): I: 1, O: 1, PlInfo: PL Info (n12897): [35, 4], 0, 442>, <NetNode: N: n12528, P: Block (n12580): I: 1, O: 1, PlInfo: PL Info (n12580): [28, 5], 0, 431>, <NetNode: N: n12528, P: Block (n13425): I: 1, O: 1, PlInfo: PL Info (n13425): [28, 2], 0, 543>, <NetNode: N: n12528, P: Block (n12568): I: 1, O: 1, PlInfo: PL Info (n12568): [27, 5], 0, 342>, <NetNode: N: n12528, P: Block (n12789): I: 1, O: 1, PlInfo: PL Info (n12789): [24, 3], 0, 439>, <NetNode: N: n12528, P: Block (n13636): I: 1, O: 1, PlInfo: PL Info (n13636): [32, 1], 0, 453>, <NetNode: N: n12528, P: Block (n13633): I: 1, O: 1, PlInfo: PL Info (n13633): [25, 6], 0, 452>, <NetNode: N: n12528, P: Block (n13447): I: 1, O: 1, PlInfo: PL Info (n13447): [24, 4], 0, 546>, <NetNode: N: n12528, P: Block (n13443): I: 1, O: 1, PlInfo: PL Info (n13443): [33, 8], 0, 545>, <NetNode: N: n12528, P: Block (n12583): I: 1, O: 1, PlInfo: PL Info (n12583): [32, 5], 0, 432>, <NetNode: N: n12528, P: Block (n13025): I: 1, O: 1, PlInfo: PL Info (n13025): [33, 7], 0, 347>, <NetNode: N: n12528, P: Block (n13256): I: 1, O: 1, PlInfo: PL Info (n13256): [36, 5], 0, 729>, <NetNode: N: n12528, P: Block (n13073): I: 1, O: 1, PlInfo: PL Info (n13073): [32, 7], 0, 350>, <NetNode: N: n12528, P: Block (n13072): I: 1, O: 1, PlInfo: PL Info (n13072): [35, 6], 0, 349>, <NetNode: N: n12528, P: Block (n13068): I: 1, O: 1, PlInfo: PL Info (n13068): [33, 5], 0, 444>, <NetNode: N: n12528, P: Block (n12527): I: 1, O: 1, PlInfo: PL Info (n12527): [32, 6], 0, 335>, <NetNode: N: n12528, P: Block (n13606): I: 1, O: 1, PlInfo: PL Info (n13606): [35, 5], 0, 553>, <NetNode: N: n12528, P: Block (n12673): I: 1, O: 1, PlInfo: PL Info (n12673): [25, 1], 0, 434>, <NetNode: N: n12528, P: Block (n13519): I: 1, O: 1, PlInfo: PL Info (n13519): [24, 6], 0, 548>, <NetNode: N: n12528, P: Block (n13591): I: 1, O: 1, PlInfo: PL Info (n13591): [25, 3], 0, 552>, <NetNode: N: n12528, P: Block (n13579): I: 1, O: 1, PlInfo: PL Info (n13579): [32, 2], 0, 551>, <NetNode: N: n12528, P: Block (n13328): I: 1, O: 1, PlInfo: PL Info (n13328): [35, 7], 0, 448>, <NetNode: N: n12528, P: Block (n13321): I: 1, O: 1, PlInfo: PL Info (n13321): [35, 2], 0, 446>, <NetNode: N: n12528, P: Block (n13386): I: 1, O: 1, PlInfo: PL Info (n13386): [24, 1], 0, 735>, <NetNode: N: n12528, P: Block (n13598): I: 1, O: 1, PlInfo: PL Info (n13598): [32, 8], 0, 450>, <>]

: Source: <NetNode: N: fir^out~12, P: Block (n10101_1): I: 1, O: 1, PlInfo: PL Info (n10101_1): [28, 33], 0, 622>, 
	Sinks: [<NetNode: N: fir^out~12, P: Block (out:fir^out~12): I: 1, O: 0, PlInfo: PL Info (out:fir^out~12): [28, 37], 4, 960>, <>]

: Source: <NetNode: N: n12527, P: Block (n12527): I: 1, O: 1, PlInfo: PL Info (n12527): [32, 6], 0, 335>, 
	Sinks: [<NetNode: N: n12527, P: Block (n4436): I: 1, O: 1, PlInfo: PL Info (n4436): [25, 7], 0, 106>, <NetNode: N: n12527, P: Block (n12614): I: 1, O: 1, PlInfo: PL Info (n12614): [27, 6], 0, 433>, <NetNode: N: n12527, P: Block (n12828): I: 1, O: 1, PlInfo: PL Info (n12828): [29, 3], 0, 344>, <NetNode: N: n12527, P: Block (n12897): I: 1, O: 1, PlInfo: PL Info (n12897): [35, 4], 0, 442>, <NetNode: N: n12527, P: Block (n12789): I: 1, O: 1, PlInfo: PL Info (n12789): [24, 3], 0, 439>, <NetNode: N: n12527, P: Block (n13636): I: 1, O: 1, PlInfo: PL Info (n13636): [32, 1], 0, 453>, <NetNode: N: n12527, P: Block (n13447): I: 1, O: 1, PlInfo: PL Info (n13447): [24, 4], 0, 546>, <NetNode: N: n12527, P: Block (n12583): I: 1, O: 1, PlInfo: PL Info (n12583): [32, 5], 0, 432>, <NetNode: N: n12527, P: Block (n13025): I: 1, O: 1, PlInfo: PL Info (n13025): [33, 7], 0, 347>, <NetNode: N: n12527, P: Block (n13256): I: 1, O: 1, PlInfo: PL Info (n13256): [36, 5], 0, 729>, <NetNode: N: n12527, P: Block (n13012): I: 1, O: 1, PlInfo: PL Info (n13012): [28, 9], 0, 541>, <NetNode: N: n12527, P: Block (n13253): I: 1, O: 1, PlInfo: PL Info (n13253): [23, 7], 0, 688>, <NetNode: N: n12527, P: Block (n13073): I: 1, O: 1, PlInfo: PL Info (n13073): [32, 7], 0, 350>, <NetNode: N: n12527, P: Block (n13068): I: 1, O: 1, PlInfo: PL Info (n13068): [33, 5], 0, 444>, <NetNode: N: n12527, P: Block (n13066): I: 1, O: 1, PlInfo: PL Info (n13066): [29, 8], 0, 443>, <NetNode: N: n12527, P: Block (n4332): I: 1, O: 1, PlInfo: PL Info (n4332): [27, 3], 0, 104>, <NetNode: N: n12527, P: Block (n12538): I: 1, O: 1, PlInfo: PL Info (n12538): [29, 4], 0, 341>, <NetNode: N: n12527, P: Block (n12537): I: 1, O: 1, PlInfo: PL Info (n12537): [31, 8], 0, 340>, <NetNode: N: n12527, P: Block (n12536): I: 1, O: 1, PlInfo: PL Info (n12536): [29, 6], 0, 339>, <NetNode: N: n12527, P: Block (n12525): I: 1, O: 1, PlInfo: PL Info (n12525): [31, 4], 0, 334>, <NetNode: N: n12527, P: Block (n12524): I: 1, O: 1, PlInfo: PL Info (n12524): [31, 7], 0, 333>, <NetNode: N: n12527, P: Block (n13606): I: 1, O: 1, PlInfo: PL Info (n13606): [35, 5], 0, 553>, <NetNode: N: n12527, P: Block (n12673): I: 1, O: 1, PlInfo: PL Info (n12673): [25, 1], 0, 434>, <NetNode: N: n12527, P: Block (n13519): I: 1, O: 1, PlInfo: PL Info (n13519): [24, 6], 0, 548>, <NetNode: N: n12527, P: Block (n13591): I: 1, O: 1, PlInfo: PL Info (n13591): [25, 3], 0, 552>, <NetNode: N: n12527, P: Block (n13579): I: 1, O: 1, PlInfo: PL Info (n13579): [32, 2], 0, 551>, <NetNode: N: n12527, P: Block (n13328): I: 1, O: 1, PlInfo: PL Info (n13328): [35, 7], 0, 448>, <NetNode: N: n12527, P: Block (n13323): I: 1, O: 1, PlInfo: PL Info (n13323): [24, 2], 0, 447>, <NetNode: N: n12527, P: Block (n13556): I: 1, O: 1, PlInfo: PL Info (n13556): [31, 9], 0, 550>, <NetNode: N: n12527, P: Block (n13394): I: 1, O: 1, PlInfo: PL Info (n13394): [33, 4], 0, 542>, <>]

: Source: <NetNode: N: fir.x0k0_mul.u5^prod~1_FF, P: Block (fir.x0k0_mul.u5^prod1~1_FF): I: 1, O: 1, PlInfo: PL Info (fir.x0k0_mul.u5^prod1~1_FF): [13, 14], 0, 922>, 
	Sinks: [<NetNode: N: fir.x0k0_mul.u5^prod~1_FF, P: Block (n7970_1): I: 1, O: 1, PlInfo: PL Info (n7970_1): [5, 3], 0, 303>, <NetNode: N: fir.x0k0_mul.u5^prod~1_FF, P: Block (n8924_1): I: 1, O: 1, PlInfo: PL Info (n8924_1): [9, 1], 0, 420>, <NetNode: N: fir.x0k0_mul.u5^prod~1_FF, P: Block (n7945): I: 1, O: 1, PlInfo: PL Info (n7945): [5, 6], 0, 296>, <NetNode: N: fir.x0k0_mul.u5^prod~1_FF, P: Block (n7968): I: 1, O: 1, PlInfo: PL Info (n7968): [7, 5], 0, 302>, <NetNode: N: fir.x0k0_mul.u5^prod~1_FF, P: Block (n7757): I: 1, O: 1, PlInfo: PL Info (n7757): [7, 13], 0, 387>, <NetNode: N: fir.x0k0_mul.u5^prod~1_FF, P: Block (n7982): I: 1, O: 1, PlInfo: PL Info (n7982): [12, 4], 0, 394>, <NetNode: N: fir.x0k0_mul.u5^prod~1_FF, P: Block (n8086_1): I: 1, O: 1, PlInfo: PL Info (n8086_1): [11, 4], 0, 532>, <NetNode: N: fir.x0k0_mul.u5^prod~1_FF, P: Block (n8406): I: 1, O: 1, PlInfo: PL Info (n8406): [4, 11], 0, 309>, <NetNode: N: fir.x0k0_mul.u5^prod~1_FF, P: Block (n8201): I: 1, O: 1, PlInfo: PL Info (n8201): [7, 2], 0, 396>, <NetNode: N: fir.x0k0_mul.u5^prod~1_FF, P: Block (n8330): I: 1, O: 1, PlInfo: PL Info (n8330): [1, 5], 0, 307>, <NetNode: N: fir.x0k0_mul.u5^prod~1_FF, P: Block (n8399): I: 1, O: 1, PlInfo: PL Info (n8399): [3, 3], 0, 308>, <NetNode: N: fir.x0k0_mul.u5^prod~1_FF, P: Block (n7951_1): I: 1, O: 1, PlInfo: PL Info (n7951_1): [4, 6], 0, 299>, <NetNode: N: fir.x0k0_mul.u5^prod~1_FF, P: Block (n3723): I: 1, O: 1, PlInfo: PL Info (n3723): [8, 1], 0, 98>, <NetNode: N: fir.x0k0_mul.u5^prod~1_FF, P: Block (n8592_1): I: 1, O: 1, PlInfo: PL Info (n8592_1): [1, 4], 0, 310>, <NetNode: N: fir.x0k0_mul.u5^prod~1_FF, P: Block (n3775): I: 1, O: 1, PlInfo: PL Info (n3775): [11, 9], 0, 99>, <NetNode: N: fir.x0k0_mul.u5^prod~1_FF, P: Block (n9082): I: 1, O: 1, PlInfo: PL Info (n9082): [9, 6], 0, 422>, <NetNode: N: fir.x0k0_mul.u5^prod~1_FF, P: Block (n8167_1): I: 1, O: 1, PlInfo: PL Info (n8167_1): [12, 1], 0, 395>, <NetNode: N: fir.x0k0_mul.u5^prod~1_FF, P: Block (n3697): I: 1, O: 1, PlInfo: PL Info (n3697): [9, 7], 0, 81>, <NetNode: N: fir.x0k0_mul.u5^prod~1_FF, P: Block (n8703): I: 1, O: 1, PlInfo: PL Info (n8703): [4, 1], 0, 311>, <NetNode: N: fir.x0k0_mul.u5^prod~1_FF, P: Block (n9004_1): I: 1, O: 1, PlInfo: PL Info (n9004_1): [9, 4], 0, 320>, <NetNode: N: fir.x0k0_mul.u5^prod~1_FF, P: Block (n8710): I: 1, O: 1, PlInfo: PL Info (n8710): [3, 6], 0, 312>, <NetNode: N: fir.x0k0_mul.u5^prod~1_FF, P: Block (n8975): I: 1, O: 1, PlInfo: PL Info (n8975): [1, 3], 0, 319>, <NetNode: N: fir.x0k0_mul.u5^prod~1_FF, P: Block (n8292_1): I: 1, O: 1, PlInfo: PL Info (n8292_1): [11, 1], 0, 402>, <NetNode: N: fir.x0k0_mul.u5^prod~1_FF, P: Block (n8245): I: 1, O: 1, PlInfo: PL Info (n8245): [11, 2], 0, 397>, <NetNode: N: fir.x0k0_mul.u5^prod~1_FF, P: Block (n8712_1): I: 1, O: 1, PlInfo: PL Info (n8712_1): [7, 10], 0, 313>, <NetNode: N: fir.x0k0_mul.u5^prod~1_FF, P: Block (n8283): I: 1, O: 1, PlInfo: PL Info (n8283): [9, 2], 0, 401>, <NetNode: N: fir.x0k0_mul.u5^prod~1_FF, P: Block (n8061): I: 1, O: 1, PlInfo: PL Info (n8061): [12, 7], 0, 685>, <NetNode: N: fir.x0k0_mul.u5^prod~1_FF, P: Block (n8616_1): I: 1, O: 1, PlInfo: PL Info (n8616_1): [1, 6], 0, 409>, <NetNode: N: fir.x0k0_mul.u5^prod~1_FF, P: Block (n8299): I: 1, O: 1, PlInfo: PL Info (n8299): [5, 1], 0, 406>, <NetNode: N: fir.x0k0_mul.u5^prod~1_FF, P: Block (n3840): I: 1, O: 1, PlInfo: PL Info (n3840): [13, 6], 0, 102>, <NetNode: N: fir.x0k0_mul.u5^prod~1_FF, P: Block (n8296): I: 1, O: 1, PlInfo: PL Info (n8296): [4, 2], 0, 404>, <NetNode: N: fir.x0k0_mul.u5^prod~1_FF, P: Block (n7961_1): I: 1, O: 1, PlInfo: PL Info (n7961_1): [7, 3], 0, 301>, <NetNode: N: fir.x0k0_mul.u5^prod~1_FF, P: Block (n3658): I: 1, O: 1, PlInfo: PL Info (n3658): [9, 8], 0, 29>, <>]

: Source: <NetNode: N: n12525, P: Block (n12525): I: 1, O: 1, PlInfo: PL Info (n12525): [31, 4], 0, 334>, 
	Sinks: [<NetNode: N: n12525, P: Block (n13089): I: 1, O: 1, PlInfo: PL Info (n13089): [28, 1], 0, 445>, <NetNode: N: n12525, P: Block (n4436): I: 1, O: 1, PlInfo: PL Info (n4436): [25, 7], 0, 106>, <NetNode: N: n12525, P: Block (n12814): I: 1, O: 1, PlInfo: PL Info (n12814): [29, 1], 0, 441>, <NetNode: N: n12525, P: Block (n12857): I: 1, O: 1, PlInfo: PL Info (n12857): [33, 3], 0, 345>, <NetNode: N: n12525, P: Block (n4252): I: 1, O: 1, PlInfo: PL Info (n4252): [35, 3], 0, 83>, <NetNode: N: n12525, P: Block (n12897): I: 1, O: 1, PlInfo: PL Info (n12897): [35, 4], 0, 442>, <NetNode: N: n12525, P: Block (n12580): I: 1, O: 1, PlInfo: PL Info (n12580): [28, 5], 0, 431>, <NetNode: N: n12525, P: Block (n12568): I: 1, O: 1, PlInfo: PL Info (n12568): [27, 5], 0, 342>, <NetNode: N: n12525, P: Block (n12789): I: 1, O: 1, PlInfo: PL Info (n12789): [24, 3], 0, 439>, <NetNode: N: n12525, P: Block (n13440): I: 1, O: 1, PlInfo: PL Info (n13440): [33, 1], 0, 544>, <NetNode: N: n12525, P: Block (n13253): I: 1, O: 1, PlInfo: PL Info (n13253): [23, 7], 0, 688>, <NetNode: N: n12525, P: Block (n13475): I: 1, O: 1, PlInfo: PL Info (n13475): [29, 2], 0, 547>, <NetNode: N: n12525, P: Block (n13073): I: 1, O: 1, PlInfo: PL Info (n13073): [32, 7], 0, 350>, <NetNode: N: n12525, P: Block (n13072): I: 1, O: 1, PlInfo: PL Info (n13072): [35, 6], 0, 349>, <NetNode: N: n12525, P: Block (n13068): I: 1, O: 1, PlInfo: PL Info (n13068): [33, 5], 0, 444>, <NetNode: N: n12525, P: Block (n4319): I: 1, O: 1, PlInfo: PL Info (n4319): [31, 1], 0, 33>, <NetNode: N: n12525, P: Block (n12527): I: 1, O: 1, PlInfo: PL Info (n12527): [32, 6], 0, 335>, <NetNode: N: n12525, P: Block (n12524): I: 1, O: 1, PlInfo: PL Info (n12524): [31, 7], 0, 333>, <NetNode: N: n12525, P: Block (n13606): I: 1, O: 1, PlInfo: PL Info (n13606): [35, 5], 0, 553>, <NetNode: N: n12525, P: Block (n13579): I: 1, O: 1, PlInfo: PL Info (n13579): [32, 2], 0, 551>, <NetNode: N: n12525, P: Block (n13329): I: 1, O: 1, PlInfo: PL Info (n13329): [28, 6], 0, 449>, <NetNode: N: n12525, P: Block (n13321): I: 1, O: 1, PlInfo: PL Info (n13321): [35, 2], 0, 446>, <NetNode: N: n12525, P: Block (n13394): I: 1, O: 1, PlInfo: PL Info (n13394): [33, 4], 0, 542>, <NetNode: N: n12525, P: Block (n13598): I: 1, O: 1, PlInfo: PL Info (n13598): [32, 8], 0, 450>, <>]

: Source: <NetNode: N: n16081, P: Block (n16081): I: 1, O: 1, PlInfo: PL Info (n16081): [4, 26], 0, 597>, 
	Sinks: [<NetNode: N: n16081, P: Block (n15958): I: 1, O: 1, PlInfo: PL Info (n15958): [3, 30], 0, 513>, <>]

: Source: <NetNode: N: n12524, P: Block (n12524): I: 1, O: 1, PlInfo: PL Info (n12524): [31, 7], 0, 333>, 
	Sinks: [<NetNode: N: n12524, P: Block (n4423): I: 1, O: 1, PlInfo: PL Info (n4423): [28, 7], 0, 34>, <NetNode: N: n12524, P: Block (n12814): I: 1, O: 1, PlInfo: PL Info (n12814): [29, 1], 0, 441>, <NetNode: N: n12524, P: Block (n12897): I: 1, O: 1, PlInfo: PL Info (n12897): [35, 4], 0, 442>, <NetNode: N: n12524, P: Block (n12583): I: 1, O: 1, PlInfo: PL Info (n12583): [32, 5], 0, 432>, <NetNode: N: n12524, P: Block (n13025): I: 1, O: 1, PlInfo: PL Info (n13025): [33, 7], 0, 347>, <NetNode: N: n12524, P: Block (n13253): I: 1, O: 1, PlInfo: PL Info (n13253): [23, 7], 0, 688>, <NetNode: N: n12524, P: Block (n13072): I: 1, O: 1, PlInfo: PL Info (n13072): [35, 6], 0, 349>, <NetNode: N: n12524, P: Block (n13064): I: 1, O: 1, PlInfo: PL Info (n13064): [28, 3], 0, 348>, <NetNode: N: n12524, P: Block (n4384): I: 1, O: 1, PlInfo: PL Info (n4384): [31, 2], 0, 105>, <NetNode: N: n12524, P: Block (n12965): I: 1, O: 1, PlInfo: PL Info (n12965): [33, 6], 0, 346>, <NetNode: N: n12524, P: Block (n13625): I: 1, O: 1, PlInfo: PL Info (n13625): [32, 3], 0, 451>, <NetNode: N: n12524, P: Block (n12525): I: 1, O: 1, PlInfo: PL Info (n12525): [31, 4], 0, 334>, <NetNode: N: n12524, P: Block (n13394): I: 1, O: 1, PlInfo: PL Info (n13394): [33, 4], 0, 542>, <NetNode: N: n12524, P: Block (n13360): I: 1, O: 1, PlInfo: PL Info (n13360): [31, 6], 0, 352>, <NetNode: N: n12524, P: Block (n4527): I: 1, O: 1, PlInfo: PL Info (n4527): [23, 5], 0, 7>, <>]

: Source: <NetNode: N: n8192_1, P: Block (n8192_1): I: 1, O: 1, PlInfo: PL Info (n8192_1): [12, 8], 0, 533>, 
	Sinks: [<NetNode: N: n8192_1, P: Block (n3788): I: 1, O: 1, PlInfo: PL Info (n3788): [12, 5], 0, 100>, <>]

: Source: <NetNode: N: fir.out_temp_add^out_o1~0_FF, P: Block (n724): I: 1, O: 1, PlInfo: PL Info (n724): [25, 32], 0, 120>, 
	Sinks: [<NetNode: N: fir.out_temp_add^out_o1~0_FF, P: Block (fir.out_temp_add^out~0_FF): I: 1, O: 1, PlInfo: PL Info (fir.out_temp_add^out~0_FF): [1, 20], 0, 927>, <>]

: Source: <NetNode: N: n10587, P: Block (n10587): I: 1, O: 1, PlInfo: PL Info (n10587): [15, 35], 0, 674>, 
	Sinks: [<NetNode: N: n10587, P: Block (n1412): I: 1, O: 1, PlInfo: PL Info (n1412): [16, 34], 0, 134>, <>]

: Source: <NetNode: N: n16088, P: Block (n16088): I: 1, O: 1, PlInfo: PL Info (n16088): [9, 33], 0, 576>, 
	Sinks: [<NetNode: N: n16088, P: Block (n16133): I: 1, O: 1, PlInfo: PL Info (n16133): [3, 31], 0, 514>, <>]

: Source: <NetNode: N: fir.x2k2_mul^out_o1~14_FF, P: Block (n5052): I: 1, O: 1, PlInfo: PL Info (n5052): [31, 21], 0, 41>, 
	Sinks: [<>]

: Source: <NetNode: N: fir.x3k3_mul.u5^prod~9_FF, P: Block (fir.x3k3_mul.u5^prod1~9_FF): I: 1, O: 1, PlInfo: PL Info (fir.x3k3_mul.u5^prod1~9_FF): [11, 20], 0, 905>, 
	Sinks: [<NetNode: N: fir.x3k3_mul.u5^prod~9_FF, P: Block (n16392): I: 1, O: 1, PlInfo: PL Info (n16392): [4, 28], 0, 522>, <NetNode: N: fir.x3k3_mul.u5^prod~9_FF, P: Block (n16157): I: 1, O: 1, PlInfo: PL Info (n16157): [3, 28], 0, 628>, <NetNode: N: fir.x3k3_mul.u5^prod~9_FF, P: Block (n5525): I: 1, O: 1, PlInfo: PL Info (n5525): [13, 32], 0, 14>, <NetNode: N: fir.x3k3_mul.u5^prod~9_FF, P: Block (n16133): I: 1, O: 1, PlInfo: PL Info (n16133): [3, 31], 0, 514>, <NetNode: N: fir.x3k3_mul.u5^prod~9_FF, P: Block (n5564): I: 1, O: 1, PlInfo: PL Info (n5564): [12, 31], 0, 16>, <NetNode: N: fir.x3k3_mul.u5^prod~9_FF, P: Block (n16387): I: 1, O: 1, PlInfo: PL Info (n16387): [3, 34], 0, 706>, <NetNode: N: fir.x3k3_mul.u5^prod~9_FF, P: Block (n15921): I: 1, O: 1, PlInfo: PL Info (n15921): [4, 36], 0, 511>, <NetNode: N: fir.x3k3_mul.u5^prod~9_FF, P: Block (n16197): I: 1, O: 1, PlInfo: PL Info (n16197): [5, 22], 0, 872>, <NetNode: N: fir.x3k3_mul.u5^prod~9_FF, P: Block (n15852): I: 1, O: 1, PlInfo: PL Info (n15852): [7, 34], 0, 571>, <NetNode: N: fir.x3k3_mul.u5^prod~9_FF, P: Block (n16730): I: 1, O: 1, PlInfo: PL Info (n16730): [4, 33], 0, 590>, <NetNode: N: fir.x3k3_mul.u5^prod~9_FF, P: Block (n15645): I: 1, O: 1, PlInfo: PL Info (n15645): [11, 32], 0, 497>, <NetNode: N: fir.x3k3_mul.u5^prod~9_FF, P: Block (n15407): I: 1, O: 1, PlInfo: PL Info (n15407): [12, 25], 0, 489>, <NetNode: N: fir.x3k3_mul.u5^prod~9_FF, P: Block (n16303): I: 1, O: 1, PlInfo: PL Info (n16303): [4, 32], 0, 517>, <NetNode: N: fir.x3k3_mul.u5^prod~9_FF, P: Block (n15471): I: 1, O: 1, PlInfo: PL Info (n15471): [11, 21], 0, 490>, <NetNode: N: fir.x3k3_mul.u5^prod~9_FF, P: Block (n16567): I: 1, O: 1, PlInfo: PL Info (n16567): [12, 36], 0, 582>, <NetNode: N: fir.x3k3_mul.u5^prod~9_FF, P: Block (n16330): I: 1, O: 1, PlInfo: PL Info (n16330): [9, 24], 0, 521>, <NetNode: N: fir.x3k3_mul.u5^prod~9_FF, P: Block (n16576): I: 1, O: 1, PlInfo: PL Info (n16576): [11, 33], 0, 600>, <NetNode: N: fir.x3k3_mul.u5^prod~9_FF, P: Block (n15665): I: 1, O: 1, PlInfo: PL Info (n15665): [7, 28], 0, 569>, <NetNode: N: fir.x3k3_mul.u5^prod~9_FF, P: Block (n5707): I: 1, O: 1, PlInfo: PL Info (n5707): [13, 30], 0, 24>, <NetNode: N: fir.x3k3_mul.u5^prod~9_FF, P: Block (n15672): I: 1, O: 1, PlInfo: PL Info (n15672): [8, 33], 0, 504>, <NetNode: N: fir.x3k3_mul.u5^prod~9_FF, P: Block (n5733): I: 1, O: 1, PlInfo: PL Info (n5733): [13, 29], 0, 25>, <NetNode: N: fir.x3k3_mul.u5^prod~9_FF, P: Block (n15680): I: 1, O: 1, PlInfo: PL Info (n15680): [8, 31], 0, 507>, <NetNode: N: fir.x3k3_mul.u5^prod~9_FF, P: Block (n15688): I: 1, O: 1, PlInfo: PL Info (n15688): [5, 30], 0, 508>, <NetNode: N: fir.x3k3_mul.u5^prod~9_FF, P: Block (n16028): I: 1, O: 1, PlInfo: PL Info (n16028): [8, 30], 0, 575>, <NetNode: N: fir.x3k3_mul.u5^prod~9_FF, P: Block (n16037): I: 1, O: 1, PlInfo: PL Info (n16037): [4, 25], 0, 668>, <NetNode: N: fir.x3k3_mul.u5^prod~9_FF, P: Block (n16223): I: 1, O: 1, PlInfo: PL Info (n16223): [7, 24], 0, 799>, <NetNode: N: fir.x3k3_mul.u5^prod~9_FF, P: Block (n15390): I: 1, O: 1, PlInfo: PL Info (n15390): [8, 25], 0, 627>, <NetNode: N: fir.x3k3_mul.u5^prod~9_FF, P: Block (n16498): I: 1, O: 1, PlInfo: PL Info (n16498): [13, 31], 0, 598>, <NetNode: N: fir.x3k3_mul.u5^prod~9_FF, P: Block (n16261): I: 1, O: 1, PlInfo: PL Info (n16261): [7, 21], 0, 864>, <NetNode: N: fir.x3k3_mul.u5^prod~9_FF, P: Block (n5486): I: 1, O: 1, PlInfo: PL Info (n5486): [11, 34], 0, 12>, <NetNode: N: fir.x3k3_mul.u5^prod~9_FF, P: Block (n16081): I: 1, O: 1, PlInfo: PL Info (n16081): [4, 26], 0, 597>, <NetNode: N: fir.x3k3_mul.u5^prod~9_FF, P: Block (n16088): I: 1, O: 1, PlInfo: PL Info (n16088): [9, 33], 0, 576>, <NetNode: N: fir.x3k3_mul.u5^prod~9_FF, P: Block (n16602): I: 1, O: 1, PlInfo: PL Info (n16602): [11, 35], 0, 605>, <NetNode: N: fir.x3k3_mul.u5^prod~9_FF, P: Block (n16803): I: 1, O: 1, PlInfo: PL Info (n16803): [7, 36], 0, 591>, <NetNode: N: fir.x3k3_mul.u5^prod~9_FF, P: Block (n15715): I: 1, O: 1, PlInfo: PL Info (n15715): [8, 32], 0, 510>, <NetNode: N: fir.x3k3_mul.u5^prod~9_FF, P: Block (n15357): I: 1, O: 1, PlInfo: PL Info (n15357): [9, 23], 0, 525>, <NetNode: N: fir.x3k3_mul.u5^prod~9_FF, P: Block (n16698): I: 1, O: 1, PlInfo: PL Info (n16698): [11, 36], 0, 589>, <NetNode: N: fir.x3k3_mul.u5^prod~9_FF, P: Block (n16219): I: 1, O: 1, PlInfo: PL Info (n16219): [4, 22], 0, 798>, <NetNode: N: fir.x3k3_mul.u5^prod~9_FF, P: Block (n16630): I: 1, O: 1, PlInfo: PL Info (n16630): [9, 36], 0, 583>, <NetNode: N: fir.x3k3_mul.u5^prod~9_FF, P: Block (n15549): I: 1, O: 1, PlInfo: PL Info (n15549): [11, 22], 0, 493>, <>]

: Source: <NetNode: N: fir.x1k1_mul.u0^infb_f_r_FF, P: Block (n8326): I: 1, O: 1, PlInfo: PL Info (n8326): [21, 14], 0, 282>, 
	Sinks: [<NetNode: N: fir.x1k1_mul.u0^infb_f_r_FF, P: Block (n4623): I: 1, O: 1, PlInfo: PL Info (n4623): [23, 9], 0, 115>, <NetNode: N: fir.x1k1_mul.u0^infb_f_r_FF, P: Block (n4711): I: 1, O: 1, PlInfo: PL Info (n4711): [24, 10], 0, 267>, <>]

: Source: <NetNode: N: n14902, P: Block (n14902): I: 1, O: 1, PlInfo: PL Info (n14902): [21, 25], 0, 849>, 
	Sinks: [<NetNode: N: n14902, P: Block (n13838): I: 1, O: 1, PlInfo: PL Info (n13838): [23, 22], 0, 736>, <>]

: Source: <NetNode: N: n7759_1, P: Block (n7759_1): I: 1, O: 1, PlInfo: PL Info (n7759_1): [7, 12], 0, 388>, 
	Sinks: [<NetNode: N: n7759_1, P: Block (n7752): I: 1, O: 1, PlInfo: PL Info (n7752): [7, 15], 0, 293>, <NetNode: N: n7759_1, P: Block (n7757): I: 1, O: 1, PlInfo: PL Info (n7757): [7, 13], 0, 387>, <NetNode: N: n7759_1, P: Block (n3980): I: 1, O: 1, PlInfo: PL Info (n3980): [5, 12], 0, 180>, <NetNode: N: n7759_1, P: Block (n7786_1): I: 1, O: 1, PlInfo: PL Info (n7786_1): [5, 15], 0, 294>, <>]

: Source: <NetNode: N: fir.x2k2_mul.u2^exp_out~1_FF, P: Block (n5296): I: 1, O: 1, PlInfo: PL Info (n5296): [20, 13], 0, 257>, 
	Sinks: [<NetNode: N: fir.x2k2_mul.u2^exp_out~1_FF, P: Block (n5314): I: 1, O: 1, PlInfo: PL Info (n5314): [20, 16], 0, 268>, <>]

: Source: <NetNode: N: n11196_1, P: Block (n11196_1): I: 1, O: 1, PlInfo: PL Info (n11196_1): [20, 28], 0, 757>, 
	Sinks: [<NetNode: N: n11196_1, P: Block (n2409): I: 1, O: 1, PlInfo: PL Info (n2409): [23, 28], 0, 156>, <>]

: Source: <NetNode: N: n14907, P: Block (n14907): I: 1, O: 1, PlInfo: PL Info (n14907): [20, 24], 0, 843>, 
	Sinks: [<NetNode: N: n14907, P: Block (n15147): I: 1, O: 1, PlInfo: PL Info (n15147): [23, 24], 0, 750>, <>]

: Source: <NetNode: N: fir.add1_add^out_o1~21_FF, P: Block (n1931): I: 1, O: 1, PlInfo: PL Info (n1931): [33, 36], 0, 213>, 
	Sinks: [<>]

: Source: <NetNode: N: n12519, P: Block (n12519): I: 1, O: 1, PlInfo: PL Info (n12519): [29, 7], 0, 332>, 
	Sinks: [<NetNode: N: n12519, P: Block (n12614): I: 1, O: 1, PlInfo: PL Info (n12614): [27, 6], 0, 433>, <NetNode: N: n12519, P: Block (n12828): I: 1, O: 1, PlInfo: PL Info (n12828): [29, 3], 0, 344>, <NetNode: N: n12519, P: Block (n12580): I: 1, O: 1, PlInfo: PL Info (n12580): [28, 5], 0, 431>, <NetNode: N: n12519, P: Block (n13669): I: 1, O: 1, PlInfo: PL Info (n13669): [27, 4], 0, 454>, <NetNode: N: n12519, P: Block (n12576): I: 1, O: 1, PlInfo: PL Info (n12576): [32, 4], 0, 343>, <NetNode: N: n12519, P: Block (n12568): I: 1, O: 1, PlInfo: PL Info (n12568): [27, 5], 0, 342>, <NetNode: N: n12519, P: Block (n13633): I: 1, O: 1, PlInfo: PL Info (n13633): [25, 6], 0, 452>, <NetNode: N: n12519, P: Block (n12583): I: 1, O: 1, PlInfo: PL Info (n12583): [32, 5], 0, 432>, <NetNode: N: n12519, P: Block (n13073): I: 1, O: 1, PlInfo: PL Info (n13073): [32, 7], 0, 350>, <NetNode: N: n12519, P: Block (n13066): I: 1, O: 1, PlInfo: PL Info (n13066): [29, 8], 0, 443>, <NetNode: N: n12519, P: Block (n13064): I: 1, O: 1, PlInfo: PL Info (n13064): [28, 3], 0, 348>, <NetNode: N: n12519, P: Block (n12538): I: 1, O: 1, PlInfo: PL Info (n12538): [29, 4], 0, 341>, <NetNode: N: n12519, P: Block (n12537): I: 1, O: 1, PlInfo: PL Info (n12537): [31, 8], 0, 340>, <NetNode: N: n12519, P: Block (n12536): I: 1, O: 1, PlInfo: PL Info (n12536): [29, 6], 0, 339>, <NetNode: N: n12519, P: Block (n12531): I: 1, O: 1, PlInfo: PL Info (n12531): [31, 5], 0, 338>, <NetNode: N: n12519, P: Block (n12529): I: 1, O: 1, PlInfo: PL Info (n12529): [29, 5], 0, 337>, <NetNode: N: n12519, P: Block (n12528): I: 1, O: 1, PlInfo: PL Info (n12528): [28, 4], 0, 336>, <NetNode: N: n12519, P: Block (n12527): I: 1, O: 1, PlInfo: PL Info (n12527): [32, 6], 0, 335>, <NetNode: N: n12519, P: Block (n12525): I: 1, O: 1, PlInfo: PL Info (n12525): [31, 4], 0, 334>, <NetNode: N: n12519, P: Block (n12524): I: 1, O: 1, PlInfo: PL Info (n12524): [31, 7], 0, 333>, <NetNode: N: n12519, P: Block (n12755): I: 1, O: 1, PlInfo: PL Info (n12755): [25, 5], 0, 436>, <NetNode: N: n12519, P: Block (n13545): I: 1, O: 1, PlInfo: PL Info (n13545): [27, 7], 0, 549>, <NetNode: N: n12519, P: Block (n13329): I: 1, O: 1, PlInfo: PL Info (n13329): [28, 6], 0, 449>, <NetNode: N: n12519, P: Block (n13556): I: 1, O: 1, PlInfo: PL Info (n13556): [31, 9], 0, 550>, <NetNode: N: n12519, P: Block (n13360): I: 1, O: 1, PlInfo: PL Info (n13360): [31, 6], 0, 352>, <NetNode: N: n12519, P: Block (n13359): I: 1, O: 1, PlInfo: PL Info (n13359): [32, 10], 0, 351>, <>]

: Source: <NetNode: N: n13606, P: Block (n13606): I: 1, O: 1, PlInfo: PL Info (n13606): [35, 5], 0, 553>, 
	Sinks: [<NetNode: N: n13606, P: Block (n4358): I: 1, O: 1, PlInfo: PL Info (n4358): [31, 3], 0, 84>, <>]

: Source: <NetNode: N: n13847, P: Block (n13847): I: 1, O: 1, PlInfo: PL Info (n13847): [24, 19], 0, 458>, 
	Sinks: [<NetNode: N: n13847, P: Block (n13935): I: 1, O: 1, PlInfo: PL Info (n13935): [24, 18], 0, 555>, <NetNode: N: n13847, P: Block (n14616): I: 1, O: 1, PlInfo: PL Info (n14616): [25, 18], 0, 371>, <>]

: Source: <NetNode: N: fir.out_temp_add^out_o1~2_FF, P: Block (n750): I: 1, O: 1, PlInfo: PL Info (n750): [24, 32], 0, 228>, 
	Sinks: [<NetNode: N: fir.out_temp_add^out_o1~2_FF, P: Block (n10007): I: 1, O: 1, PlInfo: PL Info (n10007): [25, 33], 0, 640>, <>]

: Source: <NetNode: N: n12755, P: Block (n12755): I: 1, O: 1, PlInfo: PL Info (n12755): [25, 5], 0, 436>, 
	Sinks: [<NetNode: N: n12755, P: Block (n4475): I: 1, O: 1, PlInfo: PL Info (n4475): [23, 4], 0, 6>, <>]

: Source: <NetNode: N: n8873_1, P: Block (n8873_1): I: 1, O: 1, PlInfo: PL Info (n8873_1): [12, 2], 0, 536>, 
	Sinks: [<NetNode: N: n8873_1, P: Block (n3645): I: 1, O: 1, PlInfo: PL Info (n3645): [8, 5], 0, 96>, <>]

: Source: <NetNode: N: n12753, P: Block (n12753): I: 1, O: 1, PlInfo: PL Info (n12753): [32, 9], 0, 593>, 
	Sinks: [<NetNode: N: n12753, P: Block (n4475): I: 1, O: 1, PlInfo: PL Info (n4475): [23, 4], 0, 6>, <>]

: Source: <NetNode: N: n12752, P: Block (n12752): I: 1, O: 1, PlInfo: PL Info (n12752): [33, 11], 0, 435>, 
	Sinks: [<NetNode: N: n12752, P: Block (n4475): I: 1, O: 1, PlInfo: PL Info (n4475): [23, 4], 0, 6>, <>]

: Source: <NetNode: N: fir.out_temp_add^out_o1~21_FF, P: Block (n997): I: 1, O: 1, PlInfo: PL Info (n997): [29, 31], 0, 194>, 
	Sinks: [<>]

: Source: <NetNode: N: fir.x2k2_mul.u0^expb_ff_FF, P: Block (n10330): I: 1, O: 1, PlInfo: PL Info (n10330): [21, 13], 0, 286>, 
	Sinks: [<NetNode: N: fir.x2k2_mul.u0^expb_ff_FF, P: Block (n2589): I: 1, O: 1, PlInfo: PL Info (n2589): [27, 17], 0, 172>, <>]

: Source: <NetNode: N: n11661, P: Block (n11661): I: 1, O: 1, PlInfo: PL Info (n11661): [15, 11], 0, 765>, 
	Sinks: [<NetNode: N: n11661, P: Block (n3571): I: 1, O: 1, PlInfo: PL Info (n3571): [15, 8], 0, 75>, <NetNode: N: n11661, P: Block (n3546): I: 1, O: 1, PlInfo: PL Info (n3546): [16, 8], 0, 74>, <>]

: Source: <NetNode: N: n8794, P: Block (n8794): I: 1, O: 1, PlInfo: PL Info (n8794): [1, 17], 0, 820>, 
	Sinks: [<>]

: Source: <NetNode: N: n13838, P: Block (n13838): I: 1, O: 1, PlInfo: PL Info (n13838): [23, 22], 0, 736>, 
	Sinks: [<NetNode: N: n13838, P: Block (n13904): I: 1, O: 1, PlInfo: PL Info (n13904): [25, 20], 0, 461>, <NetNode: N: n13838, P: Block (n13835): I: 1, O: 1, PlInfo: PL Info (n13835): [25, 19], 0, 354>, <>]

: Source: <NetNode: N: fir.out_temp_add^out_o1~20_FF, P: Block (n984): I: 1, O: 1, PlInfo: PL Info (n984): [29, 32], 0, 193>, 
	Sinks: [<>]

: Source: <NetNode: N: fir.x2k2_mul.u5^prod1~1_FF, P: Block (n13835): I: 1, O: 1, PlInfo: PL Info (n13835): [25, 19], 0, 354>, 
	Sinks: [<>]

: Source: <NetNode: N: n11897, P: Block (n11897): I: 1, O: 1, PlInfo: PL Info (n11897): [16, 11], 0, 764>, 
	Sinks: [<NetNode: N: n11897, P: Block (n3396): I: 1, O: 1, PlInfo: PL Info (n3396): [17, 10], 0, 58>, <>]

: Source: <NetNode: N: n13832, P: Block (n13832): I: 1, O: 1, PlInfo: PL Info (n13832): [21, 21], 0, 766>, 
	Sinks: [<NetNode: N: n13832, P: Block (n13904): I: 1, O: 1, PlInfo: PL Info (n13904): [25, 20], 0, 461>, <NetNode: N: n13832, P: Block (n13884): I: 1, O: 1, PlInfo: PL Info (n13884): [21, 17], 0, 460>, <NetNode: N: n13832, P: Block (n13826): I: 1, O: 1, PlInfo: PL Info (n13826): [23, 16], 0, 456>, <NetNode: N: n13832, P: Block (n13814): I: 1, O: 1, PlInfo: PL Info (n13814): [23, 17], 0, 455>, <NetNode: N: n13832, P: Block (n13867): I: 1, O: 1, PlInfo: PL Info (n13867): [23, 18], 0, 355>, <NetNode: N: n13832, P: Block (n13835): I: 1, O: 1, PlInfo: PL Info (n13835): [25, 19], 0, 354>, <>]

: Source: <NetNode: N: n12741, P: Block (n12741): I: 1, O: 1, PlInfo: PL Info (n12741): [32, 14], 0, 780>, 
	Sinks: [<NetNode: N: n12741, P: Block (n12846): I: 1, O: 1, PlInfo: PL Info (n12846): [33, 10], 0, 712>, <NetNode: N: n12741, P: Block (n13413): I: 1, O: 1, PlInfo: PL Info (n13413): [36, 8], 0, 664>, <NetNode: N: n12741, P: Block (n13224): I: 1, O: 1, PlInfo: PL Info (n13224): [36, 14], 0, 867>, <NetNode: N: n12741, P: Block (n13461): I: 1, O: 1, PlInfo: PL Info (n13461): [36, 6], 0, 716>, <NetNode: N: n12741, P: Block (n13205): I: 1, O: 1, PlInfo: PL Info (n13205): [31, 15], 0, 832>, <NetNode: N: n12741, P: Block (n4610): I: 1, O: 1, PlInfo: PL Info (n4610): [29, 9], 0, 227>, <NetNode: N: n12741, P: Block (n13277): I: 1, O: 1, PlInfo: PL Info (n13277): [32, 15], 0, 790>, <NetNode: N: n12741, P: Block (n12915): I: 1, O: 1, PlInfo: PL Info (n12915): [33, 15], 0, 805>, <NetNode: N: n12741, P: Block (n12776): I: 1, O: 1, PlInfo: PL Info (n12776): [35, 15], 0, 827>, <NetNode: N: n12741, P: Block (n13606): I: 1, O: 1, PlInfo: PL Info (n13606): [35, 5], 0, 553>, <NetNode: N: n12741, P: Block (n12753): I: 1, O: 1, PlInfo: PL Info (n12753): [32, 9], 0, 593>, <NetNode: N: n12741, P: Block (n12752): I: 1, O: 1, PlInfo: PL Info (n12752): [33, 11], 0, 435>, <NetNode: N: n12741, P: Block (n12687): I: 1, O: 1, PlInfo: PL Info (n12687): [25, 8], 0, 696>, <NetNode: N: n12741, P: Block (n12439): I: 1, O: 1, PlInfo: PL Info (n12439): [29, 14], 0, 611>, <NetNode: N: n12741, P: Block (n13510): I: 1, O: 1, PlInfo: PL Info (n13510): [36, 7], 0, 665>, <NetNode: N: n12741, P: Block (n13338): I: 1, O: 1, PlInfo: PL Info (n13338): [24, 13], 0, 838>, <NetNode: N: n12741, P: Block (n12488): I: 1, O: 1, PlInfo: PL Info (n12488): [28, 8], 0, 331>, <NetNode: N: n12741, P: Block (n13315): I: 1, O: 1, PlInfo: PL Info (n13315): [36, 11], 0, 865>, <NetNode: N: n12741, P: Block (n12299): I: 1, O: 1, PlInfo: PL Info (n12299): [31, 11], 0, 524>, <NetNode: N: n12741, P: Block (n13157): I: 1, O: 1, PlInfo: PL Info (n13157): [33, 14], 0, 778>, <>]

: Source: <NetNode: N: n15972, P: Block (n15972): I: 1, O: 1, PlInfo: PL Info (n15972): [4, 20], 0, 807>, 
	Sinks: [<NetNode: N: n15972, P: Block (n16237): I: 1, O: 1, PlInfo: PL Info (n16237): [5, 25], 0, 800>, <>]

: Source: <NetNode: N: n14883, P: Block (n14883): I: 1, O: 1, PlInfo: PL Info (n14883): [20, 23], 0, 871>, 
	Sinks: [<NetNode: N: n14883, P: Block (n14013): I: 1, O: 1, PlInfo: PL Info (n14013): [20, 21], 0, 740>, <>]

: Source: <NetNode: N: n8225, P: Block (n8225): I: 1, O: 1, PlInfo: PL Info (n8225): [3, 4], 0, 534>, 
	Sinks: [<NetNode: N: n8225, P: Block (n8399): I: 1, O: 1, PlInfo: PL Info (n8399): [3, 3], 0, 308>, <>]

: Source: <NetNode: N: n14886, P: Block (n14886): I: 1, O: 1, PlInfo: PL Info (n14886): [21, 22], 0, 791>, 
	Sinks: [<NetNode: N: n14886, P: Block (n14013): I: 1, O: 1, PlInfo: PL Info (n14013): [20, 21], 0, 740>, <>]

: Source: <NetNode: N: n16822, P: Block (n16822): I: 1, O: 1, PlInfo: PL Info (n16822): [1, 29], 0, 884>, 
	Sinks: [<NetNode: N: n16822, P: Block (n15350): I: 1, O: 1, PlInfo: PL Info (n15350): [9, 25], 0, 691>, <>]

: Source: <NetNode: N: n14888, P: Block (n14888): I: 1, O: 1, PlInfo: PL Info (n14888): [21, 24], 0, 825>, 
	Sinks: [<NetNode: N: n14888, P: Block (n13901): I: 1, O: 1, PlInfo: PL Info (n13901): [21, 23], 0, 737>, <NetNode: N: n14888, P: Block (n14907): I: 1, O: 1, PlInfo: PL Info (n14907): [20, 24], 0, 843>, <NetNode: N: n14888, P: Block (n14013): I: 1, O: 1, PlInfo: PL Info (n14013): [20, 21], 0, 740>, <>]

: Source: <NetNode: N: n14407, P: Block (n14407): I: 1, O: 1, PlInfo: PL Info (n14407): [36, 22], 0, 471>, 
	Sinks: [<NetNode: N: n14407, P: Block (n5039): I: 1, O: 1, PlInfo: PL Info (n5039): [29, 24], 0, 40>, <>]

: Source: <NetNode: N: n9797_1, P: Block (n9797_1): I: 1, O: 1, PlInfo: PL Info (n9797_1): [35, 32], 0, 638>, 
	Sinks: [<NetNode: N: n9797_1, P: Block (n1866): I: 1, O: 1, PlInfo: PL Info (n1866): [36, 33], 0, 211>, <>]

: Source: <NetNode: N: fir.x0k0_mul.u5^prod~0_FF, P: Block (fir.x0k0_mul.u5^prod1~0_FF): I: 1, O: 1, PlInfo: PL Info (fir.x0k0_mul.u5^prod1~0_FF): [5, 14], 0, 921>, 
	Sinks: [<NetNode: N: fir.x0k0_mul.u5^prod~0_FF, P: Block (n7970_1): I: 1, O: 1, PlInfo: PL Info (n7970_1): [5, 3], 0, 303>, <NetNode: N: fir.x0k0_mul.u5^prod~0_FF, P: Block (n8924_1): I: 1, O: 1, PlInfo: PL Info (n8924_1): [9, 1], 0, 420>, <NetNode: N: fir.x0k0_mul.u5^prod~0_FF, P: Block (n7945): I: 1, O: 1, PlInfo: PL Info (n7945): [5, 6], 0, 296>, <NetNode: N: fir.x0k0_mul.u5^prod~0_FF, P: Block (n7968): I: 1, O: 1, PlInfo: PL Info (n7968): [7, 5], 0, 302>, <NetNode: N: fir.x0k0_mul.u5^prod~0_FF, P: Block (n8819): I: 1, O: 1, PlInfo: PL Info (n8819): [12, 3], 0, 412>, <NetNode: N: fir.x0k0_mul.u5^prod~0_FF, P: Block (n8086_1): I: 1, O: 1, PlInfo: PL Info (n8086_1): [11, 4], 0, 532>, <NetNode: N: fir.x0k0_mul.u5^prod~0_FF, P: Block (n8615): I: 1, O: 1, PlInfo: PL Info (n8615): [3, 9], 0, 408>, <NetNode: N: fir.x0k0_mul.u5^prod~0_FF, P: Block (n8406): I: 1, O: 1, PlInfo: PL Info (n8406): [4, 11], 0, 309>, <NetNode: N: fir.x0k0_mul.u5^prod~0_FF, P: Block (n8201): I: 1, O: 1, PlInfo: PL Info (n8201): [7, 2], 0, 396>, <NetNode: N: fir.x0k0_mul.u5^prod~0_FF, P: Block (n8330): I: 1, O: 1, PlInfo: PL Info (n8330): [1, 5], 0, 307>, <NetNode: N: fir.x0k0_mul.u5^prod~0_FF, P: Block (n3710): I: 1, O: 1, PlInfo: PL Info (n3710): [8, 2], 0, 4>, <NetNode: N: fir.x0k0_mul.u5^prod~0_FF, P: Block (n8399): I: 1, O: 1, PlInfo: PL Info (n8399): [3, 3], 0, 308>, <NetNode: N: fir.x0k0_mul.u5^prod~0_FF, P: Block (n7951_1): I: 1, O: 1, PlInfo: PL Info (n7951_1): [4, 6], 0, 299>, <NetNode: N: fir.x0k0_mul.u5^prod~0_FF, P: Block (n3723): I: 1, O: 1, PlInfo: PL Info (n3723): [8, 1], 0, 98>, <NetNode: N: fir.x0k0_mul.u5^prod~0_FF, P: Block (n8592_1): I: 1, O: 1, PlInfo: PL Info (n8592_1): [1, 4], 0, 310>, <NetNode: N: fir.x0k0_mul.u5^prod~0_FF, P: Block (n3775): I: 1, O: 1, PlInfo: PL Info (n3775): [11, 9], 0, 99>, <NetNode: N: fir.x0k0_mul.u5^prod~0_FF, P: Block (n7960_1): I: 1, O: 1, PlInfo: PL Info (n7960_1): [5, 4], 0, 300>, <NetNode: N: fir.x0k0_mul.u5^prod~0_FF, P: Block (n3697): I: 1, O: 1, PlInfo: PL Info (n3697): [9, 7], 0, 81>, <NetNode: N: fir.x0k0_mul.u5^prod~0_FF, P: Block (n8849_1): I: 1, O: 1, PlInfo: PL Info (n8849_1): [8, 3], 0, 318>, <NetNode: N: fir.x0k0_mul.u5^prod~0_FF, P: Block (n8703): I: 1, O: 1, PlInfo: PL Info (n8703): [4, 1], 0, 311>, <NetNode: N: fir.x0k0_mul.u5^prod~0_FF, P: Block (n8710): I: 1, O: 1, PlInfo: PL Info (n8710): [3, 6], 0, 312>, <NetNode: N: fir.x0k0_mul.u5^prod~0_FF, P: Block (n8873_1): I: 1, O: 1, PlInfo: PL Info (n8873_1): [12, 2], 0, 536>, <NetNode: N: fir.x0k0_mul.u5^prod~0_FF, P: Block (n8245): I: 1, O: 1, PlInfo: PL Info (n8245): [11, 2], 0, 397>, <NetNode: N: fir.x0k0_mul.u5^prod~0_FF, P: Block (n8712_1): I: 1, O: 1, PlInfo: PL Info (n8712_1): [7, 10], 0, 313>, <NetNode: N: fir.x0k0_mul.u5^prod~0_FF, P: Block (n8257): I: 1, O: 1, PlInfo: PL Info (n8257): [8, 6], 0, 399>, <NetNode: N: fir.x0k0_mul.u5^prod~0_FF, P: Block (n8821_1): I: 1, O: 1, PlInfo: PL Info (n8821_1): [3, 1], 0, 316>, <NetNode: N: fir.x0k0_mul.u5^prod~0_FF, P: Block (n8616_1): I: 1, O: 1, PlInfo: PL Info (n8616_1): [1, 6], 0, 409>, <NetNode: N: fir.x0k0_mul.u5^prod~0_FF, P: Block (n8299): I: 1, O: 1, PlInfo: PL Info (n8299): [5, 1], 0, 406>, <NetNode: N: fir.x0k0_mul.u5^prod~0_FF, P: Block (n3840): I: 1, O: 1, PlInfo: PL Info (n3840): [13, 6], 0, 102>, <NetNode: N: fir.x0k0_mul.u5^prod~0_FF, P: Block (n8296): I: 1, O: 1, PlInfo: PL Info (n8296): [4, 2], 0, 404>, <NetNode: N: fir.x0k0_mul.u5^prod~0_FF, P: Block (n7961_1): I: 1, O: 1, PlInfo: PL Info (n7961_1): [7, 3], 0, 301>, <NetNode: N: fir.x0k0_mul.u5^prod~0_FF, P: Block (n3658): I: 1, O: 1, PlInfo: PL Info (n3658): [9, 8], 0, 29>, <>]

: Source: <NetNode: N: n13309, P: Block (n13309): I: 1, O: 1, PlInfo: PL Info (n13309): [35, 10], 0, 660>, 
	Sinks: [<NetNode: N: n13309, P: Block (n4252): I: 1, O: 1, PlInfo: PL Info (n4252): [35, 3], 0, 83>, <>]

: Source: <NetNode: N: n12458, P: Block (n12458): I: 1, O: 1, PlInfo: PL Info (n12458): [29, 15], 0, 540>, 
	Sinks: [<NetNode: N: n12458, P: Block (n12334): I: 1, O: 1, PlInfo: PL Info (n12334): [29, 13], 0, 538>, <NetNode: N: n12458, P: Block (n12383): I: 1, O: 1, PlInfo: PL Info (n12383): [25, 13], 0, 430>, <NetNode: N: n12458, P: Block (n12273): I: 1, O: 1, PlInfo: PL Info (n12273): [25, 12], 0, 324>, <>]

: Source: <NetNode: N: n13545, P: Block (n13545): I: 1, O: 1, PlInfo: PL Info (n13545): [27, 7], 0, 549>, 
	Sinks: [<NetNode: N: n13545, P: Block (n12786): I: 1, O: 1, PlInfo: PL Info (n12786): [27, 2], 0, 438>, <>]

: Source: <NetNode: N: fir.out_temp_add^out_o1~4_FF, P: Block (n776): I: 1, O: 1, PlInfo: PL Info (n776): [24, 31], 0, 185>, 
	Sinks: [<NetNode: N: fir.out_temp_add^out_o1~4_FF, P: Block (n10314): I: 1, O: 1, PlInfo: PL Info (n10314): [20, 31], 0, 836>, <>]

: Source: <NetNode: N: n11122, P: Block (n11122): I: 1, O: 1, PlInfo: PL Info (n11122): [23, 29], 0, 676>, 
	Sinks: [<NetNode: N: n11122, P: Block (n2409): I: 1, O: 1, PlInfo: PL Info (n2409): [23, 28], 0, 156>, <>]

: Source: <NetNode: N: n11013_1, P: Block (n11013_1): I: 1, O: 1, PlInfo: PL Info (n11013_1): [33, 27], 0, 896>, 
	Sinks: [<NetNode: N: n11013_1, P: Block (n9645_1): I: 1, O: 1, PlInfo: PL Info (n9645_1): [32, 28], 0, 801>, <>]

: Source: <NetNode: N: lo2254, P: Block (n14651): I: 1, O: 1, PlInfo: PL Info (n14651): [21, 16], 0, 856>, 
	Sinks: [<NetNode: N: lo2254, P: Block (n11739): I: 1, O: 1, PlInfo: PL Info (n11739): [21, 15], 0, 279>, <NetNode: N: lo2254, P: Block (fir.x2k2_mul.u5^MUL~5807[0]): I: 2, O: 1, PlInfo: PL Info (fir.x2k2_mul.u5^MUL~5807[0]): [22, 17], 0, 1>, <>]

: Source: <NetNode: N: fir.add1_add^out~12_FF, P: Block (n9786): I: 1, O: 1, PlInfo: PL Info (n9786): [32, 34], 0, 653>, 
	Sinks: [<NetNode: N: fir.add1_add^out~12_FF, P: Block (n1661): I: 1, O: 1, PlInfo: PL Info (n1661): [19, 32], 0, 253>, <>]

: Source: <NetNode: N: n14652, P: Block (n14652): I: 1, O: 1, PlInfo: PL Info (n14652): [17, 19], 0, 781>, 
	Sinks: [<NetNode: N: n14652, P: Block (n13909): I: 1, O: 1, PlInfo: PL Info (n13909): [20, 18], 0, 612>, <NetNode: N: n14652, P: Block (n14651): I: 1, O: 1, PlInfo: PL Info (n14651): [21, 16], 0, 856>, <NetNode: N: n14652, P: Block (n14663): I: 1, O: 1, PlInfo: PL Info (n14663): [17, 18], 0, 782>, <NetNode: N: n14652, P: Block (n14851): I: 1, O: 1, PlInfo: PL Info (n14851): [16, 21], 0, 786>, <NetNode: N: n14652, P: Block (n14855): I: 1, O: 1, PlInfo: PL Info (n14855): [19, 20], 0, 787>, <NetNode: N: n14652, P: Block (n14273): I: 1, O: 1, PlInfo: PL Info (n14273): [17, 21], 0, 845>, <NetNode: N: n14652, P: Block (n14015): I: 1, O: 1, PlInfo: PL Info (n14015): [21, 20], 0, 613>, <>]

: Source: <NetNode: N: fir.x1k1_mul.u5^prod1~26_FF, P: Block (fir.x1k1_mul.u5^prod1~8_FF): I: 1, O: 1, PlInfo: PL Info (fir.x1k1_mul.u5^prod1~8_FF): [28, 12], 0, 920>, 
	Sinks: [<>]

: Source: <NetNode: N: n8458, P: Block (n8458): I: 1, O: 1, PlInfo: PL Info (n8458): [8, 16], 0, 777>, 
	Sinks: [<NetNode: N: n8458, P: Block (n8123_1): I: 1, O: 1, PlInfo: PL Info (n8123_1): [9, 15], 0, 768>, <>]

: Source: <NetNode: N: n14897, P: Block (n14897): I: 1, O: 1, PlInfo: PL Info (n14897): [19, 22], 0, 810>, 
	Sinks: [<NetNode: N: n14897, P: Block (n14013): I: 1, O: 1, PlInfo: PL Info (n14013): [20, 21], 0, 740>, <>]

: Source: <NetNode: N: n14414, P: Block (n14414): I: 1, O: 1, PlInfo: PL Info (n14414): [19, 24], 0, 646>, 
	Sinks: [<NetNode: N: n14414, P: Block (n14256): I: 1, O: 1, PlInfo: PL Info (n14256): [31, 25], 0, 466>, <>]

: Source: <NetNode: N: n8691, P: Block (n8691): I: 1, O: 1, PlInfo: PL Info (n8691): [3, 2], 0, 410>, 
	Sinks: [<NetNode: N: n8691, P: Block (n7669_1): I: 1, O: 1, PlInfo: PL Info (n7669_1): [4, 5], 0, 291>, <>]

: Source: <NetNode: N: n8692, P: Block (n8692): I: 1, O: 1, PlInfo: PL Info (n8692): [4, 8], 0, 411>, 
	Sinks: [<NetNode: N: n8692, P: Block (n7669_1): I: 1, O: 1, PlInfo: PL Info (n7669_1): [4, 5], 0, 291>, <>]

: Source: <NetNode: N: n8360_1, P: Block (n8360_1): I: 1, O: 1, PlInfo: PL Info (n8360_1): [11, 17], 0, 826>, 
	Sinks: [<NetNode: N: n8360_1, P: Block (n8333): I: 1, O: 1, PlInfo: PL Info (n8333): [11, 11], 0, 623>, <>]

: Source: <NetNode: N: fir.out_temp_add^out_o1~3_FF, P: Block (n763): I: 1, O: 1, PlInfo: PL Info (n763): [24, 36], 0, 184>, 
	Sinks: [<>]

: Source: <NetNode: N: n12687, P: Block (n12687): I: 1, O: 1, PlInfo: PL Info (n12687): [25, 8], 0, 696>, 
	Sinks: [<NetNode: N: n12687, P: Block (n4514): I: 1, O: 1, PlInfo: PL Info (n4514): [23, 6], 0, 35>, <>]

: Source: <NetNode: N: fir^x_reg4~25_FF, P: Block (n12202): I: 1, O: 1, PlInfo: PL Info (n12202): [13, 10], 0, 891>, 
	Sinks: [<>]

: Source: <NetNode: N: fir.x2k2_mul.u5^prod1~29_FF, P: Block (n14660): I: 1, O: 1, PlInfo: PL Info (n14660): [21, 18], 0, 877>, 
	Sinks: [<>]

: Source: <NetNode: N: n8245, P: Block (n8245): I: 1, O: 1, PlInfo: PL Info (n8245): [11, 2], 0, 397>, 
	Sinks: [<NetNode: N: n8245, P: Block (n7994): I: 1, O: 1, PlInfo: PL Info (n7994): [5, 5], 0, 304>, <>]

: Source: <NetNode: N: n14663, P: Block (n14663): I: 1, O: 1, PlInfo: PL Info (n14663): [17, 18], 0, 782>, 
	Sinks: [<NetNode: N: n14663, P: Block (n13909): I: 1, O: 1, PlInfo: PL Info (n13909): [20, 18], 0, 612>, <NetNode: N: n14663, P: Block (n14855): I: 1, O: 1, PlInfo: PL Info (n14855): [19, 20], 0, 787>, <NetNode: N: n14663, P: Block (n14273): I: 1, O: 1, PlInfo: PL Info (n14273): [17, 21], 0, 845>, <NetNode: N: n14663, P: Block (n14015): I: 1, O: 1, PlInfo: PL Info (n14015): [21, 20], 0, 613>, <NetNode: N: n14663, P: Block (n14013): I: 1, O: 1, PlInfo: PL Info (n14013): [20, 21], 0, 740>, <>]

: Source: <NetNode: N: n14664, P: Block (n14664): I: 1, O: 1, PlInfo: PL Info (n14664): [17, 23], 0, 852>, 
	Sinks: [<NetNode: N: n14664, P: Block (n14557): I: 1, O: 1, PlInfo: PL Info (n14557): [17, 20], 0, 824>, <>]

: Source: <NetNode: N: n16602, P: Block (n16602): I: 1, O: 1, PlInfo: PL Info (n16602): [11, 35], 0, 605>, 
	Sinks: [<NetNode: N: n16602, P: Block (n5486): I: 1, O: 1, PlInfo: PL Info (n5486): [11, 34], 0, 12>, <>]

: Source: <NetNode: N: fir.add0_add.u1^add_r_FF, P: Block (n6068): I: 1, O: 1, PlInfo: PL Info (n6068): [15, 1], 0, 728>, 
	Sinks: [<>]

: Source: <NetNode: N: n12439, P: Block (n12439): I: 1, O: 1, PlInfo: PL Info (n12439): [29, 14], 0, 611>, 
	Sinks: [<NetNode: N: n12439, P: Block (n4610): I: 1, O: 1, PlInfo: PL Info (n4610): [29, 9], 0, 227>, <>]

: Source: <NetNode: N: fir.add1_add^out_o1~15_FF, P: Block (n1853): I: 1, O: 1, PlInfo: PL Info (n1853): [35, 33], 0, 210>, 
	Sinks: [<>]

: Source: <NetNode: N: n12435, P: Block (n12435): I: 1, O: 1, PlInfo: PL Info (n12435): [27, 15], 0, 705>, 
	Sinks: [<NetNode: N: n12435, P: Block (n4636): I: 1, O: 1, PlInfo: PL Info (n4636): [24, 9], 0, 178>, <NetNode: N: n12435, P: Block (n12297): I: 1, O: 1, PlInfo: PL Info (n12297): [27, 13], 0, 328>, <>]

: Source: <NetNode: N: n12433, P: Block (n12433): I: 1, O: 1, PlInfo: PL Info (n12433): [31, 14], 0, 690>, 
	Sinks: [<NetNode: N: n12433, P: Block (n12297): I: 1, O: 1, PlInfo: PL Info (n12297): [27, 13], 0, 328>, <>]

: Source: <NetNode: N: fir.x1k1_mul.u5^prod~22_FF, P: Block (n12432): I: 1, O: 1, PlInfo: PL Info (n12432): [24, 14], 0, 734>, 
	Sinks: [<NetNode: N: fir.x1k1_mul.u5^prod~22_FF, P: Block (n12814): I: 1, O: 1, PlInfo: PL Info (n12814): [29, 1], 0, 441>, <NetNode: N: fir.x1k1_mul.u5^prod~22_FF, P: Block (n12857): I: 1, O: 1, PlInfo: PL Info (n12857): [33, 3], 0, 345>, <NetNode: N: fir.x1k1_mul.u5^prod~22_FF, P: Block (n4252): I: 1, O: 1, PlInfo: PL Info (n4252): [35, 3], 0, 83>, <NetNode: N: fir.x1k1_mul.u5^prod~22_FF, P: Block (n12872): I: 1, O: 1, PlInfo: PL Info (n12872): [35, 13], 0, 753>, <NetNode: N: fir.x1k1_mul.u5^prod~22_FF, P: Block (n12580): I: 1, O: 1, PlInfo: PL Info (n12580): [28, 5], 0, 431>, <NetNode: N: fir.x1k1_mul.u5^prod~22_FF, P: Block (n13425): I: 1, O: 1, PlInfo: PL Info (n13425): [28, 2], 0, 543>, <NetNode: N: fir.x1k1_mul.u5^prod~22_FF, P: Block (n12576): I: 1, O: 1, PlInfo: PL Info (n12576): [32, 4], 0, 343>, <NetNode: N: fir.x1k1_mul.u5^prod~22_FF, P: Block (n12334): I: 1, O: 1, PlInfo: PL Info (n12334): [29, 13], 0, 538>, <NetNode: N: fir.x1k1_mul.u5^prod~22_FF, P: Block (n12317): I: 1, O: 1, PlInfo: PL Info (n12317): [31, 13], 0, 683>, <NetNode: N: fir.x1k1_mul.u5^prod~22_FF, P: Block (n12790): I: 1, O: 1, PlInfo: PL Info (n12790): [27, 1], 0, 440>, <NetNode: N: fir.x1k1_mul.u5^prod~22_FF, P: Block (n12307): I: 1, O: 1, PlInfo: PL Info (n12307): [31, 10], 0, 427>, <NetNode: N: fir.x1k1_mul.u5^prod~22_FF, P: Block (n13633): I: 1, O: 1, PlInfo: PL Info (n13633): [25, 6], 0, 452>, <NetNode: N: fir.x1k1_mul.u5^prod~22_FF, P: Block (n12380): I: 1, O: 1, PlInfo: PL Info (n12380): [25, 15], 0, 429>, <NetNode: N: fir.x1k1_mul.u5^prod~22_FF, P: Block (n13447): I: 1, O: 1, PlInfo: PL Info (n13447): [24, 4], 0, 546>, <NetNode: N: fir.x1k1_mul.u5^prod~22_FF, P: Block (n13443): I: 1, O: 1, PlInfo: PL Info (n13443): [33, 8], 0, 545>, <NetNode: N: fir.x1k1_mul.u5^prod~22_FF, P: Block (n12350): I: 1, O: 1, PlInfo: PL Info (n12350): [29, 12], 0, 689>, <NetNode: N: fir.x1k1_mul.u5^prod~22_FF, P: Block (n13251): I: 1, O: 1, PlInfo: PL Info (n13251): [36, 9], 0, 776>, <NetNode: N: fir.x1k1_mul.u5^prod~22_FF, P: Block (n13487): I: 1, O: 1, PlInfo: PL Info (n13487): [32, 11], 0, 717>, <NetNode: N: fir.x1k1_mul.u5^prod~22_FF, P: Block (n13292): I: 1, O: 1, PlInfo: PL Info (n13292): [35, 11], 0, 822>, <NetNode: N: fir.x1k1_mul.u5^prod~22_FF, P: Block (n12537): I: 1, O: 1, PlInfo: PL Info (n12537): [31, 8], 0, 340>, <NetNode: N: fir.x1k1_mul.u5^prod~22_FF, P: Block (n12778): I: 1, O: 1, PlInfo: PL Info (n12778): [25, 2], 0, 437>, <NetNode: N: fir.x1k1_mul.u5^prod~22_FF, P: Block (n13625): I: 1, O: 1, PlInfo: PL Info (n13625): [32, 3], 0, 451>, <NetNode: N: fir.x1k1_mul.u5^prod~22_FF, P: Block (n12776): I: 1, O: 1, PlInfo: PL Info (n12776): [35, 15], 0, 827>, <NetNode: N: fir.x1k1_mul.u5^prod~22_FF, P: Block (n12531): I: 1, O: 1, PlInfo: PL Info (n12531): [31, 5], 0, 338>, <NetNode: N: fir.x1k1_mul.u5^prod~22_FF, P: Block (n13606): I: 1, O: 1, PlInfo: PL Info (n13606): [35, 5], 0, 553>, <NetNode: N: fir.x1k1_mul.u5^prod~22_FF, P: Block (n12755): I: 1, O: 1, PlInfo: PL Info (n12755): [25, 5], 0, 436>, <NetNode: N: fir.x1k1_mul.u5^prod~22_FF, P: Block (n12687): I: 1, O: 1, PlInfo: PL Info (n12687): [25, 8], 0, 696>, <NetNode: N: fir.x1k1_mul.u5^prod~22_FF, P: Block (n12439): I: 1, O: 1, PlInfo: PL Info (n12439): [29, 14], 0, 611>, <NetNode: N: fir.x1k1_mul.u5^prod~22_FF, P: Block (n12435): I: 1, O: 1, PlInfo: PL Info (n12435): [27, 15], 0, 705>, <NetNode: N: fir.x1k1_mul.u5^prod~22_FF, P: Block (n12673): I: 1, O: 1, PlInfo: PL Info (n12673): [25, 1], 0, 434>, <NetNode: N: fir.x1k1_mul.u5^prod~22_FF, P: Block (n12250): I: 1, O: 1, PlInfo: PL Info (n12250): [29, 11], 0, 733>, <NetNode: N: fir.x1k1_mul.u5^prod~22_FF, P: Block (n13566): I: 1, O: 1, PlInfo: PL Info (n13566): [35, 9], 0, 666>, <NetNode: N: fir.x1k1_mul.u5^prod~22_FF, P: Block (n13323): I: 1, O: 1, PlInfo: PL Info (n13323): [24, 2], 0, 447>, <NetNode: N: fir.x1k1_mul.u5^prod~22_FF, P: Block (n13394): I: 1, O: 1, PlInfo: PL Info (n13394): [33, 4], 0, 542>, <NetNode: N: fir.x1k1_mul.u5^prod~22_FF, P: Block (n12299): I: 1, O: 1, PlInfo: PL Info (n12299): [31, 11], 0, 524>, <NetNode: N: fir.x1k1_mul.u5^prod~22_FF, P: Block (n12294): I: 1, O: 1, PlInfo: PL Info (n12294): [25, 11], 0, 327>, <NetNode: N: fir.x1k1_mul.u5^prod~22_FF, P: Block (n12288): I: 1, O: 1, PlInfo: PL Info (n12288): [28, 11], 0, 426>, <NetNode: N: fir.x1k1_mul.u5^prod~22_FF, P: Block (n12285): I: 1, O: 1, PlInfo: PL Info (n12285): [24, 11], 0, 325>, <NetNode: N: fir.x1k1_mul.u5^prod~22_FF, P: Block (n12280): I: 1, O: 1, PlInfo: PL Info (n12280): [27, 11], 0, 425>, <NetNode: N: fir.x1k1_mul.u5^prod~22_FF, P: Block (n12279): I: 1, O: 1, PlInfo: PL Info (n12279): [24, 12], 0, 424>, <NetNode: N: fir.x1k1_mul.u5^prod~22_FF, P: Block (n13359): I: 1, O: 1, PlInfo: PL Info (n13359): [32, 10], 0, 351>, <NetNode: N: fir.x1k1_mul.u5^prod~22_FF, P: Block (n4501): I: 1, O: 1, PlInfo: PL Info (n4501): [24, 5], 0, 87>, <NetNode: N: fir.x1k1_mul.u5^prod~22_FF, P: Block (n13157): I: 1, O: 1, PlInfo: PL Info (n13157): [33, 14], 0, 778>, <>]

: Source: <NetNode: N: n12673, P: Block (n12673): I: 1, O: 1, PlInfo: PL Info (n12673): [25, 1], 0, 434>, 
	Sinks: [<NetNode: N: n12673, P: Block (n4514): I: 1, O: 1, PlInfo: PL Info (n4514): [23, 6], 0, 35>, <>]

: Source: <NetNode: N: n12430, P: Block (n12430): I: 1, O: 1, PlInfo: PL Info (n12430): [28, 15], 0, 739>, 
	Sinks: [<NetNode: N: n12430, P: Block (n12252): I: 1, O: 1, PlInfo: PL Info (n12252): [27, 14], 0, 423>, <>]

: Source: <NetNode: N: n8297_1, P: Block (n8297_1): I: 1, O: 1, PlInfo: PL Info (n8297_1): [7, 1], 0, 405>, 
	Sinks: [<NetNode: N: n8297_1, P: Block (n8821_1): I: 1, O: 1, PlInfo: PL Info (n8821_1): [3, 1], 0, 316>, <>]

: Source: <NetNode: N: n7681_1, P: Block (n7681_1): I: 1, O: 1, PlInfo: PL Info (n7681_1): [4, 14], 0, 292>, 
	Sinks: [<NetNode: N: n7681_1, P: Block (n7752): I: 1, O: 1, PlInfo: PL Info (n7752): [7, 15], 0, 293>, <NetNode: N: n7681_1, P: Block (n7757): I: 1, O: 1, PlInfo: PL Info (n7757): [7, 13], 0, 387>, <NetNode: N: n7681_1, P: Block (n3993): I: 1, O: 1, PlInfo: PL Info (n3993): [5, 9], 0, 114>, <NetNode: N: n7681_1, P: Block (n7891): I: 1, O: 1, PlInfo: PL Info (n7891): [7, 11], 0, 684>, <NetNode: N: n7681_1, P: Block (n7670): I: 1, O: 1, PlInfo: PL Info (n7670): [5, 7], 0, 681>, <>]

: Source: <NetNode: N: n8479, P: Block (n8479): I: 1, O: 1, PlInfo: PL Info (n8479): [12, 16], 0, 794>, 
	Sinks: [<NetNode: N: n8479, P: Block (n8123_1): I: 1, O: 1, PlInfo: PL Info (n8123_1): [9, 15], 0, 768>, <>]

: Source: <NetNode: N: n14437, P: Block (n14437): I: 1, O: 1, PlInfo: PL Info (n14437): [36, 24], 0, 472>, 
	Sinks: [<NetNode: N: n14437, P: Block (n14803): I: 1, O: 1, PlInfo: PL Info (n14803): [33, 19], 0, 375>, <>]

: Source: <NetNode: N: n16616, P: Block (n16616): I: 1, O: 1, PlInfo: PL Info (n16616): [3, 27], 0, 699>, 
	Sinks: [<NetNode: N: n16616, P: Block (n5486): I: 1, O: 1, PlInfo: PL Info (n5486): [11, 34], 0, 12>, <>]

: Source: <NetNode: N: n16619, P: Block (n16619): I: 1, O: 1, PlInfo: PL Info (n16619): [4, 29], 0, 606>, 
	Sinks: [<NetNode: N: n16619, P: Block (n5525): I: 1, O: 1, PlInfo: PL Info (n5525): [13, 32], 0, 14>, <>]

: Source: <NetNode: N: n9324_1, P: Block (n9324_1): I: 1, O: 1, PlInfo: PL Info (n9324_1): [16, 6], 0, 618>, 
	Sinks: [<NetNode: N: n9324_1, P: Block (n9281): I: 1, O: 1, PlInfo: PL Info (n9281): [19, 3], 0, 617>, <>]

: Source: <NetNode: N: fir.out_temp_add.u1^fractb_out~18_FF, P: Block (n1602): I: 1, O: 1, PlInfo: PL Info (n1602): [21, 34], 0, 151>, 
	Sinks: [<NetNode: N: fir.out_temp_add.u1^fractb_out~18_FF, P: Block (n1432): I: 1, O: 1, PlInfo: PL Info (n1432): [20, 35], 0, 137>, <NetNode: N: fir.out_temp_add.u1^fractb_out~18_FF, P: Block (n1462): I: 1, O: 1, PlInfo: PL Info (n1462): [20, 36], 0, 142>, <>]

: Source: <NetNode: N: n13519, P: Block (n13519): I: 1, O: 1, PlInfo: PL Info (n13519): [24, 6], 0, 548>, 
	Sinks: [<NetNode: N: n13519, P: Block (n4332): I: 1, O: 1, PlInfo: PL Info (n4332): [27, 3], 0, 104>, <>]

: Source: <NetNode: N: fir.out_temp_add^out~26_FF, P: Block (n10007): I: 1, O: 1, PlInfo: PL Info (n10007): [25, 33], 0, 640>, 
	Sinks: [<>]

: Source: <NetNode: N: fir.add0_add^out_o1~22_FF, P: Block (n2931): I: 1, O: 1, PlInfo: PL Info (n2931): [20, 5], 0, 223>, 
	Sinks: [<>]

: Source: <NetNode: N: fir.x3k3_mul.u5^prod~14_FF, P: Block (fir.x3k3_mul.u5^prod1~14_FF): I: 1, O: 1, PlInfo: PL Info (fir.x3k3_mul.u5^prod1~14_FF): [12, 23], 0, 907>, 
	Sinks: [<NetNode: N: fir.x3k3_mul.u5^prod~14_FF, P: Block (n16392): I: 1, O: 1, PlInfo: PL Info (n16392): [4, 28], 0, 522>, <NetNode: N: fir.x3k3_mul.u5^prod~14_FF, P: Block (n16596): I: 1, O: 1, PlInfo: PL Info (n16596): [3, 32], 0, 604>, <NetNode: N: fir.x3k3_mul.u5^prod~14_FF, P: Block (n16143): I: 1, O: 1, PlInfo: PL Info (n16143): [4, 30], 0, 577>, <NetNode: N: fir.x3k3_mul.u5^prod~14_FF, P: Block (n15921): I: 1, O: 1, PlInfo: PL Info (n15921): [4, 36], 0, 511>, <NetNode: N: fir.x3k3_mul.u5^prod~14_FF, P: Block (n15924): I: 1, O: 1, PlInfo: PL Info (n15924): [4, 34], 0, 512>, <NetNode: N: fir.x3k3_mul.u5^prod~14_FF, P: Block (n15852): I: 1, O: 1, PlInfo: PL Info (n15852): [7, 34], 0, 571>, <NetNode: N: fir.x3k3_mul.u5^prod~14_FF, P: Block (n15856): I: 1, O: 1, PlInfo: PL Info (n15856): [9, 32], 0, 572>, <NetNode: N: fir.x3k3_mul.u5^prod~14_FF, P: Block (n16730): I: 1, O: 1, PlInfo: PL Info (n16730): [4, 33], 0, 590>, <NetNode: N: fir.x3k3_mul.u5^prod~14_FF, P: Block (n16303): I: 1, O: 1, PlInfo: PL Info (n16303): [4, 32], 0, 517>, <NetNode: N: fir.x3k3_mul.u5^prod~14_FF, P: Block (n16307): I: 1, O: 1, PlInfo: PL Info (n16307): [9, 31], 0, 518>, <NetNode: N: fir.x3k3_mul.u5^prod~14_FF, P: Block (n15471): I: 1, O: 1, PlInfo: PL Info (n15471): [11, 21], 0, 490>, <NetNode: N: fir.x3k3_mul.u5^prod~14_FF, P: Block (n16323): I: 1, O: 1, PlInfo: PL Info (n16323): [8, 34], 0, 520>, <NetNode: N: fir.x3k3_mul.u5^prod~14_FF, P: Block (n15487): I: 1, O: 1, PlInfo: PL Info (n15487): [13, 23], 0, 492>, <NetNode: N: fir.x3k3_mul.u5^prod~14_FF, P: Block (n16577): I: 1, O: 1, PlInfo: PL Info (n16577): [5, 27], 0, 601>, <NetNode: N: fir.x3k3_mul.u5^prod~14_FF, P: Block (n16584): I: 1, O: 1, PlInfo: PL Info (n16584): [13, 34], 0, 603>, <NetNode: N: fir.x3k3_mul.u5^prod~14_FF, P: Block (n15651): I: 1, O: 1, PlInfo: PL Info (n15651): [7, 33], 0, 499>, <NetNode: N: fir.x3k3_mul.u5^prod~14_FF, P: Block (n15411): I: 1, O: 1, PlInfo: PL Info (n15411): [12, 22], 0, 526>, <NetNode: N: fir.x3k3_mul.u5^prod~14_FF, P: Block (n15654): I: 1, O: 1, PlInfo: PL Info (n15654): [9, 27], 0, 500>, <NetNode: N: fir.x3k3_mul.u5^prod~14_FF, P: Block (n16757): I: 1, O: 1, PlInfo: PL Info (n16757): [8, 36], 0, 609>, <NetNode: N: fir.x3k3_mul.u5^prod~14_FF, P: Block (n15427): I: 1, O: 1, PlInfo: PL Info (n15427): [8, 23], 0, 614>, <NetNode: N: fir.x3k3_mul.u5^prod~14_FF, P: Block (n15670): I: 1, O: 1, PlInfo: PL Info (n15670): [7, 32], 0, 502>, <NetNode: N: fir.x3k3_mul.u5^prod~14_FF, P: Block (n15671): I: 1, O: 1, PlInfo: PL Info (n15671): [7, 29], 0, 503>, <NetNode: N: fir.x3k3_mul.u5^prod~14_FF, P: Block (n15672): I: 1, O: 1, PlInfo: PL Info (n15672): [8, 33], 0, 504>, <NetNode: N: fir.x3k3_mul.u5^prod~14_FF, P: Block (n15679): I: 1, O: 1, PlInfo: PL Info (n15679): [7, 31], 0, 506>, <NetNode: N: fir.x3k3_mul.u5^prod~14_FF, P: Block (n15680): I: 1, O: 1, PlInfo: PL Info (n15680): [8, 31], 0, 507>, <NetNode: N: fir.x3k3_mul.u5^prod~14_FF, P: Block (n15688): I: 1, O: 1, PlInfo: PL Info (n15688): [5, 30], 0, 508>, <NetNode: N: fir.x3k3_mul.u5^prod~14_FF, P: Block (n16037): I: 1, O: 1, PlInfo: PL Info (n16037): [4, 25], 0, 668>, <NetNode: N: fir.x3k3_mul.u5^prod~14_FF, P: Block (n16223): I: 1, O: 1, PlInfo: PL Info (n16223): [7, 24], 0, 799>, <NetNode: N: fir.x3k3_mul.u5^prod~14_FF, P: Block (n16229): I: 1, O: 1, PlInfo: PL Info (n16229): [7, 22], 0, 830>, <NetNode: N: fir.x3k3_mul.u5^prod~14_FF, P: Block (n16498): I: 1, O: 1, PlInfo: PL Info (n16498): [13, 31], 0, 598>, <NetNode: N: fir.x3k3_mul.u5^prod~14_FF, P: Block (n16261): I: 1, O: 1, PlInfo: PL Info (n16261): [7, 21], 0, 864>, <NetNode: N: fir.x3k3_mul.u5^prod~14_FF, P: Block (n16081): I: 1, O: 1, PlInfo: PL Info (n16081): [4, 26], 0, 597>, <NetNode: N: fir.x3k3_mul.u5^prod~14_FF, P: Block (n16803): I: 1, O: 1, PlInfo: PL Info (n16803): [7, 36], 0, 591>, <NetNode: N: fir.x3k3_mul.u5^prod~14_FF, P: Block (n16669): I: 1, O: 1, PlInfo: PL Info (n16669): [7, 25], 0, 607>, <NetNode: N: fir.x3k3_mul.u5^prod~14_FF, P: Block (n16438): I: 1, O: 1, PlInfo: PL Info (n16438): [4, 35], 0, 579>, <NetNode: N: fir.x3k3_mul.u5^prod~14_FF, P: Block (n15350): I: 1, O: 1, PlInfo: PL Info (n15350): [9, 25], 0, 691>, <NetNode: N: fir.x3k3_mul.u5^prod~14_FF, P: Block (n15357): I: 1, O: 1, PlInfo: PL Info (n15357): [9, 23], 0, 525>, <NetNode: N: fir.x3k3_mul.u5^prod~14_FF, P: Block (n15361): I: 1, O: 1, PlInfo: PL Info (n15361): [12, 24], 0, 565>, <NetNode: N: fir.x3k3_mul.u5^prod~14_FF, P: Block (n16692): I: 1, O: 1, PlInfo: PL Info (n16692): [8, 35], 0, 588>, <NetNode: N: fir.x3k3_mul.u5^prod~14_FF, P: Block (n16219): I: 1, O: 1, PlInfo: PL Info (n16219): [4, 22], 0, 798>, <NetNode: N: fir.x3k3_mul.u5^prod~14_FF, P: Block (n15371): I: 1, O: 1, PlInfo: PL Info (n15371): [13, 25], 0, 566>, <NetNode: N: fir.x3k3_mul.u5^prod~14_FF, P: Block (n16630): I: 1, O: 1, PlInfo: PL Info (n16630): [9, 36], 0, 583>, <NetNode: N: fir.x3k3_mul.u5^prod~14_FF, P: Block (n15549): I: 1, O: 1, PlInfo: PL Info (n15549): [11, 22], 0, 493>, <NetNode: N: fir.x3k3_mul.u5^prod~14_FF, P: Block (n16650): I: 1, O: 1, PlInfo: PL Info (n16650): [5, 36], 0, 587>, <>]

: Source: <NetNode: N: fir.out_temp_add^out_o1~5_FF, P: Block (n789): I: 1, O: 1, PlInfo: PL Info (n789): [24, 35], 0, 186>, 
	Sinks: [<>]

: Source: <NetNode: N: fir.x1k1_mul.u5^prod~8_FF, P: Block (n12422): I: 1, O: 1, PlInfo: PL Info (n12422): [29, 10], 0, 700>, 
	Sinks: [<NetNode: N: fir.x1k1_mul.u5^prod~8_FF, P: Block (n4410): I: 1, O: 1, PlInfo: PL Info (n4410): [25, 4], 0, 85>, <NetNode: N: fir.x1k1_mul.u5^prod~8_FF, P: Block (n12814): I: 1, O: 1, PlInfo: PL Info (n12814): [29, 1], 0, 441>, <NetNode: N: fir.x1k1_mul.u5^prod~8_FF, P: Block (n12857): I: 1, O: 1, PlInfo: PL Info (n12857): [33, 3], 0, 345>, <NetNode: N: fir.x1k1_mul.u5^prod~8_FF, P: Block (n4280): I: 1, O: 1, PlInfo: PL Info (n4280): [33, 2], 0, 103>, <NetNode: N: fir.x1k1_mul.u5^prod~8_FF, P: Block (n12828): I: 1, O: 1, PlInfo: PL Info (n12828): [29, 3], 0, 344>, <NetNode: N: fir.x1k1_mul.u5^prod~8_FF, P: Block (n12897): I: 1, O: 1, PlInfo: PL Info (n12897): [35, 4], 0, 442>, <NetNode: N: fir.x1k1_mul.u5^prod~8_FF, P: Block (n12580): I: 1, O: 1, PlInfo: PL Info (n12580): [28, 5], 0, 431>, <NetNode: N: fir.x1k1_mul.u5^prod~8_FF, P: Block (n13669): I: 1, O: 1, PlInfo: PL Info (n13669): [27, 4], 0, 454>, <NetNode: N: fir.x1k1_mul.u5^prod~8_FF, P: Block (n13425): I: 1, O: 1, PlInfo: PL Info (n13425): [28, 2], 0, 543>, <NetNode: N: fir.x1k1_mul.u5^prod~8_FF, P: Block (n12576): I: 1, O: 1, PlInfo: PL Info (n12576): [32, 4], 0, 343>, <NetNode: N: fir.x1k1_mul.u5^prod~8_FF, P: Block (n12334): I: 1, O: 1, PlInfo: PL Info (n12334): [29, 13], 0, 538>, <NetNode: N: fir.x1k1_mul.u5^prod~8_FF, P: Block (n12307): I: 1, O: 1, PlInfo: PL Info (n12307): [31, 10], 0, 427>, <NetNode: N: fir.x1k1_mul.u5^prod~8_FF, P: Block (n13636): I: 1, O: 1, PlInfo: PL Info (n13636): [32, 1], 0, 453>, <NetNode: N: fir.x1k1_mul.u5^prod~8_FF, P: Block (n13440): I: 1, O: 1, PlInfo: PL Info (n13440): [33, 1], 0, 544>, <NetNode: N: fir.x1k1_mul.u5^prod~8_FF, P: Block (n12350): I: 1, O: 1, PlInfo: PL Info (n12350): [29, 12], 0, 689>, <NetNode: N: fir.x1k1_mul.u5^prod~8_FF, P: Block (n12583): I: 1, O: 1, PlInfo: PL Info (n12583): [32, 5], 0, 432>, <NetNode: N: fir.x1k1_mul.u5^prod~8_FF, P: Block (n13073): I: 1, O: 1, PlInfo: PL Info (n13073): [32, 7], 0, 350>, <NetNode: N: fir.x1k1_mul.u5^prod~8_FF, P: Block (n13072): I: 1, O: 1, PlInfo: PL Info (n13072): [35, 6], 0, 349>, <NetNode: N: fir.x1k1_mul.u5^prod~8_FF, P: Block (n13064): I: 1, O: 1, PlInfo: PL Info (n13064): [28, 3], 0, 348>, <NetNode: N: fir.x1k1_mul.u5^prod~8_FF, P: Block (n4319): I: 1, O: 1, PlInfo: PL Info (n4319): [31, 1], 0, 33>, <NetNode: N: fir.x1k1_mul.u5^prod~8_FF, P: Block (n4332): I: 1, O: 1, PlInfo: PL Info (n4332): [27, 3], 0, 104>, <NetNode: N: fir.x1k1_mul.u5^prod~8_FF, P: Block (n13625): I: 1, O: 1, PlInfo: PL Info (n13625): [32, 3], 0, 451>, <NetNode: N: fir.x1k1_mul.u5^prod~8_FF, P: Block (n12527): I: 1, O: 1, PlInfo: PL Info (n12527): [32, 6], 0, 335>, <NetNode: N: fir.x1k1_mul.u5^prod~8_FF, P: Block (n12525): I: 1, O: 1, PlInfo: PL Info (n12525): [31, 4], 0, 334>, <NetNode: N: fir.x1k1_mul.u5^prod~8_FF, P: Block (n12519): I: 1, O: 1, PlInfo: PL Info (n12519): [29, 7], 0, 332>, <NetNode: N: fir.x1k1_mul.u5^prod~8_FF, P: Block (n12755): I: 1, O: 1, PlInfo: PL Info (n12755): [25, 5], 0, 436>, <NetNode: N: fir.x1k1_mul.u5^prod~8_FF, P: Block (n12439): I: 1, O: 1, PlInfo: PL Info (n12439): [29, 14], 0, 611>, <NetNode: N: fir.x1k1_mul.u5^prod~8_FF, P: Block (n13591): I: 1, O: 1, PlInfo: PL Info (n13591): [25, 3], 0, 552>, <NetNode: N: fir.x1k1_mul.u5^prod~8_FF, P: Block (n12250): I: 1, O: 1, PlInfo: PL Info (n12250): [29, 11], 0, 733>, <NetNode: N: fir.x1k1_mul.u5^prod~8_FF, P: Block (n13323): I: 1, O: 1, PlInfo: PL Info (n13323): [24, 2], 0, 447>, <NetNode: N: fir.x1k1_mul.u5^prod~8_FF, P: Block (n12286): I: 1, O: 1, PlInfo: PL Info (n12286): [27, 10], 0, 326>, <NetNode: N: fir.x1k1_mul.u5^prod~8_FF, P: Block (n12280): I: 1, O: 1, PlInfo: PL Info (n12280): [27, 11], 0, 425>, <NetNode: N: fir.x1k1_mul.u5^prod~8_FF, P: Block (n12279): I: 1, O: 1, PlInfo: PL Info (n12279): [24, 12], 0, 424>, <NetNode: N: fir.x1k1_mul.u5^prod~8_FF, P: Block (n13360): I: 1, O: 1, PlInfo: PL Info (n13360): [31, 6], 0, 352>, <NetNode: N: fir.x1k1_mul.u5^prod~8_FF, P: Block (n13359): I: 1, O: 1, PlInfo: PL Info (n13359): [32, 10], 0, 351>, <>]

: Source: <NetNode: N: n13510, P: Block (n13510): I: 1, O: 1, PlInfo: PL Info (n13510): [36, 7], 0, 665>, 
	Sinks: [<NetNode: N: n13510, P: Block (n4332): I: 1, O: 1, PlInfo: PL Info (n4332): [27, 3], 0, 104>, <>]

: Source: <NetNode: N: n15770, P: Block (n15770): I: 1, O: 1, PlInfo: PL Info (n15770): [13, 36], 0, 713>, 
	Sinks: [<NetNode: N: n15770, P: Block (n15651): I: 1, O: 1, PlInfo: PL Info (n15651): [7, 33], 0, 499>, <>]

: Source: <NetNode: N: n13591, P: Block (n13591): I: 1, O: 1, PlInfo: PL Info (n13591): [25, 3], 0, 552>, 
	Sinks: [<NetNode: N: n13591, P: Block (n4358): I: 1, O: 1, PlInfo: PL Info (n4358): [31, 3], 0, 84>, <>]

: Source: <NetNode: N: n14840, P: Block (n14840): I: 1, O: 1, PlInfo: PL Info (n14840): [32, 18], 0, 376>, 
	Sinks: [<NetNode: N: n14840, P: Block (n4855): I: 1, O: 1, PlInfo: PL Info (n4855): [29, 23], 0, 36>, <>]

: Source: <NetNode: N: n15931, P: Block (n15931): I: 1, O: 1, PlInfo: PL Info (n15931): [5, 21], 0, 751>, 
	Sinks: [<NetNode: N: n15931, P: Block (n15921): I: 1, O: 1, PlInfo: PL Info (n15921): [4, 36], 0, 511>, <>]

: Source: <NetNode: N: n8265, P: Block (n8265): I: 1, O: 1, PlInfo: PL Info (n8265): [9, 11], 0, 744>, 
	Sinks: [<NetNode: N: n8265, P: Block (n7891): I: 1, O: 1, PlInfo: PL Info (n7891): [7, 11], 0, 684>, <>]

: Source: <NetNode: N: fir.x0k0_mul^out_o1~14_FF, P: Block (n3814): I: 1, O: 1, PlInfo: PL Info (n3814): [11, 8], 0, 30>, 
	Sinks: [<>]

: Source: <NetNode: N: fir.add0_add^out_o1~6_FF, P: Block (n2723): I: 1, O: 1, PlInfo: PL Info (n2723): [20, 6], 0, 231>, 
	Sinks: [<NetNode: N: fir.add0_add^out_o1~6_FF, P: Block (n9249_1): I: 1, O: 1, PlInfo: PL Info (n9249_1): [19, 6], 0, 626>, <>]

: Source: <NetNode: N: fir.add1_add^out_o1~17_FF, P: Block (n1879): I: 1, O: 1, PlInfo: PL Info (n1879): [17, 31], 0, 212>, 
	Sinks: [<>]

: Source: <NetNode: N: n10193_1, P: Block (n10193_1): I: 1, O: 1, PlInfo: PL Info (n10193_1): [27, 30], 0, 745>, 
	Sinks: [<NetNode: N: n10193_1, P: Block (n10101_1): I: 1, O: 1, PlInfo: PL Info (n10101_1): [28, 33], 0, 622>, <>]

: Source: <NetNode: N: n8712_1, P: Block (n8712_1): I: 1, O: 1, PlInfo: PL Info (n8712_1): [7, 10], 0, 313>, 
	Sinks: [<NetNode: N: n8712_1, P: Block (n8710): I: 1, O: 1, PlInfo: PL Info (n8710): [3, 6], 0, 312>, <>]

: Source: <NetNode: N: n12252, P: Block (n12252): I: 1, O: 1, PlInfo: PL Info (n12252): [27, 14], 0, 423>, 
	Sinks: [<NetNode: N: n12252, P: Block (n12318): I: 1, O: 1, PlInfo: PL Info (n12318): [28, 10], 0, 330>, <NetNode: N: n12252, P: Block (n12302): I: 1, O: 1, PlInfo: PL Info (n12302): [25, 10], 0, 329>, <NetNode: N: n12252, P: Block (n12297): I: 1, O: 1, PlInfo: PL Info (n12297): [27, 13], 0, 328>, <NetNode: N: n12252, P: Block (n12294): I: 1, O: 1, PlInfo: PL Info (n12294): [25, 11], 0, 327>, <>]

: Source: <NetNode: N: n9102, P: Block (n9102): I: 1, O: 1, PlInfo: PL Info (n9102): [7, 7], 0, 322>, 
	Sinks: [<NetNode: N: n9102, P: Block (n9004_1): I: 1, O: 1, PlInfo: PL Info (n9004_1): [9, 4], 0, 320>, <>]

: Source: <NetNode: N: n8501_1, P: Block (n8501_1): I: 1, O: 1, PlInfo: PL Info (n8501_1): [1, 16], 0, 795>, 
	Sinks: [<NetNode: N: n8501_1, P: Block (n7730): I: 1, O: 1, PlInfo: PL Info (n7730): [4, 18], 0, 680>, <>]

: Source: <NetNode: N: n12250, P: Block (n12250): I: 1, O: 1, PlInfo: PL Info (n12250): [29, 11], 0, 733>, 
	Sinks: [<NetNode: N: n12250, P: Block (n12318): I: 1, O: 1, PlInfo: PL Info (n12318): [28, 10], 0, 330>, <>]

: Source: <NetNode: N: n8257, P: Block (n8257): I: 1, O: 1, PlInfo: PL Info (n8257): [8, 6], 0, 399>, 
	Sinks: [<NetNode: N: n8257, P: Block (n9102): I: 1, O: 1, PlInfo: PL Info (n9102): [7, 7], 0, 322>, <>]

: Source: <NetNode: N: n14851, P: Block (n14851): I: 1, O: 1, PlInfo: PL Info (n14851): [16, 21], 0, 786>, 
	Sinks: [<NetNode: N: n14851, P: Block (n13980): I: 1, O: 1, PlInfo: PL Info (n13980): [19, 18], 0, 738>, <>]

: Source: <NetNode: N: n9106, P: Block (n9106): I: 1, O: 1, PlInfo: PL Info (n9106): [4, 10], 0, 323>, 
	Sinks: [<NetNode: N: n9106, P: Block (n9004_1): I: 1, O: 1, PlInfo: PL Info (n9004_1): [9, 4], 0, 320>, <>]

: Source: <NetNode: N: n14855, P: Block (n14855): I: 1, O: 1, PlInfo: PL Info (n14855): [19, 20], 0, 787>, 
	Sinks: [<NetNode: N: n14855, P: Block (n13980): I: 1, O: 1, PlInfo: PL Info (n13980): [19, 18], 0, 738>, <>]

: Source: <NetNode: N: fir.x3k3_mul.u5^prod~2_FF, P: Block (fir.x3k3_mul.u5^prod1~2_FF): I: 1, O: 1, PlInfo: PL Info (fir.x3k3_mul.u5^prod1~2_FF): [13, 24], 0, 900>, 
	Sinks: [<NetNode: N: fir.x3k3_mul.u5^prod~2_FF, P: Block (n16150): I: 1, O: 1, PlInfo: PL Info (n16150): [3, 29], 0, 515>, <NetNode: N: fir.x3k3_mul.u5^prod~2_FF, P: Block (n5577): I: 1, O: 1, PlInfo: PL Info (n5577): [11, 31], 0, 17>, <NetNode: N: fir.x3k3_mul.u5^prod~2_FF, P: Block (n5564): I: 1, O: 1, PlInfo: PL Info (n5564): [12, 31], 0, 16>, <NetNode: N: fir.x3k3_mul.u5^prod~2_FF, P: Block (n16143): I: 1, O: 1, PlInfo: PL Info (n16143): [4, 30], 0, 577>, <NetNode: N: fir.x3k3_mul.u5^prod~2_FF, P: Block (n15927): I: 1, O: 1, PlInfo: PL Info (n15927): [5, 35], 0, 573>, <NetNode: N: fir.x3k3_mul.u5^prod~2_FF, P: Block (n15852): I: 1, O: 1, PlInfo: PL Info (n15852): [7, 34], 0, 571>, <NetNode: N: fir.x3k3_mul.u5^prod~2_FF, P: Block (n16730): I: 1, O: 1, PlInfo: PL Info (n16730): [4, 33], 0, 590>, <NetNode: N: fir.x3k3_mul.u5^prod~2_FF, P: Block (n15645): I: 1, O: 1, PlInfo: PL Info (n15645): [11, 32], 0, 497>, <NetNode: N: fir.x3k3_mul.u5^prod~2_FF, P: Block (n15407): I: 1, O: 1, PlInfo: PL Info (n15407): [12, 25], 0, 489>, <NetNode: N: fir.x3k3_mul.u5^prod~2_FF, P: Block (n15650): I: 1, O: 1, PlInfo: PL Info (n15650): [7, 30], 0, 498>, <NetNode: N: fir.x3k3_mul.u5^prod~2_FF, P: Block (n15839): I: 1, O: 1, PlInfo: PL Info (n15839): [7, 35], 0, 596>, <NetNode: N: fir.x3k3_mul.u5^prod~2_FF, P: Block (n16307): I: 1, O: 1, PlInfo: PL Info (n16307): [9, 31], 0, 518>, <NetNode: N: fir.x3k3_mul.u5^prod~2_FF, P: Block (n16567): I: 1, O: 1, PlInfo: PL Info (n16567): [12, 36], 0, 582>, <NetNode: N: fir.x3k3_mul.u5^prod~2_FF, P: Block (n16330): I: 1, O: 1, PlInfo: PL Info (n16330): [9, 24], 0, 521>, <NetNode: N: fir.x3k3_mul.u5^prod~2_FF, P: Block (n16576): I: 1, O: 1, PlInfo: PL Info (n16576): [11, 33], 0, 600>, <NetNode: N: fir.x3k3_mul.u5^prod~2_FF, P: Block (n16579): I: 1, O: 1, PlInfo: PL Info (n16579): [9, 34], 0, 602>, <NetNode: N: fir.x3k3_mul.u5^prod~2_FF, P: Block (n16584): I: 1, O: 1, PlInfo: PL Info (n16584): [13, 34], 0, 603>, <NetNode: N: fir.x3k3_mul.u5^prod~2_FF, P: Block (n15651): I: 1, O: 1, PlInfo: PL Info (n15651): [7, 33], 0, 499>, <NetNode: N: fir.x3k3_mul.u5^prod~2_FF, P: Block (n15665): I: 1, O: 1, PlInfo: PL Info (n15665): [7, 28], 0, 569>, <NetNode: N: fir.x3k3_mul.u5^prod~2_FF, P: Block (n15670): I: 1, O: 1, PlInfo: PL Info (n15670): [7, 32], 0, 502>, <NetNode: N: fir.x3k3_mul.u5^prod~2_FF, P: Block (n15672): I: 1, O: 1, PlInfo: PL Info (n15672): [8, 33], 0, 504>, <NetNode: N: fir.x3k3_mul.u5^prod~2_FF, P: Block (n15673): I: 1, O: 1, PlInfo: PL Info (n15673): [5, 31], 0, 505>, <NetNode: N: fir.x3k3_mul.u5^prod~2_FF, P: Block (n15679): I: 1, O: 1, PlInfo: PL Info (n15679): [7, 31], 0, 506>, <NetNode: N: fir.x3k3_mul.u5^prod~2_FF, P: Block (n16028): I: 1, O: 1, PlInfo: PL Info (n16028): [8, 30], 0, 575>, <NetNode: N: fir.x3k3_mul.u5^prod~2_FF, P: Block (n16272): I: 1, O: 1, PlInfo: PL Info (n16272): [15, 24], 0, 887>, <NetNode: N: fir.x3k3_mul.u5^prod~2_FF, P: Block (n16274): I: 1, O: 1, PlInfo: PL Info (n16274): [8, 27], 0, 516>, <NetNode: N: fir.x3k3_mul.u5^prod~2_FF, P: Block (n15389): I: 1, O: 1, PlInfo: PL Info (n15389): [8, 24], 0, 649>, <NetNode: N: fir.x3k3_mul.u5^prod~2_FF, P: Block (n5499): I: 1, O: 1, PlInfo: PL Info (n5499): [12, 34], 0, 43>, <NetNode: N: fir.x3k3_mul.u5^prod~2_FF, P: Block (n5486): I: 1, O: 1, PlInfo: PL Info (n5486): [11, 34], 0, 12>, <NetNode: N: fir.x3k3_mul.u5^prod~2_FF, P: Block (n15958): I: 1, O: 1, PlInfo: PL Info (n15958): [3, 30], 0, 513>, <NetNode: N: fir.x3k3_mul.u5^prod~2_FF, P: Block (n16429): I: 1, O: 1, PlInfo: PL Info (n16429): [4, 31], 0, 523>, <NetNode: N: fir.x3k3_mul.u5^prod~2_FF, P: Block (n16439): I: 1, O: 1, PlInfo: PL Info (n16439): [4, 27], 0, 580>, <NetNode: N: fir.x3k3_mul.u5^prod~2_FF, P: Block (n15361): I: 1, O: 1, PlInfo: PL Info (n15361): [12, 24], 0, 565>, <NetNode: N: fir.x3k3_mul.u5^prod~2_FF, P: Block (n16698): I: 1, O: 1, PlInfo: PL Info (n16698): [11, 36], 0, 589>, <>]

: Source: <NetNode: N: n14616, P: Block (n14616): I: 1, O: 1, PlInfo: PL Info (n14616): [25, 18], 0, 371>, 
	Sinks: [<NetNode: N: n14616, P: Block (n14581): I: 1, O: 1, PlInfo: PL Info (n14581): [31, 17], 0, 370>, <>]

: Source: <NetNode: N: n15706, P: Block (n15706): I: 1, O: 1, PlInfo: PL Info (n15706): [5, 34], 0, 509>, 
	Sinks: [<NetNode: N: n15706, P: Block (n5577): I: 1, O: 1, PlInfo: PL Info (n5577): [11, 31], 0, 17>, <NetNode: N: n15706, P: Block (n15921): I: 1, O: 1, PlInfo: PL Info (n15921): [4, 36], 0, 511>, <NetNode: N: n15706, P: Block (n15645): I: 1, O: 1, PlInfo: PL Info (n15645): [11, 32], 0, 497>, <NetNode: N: n15706, P: Block (n16307): I: 1, O: 1, PlInfo: PL Info (n16307): [9, 31], 0, 518>, <NetNode: N: n15706, P: Block (n16757): I: 1, O: 1, PlInfo: PL Info (n16757): [8, 36], 0, 609>, <NetNode: N: n15706, P: Block (n15670): I: 1, O: 1, PlInfo: PL Info (n15670): [7, 32], 0, 502>, <NetNode: N: n15706, P: Block (n15673): I: 1, O: 1, PlInfo: PL Info (n15673): [5, 31], 0, 505>, <NetNode: N: n15706, P: Block (n16803): I: 1, O: 1, PlInfo: PL Info (n16803): [7, 36], 0, 591>, <NetNode: N: n15706, P: Block (n15715): I: 1, O: 1, PlInfo: PL Info (n15715): [8, 32], 0, 510>, <NetNode: N: n15706, P: Block (n16438): I: 1, O: 1, PlInfo: PL Info (n16438): [4, 35], 0, 579>, <NetNode: N: n15706, P: Block (n16698): I: 1, O: 1, PlInfo: PL Info (n16698): [11, 36], 0, 589>, <>]

: Source: <NetNode: N: n15949, P: Block (n15949): I: 1, O: 1, PlInfo: PL Info (n15949): [3, 26], 0, 829>, 
	Sinks: [<NetNode: N: n15949, P: Block (n16157): I: 1, O: 1, PlInfo: PL Info (n16157): [3, 28], 0, 628>, <NetNode: N: n15949, P: Block (n16173): I: 1, O: 1, PlInfo: PL Info (n16173): [8, 21], 0, 772>, <NetNode: N: n15949, P: Block (n16104): I: 1, O: 1, PlInfo: PL Info (n16104): [1, 24], 0, 883>, <NetNode: N: n15949, P: Block (n16106): I: 1, O: 1, PlInfo: PL Info (n16106): [1, 22], 0, 866>, <NetNode: N: n15949, P: Block (n16197): I: 1, O: 1, PlInfo: PL Info (n16197): [5, 22], 0, 872>, <NetNode: N: n15949, P: Block (n15863): I: 1, O: 1, PlInfo: PL Info (n15863): [1, 25], 0, 754>, <NetNode: N: n15949, P: Block (n15864): I: 1, O: 1, PlInfo: PL Info (n15864): [3, 24], 0, 828>, <NetNode: N: n15949, P: Block (n15832): I: 1, O: 1, PlInfo: PL Info (n15832): [3, 25], 0, 808>, <NetNode: N: n15949, P: Block (n15835): I: 1, O: 1, PlInfo: PL Info (n15835): [3, 22], 0, 802>, <NetNode: N: n15949, P: Block (n16302): I: 1, O: 1, PlInfo: PL Info (n16302): [1, 27], 0, 710>, <NetNode: N: n15949, P: Block (n16789): I: 1, O: 1, PlInfo: PL Info (n16789): [7, 27], 0, 610>, <NetNode: N: n15949, P: Block (n16340): I: 1, O: 1, PlInfo: PL Info (n16340): [4, 23], 0, 868>, <NetNode: N: n15949, P: Block (n15893): I: 1, O: 1, PlInfo: PL Info (n15893): [3, 23], 0, 803>, <NetNode: N: n15949, P: Block (n16514): I: 1, O: 1, PlInfo: PL Info (n16514): [1, 28], 0, 714>, <NetNode: N: n15949, P: Block (n15427): I: 1, O: 1, PlInfo: PL Info (n15427): [8, 23], 0, 614>, <NetNode: N: n15949, P: Block (n16771): I: 1, O: 1, PlInfo: PL Info (n16771): [5, 23], 0, 718>, <NetNode: N: n15949, P: Block (n16229): I: 1, O: 1, PlInfo: PL Info (n16229): [7, 22], 0, 830>, <NetNode: N: n15949, P: Block (n15389): I: 1, O: 1, PlInfo: PL Info (n15389): [8, 24], 0, 649>, <NetNode: N: n15949, P: Block (n16261): I: 1, O: 1, PlInfo: PL Info (n16261): [7, 21], 0, 864>, <NetNode: N: n15949, P: Block (n16619): I: 1, O: 1, PlInfo: PL Info (n16619): [4, 29], 0, 606>, <NetNode: N: n15949, P: Block (n15950): I: 1, O: 1, PlInfo: PL Info (n15950): [4, 24], 0, 804>, <NetNode: N: n15949, P: Block (n16819): I: 1, O: 1, PlInfo: PL Info (n16819): [1, 26], 0, 715>, <NetNode: N: n15949, P: Block (n16671): I: 1, O: 1, PlInfo: PL Info (n16671): [5, 28], 0, 608>, <NetNode: N: n15949, P: Block (n15350): I: 1, O: 1, PlInfo: PL Info (n15350): [9, 25], 0, 691>, <NetNode: N: n15949, P: Block (n16403): I: 1, O: 1, PlInfo: PL Info (n16403): [1, 21], 0, 858>, <>]

: Source: <NetNode: N: n8495, P: Block (n8495): I: 1, O: 1, PlInfo: PL Info (n8495): [8, 11], 0, 853>, 
	Sinks: [<NetNode: N: n8495, P: Block (n7703): I: 1, O: 1, PlInfo: PL Info (n7703): [8, 13], 0, 527>, <>]

: Source: <NetNode: N: n9343, P: Block (n9343): I: 1, O: 1, PlInfo: PL Info (n9343): [17, 1], 0, 707>, 
	Sinks: [<NetNode: N: n9343, P: Block (n9394): I: 1, O: 1, PlInfo: PL Info (n9394): [20, 1], 0, 631>, <>]

: Source: <NetNode: N: fir.add1_add^out_o1~16_FF, P: Block (n1866): I: 1, O: 1, PlInfo: PL Info (n1866): [36, 33], 0, 211>, 
	Sinks: [<NetNode: N: fir.add1_add^out_o1~16_FF, P: Block (n1472): I: 1, O: 1, PlInfo: PL Info (n1472): [16, 33], 0, 144>, <>]

: Source: <NetNode: N: fir.x2k2_mul.u5^prod~30_FF, P: Block (fir.x2k2_mul.u5^prod~30_FF): I: 1, O: 1, PlInfo: PL Info (fir.x2k2_mul.u5^prod~30_FF): [27, 16], 0, 934>, 
	Sinks: [<NetNode: N: fir.x2k2_mul.u5^prod~30_FF, P: Block (n15058): I: 1, O: 1, PlInfo: PL Info (n15058): [35, 19], 0, 482>, <NetNode: N: fir.x2k2_mul.u5^prod~30_FF, P: Block (n4896): I: 1, O: 1, PlInfo: PL Info (n4896): [27, 22], 0, 37>, <NetNode: N: fir.x2k2_mul.u5^prod~30_FF, P: Block (n15084): I: 1, O: 1, PlInfo: PL Info (n15084): [31, 23], 0, 377>, <NetNode: N: fir.x2k2_mul.u5^prod~30_FF, P: Block (n15088): I: 1, O: 1, PlInfo: PL Info (n15088): [27, 24], 0, 484>, <NetNode: N: fir.x2k2_mul.u5^prod~30_FF, P: Block (n13909): I: 1, O: 1, PlInfo: PL Info (n13909): [20, 18], 0, 612>, <NetNode: N: fir.x2k2_mul.u5^prod~30_FF, P: Block (n13901): I: 1, O: 1, PlInfo: PL Info (n13901): [21, 23], 0, 737>, <NetNode: N: fir.x2k2_mul.u5^prod~30_FF, P: Block (n13938): I: 1, O: 1, PlInfo: PL Info (n13938): [20, 19], 0, 462>, <NetNode: N: fir.x2k2_mul.u5^prod~30_FF, P: Block (n13935): I: 1, O: 1, PlInfo: PL Info (n13935): [24, 18], 0, 555>, <NetNode: N: fir.x2k2_mul.u5^prod~30_FF, P: Block (n13983): I: 1, O: 1, PlInfo: PL Info (n13983): [24, 16], 0, 463>, <NetNode: N: fir.x2k2_mul.u5^prod~30_FF, P: Block (n13884): I: 1, O: 1, PlInfo: PL Info (n13884): [21, 17], 0, 460>, <NetNode: N: fir.x2k2_mul.u5^prod~30_FF, P: Block (n14553): I: 1, O: 1, PlInfo: PL Info (n14553): [16, 25], 0, 823>, <NetNode: N: fir.x2k2_mul.u5^prod~30_FF, P: Block (n14557): I: 1, O: 1, PlInfo: PL Info (n14557): [17, 20], 0, 824>, <NetNode: N: fir.x2k2_mul.u5^prod~30_FF, P: Block (n14961): I: 1, O: 1, PlInfo: PL Info (n14961): [36, 23], 0, 480>, <NetNode: N: fir.x2k2_mul.u5^prod~30_FF, P: Block (n14970): I: 1, O: 1, PlInfo: PL Info (n14970): [33, 26], 0, 562>, <NetNode: N: fir.x2k2_mul.u5^prod~30_FF, P: Block (n14735): I: 1, O: 1, PlInfo: PL Info (n14735): [19, 25], 0, 857>, <NetNode: N: fir.x2k2_mul.u5^prod~30_FF, P: Block (n14309): I: 1, O: 1, PlInfo: PL Info (n14309): [20, 22], 0, 847>, <NetNode: N: fir.x2k2_mul.u5^prod~30_FF, P: Block (n14747): I: 1, O: 1, PlInfo: PL Info (n14747): [19, 26], 0, 879>, <NetNode: N: fir.x2k2_mul.u5^prod~30_FF, P: Block (n14992): I: 1, O: 1, PlInfo: PL Info (n14992): [35, 18], 0, 481>, <NetNode: N: fir.x2k2_mul.u5^prod~30_FF, P: Block (n14754): I: 1, O: 1, PlInfo: PL Info (n14754): [27, 19], 0, 476>, <NetNode: N: fir.x2k2_mul.u5^prod~30_FF, P: Block (n14357): I: 1, O: 1, PlInfo: PL Info (n14357): [27, 25], 0, 558>, <NetNode: N: fir.x2k2_mul.u5^prod~30_FF, P: Block (n15012): I: 1, O: 1, PlInfo: PL Info (n15012): [36, 18], 0, 564>, <NetNode: N: fir.x2k2_mul.u5^prod~30_FF, P: Block (n14564): I: 1, O: 1, PlInfo: PL Info (n14564): [16, 23], 0, 833>, <NetNode: N: fir.x2k2_mul.u5^prod~30_FF, P: Block (n14395): I: 1, O: 1, PlInfo: PL Info (n14395): [35, 22], 0, 560>, <NetNode: N: fir.x2k2_mul.u5^prod~30_FF, P: Block (n14387): I: 1, O: 1, PlInfo: PL Info (n14387): [23, 23], 0, 661>, <NetNode: N: fir.x2k2_mul.u5^prod~30_FF, P: Block (n14082): I: 1, O: 1, PlInfo: PL Info (n14082): [33, 22], 0, 361>, <NetNode: N: fir.x2k2_mul.u5^prod~30_FF, P: Block (n15138): I: 1, O: 1, PlInfo: PL Info (n15138): [35, 25], 0, 487>, <NetNode: N: fir.x2k2_mul.u5^prod~30_FF, P: Block (n15140): I: 1, O: 1, PlInfo: PL Info (n15140): [29, 25], 0, 488>, <NetNode: N: fir.x2k2_mul.u5^prod~30_FF, P: Block (n15147): I: 1, O: 1, PlInfo: PL Info (n15147): [23, 24], 0, 750>, <NetNode: N: fir.x2k2_mul.u5^prod~30_FF, P: Block (n15168): I: 1, O: 1, PlInfo: PL Info (n15168): [35, 24], 0, 384>, <NetNode: N: fir.x2k2_mul.u5^prod~30_FF, P: Block (n13826): I: 1, O: 1, PlInfo: PL Info (n13826): [23, 16], 0, 456>, <NetNode: N: fir.x2k2_mul.u5^prod~30_FF, P: Block (n13814): I: 1, O: 1, PlInfo: PL Info (n13814): [23, 17], 0, 455>, <NetNode: N: fir.x2k2_mul.u5^prod~30_FF, P: Block (n14718): I: 1, O: 1, PlInfo: PL Info (n14718): [16, 24], 0, 863>, <NetNode: N: fir.x2k2_mul.u5^prod~30_FF, P: Block (n13847): I: 1, O: 1, PlInfo: PL Info (n13847): [24, 19], 0, 458>, <NetNode: N: fir.x2k2_mul.u5^prod~30_FF, P: Block (n13835): I: 1, O: 1, PlInfo: PL Info (n13835): [25, 19], 0, 354>, <NetNode: N: fir.x2k2_mul.u5^prod~30_FF, P: Block (n14883): I: 1, O: 1, PlInfo: PL Info (n14883): [20, 23], 0, 871>, <NetNode: N: fir.x2k2_mul.u5^prod~30_FF, P: Block (n14888): I: 1, O: 1, PlInfo: PL Info (n14888): [21, 24], 0, 825>, <NetNode: N: fir.x2k2_mul.u5^prod~30_FF, P: Block (n14407): I: 1, O: 1, PlInfo: PL Info (n14407): [36, 22], 0, 471>, <NetNode: N: fir.x2k2_mul.u5^prod~30_FF, P: Block (n14652): I: 1, O: 1, PlInfo: PL Info (n14652): [17, 19], 0, 781>, <NetNode: N: fir.x2k2_mul.u5^prod~30_FF, P: Block (n14897): I: 1, O: 1, PlInfo: PL Info (n14897): [19, 22], 0, 810>, <NetNode: N: fir.x2k2_mul.u5^prod~30_FF, P: Block (n14855): I: 1, O: 1, PlInfo: PL Info (n14855): [19, 20], 0, 787>, <NetNode: N: fir.x2k2_mul.u5^prod~30_FF, P: Block (n14622): I: 1, O: 1, PlInfo: PL Info (n14622): [33, 17], 0, 475>, <NetNode: N: fir.x2k2_mul.u5^prod~30_FF, P: Block (n14869): I: 1, O: 1, PlInfo: PL Info (n14869): [16, 19], 0, 811>, <NetNode: N: fir.x2k2_mul.u5^prod~30_FF, P: Block (n4935): I: 1, O: 1, PlInfo: PL Info (n4935): [31, 26], 0, 38>, <NetNode: N: fir.x2k2_mul.u5^prod~30_FF, P: Block (n15122): I: 1, O: 1, PlInfo: PL Info (n15122): [28, 25], 0, 379>, <NetNode: N: fir.x2k2_mul.u5^prod~30_FF, P: Block (n14264): I: 1, O: 1, PlInfo: PL Info (n14264): [36, 25], 0, 468>, <>]

: Source: <NetNode: N: fir.out_temp_add.u1^fractb_out~22_FF, P: Block (n1622): I: 1, O: 1, PlInfo: PL Info (n1622): [17, 34], 0, 51>, 
	Sinks: [<NetNode: N: fir.out_temp_add.u1^fractb_out~22_FF, P: Block (n1502): I: 1, O: 1, PlInfo: PL Info (n1502): [21, 33], 0, 147>, <NetNode: N: fir.out_temp_add.u1^fractb_out~22_FF, P: Block (n1482): I: 1, O: 1, PlInfo: PL Info (n1482): [20, 33], 0, 146>, <>]

: Source: <NetNode: N: n8821_1, P: Block (n8821_1): I: 1, O: 1, PlInfo: PL Info (n8821_1): [3, 1], 0, 316>, 
	Sinks: [<NetNode: N: n8821_1, P: Block (n8592_1): I: 1, O: 1, PlInfo: PL Info (n8592_1): [1, 4], 0, 310>, <>]

: Source: <NetNode: N: fir.add0_add^out_o1~5_FF, P: Block (n2710): I: 1, O: 1, PlInfo: PL Info (n2710): [16, 2], 0, 198>, 
	Sinks: [<>]

: Source: <NetNode: N: lo2220, P: Block (n13338): I: 1, O: 1, PlInfo: PL Info (n13338): [24, 13], 0, 838>, 
	Sinks: [<NetNode: N: lo2220, P: Block (fir.x1k1_mul.u5^MUL~3075[0]): I: 2, O: 1, PlInfo: PL Info (fir.x1k1_mul.u5^MUL~3075[0]): [22, 13], 0, 2>, <NetNode: N: lo2220, P: Block (n12432): I: 1, O: 1, PlInfo: PL Info (n12432): [24, 14], 0, 734>, <>]

: Source: <NetNode: N: n13579, P: Block (n13579): I: 1, O: 1, PlInfo: PL Info (n13579): [32, 2], 0, 551>, 
	Sinks: [<NetNode: N: n13579, P: Block (n4384): I: 1, O: 1, PlInfo: PL Info (n4384): [31, 2], 0, 105>, <>]

: Source: <NetNode: N: n12488, P: Block (n12488): I: 1, O: 1, PlInfo: PL Info (n12488): [28, 8], 0, 331>, 
	Sinks: [<NetNode: N: n12488, P: Block (n4636): I: 1, O: 1, PlInfo: PL Info (n4636): [24, 9], 0, 178>, <>]

: Source: <NetNode: N: n15950, P: Block (n15950): I: 1, O: 1, PlInfo: PL Info (n15950): [4, 24], 0, 804>, 
	Sinks: [<NetNode: N: n15950, P: Block (n16106): I: 1, O: 1, PlInfo: PL Info (n16106): [1, 22], 0, 866>, <NetNode: N: n15950, P: Block (n16197): I: 1, O: 1, PlInfo: PL Info (n16197): [5, 22], 0, 872>, <NetNode: N: n15950, P: Block (n15863): I: 1, O: 1, PlInfo: PL Info (n15863): [1, 25], 0, 754>, <NetNode: N: n15950, P: Block (n15454): I: 1, O: 1, PlInfo: PL Info (n15454): [13, 22], 0, 693>, <NetNode: N: n15950, P: Block (n16340): I: 1, O: 1, PlInfo: PL Info (n16340): [4, 23], 0, 868>, <NetNode: N: n15950, P: Block (n15893): I: 1, O: 1, PlInfo: PL Info (n15893): [3, 23], 0, 803>, <NetNode: N: n15950, P: Block (n16514): I: 1, O: 1, PlInfo: PL Info (n16514): [1, 28], 0, 714>, <NetNode: N: n15950, P: Block (n16223): I: 1, O: 1, PlInfo: PL Info (n16223): [7, 24], 0, 799>, <NetNode: N: n15950, P: Block (n16229): I: 1, O: 1, PlInfo: PL Info (n16229): [7, 22], 0, 830>, <NetNode: N: n15950, P: Block (n15389): I: 1, O: 1, PlInfo: PL Info (n15389): [8, 24], 0, 649>, <NetNode: N: n15950, P: Block (n16237): I: 1, O: 1, PlInfo: PL Info (n16237): [5, 25], 0, 800>, <NetNode: N: n15950, P: Block (n16261): I: 1, O: 1, PlInfo: PL Info (n16261): [7, 21], 0, 864>, <NetNode: N: n15950, P: Block (n16619): I: 1, O: 1, PlInfo: PL Info (n16619): [4, 29], 0, 606>, <NetNode: N: n15950, P: Block (n15949): I: 1, O: 1, PlInfo: PL Info (n15949): [3, 26], 0, 829>, <NetNode: N: n15950, P: Block (n16213): I: 1, O: 1, PlInfo: PL Info (n16213): [7, 23], 0, 779>, <NetNode: N: n15950, P: Block (n16219): I: 1, O: 1, PlInfo: PL Info (n16219): [4, 22], 0, 798>, <NetNode: N: n15950, P: Block (n16403): I: 1, O: 1, PlInfo: PL Info (n16403): [1, 21], 0, 858>, <>]

: Source: <NetNode: N: n14621, P: Block (n14621): I: 1, O: 1, PlInfo: PL Info (n14621): [32, 17], 0, 474>, 
	Sinks: [<NetNode: N: n14621, P: Block (n14581): I: 1, O: 1, PlInfo: PL Info (n14581): [31, 17], 0, 370>, <>]

: Source: <NetNode: N: n14622, P: Block (n14622): I: 1, O: 1, PlInfo: PL Info (n14622): [33, 17], 0, 475>, 
	Sinks: [<NetNode: N: n14622, P: Block (n14581): I: 1, O: 1, PlInfo: PL Info (n14581): [31, 17], 0, 370>, <>]

: Source: <NetNode: N: fir.add0_add^out_o1~24_FF, P: Block (n2980): I: 1, O: 1, PlInfo: PL Info (n2980): [29, 27], 0, 237>, 
	Sinks: [<>]

: Source: <NetNode: N: n16803, P: Block (n16803): I: 1, O: 1, PlInfo: PL Info (n16803): [7, 36], 0, 591>, 
	Sinks: [<NetNode: N: n16803, P: Block (n15670): I: 1, O: 1, PlInfo: PL Info (n15670): [7, 32], 0, 502>, <>]

: Source: <NetNode: N: fir.x3k3_mul.u5^prod~16_FF, P: Block (fir.x3k3_mul.u5^prod1~16_FF): I: 1, O: 1, PlInfo: PL Info (fir.x3k3_mul.u5^prod1~16_FF): [9, 22], 0, 909>, 
	Sinks: [<NetNode: N: fir.x3k3_mul.u5^prod~16_FF, P: Block (n16164): I: 1, O: 1, PlInfo: PL Info (n16164): [8, 22], 0, 746>, <NetNode: N: fir.x3k3_mul.u5^prod~16_FF, P: Block (n16173): I: 1, O: 1, PlInfo: PL Info (n16173): [8, 21], 0, 772>, <NetNode: N: fir.x3k3_mul.u5^prod~16_FF, P: Block (n16384): I: 1, O: 1, PlInfo: PL Info (n16384): [5, 29], 0, 578>, <NetNode: N: fir.x3k3_mul.u5^prod~16_FF, P: Block (n16143): I: 1, O: 1, PlInfo: PL Info (n16143): [4, 30], 0, 577>, <NetNode: N: fir.x3k3_mul.u5^prod~16_FF, P: Block (n16387): I: 1, O: 1, PlInfo: PL Info (n16387): [3, 34], 0, 706>, <NetNode: N: fir.x3k3_mul.u5^prod~16_FF, P: Block (n15929): I: 1, O: 1, PlInfo: PL Info (n15929): [5, 33], 0, 574>, <NetNode: N: fir.x3k3_mul.u5^prod~16_FF, P: Block (n16199): I: 1, O: 1, PlInfo: PL Info (n16199): [7, 20], 0, 747>, <NetNode: N: fir.x3k3_mul.u5^prod~16_FF, P: Block (n15852): I: 1, O: 1, PlInfo: PL Info (n15852): [7, 34], 0, 571>, <NetNode: N: fir.x3k3_mul.u5^prod~16_FF, P: Block (n15856): I: 1, O: 1, PlInfo: PL Info (n15856): [9, 32], 0, 572>, <NetNode: N: fir.x3k3_mul.u5^prod~16_FF, P: Block (n15839): I: 1, O: 1, PlInfo: PL Info (n15839): [7, 35], 0, 596>, <NetNode: N: fir.x3k3_mul.u5^prod~16_FF, P: Block (n16303): I: 1, O: 1, PlInfo: PL Info (n16303): [4, 32], 0, 517>, <NetNode: N: fir.x3k3_mul.u5^prod~16_FF, P: Block (n16307): I: 1, O: 1, PlInfo: PL Info (n16307): [9, 31], 0, 518>, <NetNode: N: fir.x3k3_mul.u5^prod~16_FF, P: Block (n15471): I: 1, O: 1, PlInfo: PL Info (n15471): [11, 21], 0, 490>, <NetNode: N: fir.x3k3_mul.u5^prod~16_FF, P: Block (n16322): I: 1, O: 1, PlInfo: PL Info (n16322): [9, 26], 0, 519>, <NetNode: N: fir.x3k3_mul.u5^prod~16_FF, P: Block (n16323): I: 1, O: 1, PlInfo: PL Info (n16323): [8, 34], 0, 520>, <NetNode: N: fir.x3k3_mul.u5^prod~16_FF, P: Block (n16567): I: 1, O: 1, PlInfo: PL Info (n16567): [12, 36], 0, 582>, <NetNode: N: fir.x3k3_mul.u5^prod~16_FF, P: Block (n16330): I: 1, O: 1, PlInfo: PL Info (n16330): [9, 24], 0, 521>, <NetNode: N: fir.x3k3_mul.u5^prod~16_FF, P: Block (n16576): I: 1, O: 1, PlInfo: PL Info (n16576): [11, 33], 0, 600>, <NetNode: N: fir.x3k3_mul.u5^prod~16_FF, P: Block (n15411): I: 1, O: 1, PlInfo: PL Info (n15411): [12, 22], 0, 526>, <NetNode: N: fir.x3k3_mul.u5^prod~16_FF, P: Block (n15667): I: 1, O: 1, PlInfo: PL Info (n15667): [5, 32], 0, 501>, <NetNode: N: fir.x3k3_mul.u5^prod~16_FF, P: Block (n16757): I: 1, O: 1, PlInfo: PL Info (n16757): [8, 36], 0, 609>, <NetNode: N: fir.x3k3_mul.u5^prod~16_FF, P: Block (n15672): I: 1, O: 1, PlInfo: PL Info (n15672): [8, 33], 0, 504>, <NetNode: N: fir.x3k3_mul.u5^prod~16_FF, P: Block (n15673): I: 1, O: 1, PlInfo: PL Info (n15673): [5, 31], 0, 505>, <NetNode: N: fir.x3k3_mul.u5^prod~16_FF, P: Block (n15680): I: 1, O: 1, PlInfo: PL Info (n15680): [8, 31], 0, 507>, <NetNode: N: fir.x3k3_mul.u5^prod~16_FF, P: Block (n16274): I: 1, O: 1, PlInfo: PL Info (n16274): [8, 27], 0, 516>, <NetNode: N: fir.x3k3_mul.u5^prod~16_FF, P: Block (n16237): I: 1, O: 1, PlInfo: PL Info (n16237): [5, 25], 0, 800>, <NetNode: N: fir.x3k3_mul.u5^prod~16_FF, P: Block (n15949): I: 1, O: 1, PlInfo: PL Info (n15949): [3, 26], 0, 829>, <NetNode: N: fir.x3k3_mul.u5^prod~16_FF, P: Block (n16803): I: 1, O: 1, PlInfo: PL Info (n16803): [7, 36], 0, 591>, <NetNode: N: fir.x3k3_mul.u5^prod~16_FF, P: Block (n16429): I: 1, O: 1, PlInfo: PL Info (n16429): [4, 31], 0, 523>, <NetNode: N: fir.x3k3_mul.u5^prod~16_FF, P: Block (n16439): I: 1, O: 1, PlInfo: PL Info (n16439): [4, 27], 0, 580>, <NetNode: N: fir.x3k3_mul.u5^prod~16_FF, P: Block (n15350): I: 1, O: 1, PlInfo: PL Info (n15350): [9, 25], 0, 691>, <NetNode: N: fir.x3k3_mul.u5^prod~16_FF, P: Block (n16443): I: 1, O: 1, PlInfo: PL Info (n16443): [3, 33], 0, 581>, <NetNode: N: fir.x3k3_mul.u5^prod~16_FF, P: Block (n15357): I: 1, O: 1, PlInfo: PL Info (n15357): [9, 23], 0, 525>, <NetNode: N: fir.x3k3_mul.u5^prod~16_FF, P: Block (n16692): I: 1, O: 1, PlInfo: PL Info (n16692): [8, 35], 0, 588>, <NetNode: N: fir.x3k3_mul.u5^prod~16_FF, P: Block (n16213): I: 1, O: 1, PlInfo: PL Info (n16213): [7, 23], 0, 779>, <NetNode: N: fir.x3k3_mul.u5^prod~16_FF, P: Block (n16698): I: 1, O: 1, PlInfo: PL Info (n16698): [11, 36], 0, 589>, <NetNode: N: fir.x3k3_mul.u5^prod~16_FF, P: Block (n16219): I: 1, O: 1, PlInfo: PL Info (n16219): [4, 22], 0, 798>, <NetNode: N: fir.x3k3_mul.u5^prod~16_FF, P: Block (n16630): I: 1, O: 1, PlInfo: PL Info (n16630): [9, 36], 0, 583>, <NetNode: N: fir.x3k3_mul.u5^prod~16_FF, P: Block (n16634): I: 1, O: 1, PlInfo: PL Info (n16634): [12, 35], 0, 585>, <NetNode: N: fir.x3k3_mul.u5^prod~16_FF, P: Block (n15549): I: 1, O: 1, PlInfo: PL Info (n15549): [11, 22], 0, 493>, <NetNode: N: fir.x3k3_mul.u5^prod~16_FF, P: Block (n15556): I: 1, O: 1, PlInfo: PL Info (n15556): [11, 23], 0, 494>, <NetNode: N: fir.x3k3_mul.u5^prod~16_FF, P: Block (n16648): I: 1, O: 1, PlInfo: PL Info (n16648): [12, 33], 0, 586>, <>]

: Source: <NetNode: N: n15715, P: Block (n15715): I: 1, O: 1, PlInfo: PL Info (n15715): [8, 32], 0, 510>, 
	Sinks: [<NetNode: N: n15715, P: Block (n16392): I: 1, O: 1, PlInfo: PL Info (n16392): [4, 28], 0, 522>, <NetNode: N: n15715, P: Block (n16384): I: 1, O: 1, PlInfo: PL Info (n16384): [5, 29], 0, 578>, <NetNode: N: n15715, P: Block (n16143): I: 1, O: 1, PlInfo: PL Info (n16143): [4, 30], 0, 577>, <NetNode: N: n15715, P: Block (n15405): I: 1, O: 1, PlInfo: PL Info (n15405): [11, 28], 0, 567>, <NetNode: N: n15715, P: Block (n15839): I: 1, O: 1, PlInfo: PL Info (n15839): [7, 35], 0, 596>, <NetNode: N: n15715, P: Block (n16307): I: 1, O: 1, PlInfo: PL Info (n16307): [9, 31], 0, 518>, <NetNode: N: n15715, P: Block (n16576): I: 1, O: 1, PlInfo: PL Info (n16576): [11, 33], 0, 600>, <NetNode: N: n15715, P: Block (n16584): I: 1, O: 1, PlInfo: PL Info (n16584): [13, 34], 0, 603>, <NetNode: N: n15715, P: Block (n16757): I: 1, O: 1, PlInfo: PL Info (n16757): [8, 36], 0, 609>, <NetNode: N: n15715, P: Block (n5707): I: 1, O: 1, PlInfo: PL Info (n5707): [13, 30], 0, 24>, <NetNode: N: n15715, P: Block (n15673): I: 1, O: 1, PlInfo: PL Info (n15673): [5, 31], 0, 505>, <NetNode: N: n15715, P: Block (n5733): I: 1, O: 1, PlInfo: PL Info (n5733): [13, 29], 0, 25>, <NetNode: N: n15715, P: Block (n15680): I: 1, O: 1, PlInfo: PL Info (n15680): [8, 31], 0, 507>, <NetNode: N: n15715, P: Block (n15688): I: 1, O: 1, PlInfo: PL Info (n15688): [5, 30], 0, 508>, <NetNode: N: n15715, P: Block (n16028): I: 1, O: 1, PlInfo: PL Info (n16028): [8, 30], 0, 575>, <NetNode: N: n15715, P: Block (n16274): I: 1, O: 1, PlInfo: PL Info (n16274): [8, 27], 0, 516>, <NetNode: N: n15715, P: Block (n16498): I: 1, O: 1, PlInfo: PL Info (n16498): [13, 31], 0, 598>, <NetNode: N: n15715, P: Block (n5486): I: 1, O: 1, PlInfo: PL Info (n5486): [11, 34], 0, 12>, <NetNode: N: n15715, P: Block (n16081): I: 1, O: 1, PlInfo: PL Info (n16081): [4, 26], 0, 597>, <NetNode: N: n15715, P: Block (n16088): I: 1, O: 1, PlInfo: PL Info (n16088): [9, 33], 0, 576>, <NetNode: N: n15715, P: Block (n16803): I: 1, O: 1, PlInfo: PL Info (n16803): [7, 36], 0, 591>, <NetNode: N: n15715, P: Block (n16438): I: 1, O: 1, PlInfo: PL Info (n16438): [4, 35], 0, 579>, <NetNode: N: n15715, P: Block (n16443): I: 1, O: 1, PlInfo: PL Info (n16443): [3, 33], 0, 581>, <NetNode: N: n15715, P: Block (n16692): I: 1, O: 1, PlInfo: PL Info (n16692): [8, 35], 0, 588>, <NetNode: N: n15715, P: Block (n16698): I: 1, O: 1, PlInfo: PL Info (n16698): [11, 36], 0, 589>, <NetNode: N: n15715, P: Block (n16633): I: 1, O: 1, PlInfo: PL Info (n16633): [7, 26], 0, 584>, <NetNode: N: n15715, P: Block (n16648): I: 1, O: 1, PlInfo: PL Info (n16648): [12, 33], 0, 586>, <>]

: Source: <NetNode: N: fir^x_reg9~31_FF, P: Block (fir^x_reg8~31_FF): I: 1, O: 1, PlInfo: PL Info (fir^x_reg8~31_FF): [15, 17], 0, 946>, 
	Sinks: [<>]

: Source: <NetNode: N: n15958, P: Block (n15958): I: 1, O: 1, PlInfo: PL Info (n15958): [3, 30], 0, 513>, 
	Sinks: [<NetNode: N: n15958, P: Block (n5512): I: 1, O: 1, PlInfo: PL Info (n5512): [12, 32], 0, 13>, <NetNode: N: n15958, P: Block (n15921): I: 1, O: 1, PlInfo: PL Info (n15921): [4, 36], 0, 511>, <NetNode: N: n15958, P: Block (n5694): I: 1, O: 1, PlInfo: PL Info (n5694): [12, 30], 0, 23>, <>]

: Source: <NetNode: N: n14869, P: Block (n14869): I: 1, O: 1, PlInfo: PL Info (n14869): [16, 19], 0, 811>, 
	Sinks: [<NetNode: N: n14869, P: Block (n13980): I: 1, O: 1, PlInfo: PL Info (n13980): [19, 18], 0, 738>, <>]

: Source: <NetNode: N: fir.add1_add^out_o1~18_FF, P: Block (n1892): I: 1, O: 1, PlInfo: PL Info (n1892): [35, 35], 0, 128>, 
	Sinks: [<NetNode: N: fir.add1_add^out_o1~18_FF, P: Block (n1853): I: 1, O: 1, PlInfo: PL Info (n1853): [35, 33], 0, 210>, <>]

: Source: <NetNode: N: n8283, P: Block (n8283): I: 1, O: 1, PlInfo: PL Info (n8283): [9, 2], 0, 401>, 
	Sinks: [<NetNode: N: n8283, P: Block (n3814): I: 1, O: 1, PlInfo: PL Info (n3814): [11, 8], 0, 30>, <>]

: Source: <NetNode: N: n10005_1, P: Block (n10005_1): I: 1, O: 1, PlInfo: PL Info (n10005_1): [27, 33], 0, 621>, 
	Sinks: [<NetNode: N: n10005_1, P: Block (n802): I: 1, O: 1, PlInfo: PL Info (n802): [25, 36], 0, 187>, <NetNode: N: n10005_1, P: Block (n828): I: 1, O: 1, PlInfo: PL Info (n828): [28, 36], 0, 188>, <NetNode: N: n10005_1, P: Block (n841): I: 1, O: 1, PlInfo: PL Info (n841): [27, 36], 0, 121>, <NetNode: N: n10005_1, P: Block (n932): I: 1, O: 1, PlInfo: PL Info (n932): [28, 32], 0, 190>, <NetNode: N: n10005_1, P: Block (n10145_1): I: 1, O: 1, PlInfo: PL Info (n10145_1): [27, 34], 0, 641>, <NetNode: N: n10005_1, P: Block (n724): I: 1, O: 1, PlInfo: PL Info (n724): [25, 32], 0, 120>, <NetNode: N: n10005_1, P: Block (n10193_1): I: 1, O: 1, PlInfo: PL Info (n10193_1): [27, 30], 0, 745>, <>]

: Source: <NetNode: N: n8636_1, P: Block (n8636_1): I: 1, O: 1, PlInfo: PL Info (n8636_1): [11, 12], 0, 814>, 
	Sinks: [<NetNode: N: n8636_1, P: Block (n8615): I: 1, O: 1, PlInfo: PL Info (n8615): [3, 9], 0, 408>, <>]

: Source: <NetNode: N: fir.x2k2_mul.u0^infb_f_r_FF, P: Block (n8287): I: 1, O: 1, PlInfo: PL Info (n8287): [23, 15], 0, 281>, 
	Sinks: [<NetNode: N: fir.x2k2_mul.u0^infb_f_r_FF, P: Block (n5200): I: 1, O: 1, PlInfo: PL Info (n5200): [20, 15], 0, 117>, <NetNode: N: fir.x2k2_mul.u0^infb_f_r_FF, P: Block (n10330): I: 1, O: 1, PlInfo: PL Info (n10330): [21, 13], 0, 286>, <>]

: Source: <NetNode: N: n8045, P: Block (n8045): I: 1, O: 1, PlInfo: PL Info (n8045): [11, 10], 0, 701>, 
	Sinks: [<NetNode: N: n8045, P: Block (n3892): I: 1, O: 1, PlInfo: PL Info (n3892): [13, 5], 0, 82>, <>]

: Source: <NetNode: N: fir.add1_add.u1^fractb_out~1_FF, P: Block (n2504): I: 1, O: 1, PlInfo: PL Info (n2504): [20, 26], 0, 243>, 
	Sinks: [<NetNode: N: fir.add1_add.u1^fractb_out~1_FF, P: Block (n2244): I: 1, O: 1, PlInfo: PL Info (n2244): [32, 31], 0, 277>, <NetNode: N: fir.add1_add.u1^fractb_out~1_FF, P: Block (n2379): I: 1, O: 1, PlInfo: PL Info (n2379): [27, 27], 0, 153>, <>]

: Source: <NetNode: N: n13329, P: Block (n13329): I: 1, O: 1, PlInfo: PL Info (n13329): [28, 6], 0, 449>, 
	Sinks: [<NetNode: N: n13329, P: Block (n4252): I: 1, O: 1, PlInfo: PL Info (n4252): [35, 3], 0, 83>, <>]

: Source: <NetNode: N: n13328, P: Block (n13328): I: 1, O: 1, PlInfo: PL Info (n13328): [35, 7], 0, 448>, 
	Sinks: [<NetNode: N: n13328, P: Block (n4252): I: 1, O: 1, PlInfo: PL Info (n4252): [35, 3], 0, 83>, <>]

: Source: <NetNode: N: fir.out_temp_add.u1^fracta_out~7_FF, P: Block (n1412): I: 1, O: 1, PlInfo: PL Info (n1412): [16, 34], 0, 134>, 
	Sinks: [<NetNode: N: fir.out_temp_add.u1^fracta_out~7_FF, P: Block (n10582_1): I: 1, O: 1, PlInfo: PL Info (n10582_1): [17, 36], 0, 669>, <NetNode: N: fir.out_temp_add.u1^fracta_out~7_FF, P: Block (n763): I: 1, O: 1, PlInfo: PL Info (n763): [24, 36], 0, 184>, <NetNode: N: fir.out_temp_add.u1^fracta_out~7_FF, P: Block (n1462): I: 1, O: 1, PlInfo: PL Info (n1462): [20, 36], 0, 142>, <>]

: Source: <NetNode: N: fir.x0k0_mul.u0^expb_ff_FF, P: Block (n11389): I: 1, O: 1, PlInfo: PL Info (n11389): [12, 10], 0, 287>, 
	Sinks: [<NetNode: N: fir.x0k0_mul.u0^expb_ff_FF, P: Block (n4019): I: 1, O: 1, PlInfo: PL Info (n4019): [9, 13], 0, 217>, <NetNode: N: fir.x0k0_mul.u0^expb_ff_FF, P: Block (n11201): I: 1, O: 1, PlInfo: PL Info (n11201): [12, 13], 0, 278>, <>]

: Source: <NetNode: N: n13566, P: Block (n13566): I: 1, O: 1, PlInfo: PL Info (n13566): [35, 9], 0, 666>, 
	Sinks: [<NetNode: N: n13566, P: Block (n4384): I: 1, O: 1, PlInfo: PL Info (n4384): [31, 2], 0, 105>, <>]

: Source: <NetNode: N: n13323, P: Block (n13323): I: 1, O: 1, PlInfo: PL Info (n13323): [24, 2], 0, 447>, 
	Sinks: [<NetNode: N: n13323, P: Block (n4252): I: 1, O: 1, PlInfo: PL Info (n4252): [35, 3], 0, 83>, <>]

: Source: <NetNode: N: fir.add0_add^out_o1~8_FF, P: Block (n2749): I: 1, O: 1, PlInfo: PL Info (n2749): [19, 10], 0, 200>, 
	Sinks: [<NetNode: N: fir.add0_add^out_o1~8_FF, P: Block (n3157): I: 1, O: 1, PlInfo: PL Info (n3157): [20, 8], 0, 251>, <>]

: Source: <NetNode: N: n13321, P: Block (n13321): I: 1, O: 1, PlInfo: PL Info (n13321): [35, 2], 0, 446>, 
	Sinks: [<NetNode: N: n13321, P: Block (n4252): I: 1, O: 1, PlInfo: PL Info (n4252): [35, 3], 0, 83>, <>]

: Source: <NetNode: N: fir.x2k2_mul.u5^prod~6_FF, P: Block (fir.x2k2_mul.u5^prod1~6_FF): I: 1, O: 1, PlInfo: PL Info (fir.x2k2_mul.u5^prod1~6_FF): [21, 19], 0, 914>, 
	Sinks: [<NetNode: N: fir.x2k2_mul.u5^prod~6_FF, P: Block (n15063): I: 1, O: 1, PlInfo: PL Info (n15063): [32, 26], 0, 483>, <NetNode: N: fir.x2k2_mul.u5^prod~6_FF, P: Block (n15085): I: 1, O: 1, PlInfo: PL Info (n15085): [35, 23], 0, 378>, <NetNode: N: fir.x2k2_mul.u5^prod~6_FF, P: Block (n14803): I: 1, O: 1, PlInfo: PL Info (n14803): [33, 19], 0, 375>, <NetNode: N: fir.x2k2_mul.u5^prod~6_FF, P: Block (n14810): I: 1, O: 1, PlInfo: PL Info (n14810): [35, 17], 0, 477>, <NetNode: N: fir.x2k2_mul.u5^prod~6_FF, P: Block (n14830): I: 1, O: 1, PlInfo: PL Info (n14830): [35, 21], 0, 478>, <NetNode: N: fir.x2k2_mul.u5^prod~6_FF, P: Block (n5065): I: 1, O: 1, PlInfo: PL Info (n5065): [28, 23], 0, 110>, <NetNode: N: fir.x2k2_mul.u5^prod~6_FF, P: Block (n13896): I: 1, O: 1, PlInfo: PL Info (n13896): [24, 20], 0, 356>, <NetNode: N: fir.x2k2_mul.u5^prod~6_FF, P: Block (n14992): I: 1, O: 1, PlInfo: PL Info (n14992): [35, 18], 0, 481>, <NetNode: N: fir.x2k2_mul.u5^prod~6_FF, P: Block (n14754): I: 1, O: 1, PlInfo: PL Info (n14754): [27, 19], 0, 476>, <NetNode: N: fir.x2k2_mul.u5^prod~6_FF, P: Block (n14352): I: 1, O: 1, PlInfo: PL Info (n14352): [32, 24], 0, 470>, <NetNode: N: fir.x2k2_mul.u5^prod~6_FF, P: Block (n15012): I: 1, O: 1, PlInfo: PL Info (n15012): [36, 18], 0, 564>, <NetNode: N: fir.x2k2_mul.u5^prod~6_FF, P: Block (n14157): I: 1, O: 1, PlInfo: PL Info (n14157): [36, 26], 0, 697>, <NetNode: N: fir.x2k2_mul.u5^prod~6_FF, P: Block (n14395): I: 1, O: 1, PlInfo: PL Info (n14395): [35, 22], 0, 560>, <NetNode: N: fir.x2k2_mul.u5^prod~6_FF, P: Block (n4855): I: 1, O: 1, PlInfo: PL Info (n4855): [29, 23], 0, 36>, <NetNode: N: fir.x2k2_mul.u5^prod~6_FF, P: Block (n14385): I: 1, O: 1, PlInfo: PL Info (n14385): [28, 18], 0, 559>, <NetNode: N: fir.x2k2_mul.u5^prod~6_FF, P: Block (n14088): I: 1, O: 1, PlInfo: PL Info (n14088): [31, 20], 0, 364>, <NetNode: N: fir.x2k2_mul.u5^prod~6_FF, P: Block (n14082): I: 1, O: 1, PlInfo: PL Info (n14082): [33, 22], 0, 361>, <NetNode: N: fir.x2k2_mul.u5^prod~6_FF, P: Block (n14061): I: 1, O: 1, PlInfo: PL Info (n14061): [27, 21], 0, 358>, <NetNode: N: fir.x2k2_mul.u5^prod~6_FF, P: Block (n15143): I: 1, O: 1, PlInfo: PL Info (n15143): [31, 24], 0, 382>, <NetNode: N: fir.x2k2_mul.u5^prod~6_FF, P: Block (n15159): I: 1, O: 1, PlInfo: PL Info (n15159): [35, 20], 0, 383>, <NetNode: N: fir.x2k2_mul.u5^prod~6_FF, P: Block (n14945): I: 1, O: 1, PlInfo: PL Info (n14945): [19, 23], 0, 876>, <NetNode: N: fir.x2k2_mul.u5^prod~6_FF, P: Block (n14902): I: 1, O: 1, PlInfo: PL Info (n14902): [21, 25], 0, 849>, <NetNode: N: fir.x2k2_mul.u5^prod~6_FF, P: Block (n13838): I: 1, O: 1, PlInfo: PL Info (n13838): [23, 22], 0, 736>, <NetNode: N: fir.x2k2_mul.u5^prod~6_FF, P: Block (n14407): I: 1, O: 1, PlInfo: PL Info (n14407): [36, 22], 0, 471>, <NetNode: N: fir.x2k2_mul.u5^prod~6_FF, P: Block (n14414): I: 1, O: 1, PlInfo: PL Info (n14414): [19, 24], 0, 646>, <NetNode: N: fir.x2k2_mul.u5^prod~6_FF, P: Block (n14437): I: 1, O: 1, PlInfo: PL Info (n14437): [36, 24], 0, 472>, <NetNode: N: fir.x2k2_mul.u5^prod~6_FF, P: Block (n14616): I: 1, O: 1, PlInfo: PL Info (n14616): [25, 18], 0, 371>, <NetNode: N: fir.x2k2_mul.u5^prod~6_FF, P: Block (n14622): I: 1, O: 1, PlInfo: PL Info (n14622): [33, 17], 0, 475>, <NetNode: N: fir.x2k2_mul.u5^prod~6_FF, P: Block (n14631): I: 1, O: 1, PlInfo: PL Info (n14631): [32, 23], 0, 372>, <NetNode: N: fir.x2k2_mul.u5^prod~6_FF, P: Block (n14632): I: 1, O: 1, PlInfo: PL Info (n14632): [27, 20], 0, 373>, <NetNode: N: fir.x2k2_mul.u5^prod~6_FF, P: Block (n15112): I: 1, O: 1, PlInfo: PL Info (n15112): [29, 18], 0, 486>, <NetNode: N: fir.x2k2_mul.u5^prod~6_FF, P: Block (n15122): I: 1, O: 1, PlInfo: PL Info (n15122): [28, 25], 0, 379>, <NetNode: N: fir.x2k2_mul.u5^prod~6_FF, P: Block (n14208): I: 1, O: 1, PlInfo: PL Info (n14208): [33, 18], 0, 556>, <NetNode: N: fir.x2k2_mul.u5^prod~6_FF, P: Block (n14446): I: 1, O: 1, PlInfo: PL Info (n14446): [31, 18], 0, 367>, <NetNode: N: fir.x2k2_mul.u5^prod~6_FF, P: Block (n14690): I: 1, O: 1, PlInfo: PL Info (n14690): [27, 23], 0, 561>, <NetNode: N: fir.x2k2_mul.u5^prod~6_FF, P: Block (n14454): I: 1, O: 1, PlInfo: PL Info (n14454): [28, 19], 0, 368>, <NetNode: N: fir.x2k2_mul.u5^prod~6_FF, P: Block (n14264): I: 1, O: 1, PlInfo: PL Info (n14264): [36, 25], 0, 468>, <NetNode: N: fir.x2k2_mul.u5^prod~6_FF, P: Block (n14263): I: 1, O: 1, PlInfo: PL Info (n14263): [36, 21], 0, 467>, <>]

: Source: <NetNode: N: n14631, P: Block (n14631): I: 1, O: 1, PlInfo: PL Info (n14631): [32, 23], 0, 372>, 
	Sinks: [<NetNode: N: n14631, P: Block (n14581): I: 1, O: 1, PlInfo: PL Info (n14581): [31, 17], 0, 370>, <>]

: Source: <NetNode: N: n14632, P: Block (n14632): I: 1, O: 1, PlInfo: PL Info (n14632): [27, 20], 0, 373>, 
	Sinks: [<NetNode: N: n14632, P: Block (n14581): I: 1, O: 1, PlInfo: PL Info (n14581): [31, 17], 0, 370>, <>]

: Source: <NetNode: N: n9360, P: Block (n9360): I: 1, O: 1, PlInfo: PL Info (n9360): [17, 4], 0, 629>, 
	Sinks: [<NetNode: N: n9360, P: Block (n2866): I: 1, O: 1, PlInfo: PL Info (n2866): [21, 5], 0, 204>, <>]

: Source: <NetNode: N: n16819, P: Block (n16819): I: 1, O: 1, PlInfo: PL Info (n16819): [1, 26], 0, 715>, 
	Sinks: [<NetNode: N: n16819, P: Block (n5655): I: 1, O: 1, PlInfo: PL Info (n5655): [9, 30], 0, 20>, <>]

: Source: <NetNode: N: n8275, P: Block (n8275): I: 1, O: 1, PlInfo: PL Info (n8275): [9, 3], 0, 400>, 
	Sinks: [<NetNode: N: n8275, P: Block (n3814): I: 1, O: 1, PlInfo: PL Info (n3814): [11, 8], 0, 30>, <>]

: Source: <NetNode: N: fir.out_temp_add.u1^sign_FF, P: Block (n1647): I: 1, O: 1, PlInfo: PL Info (n1647): [20, 30], 0, 152>, 
	Sinks: [<NetNode: N: fir.out_temp_add.u1^sign_FF, P: Block (fir.out_temp_add^out~14_FF): I: 1, O: 1, PlInfo: PL Info (fir.out_temp_add^out~14_FF): [19, 28], 0, 930>, <>]

: Source: <NetNode: N: fir.add0_add^out_o1~7_FF, P: Block (n2736): I: 1, O: 1, PlInfo: PL Info (n2736): [17, 2], 0, 199>, 
	Sinks: [<NetNode: N: fir.add0_add^out_o1~7_FF, P: Block (n2414): I: 1, O: 1, PlInfo: PL Info (n2414): [23, 30], 0, 157>, <>]

: Source: <NetNode: N: n13315, P: Block (n13315): I: 1, O: 1, PlInfo: PL Info (n13315): [36, 11], 0, 865>, 
	Sinks: [<NetNode: N: n13315, P: Block (n13309): I: 1, O: 1, PlInfo: PL Info (n13309): [35, 10], 0, 660>, <>]

: Source: <NetNode: N: n13556, P: Block (n13556): I: 1, O: 1, PlInfo: PL Info (n13556): [31, 9], 0, 550>, 
	Sinks: [<NetNode: N: n13556, P: Block (n4423): I: 1, O: 1, PlInfo: PL Info (n4423): [28, 7], 0, 34>, <>]

: Source: <NetNode: N: fir.out_temp_add.u1^fracta_out~6_FF, P: Block (n1407): I: 1, O: 1, PlInfo: PL Info (n1407): [16, 36], 0, 133>, 
	Sinks: [<NetNode: N: fir.out_temp_add.u1^fracta_out~6_FF, P: Block (n10582_1): I: 1, O: 1, PlInfo: PL Info (n10582_1): [17, 36], 0, 669>, <NetNode: N: fir.out_temp_add.u1^fracta_out~6_FF, P: Block (n1272): I: 1, O: 1, PlInfo: PL Info (n1272): [23, 36], 0, 273>, <NetNode: N: fir.out_temp_add.u1^fracta_out~6_FF, P: Block (n1462): I: 1, O: 1, PlInfo: PL Info (n1462): [20, 36], 0, 142>, <>]

: Source: <NetNode: N: fir.x0k0_mul^out_o1~15_FF, P: Block (n3827): I: 1, O: 1, PlInfo: PL Info (n3827): [12, 6], 0, 101>, 
	Sinks: [<>]

: Source: <NetNode: N: n13394, P: Block (n13394): I: 1, O: 1, PlInfo: PL Info (n13394): [33, 4], 0, 542>, 
	Sinks: [<NetNode: N: n13394, P: Block (n4280): I: 1, O: 1, PlInfo: PL Info (n4280): [33, 2], 0, 103>, <>]

: Source: <NetNode: N: n12061, P: Block (n12061): I: 1, O: 1, PlInfo: PL Info (n12061): [16, 17], 0, 840>, 
	Sinks: [<NetNode: N: n12061, P: Block (n11774): I: 1, O: 1, PlInfo: PL Info (n11774): [16, 15], 0, 678>, <>]

: Source: <NetNode: N: fir.x0k0_mul.u5^prod~22_FF, P: Block (fir.x0k0_mul.u5^prod~22_FF): I: 1, O: 1, PlInfo: PL Info (fir.x0k0_mul.u5^prod~22_FF): [5, 18], 0, 937>, 
	Sinks: [<NetNode: N: fir.x0k0_mul.u5^prod~22_FF, P: Block (n7703): I: 1, O: 1, PlInfo: PL Info (n7703): [8, 13], 0, 527>, <NetNode: N: fir.x0k0_mul.u5^prod~22_FF, P: Block (n7776_1): I: 1, O: 1, PlInfo: PL Info (n7776_1): [4, 16], 0, 392>, <NetNode: N: fir.x0k0_mul.u5^prod~22_FF, P: Block (n7730): I: 1, O: 1, PlInfo: PL Info (n7730): [4, 18], 0, 680>, <NetNode: N: fir.x0k0_mul.u5^prod~22_FF, P: Block (n7752): I: 1, O: 1, PlInfo: PL Info (n7752): [7, 15], 0, 293>, <NetNode: N: fir.x0k0_mul.u5^prod~22_FF, P: Block (n8892_1): I: 1, O: 1, PlInfo: PL Info (n8892_1): [11, 7], 0, 417>, <NetNode: N: fir.x0k0_mul.u5^prod~22_FF, P: Block (n8835): I: 1, O: 1, PlInfo: PL Info (n8835): [3, 13], 0, 413>, <NetNode: N: fir.x0k0_mul.u5^prod~22_FF, P: Block (n8622): I: 1, O: 1, PlInfo: PL Info (n8622): [8, 17], 0, 770>, <NetNode: N: fir.x0k0_mul.u5^prod~22_FF, P: Block (n8184_1): I: 1, O: 1, PlInfo: PL Info (n8184_1): [9, 17], 0, 775>, <NetNode: N: fir.x0k0_mul.u5^prod~22_FF, P: Block (n8249_1): I: 1, O: 1, PlInfo: PL Info (n8249_1): [3, 5], 0, 398>, <NetNode: N: fir.x0k0_mul.u5^prod~22_FF, P: Block (n8201): I: 1, O: 1, PlInfo: PL Info (n8201): [7, 2], 0, 396>, <NetNode: N: fir.x0k0_mul.u5^prod~22_FF, P: Block (n8447): I: 1, O: 1, PlInfo: PL Info (n8447): [8, 12], 0, 783>, <NetNode: N: fir.x0k0_mul.u5^prod~22_FF, P: Block (n8896_1): I: 1, O: 1, PlInfo: PL Info (n8896_1): [13, 2], 0, 537>, <NetNode: N: fir.x0k0_mul.u5^prod~22_FF, P: Block (n8161): I: 1, O: 1, PlInfo: PL Info (n8161): [4, 4], 0, 305>, <NetNode: N: fir.x0k0_mul.u5^prod~22_FF, P: Block (n8399): I: 1, O: 1, PlInfo: PL Info (n8399): [3, 3], 0, 308>, <NetNode: N: fir.x0k0_mul.u5^prod~22_FF, P: Block (n8365_1): I: 1, O: 1, PlInfo: PL Info (n8365_1): [11, 13], 0, 860>, <NetNode: N: fir.x0k0_mul.u5^prod~22_FF, P: Block (n8848_1): I: 1, O: 1, PlInfo: PL Info (n8848_1): [13, 4], 0, 317>, <NetNode: N: fir.x0k0_mul.u5^prod~22_FF, P: Block (n8396_1): I: 1, O: 1, PlInfo: PL Info (n8396_1): [8, 10], 0, 407>, <NetNode: N: fir.x0k0_mul.u5^prod~22_FF, P: Block (n9067): I: 1, O: 1, PlInfo: PL Info (n9067): [12, 11], 0, 708>, <NetNode: N: fir.x0k0_mul.u5^prod~22_FF, P: Block (n7960_1): I: 1, O: 1, PlInfo: PL Info (n7960_1): [5, 4], 0, 300>, <NetNode: N: fir.x0k0_mul.u5^prod~22_FF, P: Block (n8167_1): I: 1, O: 1, PlInfo: PL Info (n8167_1): [12, 1], 0, 395>, <NetNode: N: fir.x0k0_mul.u5^prod~22_FF, P: Block (n7762_1): I: 1, O: 1, PlInfo: PL Info (n7762_1): [7, 16], 0, 389>, <NetNode: N: fir.x0k0_mul.u5^prod~22_FF, P: Block (n7786_1): I: 1, O: 1, PlInfo: PL Info (n7786_1): [5, 15], 0, 294>, <NetNode: N: fir.x0k0_mul.u5^prod~22_FF, P: Block (n8849_1): I: 1, O: 1, PlInfo: PL Info (n8849_1): [8, 3], 0, 318>, <NetNode: N: fir.x0k0_mul.u5^prod~22_FF, P: Block (n7827): I: 1, O: 1, PlInfo: PL Info (n7827): [3, 12], 0, 529>, <NetNode: N: fir.x0k0_mul.u5^prod~22_FF, P: Block (n7850): I: 1, O: 1, PlInfo: PL Info (n7850): [3, 16], 0, 530>, <NetNode: N: fir.x0k0_mul.u5^prod~22_FF, P: Block (n8710): I: 1, O: 1, PlInfo: PL Info (n8710): [3, 6], 0, 312>, <NetNode: N: fir.x0k0_mul.u5^prod~22_FF, P: Block (n8746): I: 1, O: 1, PlInfo: PL Info (n8746): [1, 9], 0, 819>, <NetNode: N: fir.x0k0_mul.u5^prod~22_FF, P: Block (n7895): I: 1, O: 1, PlInfo: PL Info (n7895): [4, 12], 0, 295>, <NetNode: N: fir.x0k0_mul.u5^prod~22_FF, P: Block (n8975): I: 1, O: 1, PlInfo: PL Info (n8975): [1, 3], 0, 319>, <NetNode: N: fir.x0k0_mul.u5^prod~22_FF, P: Block (n8292_1): I: 1, O: 1, PlInfo: PL Info (n8292_1): [11, 1], 0, 402>, <NetNode: N: fir.x0k0_mul.u5^prod~22_FF, P: Block (n8999): I: 1, O: 1, PlInfo: PL Info (n8999): [7, 9], 0, 421>, <NetNode: N: fir.x0k0_mul.u5^prod~22_FF, P: Block (n8775): I: 1, O: 1, PlInfo: PL Info (n8775): [4, 3], 0, 315>, <NetNode: N: fir.x0k0_mul.u5^prod~22_FF, P: Block (n8692): I: 1, O: 1, PlInfo: PL Info (n8692): [4, 8], 0, 411>, <NetNode: N: fir.x0k0_mul.u5^prod~22_FF, P: Block (n8297_1): I: 1, O: 1, PlInfo: PL Info (n8297_1): [7, 1], 0, 405>, <NetNode: N: fir.x0k0_mul.u5^prod~22_FF, P: Block (n8257): I: 1, O: 1, PlInfo: PL Info (n8257): [8, 6], 0, 399>, <NetNode: N: fir.x0k0_mul.u5^prod~22_FF, P: Block (n8495): I: 1, O: 1, PlInfo: PL Info (n8495): [8, 11], 0, 853>, <NetNode: N: fir.x0k0_mul.u5^prod~22_FF, P: Block (n8283): I: 1, O: 1, PlInfo: PL Info (n8283): [9, 2], 0, 401>, <NetNode: N: fir.x0k0_mul.u5^prod~22_FF, P: Block (n8636_1): I: 1, O: 1, PlInfo: PL Info (n8636_1): [11, 12], 0, 814>, <NetNode: N: fir.x0k0_mul.u5^prod~22_FF, P: Block (n8869_1): I: 1, O: 1, PlInfo: PL Info (n8869_1): [9, 10], 0, 535>, <NetNode: N: fir.x0k0_mul.u5^prod~22_FF, P: Block (n8296): I: 1, O: 1, PlInfo: PL Info (n8296): [4, 2], 0, 404>, <NetNode: N: fir.x0k0_mul.u5^prod~22_FF, P: Block (n7708_1): I: 1, O: 1, PlInfo: PL Info (n7708_1): [5, 17], 0, 528>, <NetNode: N: fir.x0k0_mul.u5^prod~22_FF, P: Block (n7772_1): I: 1, O: 1, PlInfo: PL Info (n7772_1): [3, 15], 0, 391>, <NetNode: N: fir.x0k0_mul.u5^prod~22_FF, P: Block (n7961_1): I: 1, O: 1, PlInfo: PL Info (n7961_1): [7, 3], 0, 301>, <NetNode: N: fir.x0k0_mul.u5^prod~22_FF, P: Block (n3671): I: 1, O: 1, PlInfo: PL Info (n3671): [7, 4], 0, 97>, <>]

: Source: <NetNode: N: n16669, P: Block (n16669): I: 1, O: 1, PlInfo: PL Info (n16669): [7, 25], 0, 607>, 
	Sinks: [<NetNode: N: n16669, P: Block (n15680): I: 1, O: 1, PlInfo: PL Info (n15680): [8, 31], 0, 507>, <>]

: Source: <NetNode: N: fir.add1_add^out_o1~1_FF, P: Block (n1671): I: 1, O: 1, PlInfo: PL Info (n1671): [35, 31], 0, 225>, 
	Sinks: [<>]

: Source: <NetNode: N: n16429, P: Block (n16429): I: 1, O: 1, PlInfo: PL Info (n16429): [4, 31], 0, 523>, 
	Sinks: [<NetNode: N: n16429, P: Block (n16392): I: 1, O: 1, PlInfo: PL Info (n16392): [4, 28], 0, 522>, <>]

: Source: <NetNode: N: n8869_1, P: Block (n8869_1): I: 1, O: 1, PlInfo: PL Info (n8869_1): [9, 10], 0, 535>, 
	Sinks: [<NetNode: N: n8869_1, P: Block (n3645): I: 1, O: 1, PlInfo: PL Info (n3645): [8, 5], 0, 96>, <>]

: Source: <NetNode: N: n9391, P: Block (n9391): I: 1, O: 1, PlInfo: PL Info (n9391): [17, 3], 0, 630>, 
	Sinks: [<NetNode: N: n9391, P: Block (n2931): I: 1, O: 1, PlInfo: PL Info (n2931): [20, 5], 0, 223>, <>]

: Source: <NetNode: N: n8061, P: Block (n8061): I: 1, O: 1, PlInfo: PL Info (n8061): [12, 7], 0, 685>, 
	Sinks: [<NetNode: N: n8061, P: Block (n7982): I: 1, O: 1, PlInfo: PL Info (n7982): [12, 4], 0, 394>, <>]

: Source: <NetNode: N: fir.add0_add^out_o1~9_FF, P: Block (n2762): I: 1, O: 1, PlInfo: PL Info (n2762): [17, 5], 0, 201>, 
	Sinks: [<>]

: Source: <NetNode: N: n9394, P: Block (n9394): I: 1, O: 1, PlInfo: PL Info (n9394): [20, 1], 0, 631>, 
	Sinks: [<NetNode: N: n9394, P: Block (n2931): I: 1, O: 1, PlInfo: PL Info (n2931): [20, 5], 0, 223>, <>]

: Source: <NetNode: N: n8616_1, P: Block (n8616_1): I: 1, O: 1, PlInfo: PL Info (n8616_1): [1, 6], 0, 409>, 
	Sinks: [<NetNode: N: n8616_1, P: Block (n8330): I: 1, O: 1, PlInfo: PL Info (n8330): [1, 5], 0, 307>, <>]

: Source: <NetNode: N: fir.out_temp_add.u1^fracta_out~12_FF, P: Block (n1437): I: 1, O: 1, PlInfo: PL Info (n1437): [15, 34], 0, 138>, 
	Sinks: [<NetNode: N: fir.out_temp_add.u1^fracta_out~12_FF, P: Block (n1302): I: 1, O: 1, PlInfo: PL Info (n1302): [23, 34], 0, 270>, <NetNode: N: fir.out_temp_add.u1^fracta_out~12_FF, P: Block (n1572): I: 1, O: 1, PlInfo: PL Info (n1572): [20, 34], 0, 149>, <NetNode: N: fir.out_temp_add.u1^fracta_out~12_FF, P: Block (n1432): I: 1, O: 1, PlInfo: PL Info (n1432): [20, 35], 0, 137>, <NetNode: N: fir.out_temp_add.u1^fracta_out~12_FF, P: Block (n1462): I: 1, O: 1, PlInfo: PL Info (n1462): [20, 36], 0, 142>, <>]

: Source: <NetNode: N: fir.out_temp_add.u1^fracta_out~11_FF, P: Block (n1432): I: 1, O: 1, PlInfo: PL Info (n1432): [20, 35], 0, 137>, 
	Sinks: [<NetNode: N: fir.out_temp_add.u1^fracta_out~11_FF, P: Block (n1562): I: 1, O: 1, PlInfo: PL Info (n1562): [21, 36], 0, 148>, <NetNode: N: fir.out_temp_add.u1^fracta_out~11_FF, P: Block (n1462): I: 1, O: 1, PlInfo: PL Info (n1462): [20, 36], 0, 142>, <>]

: Source: <NetNode: N: n14491, P: Block (n14491): I: 1, O: 1, PlInfo: PL Info (n14491): [16, 22], 0, 855>, 
	Sinks: [<NetNode: N: n14491, P: Block (n14041): I: 1, O: 1, PlInfo: PL Info (n14041): [17, 22], 0, 812>, <>]

: Source: <NetNode: N: n12299, P: Block (n12299): I: 1, O: 1, PlInfo: PL Info (n12299): [31, 11], 0, 524>, 
	Sinks: [<NetNode: N: n12299, P: Block (n8331): I: 1, O: 1, PlInfo: PL Info (n8331): [27, 9], 0, 288>, <NetNode: N: n12299, P: Block (n12286): I: 1, O: 1, PlInfo: PL Info (n12286): [27, 10], 0, 326>, <>]

: Source: <NetNode: N: n16671, P: Block (n16671): I: 1, O: 1, PlInfo: PL Info (n16671): [5, 28], 0, 608>, 
	Sinks: [<NetNode: N: n16671, P: Block (n15680): I: 1, O: 1, PlInfo: PL Info (n15680): [8, 31], 0, 507>, <>]

: Source: <NetNode: N: n12297, P: Block (n12297): I: 1, O: 1, PlInfo: PL Info (n12297): [27, 13], 0, 328>, 
	Sinks: [<NetNode: N: n12297, P: Block (n8331): I: 1, O: 1, PlInfo: PL Info (n8331): [27, 9], 0, 288>, <NetNode: N: n12297, P: Block (n12286): I: 1, O: 1, PlInfo: PL Info (n12286): [27, 10], 0, 326>, <NetNode: N: n12297, P: Block (n12279): I: 1, O: 1, PlInfo: PL Info (n12279): [24, 12], 0, 424>, <>]

: Source: <NetNode: N: n13386, P: Block (n13386): I: 1, O: 1, PlInfo: PL Info (n13386): [24, 1], 0, 735>, 
	Sinks: [<NetNode: N: n13386, P: Block (n12537): I: 1, O: 1, PlInfo: PL Info (n12537): [31, 8], 0, 340>, <>]

: Source: <NetNode: N: n14495, P: Block (n14495): I: 1, O: 1, PlInfo: PL Info (n14495): [16, 20], 0, 851>, 
	Sinks: [<NetNode: N: n14495, P: Block (n14041): I: 1, O: 1, PlInfo: PL Info (n14041): [17, 22], 0, 812>, <>]

: Source: <NetNode: N: n8299, P: Block (n8299): I: 1, O: 1, PlInfo: PL Info (n8299): [5, 1], 0, 406>, 
	Sinks: [<NetNode: N: n8299, P: Block (n7960_1): I: 1, O: 1, PlInfo: PL Info (n7960_1): [5, 4], 0, 300>, <>]

: Source: <NetNode: N: fir.x1k1_mul.u5^prod1~19_FF, P: Block (n12294): I: 1, O: 1, PlInfo: PL Info (n12294): [25, 11], 0, 327>, 
	Sinks: [<NetNode: N: fir.x1k1_mul.u5^prod1~19_FF, P: Block (n12285): I: 1, O: 1, PlInfo: PL Info (n12285): [24, 11], 0, 325>, <>]

: Source: <NetNode: N: n16438, P: Block (n16438): I: 1, O: 1, PlInfo: PL Info (n16438): [4, 35], 0, 579>, 
	Sinks: [<NetNode: N: n16438, P: Block (n16392): I: 1, O: 1, PlInfo: PL Info (n16392): [4, 28], 0, 522>, <>]

: Source: <NetNode: N: fir.x3k3_mul.u5^prod~6_FF, P: Block (fir.x3k3_mul.u5^prod1~6_FF): I: 1, O: 1, PlInfo: PL Info (fir.x3k3_mul.u5^prod1~6_FF): [11, 19], 0, 903>, 
	Sinks: [<NetNode: N: fir.x3k3_mul.u5^prod~6_FF, P: Block (n5512): I: 1, O: 1, PlInfo: PL Info (n5512): [12, 32], 0, 13>, <NetNode: N: fir.x3k3_mul.u5^prod~6_FF, P: Block (n16392): I: 1, O: 1, PlInfo: PL Info (n16392): [4, 28], 0, 522>, <NetNode: N: fir.x3k3_mul.u5^prod~6_FF, P: Block (n16157): I: 1, O: 1, PlInfo: PL Info (n16157): [3, 28], 0, 628>, <NetNode: N: fir.x3k3_mul.u5^prod~6_FF, P: Block (n5538): I: 1, O: 1, PlInfo: PL Info (n5538): [13, 33], 0, 15>, <NetNode: N: fir.x3k3_mul.u5^prod~6_FF, P: Block (n5525): I: 1, O: 1, PlInfo: PL Info (n5525): [13, 32], 0, 14>, <NetNode: N: fir.x3k3_mul.u5^prod~6_FF, P: Block (n16596): I: 1, O: 1, PlInfo: PL Info (n16596): [3, 32], 0, 604>, <NetNode: N: fir.x3k3_mul.u5^prod~6_FF, P: Block (n16133): I: 1, O: 1, PlInfo: PL Info (n16133): [3, 31], 0, 514>, <NetNode: N: fir.x3k3_mul.u5^prod~6_FF, P: Block (n16143): I: 1, O: 1, PlInfo: PL Info (n16143): [4, 30], 0, 577>, <NetNode: N: fir.x3k3_mul.u5^prod~6_FF, P: Block (n15921): I: 1, O: 1, PlInfo: PL Info (n15921): [4, 36], 0, 511>, <NetNode: N: fir.x3k3_mul.u5^prod~6_FF, P: Block (n15924): I: 1, O: 1, PlInfo: PL Info (n15924): [4, 34], 0, 512>, <NetNode: N: fir.x3k3_mul.u5^prod~6_FF, P: Block (n15929): I: 1, O: 1, PlInfo: PL Info (n15929): [5, 33], 0, 574>, <NetNode: N: fir.x3k3_mul.u5^prod~6_FF, P: Block (n15852): I: 1, O: 1, PlInfo: PL Info (n15852): [7, 34], 0, 571>, <NetNode: N: fir.x3k3_mul.u5^prod~6_FF, P: Block (n16730): I: 1, O: 1, PlInfo: PL Info (n16730): [4, 33], 0, 590>, <NetNode: N: fir.x3k3_mul.u5^prod~6_FF, P: Block (n15645): I: 1, O: 1, PlInfo: PL Info (n15645): [11, 32], 0, 497>, <NetNode: N: fir.x3k3_mul.u5^prod~6_FF, P: Block (n15407): I: 1, O: 1, PlInfo: PL Info (n15407): [12, 25], 0, 489>, <NetNode: N: fir.x3k3_mul.u5^prod~6_FF, P: Block (n15839): I: 1, O: 1, PlInfo: PL Info (n15839): [7, 35], 0, 596>, <NetNode: N: fir.x3k3_mul.u5^prod~6_FF, P: Block (n16307): I: 1, O: 1, PlInfo: PL Info (n16307): [9, 31], 0, 518>, <NetNode: N: fir.x3k3_mul.u5^prod~6_FF, P: Block (n15471): I: 1, O: 1, PlInfo: PL Info (n15471): [11, 21], 0, 490>, <NetNode: N: fir.x3k3_mul.u5^prod~6_FF, P: Block (n16567): I: 1, O: 1, PlInfo: PL Info (n16567): [12, 36], 0, 582>, <NetNode: N: fir.x3k3_mul.u5^prod~6_FF, P: Block (n16579): I: 1, O: 1, PlInfo: PL Info (n16579): [9, 34], 0, 602>, <NetNode: N: fir.x3k3_mul.u5^prod~6_FF, P: Block (n15411): I: 1, O: 1, PlInfo: PL Info (n15411): [12, 22], 0, 526>, <NetNode: N: fir.x3k3_mul.u5^prod~6_FF, P: Block (n15670): I: 1, O: 1, PlInfo: PL Info (n15670): [7, 32], 0, 502>, <NetNode: N: fir.x3k3_mul.u5^prod~6_FF, P: Block (n15671): I: 1, O: 1, PlInfo: PL Info (n15671): [7, 29], 0, 503>, <NetNode: N: fir.x3k3_mul.u5^prod~6_FF, P: Block (n15673): I: 1, O: 1, PlInfo: PL Info (n15673): [5, 31], 0, 505>, <NetNode: N: fir.x3k3_mul.u5^prod~6_FF, P: Block (n15679): I: 1, O: 1, PlInfo: PL Info (n15679): [7, 31], 0, 506>, <NetNode: N: fir.x3k3_mul.u5^prod~6_FF, P: Block (n5733): I: 1, O: 1, PlInfo: PL Info (n5733): [13, 29], 0, 25>, <NetNode: N: fir.x3k3_mul.u5^prod~6_FF, P: Block (n16274): I: 1, O: 1, PlInfo: PL Info (n16274): [8, 27], 0, 516>, <NetNode: N: fir.x3k3_mul.u5^prod~6_FF, P: Block (n16229): I: 1, O: 1, PlInfo: PL Info (n16229): [7, 22], 0, 830>, <NetNode: N: fir.x3k3_mul.u5^prod~6_FF, P: Block (n16237): I: 1, O: 1, PlInfo: PL Info (n16237): [5, 25], 0, 800>, <NetNode: N: fir.x3k3_mul.u5^prod~6_FF, P: Block (n15390): I: 1, O: 1, PlInfo: PL Info (n15390): [8, 25], 0, 627>, <NetNode: N: fir.x3k3_mul.u5^prod~6_FF, P: Block (n16498): I: 1, O: 1, PlInfo: PL Info (n16498): [13, 31], 0, 598>, <NetNode: N: fir.x3k3_mul.u5^prod~6_FF, P: Block (n5681): I: 1, O: 1, PlInfo: PL Info (n5681): [11, 30], 0, 22>, <NetNode: N: fir.x3k3_mul.u5^prod~6_FF, P: Block (n16088): I: 1, O: 1, PlInfo: PL Info (n16088): [9, 33], 0, 576>, <NetNode: N: fir.x3k3_mul.u5^prod~6_FF, P: Block (n15715): I: 1, O: 1, PlInfo: PL Info (n15715): [8, 32], 0, 510>, <NetNode: N: fir.x3k3_mul.u5^prod~6_FF, P: Block (n15958): I: 1, O: 1, PlInfo: PL Info (n15958): [3, 30], 0, 513>, <NetNode: N: fir.x3k3_mul.u5^prod~6_FF, P: Block (n16429): I: 1, O: 1, PlInfo: PL Info (n16429): [4, 31], 0, 523>, <NetNode: N: fir.x3k3_mul.u5^prod~6_FF, P: Block (n16439): I: 1, O: 1, PlInfo: PL Info (n16439): [4, 27], 0, 580>, <NetNode: N: fir.x3k3_mul.u5^prod~6_FF, P: Block (n15361): I: 1, O: 1, PlInfo: PL Info (n15361): [12, 24], 0, 565>, <NetNode: N: fir.x3k3_mul.u5^prod~6_FF, P: Block (n16213): I: 1, O: 1, PlInfo: PL Info (n16213): [7, 23], 0, 779>, <NetNode: N: fir.x3k3_mul.u5^prod~6_FF, P: Block (n16630): I: 1, O: 1, PlInfo: PL Info (n16630): [9, 36], 0, 583>, <NetNode: N: fir.x3k3_mul.u5^prod~6_FF, P: Block (n15549): I: 1, O: 1, PlInfo: PL Info (n15549): [11, 22], 0, 493>, <NetNode: N: fir.x3k3_mul.u5^prod~6_FF, P: Block (n16650): I: 1, O: 1, PlInfo: PL Info (n16650): [5, 36], 0, 587>, <>]

: Source: <NetNode: N: n16439, P: Block (n16439): I: 1, O: 1, PlInfo: PL Info (n16439): [4, 27], 0, 580>, 
	Sinks: [<NetNode: N: n16439, P: Block (n16392): I: 1, O: 1, PlInfo: PL Info (n16392): [4, 28], 0, 522>, <>]

: Source: <NetNode: N: fir.x0k0_mul^out_o1~16_FF, P: Block (n3840): I: 1, O: 1, PlInfo: PL Info (n3840): [13, 6], 0, 102>, 
	Sinks: [<>]

: Source: <NetNode: N: fir.add0_add^out_o1~25_FF, P: Block (n2993): I: 1, O: 1, PlInfo: PL Info (n2993): [17, 6], 0, 224>, 
	Sinks: [<>]

: Source: <NetNode: N: fir.out_temp_add.u1^fracta_lt_fractb_FF, P: Block (n1661): I: 1, O: 1, PlInfo: PL Info (n1661): [19, 32], 0, 253>, 
	Sinks: [<NetNode: N: fir.out_temp_add.u1^fracta_lt_fractb_FF, P: Block (n1160): I: 1, O: 1, PlInfo: PL Info (n1160): [20, 32], 0, 275>, <>]

: Source: <NetNode: N: n8296, P: Block (n8296): I: 1, O: 1, PlInfo: PL Info (n8296): [4, 2], 0, 404>, 
	Sinks: [<NetNode: N: n8296, P: Block (n8821_1): I: 1, O: 1, PlInfo: PL Info (n8821_1): [3, 1], 0, 316>, <>]

: Source: <NetNode: N: fir.x2k2_mul^out_o1~5_FF, P: Block (n4935): I: 1, O: 1, PlInfo: PL Info (n4935): [31, 26], 0, 38>, 
	Sinks: [<>]

: Source: <NetNode: N: fir.out_temp_add.u1^fracta_out~10_FF, P: Block (n1427): I: 1, O: 1, PlInfo: PL Info (n1427): [17, 35], 0, 136>, 
	Sinks: [<NetNode: N: fir.out_temp_add.u1^fracta_out~10_FF, P: Block (n1562): I: 1, O: 1, PlInfo: PL Info (n1562): [21, 36], 0, 148>, <NetNode: N: fir.out_temp_add.u1^fracta_out~10_FF, P: Block (n1432): I: 1, O: 1, PlInfo: PL Info (n1432): [20, 35], 0, 137>, <NetNode: N: fir.out_temp_add.u1^fracta_out~10_FF, P: Block (n1462): I: 1, O: 1, PlInfo: PL Info (n1462): [20, 36], 0, 142>, <>]

: Source: <NetNode: N: fir.out_temp_add.u1^fracta_out~9_FF, P: Block (n1422): I: 1, O: 1, PlInfo: PL Info (n1422): [16, 35], 0, 135>, 
	Sinks: [<NetNode: N: fir.out_temp_add.u1^fracta_out~9_FF, P: Block (n1562): I: 1, O: 1, PlInfo: PL Info (n1562): [21, 36], 0, 148>, <NetNode: N: fir.out_temp_add.u1^fracta_out~9_FF, P: Block (n1462): I: 1, O: 1, PlInfo: PL Info (n1462): [20, 36], 0, 142>, <>]

: Source: <NetNode: N: fir.x3k3_mul^exp_r~5_FF, P: Block (fir.x3k3_mul^exp_r~4_FF): I: 1, O: 1, PlInfo: PL Info (fir.x3k3_mul^exp_r~4_FF): [8, 20], 0, 932>, 
	Sinks: [<NetNode: N: fir.x3k3_mul^exp_r~5_FF, P: Block (n16181): I: 1, O: 1, PlInfo: PL Info (n16181): [5, 20], 0, 773>, <NetNode: N: fir.x3k3_mul^exp_r~5_FF, P: Block (n16199): I: 1, O: 1, PlInfo: PL Info (n16199): [7, 20], 0, 747>, <NetNode: N: fir.x3k3_mul^exp_r~5_FF, P: Block (n15864): I: 1, O: 1, PlInfo: PL Info (n15864): [3, 24], 0, 828>, <NetNode: N: fir.x3k3_mul^exp_r~5_FF, P: Block (n15638): I: 1, O: 1, PlInfo: PL Info (n15638): [9, 29], 0, 694>, <NetNode: N: fir.x3k3_mul^exp_r~5_FF, P: Block (n15835): I: 1, O: 1, PlInfo: PL Info (n15835): [3, 22], 0, 802>, <NetNode: N: fir.x3k3_mul^exp_r~5_FF, P: Block (n16566): I: 1, O: 1, PlInfo: PL Info (n16566): [9, 28], 0, 599>, <NetNode: N: fir.x3k3_mul^exp_r~5_FF, P: Block (n16330): I: 1, O: 1, PlInfo: PL Info (n16330): [9, 24], 0, 521>, <NetNode: N: fir.x3k3_mul^exp_r~5_FF, P: Block (n15893): I: 1, O: 1, PlInfo: PL Info (n15893): [3, 23], 0, 803>, <NetNode: N: fir.x3k3_mul^exp_r~5_FF, P: Block (n15420): I: 1, O: 1, PlInfo: PL Info (n15420): [9, 20], 0, 692>, <NetNode: N: fir.x3k3_mul^exp_r~5_FF, P: Block (n15427): I: 1, O: 1, PlInfo: PL Info (n15427): [8, 23], 0, 614>, <NetNode: N: fir.x3k3_mul^exp_r~5_FF, P: Block (n16771): I: 1, O: 1, PlInfo: PL Info (n16771): [5, 23], 0, 718>, <NetNode: N: fir.x3k3_mul^exp_r~5_FF, P: Block (n16037): I: 1, O: 1, PlInfo: PL Info (n16037): [4, 25], 0, 668>, <NetNode: N: fir.x3k3_mul^exp_r~5_FF, P: Block (n16223): I: 1, O: 1, PlInfo: PL Info (n16223): [7, 24], 0, 799>, <NetNode: N: fir.x3k3_mul^exp_r~5_FF, P: Block (n15389): I: 1, O: 1, PlInfo: PL Info (n15389): [8, 24], 0, 649>, <NetNode: N: fir.x3k3_mul^exp_r~5_FF, P: Block (n15931): I: 1, O: 1, PlInfo: PL Info (n15931): [5, 21], 0, 751>, <NetNode: N: fir.x3k3_mul^exp_r~5_FF, P: Block (n15949): I: 1, O: 1, PlInfo: PL Info (n15949): [3, 26], 0, 829>, <NetNode: N: fir.x3k3_mul^exp_r~5_FF, P: Block (n15950): I: 1, O: 1, PlInfo: PL Info (n15950): [4, 24], 0, 804>, <NetNode: N: fir.x3k3_mul^exp_r~5_FF, P: Block (n16669): I: 1, O: 1, PlInfo: PL Info (n16669): [7, 25], 0, 607>, <NetNode: N: fir.x3k3_mul^exp_r~5_FF, P: Block (n16213): I: 1, O: 1, PlInfo: PL Info (n16213): [7, 23], 0, 779>, <NetNode: N: fir.x3k3_mul^exp_r~5_FF, P: Block (n16633): I: 1, O: 1, PlInfo: PL Info (n16633): [7, 26], 0, 584>, <>]

: Source: <NetNode: N: n12288, P: Block (n12288): I: 1, O: 1, PlInfo: PL Info (n12288): [28, 11], 0, 426>, 
	Sinks: [<NetNode: N: n12288, P: Block (n4610): I: 1, O: 1, PlInfo: PL Info (n4610): [29, 9], 0, 227>, <NetNode: N: n12288, P: Block (n12294): I: 1, O: 1, PlInfo: PL Info (n12294): [25, 11], 0, 327>, <NetNode: N: n12288, P: Block (n12285): I: 1, O: 1, PlInfo: PL Info (n12285): [24, 11], 0, 325>, <>]

: Source: <NetNode: N: n15350, P: Block (n15350): I: 1, O: 1, PlInfo: PL Info (n15350): [9, 25], 0, 691>, 
	Sinks: [<NetNode: N: n15350, P: Block (n15471): I: 1, O: 1, PlInfo: PL Info (n15471): [11, 21], 0, 490>, <NetNode: N: n15350, P: Block (n15477): I: 1, O: 1, PlInfo: PL Info (n15477): [12, 27], 0, 491>, <NetNode: N: n15350, P: Block (n16330): I: 1, O: 1, PlInfo: PL Info (n16330): [9, 24], 0, 521>, <NetNode: N: n15350, P: Block (n15357): I: 1, O: 1, PlInfo: PL Info (n15357): [9, 23], 0, 525>, <NetNode: N: n15350, P: Block (n5816): I: 1, O: 1, PlInfo: PL Info (n5816): [11, 26], 0, 179>, <NetNode: N: n15350, P: Block (n15549): I: 1, O: 1, PlInfo: PL Info (n15549): [11, 22], 0, 493>, <NetNode: N: n15350, P: Block (n15556): I: 1, O: 1, PlInfo: PL Info (n15556): [11, 23], 0, 494>, <>]

: Source: <NetNode: N: fir.x1k1_mul.u5^prod1~6_FF, P: Block (n12286): I: 1, O: 1, PlInfo: PL Info (n12286): [27, 10], 0, 326>, 
	Sinks: [<>]

: Source: <NetNode: N: fir.x1k1_mul.u5^prod~19_FF, P: Block (n12285): I: 1, O: 1, PlInfo: PL Info (n12285): [24, 11], 0, 325>, 
	Sinks: [<NetNode: N: fir.x1k1_mul.u5^prod~19_FF, P: Block (n4280): I: 1, O: 1, PlInfo: PL Info (n4280): [33, 2], 0, 103>, <NetNode: N: fir.x1k1_mul.u5^prod~19_FF, P: Block (n13425): I: 1, O: 1, PlInfo: PL Info (n13425): [28, 2], 0, 543>, <NetNode: N: fir.x1k1_mul.u5^prod~19_FF, P: Block (n12334): I: 1, O: 1, PlInfo: PL Info (n12334): [29, 13], 0, 538>, <NetNode: N: fir.x1k1_mul.u5^prod~19_FF, P: Block (n12318): I: 1, O: 1, PlInfo: PL Info (n12318): [28, 10], 0, 330>, <NetNode: N: fir.x1k1_mul.u5^prod~19_FF, P: Block (n12790): I: 1, O: 1, PlInfo: PL Info (n12790): [27, 1], 0, 440>, <NetNode: N: fir.x1k1_mul.u5^prod~19_FF, P: Block (n13636): I: 1, O: 1, PlInfo: PL Info (n13636): [32, 1], 0, 453>, <NetNode: N: fir.x1k1_mul.u5^prod~19_FF, P: Block (n12786): I: 1, O: 1, PlInfo: PL Info (n12786): [27, 2], 0, 438>, <NetNode: N: fir.x1k1_mul.u5^prod~19_FF, P: Block (n13447): I: 1, O: 1, PlInfo: PL Info (n13447): [24, 4], 0, 546>, <NetNode: N: fir.x1k1_mul.u5^prod~19_FF, P: Block (n13443): I: 1, O: 1, PlInfo: PL Info (n13443): [33, 8], 0, 545>, <NetNode: N: fir.x1k1_mul.u5^prod~19_FF, P: Block (n12350): I: 1, O: 1, PlInfo: PL Info (n12350): [29, 12], 0, 689>, <NetNode: N: fir.x1k1_mul.u5^prod~19_FF, P: Block (n12583): I: 1, O: 1, PlInfo: PL Info (n12583): [32, 5], 0, 432>, <NetNode: N: fir.x1k1_mul.u5^prod~19_FF, P: Block (n13032): I: 1, O: 1, PlInfo: PL Info (n13032): [36, 15], 0, 806>, <NetNode: N: fir.x1k1_mul.u5^prod~19_FF, P: Block (n13012): I: 1, O: 1, PlInfo: PL Info (n13012): [28, 9], 0, 541>, <NetNode: N: fir.x1k1_mul.u5^prod~19_FF, P: Block (n13251): I: 1, O: 1, PlInfo: PL Info (n13251): [36, 9], 0, 776>, <NetNode: N: fir.x1k1_mul.u5^prod~19_FF, P: Block (n13072): I: 1, O: 1, PlInfo: PL Info (n13072): [35, 6], 0, 349>, <NetNode: N: fir.x1k1_mul.u5^prod~19_FF, P: Block (n13064): I: 1, O: 1, PlInfo: PL Info (n13064): [28, 3], 0, 348>, <NetNode: N: fir.x1k1_mul.u5^prod~19_FF, P: Block (n4610): I: 1, O: 1, PlInfo: PL Info (n4610): [29, 9], 0, 227>, <NetNode: N: fir.x1k1_mul.u5^prod~19_FF, P: Block (n13292): I: 1, O: 1, PlInfo: PL Info (n13292): [35, 11], 0, 822>, <NetNode: N: fir.x1k1_mul.u5^prod~19_FF, P: Block (n13037): I: 1, O: 1, PlInfo: PL Info (n13037): [36, 12], 0, 831>, <NetNode: N: fir.x1k1_mul.u5^prod~19_FF, P: Block (n12915): I: 1, O: 1, PlInfo: PL Info (n12915): [33, 15], 0, 805>, <NetNode: N: fir.x1k1_mul.u5^prod~19_FF, P: Block (n4384): I: 1, O: 1, PlInfo: PL Info (n4384): [31, 2], 0, 105>, <NetNode: N: fir.x1k1_mul.u5^prod~19_FF, P: Block (n12538): I: 1, O: 1, PlInfo: PL Info (n12538): [29, 4], 0, 341>, <NetNode: N: fir.x1k1_mul.u5^prod~19_FF, P: Block (n13625): I: 1, O: 1, PlInfo: PL Info (n13625): [32, 3], 0, 451>, <NetNode: N: fir.x1k1_mul.u5^prod~19_FF, P: Block (n12524): I: 1, O: 1, PlInfo: PL Info (n12524): [31, 7], 0, 333>, <NetNode: N: fir.x1k1_mul.u5^prod~19_FF, P: Block (n13545): I: 1, O: 1, PlInfo: PL Info (n13545): [27, 7], 0, 549>, <NetNode: N: fir.x1k1_mul.u5^prod~19_FF, P: Block (n12673): I: 1, O: 1, PlInfo: PL Info (n12673): [25, 1], 0, 434>, <NetNode: N: fir.x1k1_mul.u5^prod~19_FF, P: Block (n12430): I: 1, O: 1, PlInfo: PL Info (n12430): [28, 15], 0, 739>, <NetNode: N: fir.x1k1_mul.u5^prod~19_FF, P: Block (n13519): I: 1, O: 1, PlInfo: PL Info (n13519): [24, 6], 0, 548>, <NetNode: N: fir.x1k1_mul.u5^prod~19_FF, P: Block (n13591): I: 1, O: 1, PlInfo: PL Info (n13591): [25, 3], 0, 552>, <NetNode: N: fir.x1k1_mul.u5^prod~19_FF, P: Block (n13328): I: 1, O: 1, PlInfo: PL Info (n13328): [35, 7], 0, 448>, <NetNode: N: fir.x1k1_mul.u5^prod~19_FF, P: Block (n13566): I: 1, O: 1, PlInfo: PL Info (n13566): [35, 9], 0, 666>, <NetNode: N: fir.x1k1_mul.u5^prod~19_FF, P: Block (n13321): I: 1, O: 1, PlInfo: PL Info (n13321): [35, 2], 0, 446>, <NetNode: N: fir.x1k1_mul.u5^prod~19_FF, P: Block (n12297): I: 1, O: 1, PlInfo: PL Info (n12297): [27, 13], 0, 328>, <NetNode: N: fir.x1k1_mul.u5^prod~19_FF, P: Block (n13386): I: 1, O: 1, PlInfo: PL Info (n13386): [24, 1], 0, 735>, <NetNode: N: fir.x1k1_mul.u5^prod~19_FF, P: Block (n12294): I: 1, O: 1, PlInfo: PL Info (n12294): [25, 11], 0, 327>, <NetNode: N: fir.x1k1_mul.u5^prod~19_FF, P: Block (n12288): I: 1, O: 1, PlInfo: PL Info (n12288): [28, 11], 0, 426>, <NetNode: N: fir.x1k1_mul.u5^prod~19_FF, P: Block (n4527): I: 1, O: 1, PlInfo: PL Info (n4527): [23, 5], 0, 7>, <NetNode: N: fir.x1k1_mul.u5^prod~19_FF, P: Block (n13157): I: 1, O: 1, PlInfo: PL Info (n13157): [33, 14], 0, 778>, <>]

: Source: <NetNode: N: n15112, P: Block (n15112): I: 1, O: 1, PlInfo: PL Info (n15112): [29, 18], 0, 486>, 
	Sinks: [<NetNode: N: n15112, P: Block (n4883): I: 1, O: 1, PlInfo: PL Info (n4883): [29, 22], 0, 108>, <>]

: Source: <NetNode: N: n16443, P: Block (n16443): I: 1, O: 1, PlInfo: PL Info (n16443): [3, 33], 0, 581>, 
	Sinks: [<NetNode: N: n16443, P: Block (n15921): I: 1, O: 1, PlInfo: PL Info (n15921): [4, 36], 0, 511>, <NetNode: N: n16443, P: Block (n5499): I: 1, O: 1, PlInfo: PL Info (n5499): [12, 34], 0, 43>, <NetNode: N: n16443, P: Block (n5486): I: 1, O: 1, PlInfo: PL Info (n5486): [11, 34], 0, 12>, <NetNode: N: n16443, P: Block (n15958): I: 1, O: 1, PlInfo: PL Info (n15958): [3, 30], 0, 513>, <>]

: Source: <NetNode: N: n15357, P: Block (n15357): I: 1, O: 1, PlInfo: PL Info (n15357): [9, 23], 0, 525>, 
	Sinks: [<NetNode: N: n15357, P: Block (n16330): I: 1, O: 1, PlInfo: PL Info (n16330): [9, 24], 0, 521>, <NetNode: N: n15357, P: Block (n15487): I: 1, O: 1, PlInfo: PL Info (n15487): [13, 23], 0, 492>, <NetNode: N: n15357, P: Block (n15350): I: 1, O: 1, PlInfo: PL Info (n15350): [9, 25], 0, 691>, <NetNode: N: n15357, P: Block (n15361): I: 1, O: 1, PlInfo: PL Info (n15361): [12, 24], 0, 565>, <NetNode: N: n15357, P: Block (n15562): I: 1, O: 1, PlInfo: PL Info (n15562): [11, 25], 0, 495>, <>]

: Source: <NetNode: N: n12280, P: Block (n12280): I: 1, O: 1, PlInfo: PL Info (n12280): [27, 11], 0, 425>, 
	Sinks: [<NetNode: N: n12280, P: Block (n12285): I: 1, O: 1, PlInfo: PL Info (n12285): [24, 11], 0, 325>, <>]

: Source: <NetNode: N: n16205, P: Block (n16205): I: 1, O: 1, PlInfo: PL Info (n16205): [3, 20], 0, 850>, 
	Sinks: [<NetNode: N: n16205, P: Block (n16199): I: 1, O: 1, PlInfo: PL Info (n16199): [7, 20], 0, 747>, <>]

: Source: <NetNode: N: n9171, P: Block (n9171): I: 1, O: 1, PlInfo: PL Info (n9171): [13, 12], 0, 889>, 
	Sinks: [<NetNode: N: n9171, P: Block (n3148): I: 1, O: 1, PlInfo: PL Info (n3148): [20, 10], 0, 250>, <NetNode: N: n9171, P: Block (n2749): I: 1, O: 1, PlInfo: PL Info (n2749): [19, 10], 0, 200>, <>]

: Source: <NetNode: N: n8845_1, P: Block (n8845_1): I: 1, O: 1, PlInfo: PL Info (n8845_1): [11, 5], 0, 414>, 
	Sinks: [<NetNode: N: n8845_1, P: Block (n655): I: 1, O: 1, PlInfo: PL Info (n655): [9, 5], 0, 28>, <>]

: Source: <NetNode: N: fir.x3k3_mul^out_o1~25_FF, P: Block (n5816): I: 1, O: 1, PlInfo: PL Info (n5816): [11, 26], 0, 179>, 
	Sinks: [<>]

: Source: <NetNode: N: fir.add1_add^out_o1~3_FF, P: Block (n1697): I: 1, O: 1, PlInfo: PL Info (n1697): [33, 28], 0, 207>, 
	Sinks: [<NetNode: N: fir.add1_add^out_o1~3_FF, P: Block (n1407): I: 1, O: 1, PlInfo: PL Info (n1407): [16, 36], 0, 133>, <>]

: Source: <NetNode: N: fir.add0_add.u1^fracta_lt_fractb_FF, P: Block (n3635): I: 1, O: 1, PlInfo: PL Info (n3635): [13, 11], 0, 252>, 
	Sinks: [<NetNode: N: fir.add0_add.u1^fracta_lt_fractb_FF, P: Block (n3621): I: 1, O: 1, PlInfo: PL Info (n3621): [20, 11], 0, 76>, <>]

: Source: <NetNode: N: fir.out_temp_add.u1^fracta_out~16_FF, P: Block (n1457): I: 1, O: 1, PlInfo: PL Info (n1457): [17, 30], 0, 141>, 
	Sinks: [<NetNode: N: fir.out_temp_add.u1^fracta_out~16_FF, P: Block (n1592): I: 1, O: 1, PlInfo: PL Info (n1592): [21, 35], 0, 150>, <NetNode: N: fir.out_temp_add.u1^fracta_out~16_FF, P: Block (n1432): I: 1, O: 1, PlInfo: PL Info (n1432): [20, 35], 0, 137>, <NetNode: N: fir.out_temp_add.u1^fracta_out~16_FF, P: Block (n1462): I: 1, O: 1, PlInfo: PL Info (n1462): [20, 36], 0, 142>, <>]

: Source: <NetNode: N: fir.add0_add^out_o1~11_FF, P: Block (n2788): I: 1, O: 1, PlInfo: PL Info (n2788): [15, 4], 0, 202>, 
	Sinks: [<>]

: Source: <NetNode: N: fir.add1_add^fract_out_q~15_FF, P: Block (n2304): I: 1, O: 1, PlInfo: PL Info (n2304): [32, 32], 0, 261>, 
	Sinks: [<NetNode: N: fir.add1_add^fract_out_q~15_FF, P: Block (n2479): I: 1, O: 1, PlInfo: PL Info (n2479): [31, 30], 0, 170>, <NetNode: N: fir.add1_add^fract_out_q~15_FF, P: Block (n9737_1): I: 1, O: 1, PlInfo: PL Info (n9737_1): [35, 36], 0, 651>, <NetNode: N: fir.add1_add^fract_out_q~15_FF, P: Block (n2032): I: 1, O: 1, PlInfo: PL Info (n2032): [32, 30], 0, 236>, <NetNode: N: fir.add1_add^fract_out_q~15_FF, P: Block (n2279): I: 1, O: 1, PlInfo: PL Info (n2279): [32, 33], 0, 271>, <NetNode: N: fir.add1_add^fract_out_q~15_FF, P: Block (n9739): I: 1, O: 1, PlInfo: PL Info (n9739): [36, 35], 0, 652>, <NetNode: N: fir.add1_add^fract_out_q~15_FF, P: Block (n1814): I: 1, O: 1, PlInfo: PL Info (n1814): [31, 33], 0, 127>, <NetNode: N: fir.add1_add^fract_out_q~15_FF, P: Block (n1944): I: 1, O: 1, PlInfo: PL Info (n1944): [31, 34], 0, 130>, <NetNode: N: fir.add1_add^fract_out_q~15_FF, P: Block (n1775): I: 1, O: 1, PlInfo: PL Info (n1775): [36, 34], 0, 208>, <NetNode: N: fir.add1_add^fract_out_q~15_FF, P: Block (n9669_1): I: 1, O: 1, PlInfo: PL Info (n9669_1): [33, 32], 0, 636>, <NetNode: N: fir.add1_add^fract_out_q~15_FF, P: Block (n9834): I: 1, O: 1, PlInfo: PL Info (n9834): [31, 35], 0, 655>, <NetNode: N: fir.add1_add^fract_out_q~15_FF, P: Block (n9835): I: 1, O: 1, PlInfo: PL Info (n9835): [33, 35], 0, 656>, <NetNode: N: fir.add1_add^fract_out_q~15_FF, P: Block (n1931): I: 1, O: 1, PlInfo: PL Info (n1931): [33, 36], 0, 213>, <NetNode: N: fir.add1_add^fract_out_q~15_FF, P: Block (n1866): I: 1, O: 1, PlInfo: PL Info (n1866): [36, 33], 0, 211>, <>]

: Source: <NetNode: N: n12279, P: Block (n12279): I: 1, O: 1, PlInfo: PL Info (n12279): [24, 12], 0, 424>, 
	Sinks: [<NetNode: N: n12279, P: Block (n8331): I: 1, O: 1, PlInfo: PL Info (n8331): [27, 9], 0, 288>, <NetNode: N: n12279, P: Block (n12302): I: 1, O: 1, PlInfo: PL Info (n12302): [25, 10], 0, 329>, <NetNode: N: n12279, P: Block (n12252): I: 1, O: 1, PlInfo: PL Info (n12252): [27, 14], 0, 423>, <NetNode: N: n12279, P: Block (n12297): I: 1, O: 1, PlInfo: PL Info (n12297): [27, 13], 0, 328>, <NetNode: N: n12279, P: Block (n12285): I: 1, O: 1, PlInfo: PL Info (n12285): [24, 11], 0, 325>, <NetNode: N: n12279, P: Block (n12273): I: 1, O: 1, PlInfo: PL Info (n12273): [25, 12], 0, 324>, <>]

: Source: <NetNode: N: n15361, P: Block (n15361): I: 1, O: 1, PlInfo: PL Info (n15361): [12, 24], 0, 565>, 
	Sinks: [<NetNode: N: n15361, P: Block (n15407): I: 1, O: 1, PlInfo: PL Info (n15407): [12, 25], 0, 489>, <NetNode: N: n15361, P: Block (n16322): I: 1, O: 1, PlInfo: PL Info (n16322): [9, 26], 0, 519>, <NetNode: N: n15361, P: Block (n15357): I: 1, O: 1, PlInfo: PL Info (n15357): [9, 23], 0, 525>, <>]

: Source: <NetNode: N: n16692, P: Block (n16692): I: 1, O: 1, PlInfo: PL Info (n16692): [8, 35], 0, 588>, 
	Sinks: [<NetNode: N: n16692, P: Block (n16323): I: 1, O: 1, PlInfo: PL Info (n16323): [8, 34], 0, 520>, <>]

: Source: <NetNode: N: fir.x1k1_mul.u2^exp_out~5_FF, P: Block (n4729): I: 1, O: 1, PlInfo: PL Info (n4729): [23, 10], 0, 256>, 
	Sinks: [<NetNode: N: fir.x1k1_mul.u2^exp_out~5_FF, P: Block (n4649): I: 1, O: 1, PlInfo: PL Info (n4649): [25, 9], 0, 219>, <>]

: Source: <NetNode: N: n15122, P: Block (n15122): I: 1, O: 1, PlInfo: PL Info (n15122): [28, 25], 0, 379>, 
	Sinks: [<NetNode: N: n15122, P: Block (n5065): I: 1, O: 1, PlInfo: PL Info (n5065): [28, 23], 0, 110>, <NetNode: N: n15122, P: Block (n4935): I: 1, O: 1, PlInfo: PL Info (n4935): [31, 26], 0, 38>, <>]

: Source: <NetNode: N: fir.x1k1_mul.u5^prod1~10_FF, P: Block (n12273): I: 1, O: 1, PlInfo: PL Info (n12273): [25, 12], 0, 324>, 
	Sinks: [<NetNode: N: fir.x1k1_mul.u5^prod1~10_FF, P: Block (n8331): I: 1, O: 1, PlInfo: PL Info (n8331): [27, 9], 0, 288>, <>]

: Source: <NetNode: N: n13120, P: Block (n13120): I: 1, O: 1, PlInfo: PL Info (n13120): [32, 13], 0, 809>, 
	Sinks: [<NetNode: N: n13120, P: Block (n13012): I: 1, O: 1, PlInfo: PL Info (n13012): [28, 9], 0, 541>, <>]

: Source: <NetNode: N: n16213, P: Block (n16213): I: 1, O: 1, PlInfo: PL Info (n16213): [7, 23], 0, 779>, 
	Sinks: [<NetNode: N: n16213, P: Block (n16771): I: 1, O: 1, PlInfo: PL Info (n16771): [5, 23], 0, 718>, <>]

: Source: <NetNode: N: n13360, P: Block (n13360): I: 1, O: 1, PlInfo: PL Info (n13360): [31, 6], 0, 352>, 
	Sinks: [<NetNode: N: n13360, P: Block (n12524): I: 1, O: 1, PlInfo: PL Info (n12524): [31, 7], 0, 333>, <>]

: Source: <NetNode: N: n16698, P: Block (n16698): I: 1, O: 1, PlInfo: PL Info (n16698): [11, 36], 0, 589>, 
	Sinks: [<NetNode: N: n16698, P: Block (n5512): I: 1, O: 1, PlInfo: PL Info (n5512): [12, 32], 0, 13>, <>]

: Source: <NetNode: N: n16219, P: Block (n16219): I: 1, O: 1, PlInfo: PL Info (n16219): [4, 22], 0, 798>, 
	Sinks: [<NetNode: N: n16219, P: Block (n16213): I: 1, O: 1, PlInfo: PL Info (n16213): [7, 23], 0, 779>, <>]

: Source: <NetNode: N: fir.out_temp_add.u1^fracta_out~13_FF, P: Block (n1442): I: 1, O: 1, PlInfo: PL Info (n1442): [19, 36], 0, 139>, 
	Sinks: [<NetNode: N: fir.out_temp_add.u1^fracta_out~13_FF, P: Block (n1572): I: 1, O: 1, PlInfo: PL Info (n1572): [20, 34], 0, 149>, <NetNode: N: fir.out_temp_add.u1^fracta_out~13_FF, P: Block (n1432): I: 1, O: 1, PlInfo: PL Info (n1432): [20, 35], 0, 137>, <NetNode: N: fir.out_temp_add.u1^fracta_out~13_FF, P: Block (n1462): I: 1, O: 1, PlInfo: PL Info (n1462): [20, 36], 0, 142>, <>]

: Source: <NetNode: N: fir.add1_add^out_o1~2_FF, P: Block (n1684): I: 1, O: 1, PlInfo: PL Info (n1684): [35, 30], 0, 206>, 
	Sinks: [<>]

: Source: <NetNode: N: n11936_1, P: Block (n11936_1): I: 1, O: 1, PlInfo: PL Info (n11936_1): [15, 14], 0, 726>, 
	Sinks: [<NetNode: N: n11936_1, P: Block (n3406): I: 1, O: 1, PlInfo: PL Info (n3406): [19, 11], 0, 60>, <>]

: Source: <NetNode: N: fir.x0k0_mul.u5^prod~12_FF, P: Block (n7708_1): I: 1, O: 1, PlInfo: PL Info (n7708_1): [5, 17], 0, 528>, 
	Sinks: [<NetNode: N: fir.x0k0_mul.u5^prod~12_FF, P: Block (n7970_1): I: 1, O: 1, PlInfo: PL Info (n7970_1): [5, 3], 0, 303>, <NetNode: N: fir.x0k0_mul.u5^prod~12_FF, P: Block (n7703): I: 1, O: 1, PlInfo: PL Info (n7703): [8, 13], 0, 527>, <NetNode: N: fir.x0k0_mul.u5^prod~12_FF, P: Block (n8761_1): I: 1, O: 1, PlInfo: PL Info (n8761_1): [3, 7], 0, 314>, <NetNode: N: fir.x0k0_mul.u5^prod~12_FF, P: Block (n7733): I: 1, O: 1, PlInfo: PL Info (n7733): [4, 17], 0, 385>, <NetNode: N: fir.x0k0_mul.u5^prod~12_FF, P: Block (n7725): I: 1, O: 1, PlInfo: PL Info (n7725): [3, 17], 0, 592>, <NetNode: N: fir.x0k0_mul.u5^prod~12_FF, P: Block (n7994): I: 1, O: 1, PlInfo: PL Info (n7994): [5, 5], 0, 304>, <NetNode: N: fir.x0k0_mul.u5^prod~12_FF, P: Block (n8852): I: 1, O: 1, PlInfo: PL Info (n8852): [5, 2], 0, 415>, <NetNode: N: fir.x0k0_mul.u5^prod~12_FF, P: Block (n8615): I: 1, O: 1, PlInfo: PL Info (n8615): [3, 9], 0, 408>, <NetNode: N: fir.x0k0_mul.u5^prod~12_FF, P: Block (n8638): I: 1, O: 1, PlInfo: PL Info (n8638): [11, 16], 0, 815>, <NetNode: N: fir.x0k0_mul.u5^prod~12_FF, P: Block (n8249_1): I: 1, O: 1, PlInfo: PL Info (n8249_1): [3, 5], 0, 398>, <NetNode: N: fir.x0k0_mul.u5^prod~12_FF, P: Block (n8201): I: 1, O: 1, PlInfo: PL Info (n8201): [7, 2], 0, 396>, <NetNode: N: fir.x0k0_mul.u5^prod~12_FF, P: Block (n8436): I: 1, O: 1, PlInfo: PL Info (n8436): [11, 15], 0, 793>, <NetNode: N: fir.x0k0_mul.u5^prod~12_FF, P: Block (n8107): I: 1, O: 1, PlInfo: PL Info (n8107): [9, 16], 0, 774>, <NetNode: N: fir.x0k0_mul.u5^prod~12_FF, P: Block (n8333): I: 1, O: 1, PlInfo: PL Info (n8333): [11, 11], 0, 623>, <NetNode: N: fir.x0k0_mul.u5^prod~12_FF, P: Block (n8161): I: 1, O: 1, PlInfo: PL Info (n8161): [4, 4], 0, 305>, <NetNode: N: fir.x0k0_mul.u5^prod~12_FF, P: Block (n9005_1): I: 1, O: 1, PlInfo: PL Info (n9005_1): [8, 7], 0, 321>, <NetNode: N: fir.x0k0_mul.u5^prod~12_FF, P: Block (n7951_1): I: 1, O: 1, PlInfo: PL Info (n7951_1): [4, 6], 0, 299>, <NetNode: N: fir.x0k0_mul.u5^prod~12_FF, P: Block (n8173): I: 1, O: 1, PlInfo: PL Info (n8173): [7, 6], 0, 306>, <NetNode: N: fir.x0k0_mul.u5^prod~12_FF, P: Block (n3723): I: 1, O: 1, PlInfo: PL Info (n3723): [8, 1], 0, 98>, <NetNode: N: fir.x0k0_mul.u5^prod~12_FF, P: Block (n7762_1): I: 1, O: 1, PlInfo: PL Info (n7762_1): [7, 16], 0, 389>, <NetNode: N: fir.x0k0_mul.u5^prod~12_FF, P: Block (n7786_1): I: 1, O: 1, PlInfo: PL Info (n7786_1): [5, 15], 0, 294>, <NetNode: N: fir.x0k0_mul.u5^prod~12_FF, P: Block (n8918): I: 1, O: 1, PlInfo: PL Info (n8918): [9, 9], 0, 419>, <NetNode: N: fir.x0k0_mul.u5^prod~12_FF, P: Block (n8703): I: 1, O: 1, PlInfo: PL Info (n8703): [4, 1], 0, 311>, <NetNode: N: fir.x0k0_mul.u5^prod~12_FF, P: Block (n8710): I: 1, O: 1, PlInfo: PL Info (n8710): [3, 6], 0, 312>, <NetNode: N: fir.x0k0_mul.u5^prod~12_FF, P: Block (n8975): I: 1, O: 1, PlInfo: PL Info (n8975): [1, 3], 0, 319>, <NetNode: N: fir.x0k0_mul.u5^prod~12_FF, P: Block (n8292_1): I: 1, O: 1, PlInfo: PL Info (n8292_1): [11, 1], 0, 402>, <NetNode: N: fir.x0k0_mul.u5^prod~12_FF, P: Block (n8873_1): I: 1, O: 1, PlInfo: PL Info (n8873_1): [12, 2], 0, 536>, <NetNode: N: fir.x0k0_mul.u5^prod~12_FF, P: Block (n8691): I: 1, O: 1, PlInfo: PL Info (n8691): [3, 2], 0, 410>, <NetNode: N: fir.x0k0_mul.u5^prod~12_FF, P: Block (n8297_1): I: 1, O: 1, PlInfo: PL Info (n8297_1): [7, 1], 0, 405>, <NetNode: N: fir.x0k0_mul.u5^prod~12_FF, P: Block (n8479): I: 1, O: 1, PlInfo: PL Info (n8479): [12, 16], 0, 794>, <NetNode: N: fir.x0k0_mul.u5^prod~12_FF, P: Block (n8712_1): I: 1, O: 1, PlInfo: PL Info (n8712_1): [7, 10], 0, 313>, <NetNode: N: fir.x0k0_mul.u5^prod~12_FF, P: Block (n9106): I: 1, O: 1, PlInfo: PL Info (n9106): [4, 10], 0, 323>, <NetNode: N: fir.x0k0_mul.u5^prod~12_FF, P: Block (n8821_1): I: 1, O: 1, PlInfo: PL Info (n8821_1): [3, 1], 0, 316>, <NetNode: N: fir.x0k0_mul.u5^prod~12_FF, P: Block (n8275): I: 1, O: 1, PlInfo: PL Info (n8275): [9, 3], 0, 400>, <NetNode: N: fir.x0k0_mul.u5^prod~12_FF, P: Block (n3827): I: 1, O: 1, PlInfo: PL Info (n3827): [12, 6], 0, 101>, <NetNode: N: fir.x0k0_mul.u5^prod~12_FF, P: Block (n8296): I: 1, O: 1, PlInfo: PL Info (n8296): [4, 2], 0, 404>, <NetNode: N: fir.x0k0_mul.u5^prod~12_FF, P: Block (n8845_1): I: 1, O: 1, PlInfo: PL Info (n8845_1): [11, 5], 0, 414>, <NetNode: N: fir.x0k0_mul.u5^prod~12_FF, P: Block (n3658): I: 1, O: 1, PlInfo: PL Info (n3658): [9, 8], 0, 29>, <NetNode: N: fir.x0k0_mul.u5^prod~12_FF, P: Block (n3645): I: 1, O: 1, PlInfo: PL Info (n3645): [8, 5], 0, 96>, <>]

: Source: <NetNode: N: fir.out_temp_add.u1^fracta_out~14_FF, P: Block (n1447): I: 1, O: 1, PlInfo: PL Info (n1447): [19, 35], 0, 140>, 
	Sinks: [<NetNode: N: fir.out_temp_add.u1^fracta_out~14_FF, P: Block (n1572): I: 1, O: 1, PlInfo: PL Info (n1572): [20, 34], 0, 149>, <NetNode: N: fir.out_temp_add.u1^fracta_out~14_FF, P: Block (n1432): I: 1, O: 1, PlInfo: PL Info (n1432): [20, 35], 0, 137>, <NetNode: N: fir.out_temp_add.u1^fracta_out~14_FF, P: Block (n1462): I: 1, O: 1, PlInfo: PL Info (n1462): [20, 36], 0, 142>, <>]

: Source: <NetNode: N: fir.x3k3_mul^out_o1~24_FF, P: Block (n5803): I: 1, O: 1, PlInfo: PL Info (n5803): [8, 29], 0, 91>, 
	Sinks: [<NetNode: N: fir.x3k3_mul^out_o1~24_FF, P: Block (n15635): I: 1, O: 1, PlInfo: PL Info (n15635): [8, 26], 0, 788>, <>]

: Source: <NetNode: N: fir.x0k0_mul.u5^prod1~23_FF, P: Block (n7772_1): I: 1, O: 1, PlInfo: PL Info (n7772_1): [3, 15], 0, 391>, 
	Sinks: [<>]

: Source: <NetNode: N: fir.add0_add^out_o1~10_FF, P: Block (n2775): I: 1, O: 1, PlInfo: PL Info (n2775): [24, 26], 0, 232>, 
	Sinks: [<>]

: Source: <NetNode: N: fir.x0k0_mul^out_o1~18_FF, P: Block (n3866): I: 1, O: 1, PlInfo: PL Info (n3866): [11, 6], 0, 31>, 
	Sinks: [<>]

: Source: <NetNode: N: fir.out_temp_add.u1^exp_dn_out~4_FF, P: Block (n1201): I: 1, O: 1, PlInfo: PL Info (n1201): [24, 33], 0, 247>, 
	Sinks: [<NetNode: N: fir.out_temp_add.u1^exp_dn_out~4_FF, P: Block (n1192): I: 1, O: 1, PlInfo: PL Info (n1192): [23, 31], 0, 246>, <>]

: Source: <NetNode: N: fir.add0_add.u1^sign_FF, P: Block (n3621): I: 1, O: 1, PlInfo: PL Info (n3621): [20, 11], 0, 76>, 
	Sinks: [<NetNode: N: fir.add0_add.u1^sign_FF, P: Block (n3071): I: 1, O: 1, PlInfo: PL Info (n3071): [21, 6], 0, 48>, <>]

: Source: <NetNode: N: n14208, P: Block (n14208): I: 1, O: 1, PlInfo: PL Info (n14208): [33, 18], 0, 556>, 
	Sinks: [<NetNode: N: n14208, P: Block (n15134): I: 1, O: 1, PlInfo: PL Info (n15134): [33, 20], 0, 380>, <>]

: Source: <NetNode: N: fir.x1k1_mul.u2^exp_out~3_FF, P: Block (n4711): I: 1, O: 1, PlInfo: PL Info (n4711): [24, 10], 0, 267>, 
	Sinks: [<>]

: Source: <NetNode: N: n13359, P: Block (n13359): I: 1, O: 1, PlInfo: PL Info (n13359): [32, 10], 0, 351>, 
	Sinks: [<NetNode: N: n13359, P: Block (n12524): I: 1, O: 1, PlInfo: PL Info (n12524): [31, 7], 0, 333>, <>]

: Source: <NetNode: N: n7961_1, P: Block (n7961_1): I: 1, O: 1, PlInfo: PL Info (n7961_1): [7, 3], 0, 301>, 
	Sinks: [<NetNode: N: n7961_1, P: Block (n8892_1): I: 1, O: 1, PlInfo: PL Info (n8892_1): [11, 7], 0, 417>, <NetNode: N: n7961_1, P: Block (n8835): I: 1, O: 1, PlInfo: PL Info (n8835): [3, 13], 0, 413>, <NetNode: N: n7961_1, P: Block (n7766): I: 1, O: 1, PlInfo: PL Info (n7766): [7, 8], 0, 390>, <NetNode: N: n7961_1, P: Block (n8898): I: 1, O: 1, PlInfo: PL Info (n8898): [13, 3], 0, 418>, <NetNode: N: n7961_1, P: Block (n8891): I: 1, O: 1, PlInfo: PL Info (n8891): [4, 9], 0, 416>, <NetNode: N: n7961_1, P: Block (n8201): I: 1, O: 1, PlInfo: PL Info (n8201): [7, 2], 0, 396>, <NetNode: N: n7961_1, P: Block (n3710): I: 1, O: 1, PlInfo: PL Info (n3710): [8, 2], 0, 4>, <NetNode: N: n7961_1, P: Block (n9005_1): I: 1, O: 1, PlInfo: PL Info (n9005_1): [8, 7], 0, 321>, <NetNode: N: n7961_1, P: Block (n7951_1): I: 1, O: 1, PlInfo: PL Info (n7951_1): [4, 6], 0, 299>, <NetNode: N: n7961_1, P: Block (n3723): I: 1, O: 1, PlInfo: PL Info (n3723): [8, 1], 0, 98>, <NetNode: N: n7961_1, P: Block (n8848_1): I: 1, O: 1, PlInfo: PL Info (n8848_1): [13, 4], 0, 317>, <NetNode: N: n7961_1, P: Block (n3762): I: 1, O: 1, PlInfo: PL Info (n3762): [11, 3], 0, 5>, <NetNode: N: n7961_1, P: Block (n7960_1): I: 1, O: 1, PlInfo: PL Info (n7960_1): [5, 4], 0, 300>, <NetNode: N: n7961_1, P: Block (n8167_1): I: 1, O: 1, PlInfo: PL Info (n8167_1): [12, 1], 0, 395>, <NetNode: N: n7961_1, P: Block (n8849_1): I: 1, O: 1, PlInfo: PL Info (n8849_1): [8, 3], 0, 318>, <NetNode: N: n7961_1, P: Block (n8703): I: 1, O: 1, PlInfo: PL Info (n8703): [4, 1], 0, 311>, <NetNode: N: n7961_1, P: Block (n8710): I: 1, O: 1, PlInfo: PL Info (n8710): [3, 6], 0, 312>, <NetNode: N: n7961_1, P: Block (n8775): I: 1, O: 1, PlInfo: PL Info (n8775): [4, 3], 0, 315>, <NetNode: N: n7961_1, P: Block (n8873_1): I: 1, O: 1, PlInfo: PL Info (n8873_1): [12, 2], 0, 536>, <NetNode: N: n7961_1, P: Block (n8225): I: 1, O: 1, PlInfo: PL Info (n8225): [3, 4], 0, 534>, <NetNode: N: n7961_1, P: Block (n8691): I: 1, O: 1, PlInfo: PL Info (n8691): [3, 2], 0, 410>, <NetNode: N: n7961_1, P: Block (n8692): I: 1, O: 1, PlInfo: PL Info (n8692): [4, 8], 0, 411>, <NetNode: N: n7961_1, P: Block (n8297_1): I: 1, O: 1, PlInfo: PL Info (n8297_1): [7, 1], 0, 405>, <NetNode: N: n7961_1, P: Block (n8712_1): I: 1, O: 1, PlInfo: PL Info (n8712_1): [7, 10], 0, 313>, <NetNode: N: n7961_1, P: Block (n8275): I: 1, O: 1, PlInfo: PL Info (n8275): [9, 3], 0, 400>, <NetNode: N: n7961_1, P: Block (n8299): I: 1, O: 1, PlInfo: PL Info (n8299): [5, 1], 0, 406>, <NetNode: N: n7961_1, P: Block (n8296): I: 1, O: 1, PlInfo: PL Info (n8296): [4, 2], 0, 404>, <NetNode: N: n7961_1, P: Block (n3671): I: 1, O: 1, PlInfo: PL Info (n3671): [7, 4], 0, 97>, <>]

: Source: <NetNode: N: n12027, P: Block (n12027): I: 1, O: 1, PlInfo: PL Info (n12027): [13, 16], 0, 841>, 
	Sinks: [<NetNode: N: n12027, P: Block (n3376): I: 1, O: 1, PlInfo: PL Info (n3376): [16, 13], 0, 54>, <>]

: Source: <NetNode: N: lo2269, P: Block (lo2269): I: 1, O: 1, PlInfo: PL Info (lo2269): [11, 18], 0, 947>, 
	Sinks: [<NetNode: N: lo2269, P: Block (n11739): I: 1, O: 1, PlInfo: PL Info (n11739): [21, 15], 0, 279>, <NetNode: N: lo2269, P: Block (fir.x2k2_mul.u5^MUL~5807[0]): I: 2, O: 1, PlInfo: PL Info (fir.x2k2_mul.u5^MUL~5807[0]): [22, 17], 0, 1>, <NetNode: N: lo2269, P: Block (n2589): I: 1, O: 1, PlInfo: PL Info (n2589): [27, 17], 0, 172>, <>]

: Source: <NetNode: N: n13598, P: Block (n13598): I: 1, O: 1, PlInfo: PL Info (n13598): [32, 8], 0, 450>, 
	Sinks: [<NetNode: N: n13598, P: Block (n4358): I: 1, O: 1, PlInfo: PL Info (n4358): [31, 3], 0, 84>, <>]

: Source: <NetNode: N: fir.x3k3_mul.u5^prod~30_FF, P: Block (n15371): I: 1, O: 1, PlInfo: PL Info (n15371): [13, 25], 0, 566>, 
	Sinks: [<NetNode: N: fir.x3k3_mul.u5^prod~30_FF, P: Block (n16173): I: 1, O: 1, PlInfo: PL Info (n16173): [8, 21], 0, 772>, <NetNode: N: fir.x3k3_mul.u5^prod~30_FF, P: Block (n16181): I: 1, O: 1, PlInfo: PL Info (n16181): [5, 20], 0, 773>, <NetNode: N: fir.x3k3_mul.u5^prod~30_FF, P: Block (n15924): I: 1, O: 1, PlInfo: PL Info (n15924): [4, 34], 0, 512>, <NetNode: N: fir.x3k3_mul.u5^prod~30_FF, P: Block (n15927): I: 1, O: 1, PlInfo: PL Info (n15927): [5, 35], 0, 573>, <NetNode: N: fir.x3k3_mul.u5^prod~30_FF, P: Block (n16197): I: 1, O: 1, PlInfo: PL Info (n16197): [5, 22], 0, 872>, <NetNode: N: fir.x3k3_mul.u5^prod~30_FF, P: Block (n15638): I: 1, O: 1, PlInfo: PL Info (n15638): [9, 29], 0, 694>, <NetNode: N: fir.x3k3_mul.u5^prod~30_FF, P: Block (n15835): I: 1, O: 1, PlInfo: PL Info (n15835): [3, 22], 0, 802>, <NetNode: N: fir.x3k3_mul.u5^prod~30_FF, P: Block (n15454): I: 1, O: 1, PlInfo: PL Info (n15454): [13, 22], 0, 693>, <NetNode: N: fir.x3k3_mul.u5^prod~30_FF, P: Block (n16322): I: 1, O: 1, PlInfo: PL Info (n16322): [9, 26], 0, 519>, <NetNode: N: fir.x3k3_mul.u5^prod~30_FF, P: Block (n16566): I: 1, O: 1, PlInfo: PL Info (n16566): [9, 28], 0, 599>, <NetNode: N: fir.x3k3_mul.u5^prod~30_FF, P: Block (n16330): I: 1, O: 1, PlInfo: PL Info (n16330): [9, 24], 0, 521>, <NetNode: N: fir.x3k3_mul.u5^prod~30_FF, P: Block (n15487): I: 1, O: 1, PlInfo: PL Info (n15487): [13, 23], 0, 492>, <NetNode: N: fir.x3k3_mul.u5^prod~30_FF, P: Block (n16577): I: 1, O: 1, PlInfo: PL Info (n16577): [5, 27], 0, 601>, <NetNode: N: fir.x3k3_mul.u5^prod~30_FF, P: Block (n16340): I: 1, O: 1, PlInfo: PL Info (n16340): [4, 23], 0, 868>, <NetNode: N: fir.x3k3_mul.u5^prod~30_FF, P: Block (n15893): I: 1, O: 1, PlInfo: PL Info (n15893): [3, 23], 0, 803>, <NetNode: N: fir.x3k3_mul.u5^prod~30_FF, P: Block (n15411): I: 1, O: 1, PlInfo: PL Info (n15411): [12, 22], 0, 526>, <NetNode: N: fir.x3k3_mul.u5^prod~30_FF, P: Block (n16757): I: 1, O: 1, PlInfo: PL Info (n16757): [8, 36], 0, 609>, <NetNode: N: fir.x3k3_mul.u5^prod~30_FF, P: Block (n5707): I: 1, O: 1, PlInfo: PL Info (n5707): [13, 30], 0, 24>, <NetNode: N: fir.x3k3_mul.u5^prod~30_FF, P: Block (n16771): I: 1, O: 1, PlInfo: PL Info (n16771): [5, 23], 0, 718>, <NetNode: N: fir.x3k3_mul.u5^prod~30_FF, P: Block (n15443): I: 1, O: 1, PlInfo: PL Info (n15443): [12, 26], 0, 568>, <NetNode: N: fir.x3k3_mul.u5^prod~30_FF, P: Block (n16288): I: 1, O: 1, PlInfo: PL Info (n16288): [1, 23], 0, 862>, <NetNode: N: fir.x3k3_mul.u5^prod~30_FF, P: Block (n16047): I: 1, O: 1, PlInfo: PL Info (n16047): [3, 21], 0, 834>, <NetNode: N: fir.x3k3_mul.u5^prod~30_FF, P: Block (n5655): I: 1, O: 1, PlInfo: PL Info (n5655): [9, 30], 0, 20>, <NetNode: N: fir.x3k3_mul.u5^prod~30_FF, P: Block (n16223): I: 1, O: 1, PlInfo: PL Info (n16223): [7, 24], 0, 799>, <NetNode: N: fir.x3k3_mul.u5^prod~30_FF, P: Block (n16237): I: 1, O: 1, PlInfo: PL Info (n16237): [5, 25], 0, 800>, <NetNode: N: fir.x3k3_mul.u5^prod~30_FF, P: Block (n16498): I: 1, O: 1, PlInfo: PL Info (n16498): [13, 31], 0, 598>, <NetNode: N: fir.x3k3_mul.u5^prod~30_FF, P: Block (n15972): I: 1, O: 1, PlInfo: PL Info (n15972): [4, 20], 0, 807>, <NetNode: N: fir.x3k3_mul.u5^prod~30_FF, P: Block (n15931): I: 1, O: 1, PlInfo: PL Info (n15931): [5, 21], 0, 751>, <NetNode: N: fir.x3k3_mul.u5^prod~30_FF, P: Block (n15706): I: 1, O: 1, PlInfo: PL Info (n15706): [5, 34], 0, 509>, <NetNode: N: fir.x3k3_mul.u5^prod~30_FF, P: Block (n15950): I: 1, O: 1, PlInfo: PL Info (n15950): [4, 24], 0, 804>, <NetNode: N: fir.x3k3_mul.u5^prod~30_FF, P: Block (n16803): I: 1, O: 1, PlInfo: PL Info (n16803): [7, 36], 0, 591>, <NetNode: N: fir.x3k3_mul.u5^prod~30_FF, P: Block (n15715): I: 1, O: 1, PlInfo: PL Info (n15715): [8, 32], 0, 510>, <NetNode: N: fir.x3k3_mul.u5^prod~30_FF, P: Block (n16429): I: 1, O: 1, PlInfo: PL Info (n16429): [4, 31], 0, 523>, <NetNode: N: fir.x3k3_mul.u5^prod~30_FF, P: Block (n16671): I: 1, O: 1, PlInfo: PL Info (n16671): [5, 28], 0, 608>, <NetNode: N: fir.x3k3_mul.u5^prod~30_FF, P: Block (n16205): I: 1, O: 1, PlInfo: PL Info (n16205): [3, 20], 0, 850>, <NetNode: N: fir.x3k3_mul.u5^prod~30_FF, P: Block (n16692): I: 1, O: 1, PlInfo: PL Info (n16692): [8, 35], 0, 588>, <NetNode: N: fir.x3k3_mul.u5^prod~30_FF, P: Block (n16698): I: 1, O: 1, PlInfo: PL Info (n16698): [11, 36], 0, 589>, <NetNode: N: fir.x3k3_mul.u5^prod~30_FF, P: Block (n16633): I: 1, O: 1, PlInfo: PL Info (n16633): [7, 26], 0, 584>, <NetNode: N: fir.x3k3_mul.u5^prod~30_FF, P: Block (n16403): I: 1, O: 1, PlInfo: PL Info (n16403): [1, 21], 0, 858>, <NetNode: N: fir.x3k3_mul.u5^prod~30_FF, P: Block (n16648): I: 1, O: 1, PlInfo: PL Info (n16648): [12, 33], 0, 586>, <NetNode: N: fir.x3k3_mul.u5^prod~30_FF, P: Block (n15562): I: 1, O: 1, PlInfo: PL Info (n15562): [11, 25], 0, 495>, <NetNode: N: fir.x3k3_mul.u5^prod~30_FF, P: Block (n15566): I: 1, O: 1, PlInfo: PL Info (n15566): [13, 26], 0, 496>, <>]

: Source: <NetNode: N: n14041, P: Block (n14041): I: 1, O: 1, PlInfo: PL Info (n14041): [17, 22], 0, 812>, 
	Sinks: [<NetNode: N: n14041, P: Block (n14530): I: 1, O: 1, PlInfo: PL Info (n14530): [29, 19], 0, 473>, <NetNode: N: n14041, P: Block (n2589): I: 1, O: 1, PlInfo: PL Info (n2589): [27, 17], 0, 172>, <>]

: Source: <NetNode: N: fir.x0k0_mul.u5^prod~7_FF, P: Block (fir.x0k0_mul.u5^prod1~7_FF): I: 1, O: 1, PlInfo: PL Info (fir.x0k0_mul.u5^prod1~7_FF): [5, 16], 0, 926>, 
	Sinks: [<NetNode: N: fir.x0k0_mul.u5^prod~7_FF, P: Block (n7970_1): I: 1, O: 1, PlInfo: PL Info (n7970_1): [5, 3], 0, 303>, <NetNode: N: fir.x0k0_mul.u5^prod~7_FF, P: Block (n8924_1): I: 1, O: 1, PlInfo: PL Info (n8924_1): [9, 1], 0, 420>, <NetNode: N: fir.x0k0_mul.u5^prod~7_FF, P: Block (n7945): I: 1, O: 1, PlInfo: PL Info (n7945): [5, 6], 0, 296>, <NetNode: N: fir.x0k0_mul.u5^prod~7_FF, P: Block (n7752): I: 1, O: 1, PlInfo: PL Info (n7752): [7, 15], 0, 293>, <NetNode: N: fir.x0k0_mul.u5^prod~7_FF, P: Block (n7757): I: 1, O: 1, PlInfo: PL Info (n7757): [7, 13], 0, 387>, <NetNode: N: fir.x0k0_mul.u5^prod~7_FF, P: Block (n7669_1): I: 1, O: 1, PlInfo: PL Info (n7669_1): [4, 5], 0, 291>, <NetNode: N: fir.x0k0_mul.u5^prod~7_FF, P: Block (n7982): I: 1, O: 1, PlInfo: PL Info (n7982): [12, 4], 0, 394>, <NetNode: N: fir.x0k0_mul.u5^prod~7_FF, P: Block (n8852): I: 1, O: 1, PlInfo: PL Info (n8852): [5, 2], 0, 415>, <NetNode: N: fir.x0k0_mul.u5^prod~7_FF, P: Block (n7766): I: 1, O: 1, PlInfo: PL Info (n7766): [7, 8], 0, 390>, <NetNode: N: fir.x0k0_mul.u5^prod~7_FF, P: Block (n8086_1): I: 1, O: 1, PlInfo: PL Info (n8086_1): [11, 4], 0, 532>, <NetNode: N: fir.x0k0_mul.u5^prod~7_FF, P: Block (n8107): I: 1, O: 1, PlInfo: PL Info (n8107): [9, 16], 0, 774>, <NetNode: N: fir.x0k0_mul.u5^prod~7_FF, P: Block (n8330): I: 1, O: 1, PlInfo: PL Info (n8330): [1, 5], 0, 307>, <NetNode: N: fir.x0k0_mul.u5^prod~7_FF, P: Block (n9005_1): I: 1, O: 1, PlInfo: PL Info (n9005_1): [8, 7], 0, 321>, <NetNode: N: fir.x0k0_mul.u5^prod~7_FF, P: Block (n8173): I: 1, O: 1, PlInfo: PL Info (n8173): [7, 6], 0, 306>, <NetNode: N: fir.x0k0_mul.u5^prod~7_FF, P: Block (n8592_1): I: 1, O: 1, PlInfo: PL Info (n8592_1): [1, 4], 0, 310>, <NetNode: N: fir.x0k0_mul.u5^prod~7_FF, P: Block (n8848_1): I: 1, O: 1, PlInfo: PL Info (n8848_1): [13, 4], 0, 317>, <NetNode: N: fir.x0k0_mul.u5^prod~7_FF, P: Block (n3775): I: 1, O: 1, PlInfo: PL Info (n3775): [11, 9], 0, 99>, <NetNode: N: fir.x0k0_mul.u5^prod~7_FF, P: Block (n9082): I: 1, O: 1, PlInfo: PL Info (n9082): [9, 6], 0, 422>, <NetNode: N: fir.x0k0_mul.u5^prod~7_FF, P: Block (n8396_1): I: 1, O: 1, PlInfo: PL Info (n8396_1): [8, 10], 0, 407>, <NetNode: N: fir.x0k0_mul.u5^prod~7_FF, P: Block (n3762): I: 1, O: 1, PlInfo: PL Info (n3762): [11, 3], 0, 5>, <NetNode: N: fir.x0k0_mul.u5^prod~7_FF, P: Block (n8154_1): I: 1, O: 1, PlInfo: PL Info (n8154_1): [9, 14], 0, 769>, <NetNode: N: fir.x0k0_mul.u5^prod~7_FF, P: Block (n7762_1): I: 1, O: 1, PlInfo: PL Info (n7762_1): [7, 16], 0, 389>, <NetNode: N: fir.x0k0_mul.u5^prod~7_FF, P: Block (n3788): I: 1, O: 1, PlInfo: PL Info (n3788): [12, 5], 0, 100>, <NetNode: N: fir.x0k0_mul.u5^prod~7_FF, P: Block (n7786_1): I: 1, O: 1, PlInfo: PL Info (n7786_1): [5, 15], 0, 294>, <NetNode: N: fir.x0k0_mul.u5^prod~7_FF, P: Block (n8703): I: 1, O: 1, PlInfo: PL Info (n8703): [4, 1], 0, 311>, <NetNode: N: fir.x0k0_mul.u5^prod~7_FF, P: Block (n9004_1): I: 1, O: 1, PlInfo: PL Info (n9004_1): [9, 4], 0, 320>, <NetNode: N: fir.x0k0_mul.u5^prod~7_FF, P: Block (n8873_1): I: 1, O: 1, PlInfo: PL Info (n8873_1): [12, 2], 0, 536>, <NetNode: N: fir.x0k0_mul.u5^prod~7_FF, P: Block (n8479): I: 1, O: 1, PlInfo: PL Info (n8479): [12, 16], 0, 794>, <NetNode: N: fir.x0k0_mul.u5^prod~7_FF, P: Block (n8257): I: 1, O: 1, PlInfo: PL Info (n8257): [8, 6], 0, 399>, <NetNode: N: fir.x0k0_mul.u5^prod~7_FF, P: Block (n8821_1): I: 1, O: 1, PlInfo: PL Info (n8821_1): [3, 1], 0, 316>, <NetNode: N: fir.x0k0_mul.u5^prod~7_FF, P: Block (n8275): I: 1, O: 1, PlInfo: PL Info (n8275): [9, 3], 0, 400>, <NetNode: N: fir.x0k0_mul.u5^prod~7_FF, P: Block (n8299): I: 1, O: 1, PlInfo: PL Info (n8299): [5, 1], 0, 406>, <NetNode: N: fir.x0k0_mul.u5^prod~7_FF, P: Block (n3645): I: 1, O: 1, PlInfo: PL Info (n3645): [8, 5], 0, 96>, <>]

: Source: <NetNode: N: n14446, P: Block (n14446): I: 1, O: 1, PlInfo: PL Info (n14446): [31, 18], 0, 367>, 
	Sinks: [<NetNode: N: n14446, P: Block (n5065): I: 1, O: 1, PlInfo: PL Info (n5065): [28, 23], 0, 110>, <NetNode: N: n14446, P: Block (n14256): I: 1, O: 1, PlInfo: PL Info (n14256): [31, 25], 0, 466>, <>]

: Source: <NetNode: N: fir.add0_add.u1^fracta_out~12_FF, P: Block (n3411): I: 1, O: 1, PlInfo: PL Info (n3411): [16, 10], 0, 61>, 
	Sinks: [<NetNode: N: fir.add0_add.u1^fracta_out~12_FF, P: Block (n3416): I: 1, O: 1, PlInfo: PL Info (n3416): [15, 7], 0, 62>, <NetNode: N: fir.add0_add.u1^fracta_out~12_FF, P: Block (n3421): I: 1, O: 1, PlInfo: PL Info (n3421): [15, 6], 0, 63>, <>]

: Source: <NetNode: N: fir.out_temp_add.u1^fracta_out~19_FF, P: Block (n1472): I: 1, O: 1, PlInfo: PL Info (n1472): [16, 33], 0, 144>, 
	Sinks: [<NetNode: N: fir.out_temp_add.u1^fracta_out~19_FF, P: Block (n1502): I: 1, O: 1, PlInfo: PL Info (n1502): [21, 33], 0, 147>, <NetNode: N: fir.out_temp_add.u1^fracta_out~19_FF, P: Block (n1432): I: 1, O: 1, PlInfo: PL Info (n1432): [20, 35], 0, 137>, <NetNode: N: fir.out_temp_add.u1^fracta_out~19_FF, P: Block (n1201): I: 1, O: 1, PlInfo: PL Info (n1201): [24, 33], 0, 247>, <>]

: Source: <NetNode: N: fir.x0k0_mul^out_o1~20_FF, P: Block (n3892): I: 1, O: 1, PlInfo: PL Info (n3892): [13, 5], 0, 82>, 
	Sinks: [<>]

: Source: <NetNode: N: fir.x0k0_mul^out_o1~2_FF, P: Block (n3658): I: 1, O: 1, PlInfo: PL Info (n3658): [9, 8], 0, 29>, 
	Sinks: [<NetNode: N: fir.x0k0_mul^out_o1~2_FF, P: Block (n8173): I: 1, O: 1, PlInfo: PL Info (n8173): [7, 6], 0, 306>, <>]

: Source: <NetNode: N: fir.add0_add.u1^fracta_out~13_FF, P: Block (n3416): I: 1, O: 1, PlInfo: PL Info (n3416): [15, 7], 0, 62>, 
	Sinks: [<NetNode: N: fir.add0_add.u1^fracta_out~13_FF, P: Block (n3421): I: 1, O: 1, PlInfo: PL Info (n3421): [15, 6], 0, 63>, <>]

: Source: <NetNode: N: fir.x2k2_mul^out_o1~9_FF, P: Block (n4987): I: 1, O: 1, PlInfo: PL Info (n4987): [32, 27], 0, 8>, 
	Sinks: [<>]

: Source: <NetNode: N: fir.out_temp_add.u1^fracta_out~20_FF, P: Block (n1477): I: 1, O: 1, PlInfo: PL Info (n1477): [19, 30], 0, 145>, 
	Sinks: [<NetNode: N: fir.out_temp_add.u1^fracta_out~20_FF, P: Block (n1502): I: 1, O: 1, PlInfo: PL Info (n1502): [21, 33], 0, 147>, <NetNode: N: fir.out_temp_add.u1^fracta_out~20_FF, P: Block (n1432): I: 1, O: 1, PlInfo: PL Info (n1432): [20, 35], 0, 137>, <>]

: Source: <NetNode: N: fir.x1k1_mul^out_o1~18_FF, P: Block (n4501): I: 1, O: 1, PlInfo: PL Info (n4501): [24, 5], 0, 87>, 
	Sinks: [<>]

: Source: <NetNode: N: fir.x2k2_mul^out~29_FF, P: Block (n14039): I: 1, O: 1, PlInfo: PL Info (n14039): [27, 26], 0, 842>, 
	Sinks: [<NetNode: N: fir.x2k2_mul^out~29_FF, P: Block (n2671): I: 1, O: 1, PlInfo: PL Info (n2671): [28, 26], 0, 230>, <>]

: Source: <NetNode: N: n14690, P: Block (n14690): I: 1, O: 1, PlInfo: PL Info (n14690): [27, 23], 0, 561>, 
	Sinks: [<NetNode: N: n14690, P: Block (n5065): I: 1, O: 1, PlInfo: PL Info (n5065): [28, 23], 0, 110>, <>]

: Source: <NetNode: N: n16630, P: Block (n16630): I: 1, O: 1, PlInfo: PL Info (n16630): [9, 36], 0, 583>, 
	Sinks: [<NetNode: N: n16630, P: Block (n5525): I: 1, O: 1, PlInfo: PL Info (n5525): [13, 32], 0, 14>, <>]

: Source: <NetNode: N: n14454, P: Block (n14454): I: 1, O: 1, PlInfo: PL Info (n14454): [28, 19], 0, 368>, 
	Sinks: [<NetNode: N: n14454, P: Block (n14446): I: 1, O: 1, PlInfo: PL Info (n14446): [31, 18], 0, 367>, <>]

: Source: <NetNode: N: n14273, P: Block (n14273): I: 1, O: 1, PlInfo: PL Info (n14273): [17, 21], 0, 845>, 
	Sinks: [<NetNode: N: n14273, P: Block (n15088): I: 1, O: 1, PlInfo: PL Info (n15088): [27, 24], 0, 484>, <NetNode: N: n14273, P: Block (n15097): I: 1, O: 1, PlInfo: PL Info (n15097): [19, 19], 0, 648>, <NetNode: N: n14273, P: Block (n15055): I: 1, O: 1, PlInfo: PL Info (n15055): [17, 26], 0, 880>, <NetNode: N: n14273, P: Block (n14550): I: 1, O: 1, PlInfo: PL Info (n14550): [25, 22], 0, 709>, <NetNode: N: n14273, P: Block (n14553): I: 1, O: 1, PlInfo: PL Info (n14553): [16, 25], 0, 823>, <NetNode: N: n14273, P: Block (n14735): I: 1, O: 1, PlInfo: PL Info (n14735): [19, 25], 0, 857>, <NetNode: N: n14273, P: Block (n14309): I: 1, O: 1, PlInfo: PL Info (n14309): [20, 22], 0, 847>, <NetNode: N: n14273, P: Block (n14306): I: 1, O: 1, PlInfo: PL Info (n14306): [24, 24], 0, 667>, <NetNode: N: n14273, P: Block (n14301): I: 1, O: 1, PlInfo: PL Info (n14301): [20, 25], 0, 846>, <NetNode: N: n14273, P: Block (n14747): I: 1, O: 1, PlInfo: PL Info (n14747): [19, 26], 0, 879>, <NetNode: N: n14273, P: Block (n14754): I: 1, O: 1, PlInfo: PL Info (n14754): [27, 19], 0, 476>, <NetNode: N: n14273, P: Block (n14357): I: 1, O: 1, PlInfo: PL Info (n14357): [27, 25], 0, 558>, <NetNode: N: n14273, P: Block (n14385): I: 1, O: 1, PlInfo: PL Info (n14385): [28, 18], 0, 559>, <NetNode: N: n14273, P: Block (n15147): I: 1, O: 1, PlInfo: PL Info (n15147): [23, 24], 0, 750>, <NetNode: N: n14273, P: Block (n14945): I: 1, O: 1, PlInfo: PL Info (n14945): [19, 23], 0, 876>, <NetNode: N: n14273, P: Block (n14718): I: 1, O: 1, PlInfo: PL Info (n14718): [16, 24], 0, 863>, <NetNode: N: n14273, P: Block (n14902): I: 1, O: 1, PlInfo: PL Info (n14902): [21, 25], 0, 849>, <NetNode: N: n14273, P: Block (n13832): I: 1, O: 1, PlInfo: PL Info (n13832): [21, 21], 0, 766>, <NetNode: N: n14273, P: Block (n14883): I: 1, O: 1, PlInfo: PL Info (n14883): [20, 23], 0, 871>, <NetNode: N: n14273, P: Block (n14888): I: 1, O: 1, PlInfo: PL Info (n14888): [21, 24], 0, 825>, <NetNode: N: n14273, P: Block (n14664): I: 1, O: 1, PlInfo: PL Info (n14664): [17, 23], 0, 852>, <NetNode: N: n14273, P: Block (n14491): I: 1, O: 1, PlInfo: PL Info (n14491): [16, 22], 0, 855>, <NetNode: N: n14273, P: Block (n14252): I: 1, O: 1, PlInfo: PL Info (n14252): [25, 24], 0, 465>, <>]

: Source: <NetNode: N: n16633, P: Block (n16633): I: 1, O: 1, PlInfo: PL Info (n16633): [7, 26], 0, 584>, 
	Sinks: [<NetNode: N: n16633, P: Block (n5525): I: 1, O: 1, PlInfo: PL Info (n5525): [13, 32], 0, 14>, <>]

: Source: <NetNode: N: n16634, P: Block (n16634): I: 1, O: 1, PlInfo: PL Info (n16634): [12, 35], 0, 585>, 
	Sinks: [<NetNode: N: n16634, P: Block (n5525): I: 1, O: 1, PlInfo: PL Info (n5525): [13, 32], 0, 14>, <>]

: Source: <NetNode: N: n15787, P: Block (n15787): I: 1, O: 1, PlInfo: PL Info (n15787): [3, 35], 0, 711>, 
	Sinks: [<NetNode: N: n15787, P: Block (n5694): I: 1, O: 1, PlInfo: PL Info (n5694): [12, 30], 0, 23>, <>]

: Source: <NetNode: N: n15548, P: Block (n15548): I: 1, O: 1, PlInfo: PL Info (n15548): [13, 27], 0, 615>, 
	Sinks: [<>]

: Source: <NetNode: N: fir.out_temp_add.u1^fracta_out~17_FF, P: Block (n1462): I: 1, O: 1, PlInfo: PL Info (n1462): [20, 36], 0, 142>, 
	Sinks: [<NetNode: N: fir.out_temp_add.u1^fracta_out~17_FF, P: Block (n893): I: 1, O: 1, PlInfo: PL Info (n893): [23, 35], 0, 229>, <NetNode: N: fir.out_temp_add.u1^fracta_out~17_FF, P: Block (n1432): I: 1, O: 1, PlInfo: PL Info (n1432): [20, 35], 0, 137>, <>]

: Source: <NetNode: N: n15549, P: Block (n15549): I: 1, O: 1, PlInfo: PL Info (n15549): [11, 22], 0, 493>, 
	Sinks: [<NetNode: N: n15549, P: Block (n15477): I: 1, O: 1, PlInfo: PL Info (n15477): [12, 27], 0, 491>, <>]

: Source: <NetNode: N: fir.add1_add.u1^fractb_out~12_FF, P: Block (n2559): I: 1, O: 1, PlInfo: PL Info (n2559): [29, 30], 0, 171>, 
	Sinks: [<NetNode: N: fir.add1_add.u1^fractb_out~12_FF, P: Block (n2454): I: 1, O: 1, PlInfo: PL Info (n2454): [28, 30], 0, 165>, <NetNode: N: fir.add1_add.u1^fractb_out~12_FF, P: Block (n2594): I: 1, O: 1, PlInfo: PL Info (n2594): [31, 31], 0, 173>, <>]

: Source: <NetNode: N: n11279_1, P: Block (n11279_1): I: 1, O: 1, PlInfo: PL Info (n11279_1): [21, 30], 0, 785>, 
	Sinks: [<NetNode: N: n11279_1, P: Block (n2414): I: 1, O: 1, PlInfo: PL Info (n2414): [23, 30], 0, 157>, <>]

: Source: <NetNode: N: fir.add0_add.u1^fracta_out~11_FF, P: Block (n3406): I: 1, O: 1, PlInfo: PL Info (n3406): [19, 11], 0, 60>, 
	Sinks: [<NetNode: N: fir.add0_add.u1^fracta_out~11_FF, P: Block (n3571): I: 1, O: 1, PlInfo: PL Info (n3571): [15, 8], 0, 75>, <NetNode: N: fir.add0_add.u1^fracta_out~11_FF, P: Block (n3546): I: 1, O: 1, PlInfo: PL Info (n3546): [16, 8], 0, 74>, <>]

: Source: <NetNode: N: fir.x0k0_mul^out_o1~1_FF, P: Block (n3645): I: 1, O: 1, PlInfo: PL Info (n3645): [8, 5], 0, 96>, 
	Sinks: [<>]

: Source: <NetNode: N: fir.x2k2_mul^out_o1~8_FF, P: Block (n4974): I: 1, O: 1, PlInfo: PL Info (n4974): [31, 27], 0, 39>, 
	Sinks: [<>]

: Source: <NetNode: N: fir.add0_add.u1^fracta_out~10_FF, P: Block (n3401): I: 1, O: 1, PlInfo: PL Info (n3401): [17, 11], 0, 59>, 
	Sinks: [<NetNode: N: fir.add0_add.u1^fracta_out~10_FF, P: Block (n3571): I: 1, O: 1, PlInfo: PL Info (n3571): [15, 8], 0, 75>, <NetNode: N: fir.add0_add.u1^fracta_out~10_FF, P: Block (n3546): I: 1, O: 1, PlInfo: PL Info (n3546): [16, 8], 0, 74>, <>]

: Source: <NetNode: N: fir.out_temp_add.u1^fracta_out~18_FF, P: Block (n1467): I: 1, O: 1, PlInfo: PL Info (n1467): [19, 33], 0, 143>, 
	Sinks: [<NetNode: N: fir.out_temp_add.u1^fracta_out~18_FF, P: Block (n1602): I: 1, O: 1, PlInfo: PL Info (n1602): [21, 34], 0, 151>, <NetNode: N: fir.out_temp_add.u1^fracta_out~18_FF, P: Block (n1432): I: 1, O: 1, PlInfo: PL Info (n1432): [20, 35], 0, 137>, <NetNode: N: fir.out_temp_add.u1^fracta_out~18_FF, P: Block (n1462): I: 1, O: 1, PlInfo: PL Info (n1462): [20, 36], 0, 142>, <>]

: Source: <NetNode: N: fir.x3k3_mul^out_o1~26_FF, P: Block (n5829): I: 1, O: 1, PlInfo: PL Info (n5829): [12, 28], 0, 220>, 
	Sinks: [<>]

: Source: <NetNode: N: n14264, P: Block (n14264): I: 1, O: 1, PlInfo: PL Info (n14264): [36, 25], 0, 468>, 
	Sinks: [<NetNode: N: n14264, P: Block (n14082): I: 1, O: 1, PlInfo: PL Info (n14082): [33, 22], 0, 361>, <>]

: Source: <NetNode: N: n14263, P: Block (n14263): I: 1, O: 1, PlInfo: PL Info (n14263): [36, 21], 0, 467>, 
	Sinks: [<NetNode: N: n14263, P: Block (n14082): I: 1, O: 1, PlInfo: PL Info (n14082): [33, 22], 0, 361>, <>]

: Source: <NetNode: N: n14261, P: Block (n14261): I: 1, O: 1, PlInfo: PL Info (n14261): [36, 19], 0, 594>, 
	Sinks: [<NetNode: N: n14261, P: Block (n14082): I: 1, O: 1, PlInfo: PL Info (n14082): [33, 22], 0, 361>, <>]

: Source: <NetNode: N: fir.x3k3_mul.u5^prod~12_FF, P: Block (n15556): I: 1, O: 1, PlInfo: PL Info (n15556): [11, 23], 0, 494>, 
	Sinks: [<NetNode: N: fir.x3k3_mul.u5^prod~12_FF, P: Block (n5538): I: 1, O: 1, PlInfo: PL Info (n5538): [13, 33], 0, 15>, <NetNode: N: fir.x3k3_mul.u5^prod~12_FF, P: Block (n5525): I: 1, O: 1, PlInfo: PL Info (n5525): [13, 32], 0, 14>, <NetNode: N: fir.x3k3_mul.u5^prod~12_FF, P: Block (n5577): I: 1, O: 1, PlInfo: PL Info (n5577): [11, 31], 0, 17>, <NetNode: N: fir.x3k3_mul.u5^prod~12_FF, P: Block (n16143): I: 1, O: 1, PlInfo: PL Info (n16143): [4, 30], 0, 577>, <NetNode: N: fir.x3k3_mul.u5^prod~12_FF, P: Block (n15929): I: 1, O: 1, PlInfo: PL Info (n15929): [5, 33], 0, 574>, <NetNode: N: fir.x3k3_mul.u5^prod~12_FF, P: Block (n15852): I: 1, O: 1, PlInfo: PL Info (n15852): [7, 34], 0, 571>, <NetNode: N: fir.x3k3_mul.u5^prod~12_FF, P: Block (n15405): I: 1, O: 1, PlInfo: PL Info (n15405): [11, 28], 0, 567>, <NetNode: N: fir.x3k3_mul.u5^prod~12_FF, P: Block (n15839): I: 1, O: 1, PlInfo: PL Info (n15839): [7, 35], 0, 596>, <NetNode: N: fir.x3k3_mul.u5^prod~12_FF, P: Block (n16303): I: 1, O: 1, PlInfo: PL Info (n16303): [4, 32], 0, 517>, <NetNode: N: fir.x3k3_mul.u5^prod~12_FF, P: Block (n16789): I: 1, O: 1, PlInfo: PL Info (n16789): [7, 27], 0, 610>, <NetNode: N: fir.x3k3_mul.u5^prod~12_FF, P: Block (n16307): I: 1, O: 1, PlInfo: PL Info (n16307): [9, 31], 0, 518>, <NetNode: N: fir.x3k3_mul.u5^prod~12_FF, P: Block (n16579): I: 1, O: 1, PlInfo: PL Info (n16579): [9, 34], 0, 602>, <NetNode: N: fir.x3k3_mul.u5^prod~12_FF, P: Block (n16340): I: 1, O: 1, PlInfo: PL Info (n16340): [4, 23], 0, 868>, <NetNode: N: fir.x3k3_mul.u5^prod~12_FF, P: Block (n15667): I: 1, O: 1, PlInfo: PL Info (n15667): [5, 32], 0, 501>, <NetNode: N: fir.x3k3_mul.u5^prod~12_FF, P: Block (n16757): I: 1, O: 1, PlInfo: PL Info (n16757): [8, 36], 0, 609>, <NetNode: N: fir.x3k3_mul.u5^prod~12_FF, P: Block (n15427): I: 1, O: 1, PlInfo: PL Info (n15427): [8, 23], 0, 614>, <NetNode: N: fir.x3k3_mul.u5^prod~12_FF, P: Block (n15672): I: 1, O: 1, PlInfo: PL Info (n15672): [8, 33], 0, 504>, <NetNode: N: fir.x3k3_mul.u5^prod~12_FF, P: Block (n15673): I: 1, O: 1, PlInfo: PL Info (n15673): [5, 31], 0, 505>, <NetNode: N: fir.x3k3_mul.u5^prod~12_FF, P: Block (n15679): I: 1, O: 1, PlInfo: PL Info (n15679): [7, 31], 0, 506>, <NetNode: N: fir.x3k3_mul.u5^prod~12_FF, P: Block (n15680): I: 1, O: 1, PlInfo: PL Info (n15680): [8, 31], 0, 507>, <NetNode: N: fir.x3k3_mul.u5^prod~12_FF, P: Block (n16229): I: 1, O: 1, PlInfo: PL Info (n16229): [7, 22], 0, 830>, <NetNode: N: fir.x3k3_mul.u5^prod~12_FF, P: Block (n15390): I: 1, O: 1, PlInfo: PL Info (n15390): [8, 25], 0, 627>, <NetNode: N: fir.x3k3_mul.u5^prod~12_FF, P: Block (n16498): I: 1, O: 1, PlInfo: PL Info (n16498): [13, 31], 0, 598>, <NetNode: N: fir.x3k3_mul.u5^prod~12_FF, P: Block (n5499): I: 1, O: 1, PlInfo: PL Info (n5499): [12, 34], 0, 43>, <NetNode: N: fir.x3k3_mul.u5^prod~12_FF, P: Block (n16803): I: 1, O: 1, PlInfo: PL Info (n16803): [7, 36], 0, 591>, <NetNode: N: fir.x3k3_mul.u5^prod~12_FF, P: Block (n16669): I: 1, O: 1, PlInfo: PL Info (n16669): [7, 25], 0, 607>, <NetNode: N: fir.x3k3_mul.u5^prod~12_FF, P: Block (n16438): I: 1, O: 1, PlInfo: PL Info (n16438): [4, 35], 0, 579>, <NetNode: N: fir.x3k3_mul.u5^prod~12_FF, P: Block (n16439): I: 1, O: 1, PlInfo: PL Info (n16439): [4, 27], 0, 580>, <NetNode: N: fir.x3k3_mul.u5^prod~12_FF, P: Block (n15357): I: 1, O: 1, PlInfo: PL Info (n15357): [9, 23], 0, 525>, <NetNode: N: fir.x3k3_mul.u5^prod~12_FF, P: Block (n15361): I: 1, O: 1, PlInfo: PL Info (n15361): [12, 24], 0, 565>, <NetNode: N: fir.x3k3_mul.u5^prod~12_FF, P: Block (n16698): I: 1, O: 1, PlInfo: PL Info (n16698): [11, 36], 0, 589>, <NetNode: N: fir.x3k3_mul.u5^prod~12_FF, P: Block (n15549): I: 1, O: 1, PlInfo: PL Info (n15549): [11, 22], 0, 493>, <NetNode: N: fir.x3k3_mul.u5^prod~12_FF, P: Block (n16650): I: 1, O: 1, PlInfo: PL Info (n16650): [5, 36], 0, 587>, <NetNode: N: fir.x3k3_mul.u5^prod~12_FF, P: Block (n15562): I: 1, O: 1, PlInfo: PL Info (n15562): [11, 25], 0, 495>, <>]

: Source: <NetNode: N: n16403, P: Block (n16403): I: 1, O: 1, PlInfo: PL Info (n16403): [1, 21], 0, 858>, 
	Sinks: [<NetNode: N: n16403, P: Block (n15832): I: 1, O: 1, PlInfo: PL Info (n15832): [3, 25], 0, 808>, <>]

: Source: <NetNode: N: n16648, P: Block (n16648): I: 1, O: 1, PlInfo: PL Info (n16648): [12, 33], 0, 586>, 
	Sinks: [<NetNode: N: n16648, P: Block (n5538): I: 1, O: 1, PlInfo: PL Info (n5538): [13, 33], 0, 15>, <>]

: Source: <NetNode: N: fir.out_temp_add^out_o1~22_FF, P: Block (n1010): I: 1, O: 1, PlInfo: PL Info (n1010): [27, 31], 0, 95>, 
	Sinks: [<NetNode: N: fir.out_temp_add^out_o1~22_FF, P: Block (n10148_1): I: 1, O: 1, PlInfo: PL Info (n10148_1): [27, 32], 0, 642>, <>]

: Source: <NetNode: N: fir.add0_add.u1^fracta_out~16_FF, P: Block (n3431): I: 1, O: 1, PlInfo: PL Info (n3431): [15, 10], 0, 65>, 
	Sinks: [<NetNode: N: fir.add0_add.u1^fracta_out~16_FF, P: Block (n3416): I: 1, O: 1, PlInfo: PL Info (n3416): [15, 7], 0, 62>, <NetNode: N: fir.add0_add.u1^fracta_out~16_FF, P: Block (n3421): I: 1, O: 1, PlInfo: PL Info (n3421): [15, 6], 0, 63>, <>]

: Source: <NetNode: N: fir.x0k0_mul^out_o1~3_FF, P: Block (n3671): I: 1, O: 1, PlInfo: PL Info (n3671): [7, 4], 0, 97>, 
	Sinks: [<NetNode: N: fir.x0k0_mul^out_o1~3_FF, P: Block (n3381): I: 1, O: 1, PlInfo: PL Info (n3381): [19, 14], 0, 55>, <>]

: Source: <NetNode: N: fir.out_temp_add.u1^fracta_out~23_FF, P: Block (n1492): I: 1, O: 1, PlInfo: PL Info (n1492): [17, 33], 0, 50>, 
	Sinks: [<NetNode: N: fir.out_temp_add.u1^fracta_out~23_FF, P: Block (n1502): I: 1, O: 1, PlInfo: PL Info (n1502): [21, 33], 0, 147>, <NetNode: N: fir.out_temp_add.u1^fracta_out~23_FF, P: Block (n1482): I: 1, O: 1, PlInfo: PL Info (n1482): [20, 33], 0, 146>, <>]

: Source: <NetNode: N: fir.x1k1_mul^out_o1~20_FF, P: Block (n4527): I: 1, O: 1, PlInfo: PL Info (n4527): [23, 5], 0, 7>, 
	Sinks: [<NetNode: N: fir.x1k1_mul^out_o1~20_FF, P: Block (n12529): I: 1, O: 1, PlInfo: PL Info (n12529): [29, 5], 0, 337>, <>]

: Source: <NetNode: N: fir.x3k3_mul^out_o1~11_FF, P: Block (n5616): I: 1, O: 1, PlInfo: PL Info (n5616): [9, 35], 0, 19>, 
	Sinks: [<>]

: Source: <NetNode: N: fir.add0_add.u1^fracta_out~17_FF, P: Block (n3436): I: 1, O: 1, PlInfo: PL Info (n3436): [15, 9], 0, 66>, 
	Sinks: [<NetNode: N: fir.add0_add.u1^fracta_out~17_FF, P: Block (n3446): I: 1, O: 1, PlInfo: PL Info (n3446): [16, 7], 0, 68>, <NetNode: N: fir.add0_add.u1^fracta_out~17_FF, P: Block (n3416): I: 1, O: 1, PlInfo: PL Info (n3416): [15, 7], 0, 62>, <>]

: Source: <NetNode: N: fir.x3k3_mul^out_o1~28_FF, P: Block (n5855): I: 1, O: 1, PlInfo: PL Info (n5855): [13, 19], 0, 112>, 
	Sinks: [<NetNode: N: fir.x3k3_mul^out_o1~28_FF, P: Block (n1201): I: 1, O: 1, PlInfo: PL Info (n1201): [24, 33], 0, 247>, <>]

: Source: <NetNode: N: fir.add1_add.u1^fractb_out~18_FF, P: Block (n2589): I: 1, O: 1, PlInfo: PL Info (n2589): [27, 17], 0, 172>, 
	Sinks: [<NetNode: N: fir.add1_add.u1^fractb_out~18_FF, P: Block (n2474): I: 1, O: 1, PlInfo: PL Info (n2474): [29, 29], 0, 169>, <NetNode: N: fir.add1_add.u1^fractb_out~18_FF, P: Block (n2479): I: 1, O: 1, PlInfo: PL Info (n2479): [31, 30], 0, 170>, <NetNode: N: fir.add1_add.u1^fractb_out~18_FF, P: Block (n2454): I: 1, O: 1, PlInfo: PL Info (n2454): [28, 30], 0, 165>, <>]

: Source: <NetNode: N: fir^x_reg4~1_FF, P: Block (fir^x_reg3~1_FF): I: 1, O: 1, PlInfo: PL Info (fir^x_reg3~1_FF): [13, 15], 0, 938>, 
	Sinks: [<>]

: Source: <NetNode: N: n14470, P: Block (n14470): I: 1, O: 1, PlInfo: PL Info (n14470): [31, 19], 0, 369>, 
	Sinks: [<NetNode: N: n14470, P: Block (n14446): I: 1, O: 1, PlInfo: PL Info (n14446): [31, 18], 0, 367>, <>]

: Source: <NetNode: N: fir.x2k2_mul.u5^prod1~40_FF, P: Block (n14015): I: 1, O: 1, PlInfo: PL Info (n14015): [21, 20], 0, 613>, 
	Sinks: [<>]

: Source: <NetNode: N: n13168, P: Block (n13168): I: 1, O: 1, PlInfo: PL Info (n13168): [35, 14], 0, 784>, 
	Sinks: [<NetNode: N: n13168, P: Block (n13359): I: 1, O: 1, PlInfo: PL Info (n13359): [32, 10], 0, 351>, <>]

: Source: <NetNode: N: n14256, P: Block (n14256): I: 1, O: 1, PlInfo: PL Info (n14256): [31, 25], 0, 466>, 
	Sinks: [<NetNode: N: n14256, P: Block (n15136): I: 1, O: 1, PlInfo: PL Info (n15136): [33, 25], 0, 381>, <>]

: Source: <NetNode: N: n16650, P: Block (n16650): I: 1, O: 1, PlInfo: PL Info (n16650): [5, 36], 0, 587>, 
	Sinks: [<NetNode: N: n16650, P: Block (n5538): I: 1, O: 1, PlInfo: PL Info (n5538): [13, 33], 0, 15>, <>]

: Source: <NetNode: N: fir.x2k2_mul.u5^prod~12_FF, P: Block (n14013): I: 1, O: 1, PlInfo: PL Info (n14013): [20, 21], 0, 740>, 
	Sinks: [<NetNode: N: fir.x2k2_mul.u5^prod~12_FF, P: Block (n15058): I: 1, O: 1, PlInfo: PL Info (n15058): [35, 19], 0, 482>, <NetNode: N: fir.x2k2_mul.u5^prod~12_FF, P: Block (n13903): I: 1, O: 1, PlInfo: PL Info (n13903): [24, 22], 0, 554>, <NetNode: N: fir.x2k2_mul.u5^prod~12_FF, P: Block (n14810): I: 1, O: 1, PlInfo: PL Info (n14810): [35, 17], 0, 477>, <NetNode: N: fir.x2k2_mul.u5^prod~12_FF, P: Block (n13980): I: 1, O: 1, PlInfo: PL Info (n13980): [19, 18], 0, 738>, <NetNode: N: fir.x2k2_mul.u5^prod~12_FF, P: Block (n14761): I: 1, O: 1, PlInfo: PL Info (n14761): [36, 17], 0, 374>, <NetNode: N: fir.x2k2_mul.u5^prod~12_FF, P: Block (n14530): I: 1, O: 1, PlInfo: PL Info (n14530): [29, 19], 0, 473>, <NetNode: N: fir.x2k2_mul.u5^prod~12_FF, P: Block (n13871): I: 1, O: 1, PlInfo: PL Info (n13871): [24, 21], 0, 459>, <NetNode: N: fir.x2k2_mul.u5^prod~12_FF, P: Block (n14312): I: 1, O: 1, PlInfo: PL Info (n14312): [17, 25], 0, 870>, <NetNode: N: fir.x2k2_mul.u5^prod~12_FF, P: Block (n14970): I: 1, O: 1, PlInfo: PL Info (n14970): [33, 26], 0, 562>, <NetNode: N: fir.x2k2_mul.u5^prod~12_FF, P: Block (n14301): I: 1, O: 1, PlInfo: PL Info (n14301): [20, 25], 0, 846>, <NetNode: N: fir.x2k2_mul.u5^prod~12_FF, P: Block (n14747): I: 1, O: 1, PlInfo: PL Info (n14747): [19, 26], 0, 879>, <NetNode: N: fir.x2k2_mul.u5^prod~12_FF, P: Block (n14992): I: 1, O: 1, PlInfo: PL Info (n14992): [35, 18], 0, 481>, <NetNode: N: fir.x2k2_mul.u5^prod~12_FF, P: Block (n14102): I: 1, O: 1, PlInfo: PL Info (n14102): [32, 20], 0, 366>, <NetNode: N: fir.x2k2_mul.u5^prod~12_FF, P: Block (n14343): I: 1, O: 1, PlInfo: PL Info (n14343): [29, 17], 0, 469>, <NetNode: N: fir.x2k2_mul.u5^prod~12_FF, P: Block (n14330): I: 1, O: 1, PlInfo: PL Info (n14330): [31, 22], 0, 557>, <NetNode: N: fir.x2k2_mul.u5^prod~12_FF, P: Block (n14324): I: 1, O: 1, PlInfo: PL Info (n14324): [28, 22], 0, 595>, <NetNode: N: fir.x2k2_mul.u5^prod~12_FF, P: Block (n14395): I: 1, O: 1, PlInfo: PL Info (n14395): [35, 22], 0, 560>, <NetNode: N: fir.x2k2_mul.u5^prod~12_FF, P: Block (n14088): I: 1, O: 1, PlInfo: PL Info (n14088): [31, 20], 0, 364>, <NetNode: N: fir.x2k2_mul.u5^prod~12_FF, P: Block (n14086): I: 1, O: 1, PlInfo: PL Info (n14086): [29, 20], 0, 362>, <NetNode: N: fir.x2k2_mul.u5^prod~12_FF, P: Block (n15134): I: 1, O: 1, PlInfo: PL Info (n15134): [33, 20], 0, 380>, <NetNode: N: fir.x2k2_mul.u5^prod~12_FF, P: Block (n15136): I: 1, O: 1, PlInfo: PL Info (n15136): [33, 25], 0, 381>, <NetNode: N: fir.x2k2_mul.u5^prod~12_FF, P: Block (n15143): I: 1, O: 1, PlInfo: PL Info (n15143): [31, 24], 0, 382>, <NetNode: N: fir.x2k2_mul.u5^prod~12_FF, P: Block (n13818): I: 1, O: 1, PlInfo: PL Info (n13818): [23, 20], 0, 353>, <NetNode: N: fir.x2k2_mul.u5^prod~12_FF, P: Block (n14907): I: 1, O: 1, PlInfo: PL Info (n14907): [20, 24], 0, 843>, <NetNode: N: fir.x2k2_mul.u5^prod~12_FF, P: Block (n13838): I: 1, O: 1, PlInfo: PL Info (n13838): [23, 22], 0, 736>, <NetNode: N: fir.x2k2_mul.u5^prod~12_FF, P: Block (n13835): I: 1, O: 1, PlInfo: PL Info (n13835): [25, 19], 0, 354>, <NetNode: N: fir.x2k2_mul.u5^prod~12_FF, P: Block (n14886): I: 1, O: 1, PlInfo: PL Info (n14886): [21, 22], 0, 791>, <NetNode: N: fir.x2k2_mul.u5^prod~12_FF, P: Block (n14888): I: 1, O: 1, PlInfo: PL Info (n14888): [21, 24], 0, 825>, <NetNode: N: fir.x2k2_mul.u5^prod~12_FF, P: Block (n14437): I: 1, O: 1, PlInfo: PL Info (n14437): [36, 24], 0, 472>, <NetNode: N: fir.x2k2_mul.u5^prod~12_FF, P: Block (n14616): I: 1, O: 1, PlInfo: PL Info (n14616): [25, 18], 0, 371>, <NetNode: N: fir.x2k2_mul.u5^prod~12_FF, P: Block (n14622): I: 1, O: 1, PlInfo: PL Info (n14622): [33, 17], 0, 475>, <NetNode: N: fir.x2k2_mul.u5^prod~12_FF, P: Block (n14631): I: 1, O: 1, PlInfo: PL Info (n14631): [32, 23], 0, 372>, <NetNode: N: fir.x2k2_mul.u5^prod~12_FF, P: Block (n4935): I: 1, O: 1, PlInfo: PL Info (n4935): [31, 26], 0, 38>, <NetNode: N: fir.x2k2_mul.u5^prod~12_FF, P: Block (n14446): I: 1, O: 1, PlInfo: PL Info (n14446): [31, 18], 0, 367>, <NetNode: N: fir.x2k2_mul.u5^prod~12_FF, P: Block (n4974): I: 1, O: 1, PlInfo: PL Info (n4974): [31, 27], 0, 39>, <NetNode: N: fir.x2k2_mul.u5^prod~12_FF, P: Block (n14264): I: 1, O: 1, PlInfo: PL Info (n14264): [36, 25], 0, 468>, <>]

: Source: <NetNode: N: n15562, P: Block (n15562): I: 1, O: 1, PlInfo: PL Info (n15562): [11, 25], 0, 495>, 
	Sinks: [<NetNode: N: n15562, P: Block (n5816): I: 1, O: 1, PlInfo: PL Info (n5816): [11, 26], 0, 179>, <>]

: Source: <NetNode: N: fir.x2k2_mul.u5^prod~8_FF, P: Block (fir.x2k2_mul.u5^prod1~8_FF): I: 1, O: 1, PlInfo: PL Info (fir.x2k2_mul.u5^prod1~8_FF): [23, 19], 0, 915>, 
	Sinks: [<NetNode: N: fir.x2k2_mul.u5^prod~8_FF, P: Block (n15058): I: 1, O: 1, PlInfo: PL Info (n15058): [35, 19], 0, 482>, <NetNode: N: fir.x2k2_mul.u5^prod~8_FF, P: Block (n4896): I: 1, O: 1, PlInfo: PL Info (n4896): [27, 22], 0, 37>, <NetNode: N: fir.x2k2_mul.u5^prod~8_FF, P: Block (n14810): I: 1, O: 1, PlInfo: PL Info (n14810): [35, 17], 0, 477>, <NetNode: N: fir.x2k2_mul.u5^prod~8_FF, P: Block (n13938): I: 1, O: 1, PlInfo: PL Info (n13938): [20, 19], 0, 462>, <NetNode: N: fir.x2k2_mul.u5^prod~8_FF, P: Block (n14830): I: 1, O: 1, PlInfo: PL Info (n14830): [35, 21], 0, 478>, <NetNode: N: fir.x2k2_mul.u5^prod~8_FF, P: Block (n5156): I: 1, O: 1, PlInfo: PL Info (n5156): [35, 26], 0, 10>, <NetNode: N: fir.x2k2_mul.u5^prod~8_FF, P: Block (n14530): I: 1, O: 1, PlInfo: PL Info (n14530): [29, 19], 0, 473>, <NetNode: N: fir.x2k2_mul.u5^prod~8_FF, P: Block (n5065): I: 1, O: 1, PlInfo: PL Info (n5065): [28, 23], 0, 110>, <NetNode: N: fir.x2k2_mul.u5^prod~8_FF, P: Block (n13896): I: 1, O: 1, PlInfo: PL Info (n13896): [24, 20], 0, 356>, <NetNode: N: fir.x2k2_mul.u5^prod~8_FF, P: Block (n14301): I: 1, O: 1, PlInfo: PL Info (n14301): [20, 25], 0, 846>, <NetNode: N: fir.x2k2_mul.u5^prod~8_FF, P: Block (n14754): I: 1, O: 1, PlInfo: PL Info (n14754): [27, 19], 0, 476>, <NetNode: N: fir.x2k2_mul.u5^prod~8_FF, P: Block (n14352): I: 1, O: 1, PlInfo: PL Info (n14352): [32, 24], 0, 470>, <NetNode: N: fir.x2k2_mul.u5^prod~8_FF, P: Block (n14102): I: 1, O: 1, PlInfo: PL Info (n14102): [32, 20], 0, 366>, <NetNode: N: fir.x2k2_mul.u5^prod~8_FF, P: Block (n14385): I: 1, O: 1, PlInfo: PL Info (n14385): [28, 18], 0, 559>, <NetNode: N: fir.x2k2_mul.u5^prod~8_FF, P: Block (n4883): I: 1, O: 1, PlInfo: PL Info (n4883): [29, 22], 0, 108>, <NetNode: N: fir.x2k2_mul.u5^prod~8_FF, P: Block (n14087): I: 1, O: 1, PlInfo: PL Info (n14087): [32, 19], 0, 363>, <NetNode: N: fir.x2k2_mul.u5^prod~8_FF, P: Block (n14081): I: 1, O: 1, PlInfo: PL Info (n14081): [33, 21], 0, 360>, <NetNode: N: fir.x2k2_mul.u5^prod~8_FF, P: Block (n15134): I: 1, O: 1, PlInfo: PL Info (n15134): [33, 20], 0, 380>, <NetNode: N: fir.x2k2_mul.u5^prod~8_FF, P: Block (n15138): I: 1, O: 1, PlInfo: PL Info (n15138): [35, 25], 0, 487>, <NetNode: N: fir.x2k2_mul.u5^prod~8_FF, P: Block (n15143): I: 1, O: 1, PlInfo: PL Info (n15143): [31, 24], 0, 382>, <NetNode: N: fir.x2k2_mul.u5^prod~8_FF, P: Block (n15147): I: 1, O: 1, PlInfo: PL Info (n15147): [23, 24], 0, 750>, <NetNode: N: fir.x2k2_mul.u5^prod~8_FF, P: Block (n14090): I: 1, O: 1, PlInfo: PL Info (n14090): [32, 22], 0, 365>, <NetNode: N: fir.x2k2_mul.u5^prod~8_FF, P: Block (n5000): I: 1, O: 1, PlInfo: PL Info (n5000): [32, 25], 0, 9>, <NetNode: N: fir.x2k2_mul.u5^prod~8_FF, P: Block (n5052): I: 1, O: 1, PlInfo: PL Info (n5052): [31, 21], 0, 41>, <NetNode: N: fir.x2k2_mul.u5^prod~8_FF, P: Block (n14907): I: 1, O: 1, PlInfo: PL Info (n14907): [20, 24], 0, 843>, <NetNode: N: fir.x2k2_mul.u5^prod~8_FF, P: Block (n14840): I: 1, O: 1, PlInfo: PL Info (n14840): [32, 18], 0, 376>, <NetNode: N: fir.x2k2_mul.u5^prod~8_FF, P: Block (n14616): I: 1, O: 1, PlInfo: PL Info (n14616): [25, 18], 0, 371>, <NetNode: N: fir.x2k2_mul.u5^prod~8_FF, P: Block (n14631): I: 1, O: 1, PlInfo: PL Info (n14631): [32, 23], 0, 372>, <NetNode: N: fir.x2k2_mul.u5^prod~8_FF, P: Block (n15112): I: 1, O: 1, PlInfo: PL Info (n15112): [29, 18], 0, 486>, <NetNode: N: fir.x2k2_mul.u5^prod~8_FF, P: Block (n14446): I: 1, O: 1, PlInfo: PL Info (n14446): [31, 18], 0, 367>, <NetNode: N: fir.x2k2_mul.u5^prod~8_FF, P: Block (n4987): I: 1, O: 1, PlInfo: PL Info (n4987): [32, 27], 0, 8>, <NetNode: N: fir.x2k2_mul.u5^prod~8_FF, P: Block (n14690): I: 1, O: 1, PlInfo: PL Info (n14690): [27, 23], 0, 561>, <NetNode: N: fir.x2k2_mul.u5^prod~8_FF, P: Block (n14454): I: 1, O: 1, PlInfo: PL Info (n14454): [28, 19], 0, 368>, <NetNode: N: fir.x2k2_mul.u5^prod~8_FF, P: Block (n14263): I: 1, O: 1, PlInfo: PL Info (n14263): [36, 21], 0, 467>, <>]

: Source: <NetNode: N: n14252, P: Block (n14252): I: 1, O: 1, PlInfo: PL Info (n14252): [25, 24], 0, 465>, 
	Sinks: [<NetNode: N: n14252, P: Block (n5104): I: 1, O: 1, PlInfo: PL Info (n5104): [28, 24], 0, 42>, <>]

: Source: <NetNode: N: fir.x3k3_mul.u5^prod~35_FF, P: Block (n15566): I: 1, O: 1, PlInfo: PL Info (n15566): [13, 26], 0, 496>, 
	Sinks: [<NetNode: N: fir.x3k3_mul.u5^prod~35_FF, P: Block (n5759): I: 1, O: 1, PlInfo: PL Info (n5759): [13, 28], 0, 26>, <NetNode: N: fir.x3k3_mul.u5^prod~35_FF, P: Block (n16173): I: 1, O: 1, PlInfo: PL Info (n16173): [8, 21], 0, 772>, <NetNode: N: fir.x3k3_mul.u5^prod~35_FF, P: Block (n16181): I: 1, O: 1, PlInfo: PL Info (n16181): [5, 20], 0, 773>, <NetNode: N: fir.x3k3_mul.u5^prod~35_FF, P: Block (n16106): I: 1, O: 1, PlInfo: PL Info (n16106): [1, 22], 0, 866>, <NetNode: N: fir.x3k3_mul.u5^prod~35_FF, P: Block (n16596): I: 1, O: 1, PlInfo: PL Info (n16596): [3, 32], 0, 604>, <NetNode: N: fir.x3k3_mul.u5^prod~35_FF, P: Block (n16384): I: 1, O: 1, PlInfo: PL Info (n16384): [5, 29], 0, 578>, <NetNode: N: fir.x3k3_mul.u5^prod~35_FF, P: Block (n16199): I: 1, O: 1, PlInfo: PL Info (n16199): [7, 20], 0, 747>, <NetNode: N: fir.x3k3_mul.u5^prod~35_FF, P: Block (n15856): I: 1, O: 1, PlInfo: PL Info (n15856): [9, 32], 0, 572>, <NetNode: N: fir.x3k3_mul.u5^prod~35_FF, P: Block (n15863): I: 1, O: 1, PlInfo: PL Info (n15863): [1, 25], 0, 754>, <NetNode: N: fir.x3k3_mul.u5^prod~35_FF, P: Block (n15405): I: 1, O: 1, PlInfo: PL Info (n15405): [11, 28], 0, 567>, <NetNode: N: fir.x3k3_mul.u5^prod~35_FF, P: Block (n15650): I: 1, O: 1, PlInfo: PL Info (n15650): [7, 30], 0, 498>, <NetNode: N: fir.x3k3_mul.u5^prod~35_FF, P: Block (n15836): I: 1, O: 1, PlInfo: PL Info (n15836): [5, 26], 0, 570>, <NetNode: N: fir.x3k3_mul.u5^prod~35_FF, P: Block (n15454): I: 1, O: 1, PlInfo: PL Info (n15454): [13, 22], 0, 693>, <NetNode: N: fir.x3k3_mul.u5^prod~35_FF, P: Block (n16322): I: 1, O: 1, PlInfo: PL Info (n16322): [9, 26], 0, 519>, <NetNode: N: fir.x3k3_mul.u5^prod~35_FF, P: Block (n15477): I: 1, O: 1, PlInfo: PL Info (n15477): [12, 27], 0, 491>, <NetNode: N: fir.x3k3_mul.u5^prod~35_FF, P: Block (n15487): I: 1, O: 1, PlInfo: PL Info (n15487): [13, 23], 0, 492>, <NetNode: N: fir.x3k3_mul.u5^prod~35_FF, P: Block (n16100): I: 1, O: 1, PlInfo: PL Info (n16100): [4, 21], 0, 835>, <NetNode: N: fir.x3k3_mul.u5^prod~35_FF, P: Block (n15893): I: 1, O: 1, PlInfo: PL Info (n15893): [3, 23], 0, 803>, <NetNode: N: fir.x3k3_mul.u5^prod~35_FF, P: Block (n15420): I: 1, O: 1, PlInfo: PL Info (n15420): [9, 20], 0, 692>, <NetNode: N: fir.x3k3_mul.u5^prod~35_FF, P: Block (n16514): I: 1, O: 1, PlInfo: PL Info (n16514): [1, 28], 0, 714>, <NetNode: N: fir.x3k3_mul.u5^prod~35_FF, P: Block (n5707): I: 1, O: 1, PlInfo: PL Info (n5707): [13, 30], 0, 24>, <NetNode: N: fir.x3k3_mul.u5^prod~35_FF, P: Block (n15443): I: 1, O: 1, PlInfo: PL Info (n15443): [12, 26], 0, 568>, <NetNode: N: fir.x3k3_mul.u5^prod~35_FF, P: Block (n16237): I: 1, O: 1, PlInfo: PL Info (n16237): [5, 25], 0, 800>, <NetNode: N: fir.x3k3_mul.u5^prod~35_FF, P: Block (n5668): I: 1, O: 1, PlInfo: PL Info (n5668): [8, 28], 0, 21>, <NetNode: N: fir.x3k3_mul.u5^prod~35_FF, P: Block (n5694): I: 1, O: 1, PlInfo: PL Info (n5694): [12, 30], 0, 23>, <NetNode: N: fir.x3k3_mul.u5^prod~35_FF, P: Block (n16256): I: 1, O: 1, PlInfo: PL Info (n16256): [5, 24], 0, 837>, <NetNode: N: fir.x3k3_mul.u5^prod~35_FF, P: Block (n5681): I: 1, O: 1, PlInfo: PL Info (n5681): [11, 30], 0, 22>, <NetNode: N: fir.x3k3_mul.u5^prod~35_FF, P: Block (n16616): I: 1, O: 1, PlInfo: PL Info (n16616): [3, 27], 0, 699>, <NetNode: N: fir.x3k3_mul.u5^prod~35_FF, P: Block (n16619): I: 1, O: 1, PlInfo: PL Info (n16619): [4, 29], 0, 606>, <NetNode: N: fir.x3k3_mul.u5^prod~35_FF, P: Block (n15949): I: 1, O: 1, PlInfo: PL Info (n15949): [3, 26], 0, 829>, <NetNode: N: fir.x3k3_mul.u5^prod~35_FF, P: Block (n16819): I: 1, O: 1, PlInfo: PL Info (n16819): [1, 26], 0, 715>, <NetNode: N: fir.x3k3_mul.u5^prod~35_FF, P: Block (n16669): I: 1, O: 1, PlInfo: PL Info (n16669): [7, 25], 0, 607>, <NetNode: N: fir.x3k3_mul.u5^prod~35_FF, P: Block (n16443): I: 1, O: 1, PlInfo: PL Info (n16443): [3, 33], 0, 581>, <NetNode: N: fir.x3k3_mul.u5^prod~35_FF, P: Block (n15357): I: 1, O: 1, PlInfo: PL Info (n15357): [9, 23], 0, 525>, <NetNode: N: fir.x3k3_mul.u5^prod~35_FF, P: Block (n16205): I: 1, O: 1, PlInfo: PL Info (n16205): [3, 20], 0, 850>, <NetNode: N: fir.x3k3_mul.u5^prod~35_FF, P: Block (n15548): I: 1, O: 1, PlInfo: PL Info (n15548): [13, 27], 0, 615>, <NetNode: N: fir.x3k3_mul.u5^prod~35_FF, P: Block (n15556): I: 1, O: 1, PlInfo: PL Info (n15556): [11, 23], 0, 494>, <NetNode: N: fir.x3k3_mul.u5^prod~35_FF, P: Block (n16403): I: 1, O: 1, PlInfo: PL Info (n16403): [1, 21], 0, 858>, <NetNode: N: fir.x3k3_mul.u5^prod~35_FF, P: Block (n16648): I: 1, O: 1, PlInfo: PL Info (n16648): [12, 33], 0, 586>, <>]

: Source: <NetNode: N: fir.x3k3_mul.u5^prod~4_FF, P: Block (fir.x3k3_mul.u5^prod1~4_FF): I: 1, O: 1, PlInfo: PL Info (fir.x3k3_mul.u5^prod1~4_FF): [15, 25], 0, 901>, 
	Sinks: [<NetNode: N: fir.x3k3_mul.u5^prod~4_FF, P: Block (n16150): I: 1, O: 1, PlInfo: PL Info (n16150): [3, 29], 0, 515>, <NetNode: N: fir.x3k3_mul.u5^prod~4_FF, P: Block (n16596): I: 1, O: 1, PlInfo: PL Info (n16596): [3, 32], 0, 604>, <NetNode: N: fir.x3k3_mul.u5^prod~4_FF, P: Block (n16133): I: 1, O: 1, PlInfo: PL Info (n16133): [3, 31], 0, 514>, <NetNode: N: fir.x3k3_mul.u5^prod~4_FF, P: Block (n15929): I: 1, O: 1, PlInfo: PL Info (n15929): [5, 33], 0, 574>, <NetNode: N: fir.x3k3_mul.u5^prod~4_FF, P: Block (n15645): I: 1, O: 1, PlInfo: PL Info (n15645): [11, 32], 0, 497>, <NetNode: N: fir.x3k3_mul.u5^prod~4_FF, P: Block (n15407): I: 1, O: 1, PlInfo: PL Info (n15407): [12, 25], 0, 489>, <NetNode: N: fir.x3k3_mul.u5^prod~4_FF, P: Block (n15839): I: 1, O: 1, PlInfo: PL Info (n15839): [7, 35], 0, 596>, <NetNode: N: fir.x3k3_mul.u5^prod~4_FF, P: Block (n16323): I: 1, O: 1, PlInfo: PL Info (n16323): [8, 34], 0, 520>, <NetNode: N: fir.x3k3_mul.u5^prod~4_FF, P: Block (n16567): I: 1, O: 1, PlInfo: PL Info (n16567): [12, 36], 0, 582>, <NetNode: N: fir.x3k3_mul.u5^prod~4_FF, P: Block (n16576): I: 1, O: 1, PlInfo: PL Info (n16576): [11, 33], 0, 600>, <NetNode: N: fir.x3k3_mul.u5^prod~4_FF, P: Block (n16584): I: 1, O: 1, PlInfo: PL Info (n16584): [13, 34], 0, 603>, <NetNode: N: fir.x3k3_mul.u5^prod~4_FF, P: Block (n15651): I: 1, O: 1, PlInfo: PL Info (n15651): [7, 33], 0, 499>, <NetNode: N: fir.x3k3_mul.u5^prod~4_FF, P: Block (n15411): I: 1, O: 1, PlInfo: PL Info (n15411): [12, 22], 0, 526>, <NetNode: N: fir.x3k3_mul.u5^prod~4_FF, P: Block (n15665): I: 1, O: 1, PlInfo: PL Info (n15665): [7, 28], 0, 569>, <NetNode: N: fir.x3k3_mul.u5^prod~4_FF, P: Block (n15670): I: 1, O: 1, PlInfo: PL Info (n15670): [7, 32], 0, 502>, <NetNode: N: fir.x3k3_mul.u5^prod~4_FF, P: Block (n15671): I: 1, O: 1, PlInfo: PL Info (n15671): [7, 29], 0, 503>, <NetNode: N: fir.x3k3_mul.u5^prod~4_FF, P: Block (n15672): I: 1, O: 1, PlInfo: PL Info (n15672): [8, 33], 0, 504>, <NetNode: N: fir.x3k3_mul.u5^prod~4_FF, P: Block (n15673): I: 1, O: 1, PlInfo: PL Info (n15673): [5, 31], 0, 505>, <NetNode: N: fir.x3k3_mul.u5^prod~4_FF, P: Block (n16028): I: 1, O: 1, PlInfo: PL Info (n16028): [8, 30], 0, 575>, <NetNode: N: fir.x3k3_mul.u5^prod~4_FF, P: Block (n16272): I: 1, O: 1, PlInfo: PL Info (n16272): [15, 24], 0, 887>, <NetNode: N: fir.x3k3_mul.u5^prod~4_FF, P: Block (n16274): I: 1, O: 1, PlInfo: PL Info (n16274): [8, 27], 0, 516>, <NetNode: N: fir.x3k3_mul.u5^prod~4_FF, P: Block (n16223): I: 1, O: 1, PlInfo: PL Info (n16223): [7, 24], 0, 799>, <NetNode: N: fir.x3k3_mul.u5^prod~4_FF, P: Block (n5668): I: 1, O: 1, PlInfo: PL Info (n5668): [8, 28], 0, 21>, <NetNode: N: fir.x3k3_mul.u5^prod~4_FF, P: Block (n16088): I: 1, O: 1, PlInfo: PL Info (n16088): [9, 33], 0, 576>, <NetNode: N: fir.x3k3_mul.u5^prod~4_FF, P: Block (n16602): I: 1, O: 1, PlInfo: PL Info (n16602): [11, 35], 0, 605>, <NetNode: N: fir.x3k3_mul.u5^prod~4_FF, P: Block (n15706): I: 1, O: 1, PlInfo: PL Info (n15706): [5, 34], 0, 509>, <NetNode: N: fir.x3k3_mul.u5^prod~4_FF, P: Block (n15958): I: 1, O: 1, PlInfo: PL Info (n15958): [3, 30], 0, 513>, <NetNode: N: fir.x3k3_mul.u5^prod~4_FF, P: Block (n16429): I: 1, O: 1, PlInfo: PL Info (n16429): [4, 31], 0, 523>, <NetNode: N: fir.x3k3_mul.u5^prod~4_FF, P: Block (n16438): I: 1, O: 1, PlInfo: PL Info (n16438): [4, 35], 0, 579>, <NetNode: N: fir.x3k3_mul.u5^prod~4_FF, P: Block (n16439): I: 1, O: 1, PlInfo: PL Info (n16439): [4, 27], 0, 580>, <NetNode: N: fir.x3k3_mul.u5^prod~4_FF, P: Block (n15361): I: 1, O: 1, PlInfo: PL Info (n15361): [12, 24], 0, 565>, <NetNode: N: fir.x3k3_mul.u5^prod~4_FF, P: Block (n16630): I: 1, O: 1, PlInfo: PL Info (n16630): [9, 36], 0, 583>, <NetNode: N: fir.x3k3_mul.u5^prod~4_FF, P: Block (n16634): I: 1, O: 1, PlInfo: PL Info (n16634): [12, 35], 0, 585>, <>]

: Source: <NetNode: N: fir.add0_add.u1^fracta_out~14_FF, P: Block (n3421): I: 1, O: 1, PlInfo: PL Info (n3421): [15, 6], 0, 63>, 
	Sinks: [<NetNode: N: fir.add0_add.u1^fracta_out~14_FF, P: Block (n3416): I: 1, O: 1, PlInfo: PL Info (n3416): [15, 7], 0, 62>, <>]

: Source: <NetNode: N: fir.x3k3_mul^out_o1~27_FF, P: Block (n5842): I: 1, O: 1, PlInfo: PL Info (n5842): [11, 27], 0, 92>, 
	Sinks: [<>]

: Source: <NetNode: N: n8484_1, P: Block (n8484_1): I: 1, O: 1, PlInfo: PL Info (n8484_1): [1, 12], 0, 789>, 
	Sinks: [<NetNode: N: n8484_1, P: Block (n8999): I: 1, O: 1, PlInfo: PL Info (n8999): [7, 9], 0, 421>, <>]

: Source: <NetNode: N: fir.out_temp_add.u1^fracta_out~21_FF, P: Block (n1482): I: 1, O: 1, PlInfo: PL Info (n1482): [20, 33], 0, 146>, 
	Sinks: [<NetNode: N: fir.out_temp_add.u1^fracta_out~21_FF, P: Block (n1432): I: 1, O: 1, PlInfo: PL Info (n1432): [20, 35], 0, 137>, <>]

: Source: <NetNode: N: fir.x1k1_mul^out_o1~19_FF, P: Block (n4514): I: 1, O: 1, PlInfo: PL Info (n4514): [23, 6], 0, 35>, 
	Sinks: [<>]

: Source: <NetNode: N: fir.x1k1_mul.u2^inf_FF, P: Block (n4756): I: 1, O: 1, PlInfo: PL Info (n4756): [23, 11], 0, 263>, 
	Sinks: [<NetNode: N: fir.x1k1_mul.u2^inf_FF, P: Block (n4597): I: 1, O: 1, PlInfo: PL Info (n4597): [27, 8], 0, 94>, <>]

: Source: <NetNode: N: fir.x3k3_mul^out_o1~10_FF, P: Block (n5603): I: 1, O: 1, PlInfo: PL Info (n5603): [11, 29], 0, 18>, 
	Sinks: [<NetNode: N: fir.x3k3_mul^out_o1~10_FF, P: Block (n10604): I: 1, O: 1, PlInfo: PL Info (n10604): [15, 36], 0, 670>, <>]

: Source: <NetNode: N: fir.out_temp_add.u1^fracta_out~22_FF, P: Block (n1487): I: 1, O: 1, PlInfo: PL Info (n1487): [19, 34], 0, 49>, 
	Sinks: [<NetNode: N: fir.out_temp_add.u1^fracta_out~22_FF, P: Block (n1502): I: 1, O: 1, PlInfo: PL Info (n1502): [21, 33], 0, 147>, <NetNode: N: fir.out_temp_add.u1^fracta_out~22_FF, P: Block (n1482): I: 1, O: 1, PlInfo: PL Info (n1482): [20, 33], 0, 146>, <>]

: Source: <NetNode: N: fir.add0_add.u1^fracta_out~15_FF, P: Block (n3426): I: 1, O: 1, PlInfo: PL Info (n3426): [16, 12], 0, 64>, 
	Sinks: [<NetNode: N: fir.add0_add.u1^fracta_out~15_FF, P: Block (n3416): I: 1, O: 1, PlInfo: PL Info (n3416): [15, 7], 0, 62>, <NetNode: N: fir.add0_add.u1^fracta_out~15_FF, P: Block (n3421): I: 1, O: 1, PlInfo: PL Info (n3421): [15, 6], 0, 63>, <>]

: Source: <NetNode: N: n13157, P: Block (n13157): I: 1, O: 1, PlInfo: PL Info (n13157): [33, 14], 0, 778>, 
	Sinks: [<NetNode: N: n13157, P: Block (n13359): I: 1, O: 1, PlInfo: PL Info (n13359): [32, 10], 0, 351>, <>]


Bad Nets: 151
: Source: <NetNode: N: fir.x3k3_mul^out_o1~3_FF, P: Block (n5512): I: 1, O: 1, PlInfo: PL Info (n5512): [12, 32], 0, 13>, 
	Sinks: [<>]

: Source: <NetNode: N: fir.x1k1_mul^out_o1~12_FF, P: Block (n4423): I: 1, O: 1, PlInfo: PL Info (n4423): [28, 7], 0, 34>, 
	Sinks: [<>]

: Source: <NetNode: N: fir.x3k3_mul^out_o1~22_FF, P: Block (n5759): I: 1, O: 1, PlInfo: PL Info (n5759): [13, 28], 0, 26>, 
	Sinks: [<>]

: Source: <NetNode: N: fir.add1_add^out_o1~25_FF, P: Block (n2006): I: 1, O: 1, PlInfo: PL Info (n2006): [33, 33], 0, 241>, 
	Sinks: [<>]

: Source: <NetNode: N: fir.x1k1_mul^out_o1~11_FF, P: Block (n4410): I: 1, O: 1, PlInfo: PL Info (n4410): [25, 4], 0, 85>, 
	Sinks: [<>]

: Source: <NetNode: N: fir.x3k3_mul.u5^prod1~11_FF, P: Block (n16164): I: 1, O: 1, PlInfo: PL Info (n16164): [8, 22], 0, 746>, 
	Sinks: [<>]

: Source: <NetNode: N: fir.x3k3_mul^out_o1~23_FF, P: Block (n5776): I: 1, O: 1, PlInfo: PL Info (n5776): [13, 21], 0, 181>, 
	Sinks: [<>]

: Source: <NetNode: N: fir.x3k3_mul^out_o1~5_FF, P: Block (n5538): I: 1, O: 1, PlInfo: PL Info (n5538): [13, 33], 0, 15>, 
	Sinks: [<>]

: Source: <NetNode: N: fir.x1k1_mul^out_o1~30_FF, P: Block (n4675): I: 1, O: 1, PlInfo: PL Info (n4675): [21, 8], 0, 176>, 
	Sinks: [<>]

: Source: <NetNode: N: fir.x1k1_mul^out_o1~13_FF, P: Block (n4436): I: 1, O: 1, PlInfo: PL Info (n4436): [25, 7], 0, 106>, 
	Sinks: [<>]

: Source: <NetNode: N: fir.x0k0_mul.u5^prod1~15_FF, P: Block (n7776_1): I: 1, O: 1, PlInfo: PL Info (n7776_1): [4, 16], 0, 392>, 
	Sinks: [<>]

: Source: <NetNode: N: fir.x2k2_mul.u2^exp_out~3_FF, P: Block (n5314): I: 1, O: 1, PlInfo: PL Info (n5314): [20, 16], 0, 268>, 
	Sinks: [<>]

: Source: <NetNode: N: fir.x1k1_mul^out_o1~15_FF, P: Block (n4462): I: 1, O: 1, PlInfo: PL Info (n4462): [23, 3], 0, 86>, 
	Sinks: [<>]

: Source: <NetNode: N: n13904, P: Block (n13904): I: 1, O: 1, PlInfo: PL Info (n13904): [25, 20], 0, 461>, 
	Sinks: [<>]

: Source: <NetNode: N: n12814, P: Block (n12814): I: 1, O: 1, PlInfo: PL Info (n12814): [29, 1], 0, 441>, 
	Sinks: [<>]

: Source: <NetNode: N: fir.add1_add^out_o1~27_FF, P: Block (n2032): I: 1, O: 1, PlInfo: PL Info (n2032): [32, 30], 0, 236>, 
	Sinks: [<>]

: Source: <NetNode: N: fir.x3k3_mul^out_o1~8_FF, P: Block (n5577): I: 1, O: 1, PlInfo: PL Info (n5577): [11, 31], 0, 17>, 
	Sinks: [<>]

: Source: <NetNode: N: fir.x0k0_mul^out_o1~27_FF, P: Block (n4006): I: 1, O: 1, PlInfo: PL Info (n4006): [5, 11], 0, 177>, 
	Sinks: [<>]

: Source: <NetNode: N: fir.x3k3_mul^out_o1~7_FF, P: Block (n5564): I: 1, O: 1, PlInfo: PL Info (n5564): [12, 31], 0, 16>, 
	Sinks: [<>]

: Source: <NetNode: N: n16143, P: Block (n16143): I: 1, O: 1, PlInfo: PL Info (n16143): [4, 30], 0, 577>, 
	Sinks: [<>]

: Source: <NetNode: N: fir.x3k3_mul^out_o1~9_FF, P: Block (n5590): I: 1, O: 1, PlInfo: PL Info (n5590): [15, 29], 0, 44>, 
	Sinks: [<>]

: Source: <NetNode: N: fir.out_temp_add^out_o1~7_FF, P: Block (n815): I: 1, O: 1, PlInfo: PL Info (n815): [27, 35], 0, 221>, 
	Sinks: [<>]

: Source: <NetNode: N: fir.x2k2_mul^out_o1~18_FF, P: Block (n5104): I: 1, O: 1, PlInfo: PL Info (n5104): [28, 24], 0, 42>, 
	Sinks: [<>]

: Source: <NetNode: N: fir^x_reg15~26_FF, P: Block (fir^x_reg14~26_FF): I: 1, O: 1, PlInfo: PL Info (fir^x_reg14~26_FF): [13, 17], 0, 945>, 
	Sinks: [<>]

: Source: <NetNode: N: fir.x1k1_mul^out_o1~0_FF, P: Block (n4252): I: 1, O: 1, PlInfo: PL Info (n4252): [35, 3], 0, 83>, 
	Sinks: [<>]

: Source: <NetNode: N: fir.out_temp_add^out_o1~6_FF, P: Block (n802): I: 1, O: 1, PlInfo: PL Info (n802): [25, 36], 0, 187>, 
	Sinks: [<>]

: Source: <NetNode: N: fir.x1k1_mul^out_o1~1_FF, P: Block (n4280): I: 1, O: 1, PlInfo: PL Info (n4280): [33, 2], 0, 103>, 
	Sinks: [<>]

: Source: <NetNode: N: fir.out_temp_add^out_o1~8_FF, P: Block (n828): I: 1, O: 1, PlInfo: PL Info (n828): [28, 36], 0, 188>, 
	Sinks: [<>]

: Source: <NetNode: N: fir.x0k0_mul^out_o1~29_FF, P: Block (n4032): I: 1, O: 1, PlInfo: PL Info (n4032): [19, 9], 0, 218>, 
	Sinks: [<>]

: Source: <NetNode: N: fir^x_reg10~2_FF, P: Block (fir^x_reg9~2_FF): I: 1, O: 1, PlInfo: PL Info (fir^x_reg9~2_FF): [32, 16], 0, 939>, 
	Sinks: [<>]

: Source: <NetNode: N: fir.x2k2_mul^out_o1~22_FF, P: Block (n5156): I: 1, O: 1, PlInfo: PL Info (n5156): [35, 26], 0, 10>, 
	Sinks: [<>]

: Source: <NetNode: N: fir.x1k1_mul.u5^prod1~42_FF, P: Block (n12413): I: 1, O: 1, PlInfo: PL Info (n12413): [28, 14], 0, 767>, 
	Sinks: [<>]

: Source: <NetNode: N: fir.out_temp_add^out_o1~10_FF, P: Block (n854): I: 1, O: 1, PlInfo: PL Info (n854): [25, 34], 0, 222>, 
	Sinks: [<>]

: Source: <NetNode: N: fir.x2k2_mul.u2^sign_FF, P: Block (n5386): I: 1, O: 1, PlInfo: PL Info (n5386): [20, 14], 0, 290>, 
	Sinks: [<>]

: Source: <NetNode: N: fir.x2k2_mul^out_o1~16_FF, P: Block (n5078): I: 1, O: 1, PlInfo: PL Info (n5078): [33, 24], 0, 111>, 
	Sinks: [<>]

: Source: <NetNode: N: fir.add0_add^out_o1~12_FF, P: Block (n2801): I: 1, O: 1, PlInfo: PL Info (n2801): [20, 2], 0, 203>, 
	Sinks: [<>]

: Source: <NetNode: N: fir.out_temp_add^out_o1~13_FF, P: Block (n893): I: 1, O: 1, PlInfo: PL Info (n893): [23, 35], 0, 229>, 
	Sinks: [<>]

: Source: <NetNode: N: fir.x0k0_mul^out_o1~0_FF, P: Block (n655): I: 1, O: 1, PlInfo: PL Info (n655): [9, 5], 0, 28>, 
	Sinks: [<>]

: Source: <NetNode: N: n8333, P: Block (n8333): I: 1, O: 1, PlInfo: PL Info (n8333): [11, 11], 0, 623>, 
	Sinks: [<>]

: Source: <NetNode: N: fir.x2k2_mul^out_o1~15_FF, P: Block (n5065): I: 1, O: 1, PlInfo: PL Info (n5065): [28, 23], 0, 110>, 
	Sinks: [<>]

: Source: <NetNode: N: fir.x2k2_mul.u5^prod1~3_FF, P: Block (n13896): I: 1, O: 1, PlInfo: PL Info (n13896): [24, 20], 0, 356>, 
	Sinks: [<>]

: Source: <NetNode: N: n13884, P: Block (n13884): I: 1, O: 1, PlInfo: PL Info (n13884): [21, 17], 0, 460>, 
	Sinks: [<>]

: Source: <NetNode: N: fir.x0k0_mul^out_o1~22_FF, P: Block (n3918): I: 1, O: 1, PlInfo: PL Info (n3918): [8, 8], 0, 32>, 
	Sinks: [<>]

: Source: <NetNode: N: fir^x_reg11~28_FF, P: Block (n16975): I: 1, O: 1, PlInfo: PL Info (n16975): [21, 12], 0, 894>, 
	Sinks: [<>]

: Source: <NetNode: N: fir.x1k1_mul.u5^prod1~17_FF, P: Block (n12383): I: 1, O: 1, PlInfo: PL Info (n12383): [25, 13], 0, 430>, 
	Sinks: [<>]

: Source: <NetNode: N: fir.add0_add^out_o1~15_FF, P: Block (n2840): I: 1, O: 1, PlInfo: PL Info (n2840): [21, 3], 0, 234>, 
	Sinks: [<>]

: Source: <NetNode: N: fir^x_reg15~25_FF, P: Block (fir^x_reg14~25_FF): I: 1, O: 1, PlInfo: PL Info (fir^x_reg14~25_FF): [12, 18], 0, 944>, 
	Sinks: [<>]

: Source: <NetNode: N: fir.add0_add^out_o1~17_FF, P: Block (n2866): I: 1, O: 1, PlInfo: PL Info (n2866): [21, 5], 0, 204>, 
	Sinks: [<>]

: Source: <NetNode: N: fir.x0k0_mul^out_o1~6_FF, P: Block (n3710): I: 1, O: 1, PlInfo: PL Info (n3710): [8, 2], 0, 4>, 
	Sinks: [<>]

: Source: <NetNode: N: fir.add0_add^out_o1~16_FF, P: Block (n2853): I: 1, O: 1, PlInfo: PL Info (n2853): [19, 4], 0, 235>, 
	Sinks: [<>]

: Source: <NetNode: N: fir.add1_add^out_o1~10_FF, P: Block (n1788): I: 1, O: 1, PlInfo: PL Info (n1788): [36, 32], 0, 209>, 
	Sinks: [<>]

: Source: <NetNode: N: fir.x0k0_mul^out_o1~7_FF, P: Block (n3723): I: 1, O: 1, PlInfo: PL Info (n3723): [8, 1], 0, 98>, 
	Sinks: [<>]

: Source: <NetNode: N: fir.x1k1_mul.u5^prod1~38_FF, P: Block (n13012): I: 1, O: 1, PlInfo: PL Info (n13012): [28, 9], 0, 541>, 
	Sinks: [<>]

: Source: <NetNode: N: n15003, P: Block (n15003): I: 1, O: 1, PlInfo: PL Info (n15003): [24, 23], 0, 662>, 
	Sinks: [<>]

: Source: <NetNode: N: fir.x0k0_mul^out_o1~25_FF, P: Block (n3980): I: 1, O: 1, PlInfo: PL Info (n3980): [5, 12], 0, 180>, 
	Sinks: [<>]

: Source: <NetNode: N: fir.add0_add^out_o1~1_FF, P: Block (n2658): I: 1, O: 1, PlInfo: PL Info (n2658): [16, 3], 0, 195>, 
	Sinks: [<>]

: Source: <NetNode: N: n14564, P: Block (n14564): I: 1, O: 1, PlInfo: PL Info (n14564): [16, 23], 0, 833>, 
	Sinks: [<>]

: Source: <NetNode: N: fir.x0k0_mul^out_o1~11_FF, P: Block (n3775): I: 1, O: 1, PlInfo: PL Info (n3775): [11, 9], 0, 99>, 
	Sinks: [<>]

: Source: <NetNode: N: n9082, P: Block (n9082): I: 1, O: 1, PlInfo: PL Info (n9082): [9, 6], 0, 422>, 
	Sinks: [<>]

: Source: <NetNode: N: fir.x0k0_mul^out_o1~10_FF, P: Block (n3762): I: 1, O: 1, PlInfo: PL Info (n3762): [11, 3], 0, 5>, 
	Sinks: [<>]

: Source: <NetNode: N: fir.add0_add^out_o1~2_FF, P: Block (n2671): I: 1, O: 1, PlInfo: PL Info (n2671): [28, 26], 0, 230>, 
	Sinks: [<>]

: Source: <NetNode: N: fir.x3k3_mul^out_o1~18_FF, P: Block (n5707): I: 1, O: 1, PlInfo: PL Info (n5707): [13, 30], 0, 24>, 
	Sinks: [<>]

: Source: <NetNode: N: fir.x2k2_mul^out_o1~0_FF, P: Block (n4855): I: 1, O: 1, PlInfo: PL Info (n4855): [29, 23], 0, 36>, 
	Sinks: [<>]

: Source: <NetNode: N: fir^x_reg16~11_FF, P: Block (fir^x_reg15~11_FF): I: 1, O: 1, PlInfo: PL Info (fir^x_reg15~11_FF): [15, 26], 0, 941>, 
	Sinks: [<>]

: Source: <NetNode: N: fir.x2k2_mul^out_o1~1_FF, P: Block (n4883): I: 1, O: 1, PlInfo: PL Info (n4883): [29, 22], 0, 108>, 
	Sinks: [<>]

: Source: <NetNode: N: fir.x1k1_mul^out_o1~28_FF, P: Block (n4649): I: 1, O: 1, PlInfo: PL Info (n4649): [25, 9], 0, 219>, 
	Sinks: [<>]

: Source: <NetNode: N: fir.x3k3_mul^out_o1~20_FF, P: Block (n5733): I: 1, O: 1, PlInfo: PL Info (n5733): [13, 29], 0, 25>, 
	Sinks: [<>]

: Source: <NetNode: N: fir.x3k3_mul.u5^prod1~34_FF, P: Block (n15443): I: 1, O: 1, PlInfo: PL Info (n15443): [12, 26], 0, 568>, 
	Sinks: [<>]

: Source: <NetNode: N: fir^x_reg8~0_FF, P: Block (n13042): I: 1, O: 1, PlInfo: PL Info (n13042): [31, 16], 0, 873>, 
	Sinks: [<>]

: Source: <NetNode: N: fir.x0k0_mul^out_o1~12_FF, P: Block (n3788): I: 1, O: 1, PlInfo: PL Info (n3788): [12, 5], 0, 100>, 
	Sinks: [<>]

: Source: <NetNode: N: fir.x1k1_mul^out_o1~27_FF, P: Block (n4636): I: 1, O: 1, PlInfo: PL Info (n4636): [24, 9], 0, 178>, 
	Sinks: [<>]

: Source: <NetNode: N: fir.add0_add^out_o1~4_FF, P: Block (n2697): I: 1, O: 1, PlInfo: PL Info (n2697): [15, 3], 0, 197>, 
	Sinks: [<>]

: Source: <NetNode: N: n13037, P: Block (n13037): I: 1, O: 1, PlInfo: PL Info (n13037): [36, 12], 0, 831>, 
	Sinks: [<>]

: Source: <NetNode: N: fir.out_temp_add^out_o1~23_FF, P: Block (n1023): I: 1, O: 1, PlInfo: PL Info (n1023): [21, 31], 0, 240>, 
	Sinks: [<>]

: Source: <NetNode: N: fir.x3k3_mul^out_o1~12_FF, P: Block (n5629): I: 1, O: 1, PlInfo: PL Info (n5629): [15, 31], 0, 45>, 
	Sinks: [<>]

: Source: <NetNode: N: fir.x3k3_mul^out_o1~14_FF, P: Block (n5655): I: 1, O: 1, PlInfo: PL Info (n5655): [9, 30], 0, 20>, 
	Sinks: [<>]

: Source: <NetNode: N: fir.x3k3_mul^out_o1~13_FF, P: Block (n5642): I: 1, O: 1, PlInfo: PL Info (n5642): [15, 30], 0, 46>, 
	Sinks: [<>]

: Source: <NetNode: N: fir.x1k1_mul^out_o1~22_FF, P: Block (n4553): I: 1, O: 1, PlInfo: PL Info (n4553): [24, 7], 0, 88>, 
	Sinks: [<>]

: Source: <NetNode: N: fir.x3k3_mul^out_o1~30_FF, P: Block (n5881): I: 1, O: 1, PlInfo: PL Info (n5881): [19, 29], 0, 113>, 
	Sinks: [<>]

: Source: <NetNode: N: fir.x1k1_mul^out_o1~4_FF, P: Block (n4319): I: 1, O: 1, PlInfo: PL Info (n4319): [31, 1], 0, 33>, 
	Sinks: [<>]

: Source: <NetNode: N: n7850, P: Block (n7850): I: 1, O: 1, PlInfo: PL Info (n7850): [3, 16], 0, 530>, 
	Sinks: [<>]

: Source: <NetNode: N: n11837, P: Block (n11837): I: 1, O: 1, PlInfo: PL Info (n11837): [17, 14], 0, 673>, 
	Sinks: [<>]

: Source: <NetNode: N: fir.x3k3_mul^out_o1~15_FF, P: Block (n5668): I: 1, O: 1, PlInfo: PL Info (n5668): [8, 28], 0, 21>, 
	Sinks: [<>]

: Source: <NetNode: N: fir.out_temp_add^out_o1~15_FF, P: Block (n919): I: 1, O: 1, PlInfo: PL Info (n919): [29, 36], 0, 189>, 
	Sinks: [<>]

: Source: <NetNode: N: fir^x_reg9~25_FF, P: Block (fir^x_reg8~25_FF): I: 1, O: 1, PlInfo: PL Info (fir^x_reg8~25_FF): [17, 17], 0, 943>, 
	Sinks: [<>]

: Source: <NetNode: N: fir.out_temp_add^out_o1~28_FF, P: Block (n1088): I: 1, O: 1, PlInfo: PL Info (n1088): [23, 32], 0, 239>, 
	Sinks: [<>]

: Source: <NetNode: N: fir.x3k3_mul^out_o1~16_FF, P: Block (n5681): I: 1, O: 1, PlInfo: PL Info (n5681): [11, 30], 0, 22>, 
	Sinks: [<>]

: Source: <NetNode: N: fir.x1k1_mul^out_o1~7_FF, P: Block (n4358): I: 1, O: 1, PlInfo: PL Info (n4358): [31, 3], 0, 84>, 
	Sinks: [<>]

: Source: <NetNode: N: fir.x1k1_mul^out_o1~9_FF, P: Block (n4384): I: 1, O: 1, PlInfo: PL Info (n4384): [31, 2], 0, 105>, 
	Sinks: [<>]

: Source: <NetNode: N: fir.x2k2_mul.u5^prod1~35_FF, P: Block (n13826): I: 1, O: 1, PlInfo: PL Info (n13826): [23, 16], 0, 456>, 
	Sinks: [<>]

: Source: <NetNode: N: fir.out_temp_add^out_o1~16_FF, P: Block (n932): I: 1, O: 1, PlInfo: PL Info (n932): [28, 32], 0, 190>, 
	Sinks: [<>]

: Source: <NetNode: N: fir.x2k2_mul.u5^prod1~16_FF, P: Block (n13818): I: 1, O: 1, PlInfo: PL Info (n13818): [23, 20], 0, 353>, 
	Sinks: [<>]

: Source: <NetNode: N: fir.x0k0_mul^out_o1~31_FF, P: Block (n4162): I: 1, O: 1, PlInfo: PL Info (n4162): [13, 13], 0, 284>, 
	Sinks: [<>]

: Source: <NetNode: N: fir.add0_add^out_o1~31_FF, P: Block (n3071): I: 1, O: 1, PlInfo: PL Info (n3071): [21, 6], 0, 48>, 
	Sinks: [<>]

: Source: <NetNode: N: fir.x0k0_mul.u5^prod1~40_FF, P: Block (n8525): I: 1, O: 1, PlInfo: PL Info (n8525): [1, 13], 0, 816>, 
	Sinks: [<>]

: Source: <NetNode: N: fir.x3k3_mul^out_o1~2_FF, P: Block (n5499): I: 1, O: 1, PlInfo: PL Info (n5499): [12, 34], 0, 43>, 
	Sinks: [<>]

: Source: <NetNode: N: fir.x2k2_mul^out_o1~11_FF, P: Block (n5013): I: 1, O: 1, PlInfo: PL Info (n5013): [29, 26], 0, 109>, 
	Sinks: [<>]

: Source: <NetNode: N: fir.x2k2_mul^out_o1~28_FF, P: Block (n5252): I: 1, O: 1, PlInfo: PL Info (n5252): [27, 18], 0, 90>, 
	Sinks: [<>]

: Source: <NetNode: N: fir.out_temp_add^out_o1~18_FF, P: Block (n958): I: 1, O: 1, PlInfo: PL Info (n958): [25, 35], 0, 191>, 
	Sinks: [<>]

: Source: <NetNode: N: fir.x2k2_mul^out_o1~10_FF, P: Block (n5000): I: 1, O: 1, PlInfo: PL Info (n5000): [32, 25], 0, 9>, 
	Sinks: [<>]

: Source: <NetNode: N: fir.x2k2_mul^out_o1~13_FF, P: Block (n5039): I: 1, O: 1, PlInfo: PL Info (n5039): [29, 24], 0, 40>, 
	Sinks: [<>]

: Source: <NetNode: N: fir.x1k1_mul.u0^snan_r_a_FF, P: Block (n11449): I: 1, O: 1, PlInfo: PL Info (n11449): [21, 9], 0, 283>, 
	Sinks: [<>]

: Source: <NetNode: N: fir.out_temp_add^out_o1~19_FF, P: Block (n971): I: 1, O: 1, PlInfo: PL Info (n971): [28, 34], 0, 192>, 
	Sinks: [<>]

: Source: <NetNode: N: fir.add1_add^out_o1~20_FF, P: Block (n1918): I: 1, O: 1, PlInfo: PL Info (n1918): [32, 35], 0, 129>, 
	Sinks: [<>]

: Source: <NetNode: N: fir.out_temp_add^out_o1~1_FF, P: Block (n737): I: 1, O: 1, PlInfo: PL Info (n737): [25, 31], 0, 183>, 
	Sinks: [<>]

: Source: <NetNode: N: fir.x2k2_mul^out_o1~14_FF, P: Block (n5052): I: 1, O: 1, PlInfo: PL Info (n5052): [31, 21], 0, 41>, 
	Sinks: [<>]

: Source: <NetNode: N: fir.add1_add^out_o1~21_FF, P: Block (n1931): I: 1, O: 1, PlInfo: PL Info (n1931): [33, 36], 0, 213>, 
	Sinks: [<>]

: Source: <NetNode: N: fir.out_temp_add^out_o1~21_FF, P: Block (n997): I: 1, O: 1, PlInfo: PL Info (n997): [29, 31], 0, 194>, 
	Sinks: [<>]

: Source: <NetNode: N: n8794, P: Block (n8794): I: 1, O: 1, PlInfo: PL Info (n8794): [1, 17], 0, 820>, 
	Sinks: [<>]

: Source: <NetNode: N: fir.out_temp_add^out_o1~20_FF, P: Block (n984): I: 1, O: 1, PlInfo: PL Info (n984): [29, 32], 0, 193>, 
	Sinks: [<>]

: Source: <NetNode: N: fir.x2k2_mul.u5^prod1~1_FF, P: Block (n13835): I: 1, O: 1, PlInfo: PL Info (n13835): [25, 19], 0, 354>, 
	Sinks: [<>]

: Source: <NetNode: N: fir.x1k1_mul.u5^prod1~26_FF, P: Block (fir.x1k1_mul.u5^prod1~8_FF): I: 1, O: 1, PlInfo: PL Info (fir.x1k1_mul.u5^prod1~8_FF): [28, 12], 0, 920>, 
	Sinks: [<>]

: Source: <NetNode: N: fir.out_temp_add^out_o1~3_FF, P: Block (n763): I: 1, O: 1, PlInfo: PL Info (n763): [24, 36], 0, 184>, 
	Sinks: [<>]

: Source: <NetNode: N: fir^x_reg4~25_FF, P: Block (n12202): I: 1, O: 1, PlInfo: PL Info (n12202): [13, 10], 0, 891>, 
	Sinks: [<>]

: Source: <NetNode: N: fir.x2k2_mul.u5^prod1~29_FF, P: Block (n14660): I: 1, O: 1, PlInfo: PL Info (n14660): [21, 18], 0, 877>, 
	Sinks: [<>]

: Source: <NetNode: N: fir.add0_add.u1^add_r_FF, P: Block (n6068): I: 1, O: 1, PlInfo: PL Info (n6068): [15, 1], 0, 728>, 
	Sinks: [<>]

: Source: <NetNode: N: fir.add1_add^out_o1~15_FF, P: Block (n1853): I: 1, O: 1, PlInfo: PL Info (n1853): [35, 33], 0, 210>, 
	Sinks: [<>]

: Source: <NetNode: N: fir.out_temp_add^out~26_FF, P: Block (n10007): I: 1, O: 1, PlInfo: PL Info (n10007): [25, 33], 0, 640>, 
	Sinks: [<>]

: Source: <NetNode: N: fir.add0_add^out_o1~22_FF, P: Block (n2931): I: 1, O: 1, PlInfo: PL Info (n2931): [20, 5], 0, 223>, 
	Sinks: [<>]

: Source: <NetNode: N: fir.out_temp_add^out_o1~5_FF, P: Block (n789): I: 1, O: 1, PlInfo: PL Info (n789): [24, 35], 0, 186>, 
	Sinks: [<>]

: Source: <NetNode: N: fir.x0k0_mul^out_o1~14_FF, P: Block (n3814): I: 1, O: 1, PlInfo: PL Info (n3814): [11, 8], 0, 30>, 
	Sinks: [<>]

: Source: <NetNode: N: fir.add1_add^out_o1~17_FF, P: Block (n1879): I: 1, O: 1, PlInfo: PL Info (n1879): [17, 31], 0, 212>, 
	Sinks: [<>]

: Source: <NetNode: N: fir.add0_add^out_o1~5_FF, P: Block (n2710): I: 1, O: 1, PlInfo: PL Info (n2710): [16, 2], 0, 198>, 
	Sinks: [<>]

: Source: <NetNode: N: fir.add0_add^out_o1~24_FF, P: Block (n2980): I: 1, O: 1, PlInfo: PL Info (n2980): [29, 27], 0, 237>, 
	Sinks: [<>]

: Source: <NetNode: N: fir^x_reg9~31_FF, P: Block (fir^x_reg8~31_FF): I: 1, O: 1, PlInfo: PL Info (fir^x_reg8~31_FF): [15, 17], 0, 946>, 
	Sinks: [<>]

: Source: <NetNode: N: fir.x0k0_mul^out_o1~15_FF, P: Block (n3827): I: 1, O: 1, PlInfo: PL Info (n3827): [12, 6], 0, 101>, 
	Sinks: [<>]

: Source: <NetNode: N: fir.add1_add^out_o1~1_FF, P: Block (n1671): I: 1, O: 1, PlInfo: PL Info (n1671): [35, 31], 0, 225>, 
	Sinks: [<>]

: Source: <NetNode: N: fir.add0_add^out_o1~9_FF, P: Block (n2762): I: 1, O: 1, PlInfo: PL Info (n2762): [17, 5], 0, 201>, 
	Sinks: [<>]

: Source: <NetNode: N: fir.x0k0_mul^out_o1~16_FF, P: Block (n3840): I: 1, O: 1, PlInfo: PL Info (n3840): [13, 6], 0, 102>, 
	Sinks: [<>]

: Source: <NetNode: N: fir.add0_add^out_o1~25_FF, P: Block (n2993): I: 1, O: 1, PlInfo: PL Info (n2993): [17, 6], 0, 224>, 
	Sinks: [<>]

: Source: <NetNode: N: fir.x2k2_mul^out_o1~5_FF, P: Block (n4935): I: 1, O: 1, PlInfo: PL Info (n4935): [31, 26], 0, 38>, 
	Sinks: [<>]

: Source: <NetNode: N: fir.x1k1_mul.u5^prod1~6_FF, P: Block (n12286): I: 1, O: 1, PlInfo: PL Info (n12286): [27, 10], 0, 326>, 
	Sinks: [<>]

: Source: <NetNode: N: fir.x3k3_mul^out_o1~25_FF, P: Block (n5816): I: 1, O: 1, PlInfo: PL Info (n5816): [11, 26], 0, 179>, 
	Sinks: [<>]

: Source: <NetNode: N: fir.add0_add^out_o1~11_FF, P: Block (n2788): I: 1, O: 1, PlInfo: PL Info (n2788): [15, 4], 0, 202>, 
	Sinks: [<>]

: Source: <NetNode: N: fir.add1_add^out_o1~2_FF, P: Block (n1684): I: 1, O: 1, PlInfo: PL Info (n1684): [35, 30], 0, 206>, 
	Sinks: [<>]

: Source: <NetNode: N: fir.x0k0_mul.u5^prod1~23_FF, P: Block (n7772_1): I: 1, O: 1, PlInfo: PL Info (n7772_1): [3, 15], 0, 391>, 
	Sinks: [<>]

: Source: <NetNode: N: fir.add0_add^out_o1~10_FF, P: Block (n2775): I: 1, O: 1, PlInfo: PL Info (n2775): [24, 26], 0, 232>, 
	Sinks: [<>]

: Source: <NetNode: N: fir.x0k0_mul^out_o1~18_FF, P: Block (n3866): I: 1, O: 1, PlInfo: PL Info (n3866): [11, 6], 0, 31>, 
	Sinks: [<>]

: Source: <NetNode: N: fir.x1k1_mul.u2^exp_out~3_FF, P: Block (n4711): I: 1, O: 1, PlInfo: PL Info (n4711): [24, 10], 0, 267>, 
	Sinks: [<>]

: Source: <NetNode: N: fir.x0k0_mul^out_o1~20_FF, P: Block (n3892): I: 1, O: 1, PlInfo: PL Info (n3892): [13, 5], 0, 82>, 
	Sinks: [<>]

: Source: <NetNode: N: fir.x2k2_mul^out_o1~9_FF, P: Block (n4987): I: 1, O: 1, PlInfo: PL Info (n4987): [32, 27], 0, 8>, 
	Sinks: [<>]

: Source: <NetNode: N: fir.x1k1_mul^out_o1~18_FF, P: Block (n4501): I: 1, O: 1, PlInfo: PL Info (n4501): [24, 5], 0, 87>, 
	Sinks: [<>]

: Source: <NetNode: N: n15548, P: Block (n15548): I: 1, O: 1, PlInfo: PL Info (n15548): [13, 27], 0, 615>, 
	Sinks: [<>]

: Source: <NetNode: N: fir.x0k0_mul^out_o1~1_FF, P: Block (n3645): I: 1, O: 1, PlInfo: PL Info (n3645): [8, 5], 0, 96>, 
	Sinks: [<>]

: Source: <NetNode: N: fir.x2k2_mul^out_o1~8_FF, P: Block (n4974): I: 1, O: 1, PlInfo: PL Info (n4974): [31, 27], 0, 39>, 
	Sinks: [<>]

: Source: <NetNode: N: fir.x3k3_mul^out_o1~26_FF, P: Block (n5829): I: 1, O: 1, PlInfo: PL Info (n5829): [12, 28], 0, 220>, 
	Sinks: [<>]

: Source: <NetNode: N: fir.x3k3_mul^out_o1~11_FF, P: Block (n5616): I: 1, O: 1, PlInfo: PL Info (n5616): [9, 35], 0, 19>, 
	Sinks: [<>]

: Source: <NetNode: N: fir^x_reg4~1_FF, P: Block (fir^x_reg3~1_FF): I: 1, O: 1, PlInfo: PL Info (fir^x_reg3~1_FF): [13, 15], 0, 938>, 
	Sinks: [<>]

: Source: <NetNode: N: fir.x2k2_mul.u5^prod1~40_FF, P: Block (n14015): I: 1, O: 1, PlInfo: PL Info (n14015): [21, 20], 0, 613>, 
	Sinks: [<>]

: Source: <NetNode: N: fir.x3k3_mul^out_o1~27_FF, P: Block (n5842): I: 1, O: 1, PlInfo: PL Info (n5842): [11, 27], 0, 92>, 
	Sinks: [<>]

: Source: <NetNode: N: fir.x1k1_mul^out_o1~19_FF, P: Block (n4514): I: 1, O: 1, PlInfo: PL Info (n4514): [23, 6], 0, 35>, 
	Sinks: [<>]

/home/guyfleeman/robojackets/ECE6133/src/test/resources/fir.place
: Source: <NetNode: N: a1-out, P: Block (A1): I: 2, O: 1, PlInfo: PL Info (PLI - A1): [0, 0], 0, 0>, 
	Sinks: [<NetNode: N: a1-out, P: Block (D): I: 2, O: 0, PlInfo: PL Info (PLI - D): [0, 0], 0, 0>, <>]

: Source: <NetNode: N: b2-out, P: Block (B2): I: 1, O: 1, PlInfo: PL Info (PLI - B2): [0, 0], 0, 0>, 
	Sinks: [<NetNode: N: b2-out, P: Block (D): I: 2, O: 0, PlInfo: PL Info (PLI - D): [0, 0], 0, 0>, <NetNode: N: b2-out, P: Block (E): I: 1, O: 0, PlInfo: PL Info (PLI - E): [0, 0], 0, 0>, <>]

: Source: <NetNode: N: a-out, P: Block (A): I: 0, O: 1, PlInfo: PL Info (PLI - A): [0, 0], 0, 0>, 
	Sinks: [<NetNode: N: a-out, P: Block (A1): I: 2, O: 1, PlInfo: PL Info (PLI - A1): [0, 0], 0, 0>, <NetNode: N: a-out, P: Block (B1): I: 3, O: 1, PlInfo: PL Info (PLI - B1): [0, 0], 0, 0>, <>]

: Source: <NetNode: N: b-out, P: Block (B): I: 0, O: 1, PlInfo: PL Info (PLI - B): [0, 0], 0, 0>, 
	Sinks: [<NetNode: N: b-out, P: Block (A1): I: 2, O: 1, PlInfo: PL Info (PLI - A1): [0, 0], 0, 0>, <NetNode: N: b-out, P: Block (B1): I: 3, O: 1, PlInfo: PL Info (PLI - B1): [0, 0], 0, 0>, <>]

: Source: <NetNode: N: c-out, P: Block (C): I: 0, O: 1, PlInfo: PL Info (PLI - C): [0, 0], 0, 0>, 
	Sinks: [<NetNode: N: c-out, P: Block (C1): I: 1, O: 1, PlInfo: PL Info (PLI - C1): [0, 0], 0, 0>, <NetNode: N: c-out, P: Block (B1): I: 3, O: 1, PlInfo: PL Info (PLI - B1): [0, 0], 0, 0>, <>]

: Source: <NetNode: N: c1-out, P: Block (C1): I: 1, O: 1, PlInfo: PL Info (PLI - C1): [0, 0], 0, 0>, 
	Sinks: [<NetNode: N: c1-out, P: Block (F): I: 1, O: 0, PlInfo: PL Info (PLI - F): [0, 0], 0, 0>, <>]

: Source: <NetNode: N: b1-out, P: Block (B1): I: 3, O: 1, PlInfo: PL Info (PLI - B1): [0, 0], 0, 0>, 
	Sinks: [<NetNode: N: b1-out, P: Block (B2): I: 1, O: 1, PlInfo: PL Info (PLI - B2): [0, 0], 0, 0>, <>]


Coarse Path List: (ct:9)
B -> A1[TODO DLY], A1 -> D[TODO DLY], 
B -> B1[TODO DLY], B1 -> B2[TODO DLY], B2 -> D[TODO DLY], 
B -> B1[TODO DLY], B1 -> B2[TODO DLY], B2 -> E[TODO DLY], 
A -> A1[TODO DLY], A1 -> D[TODO DLY], 
A -> B1[TODO DLY], B1 -> B2[TODO DLY], B2 -> D[TODO DLY], 
A -> B1[TODO DLY], B1 -> B2[TODO DLY], B2 -> E[TODO DLY], 
C -> C1[TODO DLY], C1 -> F[TODO DLY], 
C -> B1[TODO DLY], B1 -> B2[TODO DLY], B2 -> D[TODO DLY], 
C -> B1[TODO DLY], B1 -> B2[TODO DLY], B2 -> E[TODO DLY], 


]]></system-out>
  <system-err><![CDATA[]]></system-err>
</testsuite>
