<?xml version="1.0" encoding="UTF-8"?>
<testsuite name="com.ece6133.PlacementLoaderTests" tests="5" skipped="0" failures="0" errors="0" timestamp="2020-04-28T02:04:37" hostname="maven-desktop-linux" time="5.978">
  <properties/>
  <testcase name="testNetlistBuild" classname="com.ece6133.PlacementLoaderTests" time="2.825"/>
  <testcase name="testPathRec" classname="com.ece6133.PlacementLoaderTests" time="2.167"/>
  <testcase name="parsePlacement" classname="com.ece6133.PlacementLoaderTests" time="0.005"/>
  <testcase name="loadNetlist" classname="com.ece6133.PlacementLoaderTests" time="0.636"/>
  <testcase name="testPlacementMapping" classname="com.ece6133.PlacementLoaderTests" time="0.345"/>
  <system-out><![CDATA[Recovered Nets:6751
Recovered Paths:com.ece6133.model.timing.CoarsePathList@3d1c0ff2
/home/guyfleeman/robojackets/ECE6133/src/test/resources/fir.place
]]></system-out>
  <system-err><![CDATA[]]></system-err>
</testsuite>
